   0.000000  1.277948e-01  1.412295e-01 -5.091860e-05 
   1.000000  1.227439e-01  1.368722e-01  1.002590e-03 
   2.000000  1.060159e-01  1.077776e-01 -3.447403e-03 
   3.000000  4.835204e-02  8.853208e-02 -4.164069e-04 
   4.000000  4.298035e-02  8.734385e-02 -1.390472e-04 
   5.000000  3.967594e-02  8.529589e-02  1.145690e-05 
   6.000000  3.776165e-02  8.328872e-02  1.166293e-04 
   7.000000  3.681166e-02  8.149257e-02  2.012343e-04 
   8.000000  3.655775e-02  7.993594e-02  7.422131e-03 
   9.000000  2.879085e-02  2.942712e-02 -4.029929e-03 
  10.000000  1.886616e-03  2.309847e-02 -7.865697e-05 
  11.000000  1.456842e-03  2.302355e-02 -4.839246e-05 
  12.000000  1.159520e-03  2.291591e-02 -5.212536e-05 
  13.000000  9.128533e-04  2.284389e-02 -5.303482e-05 
  14.000000  7.111258e-04  2.279404e-02 -5.192895e-05 
  15.000000  5.486685e-04  2.275867e-02 -4.948180e-05 
  16.000000  4.197149e-04  2.273321e-02 -4.607626e-05 
  17.000000  3.188800e-04  2.271476e-02 -4.205130e-05 
  18.000000  2.411967e-04  2.270135e-02 -3.766358e-05 
  19.000000  1.822673e-04  2.269164e-02 -3.308044e-05 
  20.000000  1.383131e-04  2.268464e-02  0.000000e+00 
