 1571.099  6364.971   2.443892670e+01 
 1571.102  6364.958   2.439388847e+01 
 1571.105  6364.946   2.431888962e+01 
 1571.108  6364.933   2.421382904e+01 
 1571.112  6364.920   2.407890511e+01 
 1571.115  6364.907   2.391392136e+01 
 1571.118  6364.895   2.373404694e+01 
 1571.121  6364.882   2.355408096e+01 
 1571.124  6364.869   2.339668083e+01 
 1571.127  6364.857   2.328042984e+01 
 1571.130  6364.844   2.322410393e+01 
 1571.134  6364.831   2.322779846e+01 
 1571.137  6364.818   2.328762817e+01 
 1571.140  6364.806   2.339240265e+01 
 1571.143  6364.793   2.352343750e+01 
 1571.146  6364.780   2.367314529e+01 
 1571.149  6364.768   2.381914711e+01 
 1571.152  6364.755   2.396144867e+01 
 1571.156  6364.742   2.408871269e+01 
 1571.159  6364.729   2.419729042e+01 
 1571.162  6364.717   2.429079819e+01 
 1571.165  6364.704   2.436193275e+01 
 1571.168  6364.691   2.441058540e+01 
 1571.171  6364.679   2.444795227e+01 
 1571.174  6364.666   2.446654510e+01 
 1571.177  6364.653   2.447773743e+01 
 1571.181  6364.640   2.448513603e+01 
 1571.184  6364.628   2.448494911e+01 
 1571.187  6364.615   2.448114777e+01 
 1571.190  6364.602   2.447725296e+01 
 1571.193  6364.590   2.446967316e+01 
 1571.196  6364.577   2.446208382e+01 
 1571.200  6364.564   2.445080376e+01 
 1571.203  6364.551   2.444322777e+01 
 1571.206  6364.539   2.443184662e+01 
 1571.209  6364.526   2.442425156e+01 
 1571.212  6364.513   2.442034340e+01 
 1571.215  6364.501   2.442021370e+01 
 1571.218  6364.488   2.442013359e+01 
 1571.222  6364.475   2.442754364e+01 
 1571.225  6364.462   2.443494415e+01 
 1571.228  6364.450   2.443865395e+01 
 1571.231  6364.437   2.444225693e+01 
 1571.234  6364.424   2.443088913e+01 
 1571.237  6364.412   2.440832901e+01 
 1571.240  6364.399   2.436708832e+01 
 1571.244  6364.386   2.430328178e+01 
 1571.247  6364.373   2.421330452e+01 
 1571.250  6364.361   2.410455704e+01 
 1571.253  6364.348   2.398461342e+01 
 1571.256  6364.335   2.386466408e+01 
 1571.259  6364.322   2.375968742e+01 
 1571.262  6364.310   2.368465614e+01 
 1571.266  6364.297   2.364331818e+01 
 1571.269  6364.284   2.363946152e+01 
 1571.272  6364.271   2.366564751e+01 
 1571.275  6364.259   2.371429062e+01 
 1571.278  6364.246   2.377782059e+01 
 1571.281  6364.233   2.385264397e+01 
 1571.284  6364.220   2.392746353e+01 
 1571.287  6364.208   2.400977135e+01 
 1571.291  6364.195   2.409207726e+01 
 1571.294  6364.182   2.417437744e+01 
 1571.297  6364.169   2.425667572e+01 
 1571.300  6364.157   2.432776833e+01 
 1571.303  6364.144   2.439126396e+01 
 1571.306  6364.131   2.444358826e+01 
 1571.310  6364.118   2.448096085e+01 
 1571.313  6364.106   2.450716019e+01 
 1571.316  6364.093   2.452577209e+01 
 1571.319  6364.080   2.453689003e+01 
 1571.322  6364.067   2.454429817e+01 
 1571.325  6364.055   2.455170250e+01 
 1571.328  6364.042   2.455540657e+01 
 1571.332  6364.029   2.455531693e+01 
 1571.335  6364.016   2.455523300e+01 
 1571.338  6364.004   2.455514145e+01 
 1571.341  6363.991   2.455504799e+01 
 1571.344  6363.978   2.455116081e+01 
 1571.347  6363.966   2.454727364e+01 
 1571.350  6363.953   2.453968430e+01 
 1571.354  6363.940   2.452839661e+01 
 1571.357  6363.927   2.452081108e+01 
 1571.360  6363.915   2.450943756e+01 
 1571.363  6363.902   2.450185585e+01 
 1571.366  6363.889   2.449427414e+01 
 1571.369  6363.877   2.449047470e+01 
 1571.372  6363.864   2.448658752e+01 
 1571.375  6363.851   2.448269272e+01 
 1571.379  6363.838   2.447889900e+01 
 1571.382  6363.826   2.447131729e+01 
 1571.385  6363.813   2.446372795e+01 
 1571.388  6363.800   2.444864273e+01 
 1571.391  6363.788   2.443356895e+01 
 1571.394  6363.775   2.441849709e+01 
 1571.397  6363.762   2.440711594e+01 
 1571.401  6363.749   2.439951706e+01 
 1571.404  6363.737   2.439560318e+01 
 1571.407  6363.724   2.439926338e+01 
 1571.410  6363.711   2.441033936e+01 
 1571.413  6363.699   2.442517662e+01 
 1571.416  6363.686   2.444373322e+01 
 1571.420  6363.673   2.446224976e+01 
 1571.423  6363.661   2.448097610e+01 
 1571.426  6363.648   2.449585724e+01 
 1571.429  6363.635   2.450333595e+01 
 1571.432  6363.622   2.450708389e+01 
 1571.435  6363.610   2.450322533e+01 
 1571.438  6363.597   2.449564743e+01 
 1571.442  6363.584   2.448435783e+01 
 1571.445  6363.571   2.446929169e+01 
 1571.448  6363.559   2.446172714e+01 
 1571.451  6363.546   2.445416069e+01 
 1571.454  6363.533   2.445028496e+01 
 1571.457  6363.520   2.445019913e+01 
 1571.460  6363.508   2.445011139e+01 
 1571.464  6363.495   2.444622612e+01 
 1571.467  6363.482   2.444242287e+01 
 1571.470  6363.469   2.443103218e+01 
 1571.473  6363.457   2.441226578e+01 
 1571.476  6363.444   2.439720154e+01 
 1571.479  6363.431   2.437832642e+01 
 1571.482  6363.418   2.436702728e+01 
 1571.485  6363.406   2.436310577e+01 
 1571.489  6363.393   2.437048721e+01 
 1571.492  6363.380   2.438541222e+01 
 1571.495  6363.367   2.440403175e+01 
 1571.498  6363.355   2.443021584e+01 
 1571.501  6363.342   2.445260429e+01 
 1571.504  6363.329   2.447489357e+01 
 1571.508  6363.316   2.449357033e+01 
 1571.511  6363.304   2.450845337e+01 
 1571.514  6363.291   2.451954651e+01 
 1571.517  6363.278   2.452693939e+01 
 1571.520  6363.266   2.453810883e+01 
 1571.523  6363.253   2.454168320e+01 
 1571.526  6363.240   2.454905701e+01 
 1571.530  6363.228   2.455263901e+01 
 1571.533  6363.215   2.455626297e+01 
 1571.536  6363.202   2.455604362e+01 
 1571.539  6363.189   2.455598259e+01 
 1571.542  6363.177   2.455218887e+01 
 1571.545  6363.164   2.454468727e+01 
 1571.548  6363.151   2.453715515e+01 
 1571.552  6363.139   2.452211761e+01 
 1571.555  6363.126   2.450707245e+01 
 1571.558  6363.113   2.448452568e+01 
 1571.561  6363.100   2.445447731e+01 
 1571.564  6363.088   2.442073631e+01 
 1571.567  6363.075   2.437940598e+01 
 1571.570  6363.062   2.433816147e+01 
 1571.573  6363.050   2.429312515e+01 
 1571.577  6363.037   2.425557899e+01 
 1571.580  6363.024   2.423301697e+01 
 1571.583  6363.011   2.422543716e+01 
 1571.586  6362.999   2.423283577e+01 
 1571.589  6362.986   2.426270676e+01 
 1571.592  6362.973   2.429998016e+01 
 1571.596  6362.960   2.434483147e+01 
 1571.599  6362.948   2.439338303e+01 
 1571.602  6362.935   2.443452835e+01 
 1571.605  6362.922   2.446439552e+01 
 1571.608  6362.909   2.449046516e+01 
 1571.611  6362.897   2.450534439e+01 
 1571.614  6362.884   2.451273155e+01 
 1571.618  6362.871   2.452010536e+01 
 1571.621  6362.858   2.451999664e+01 
 1571.624  6362.846   2.452361298e+01 
 1571.627  6362.833   2.452723312e+01 
 1571.630  6362.820   2.453094101e+01 
 1571.633  6362.807   2.453454590e+01 
 1571.636  6362.795   2.453445244e+01 
 1571.640  6362.782   2.453813362e+01 
 1571.643  6362.769   2.453800774e+01 
 1571.646  6362.756   2.454156303e+01 
 1571.649  6362.744   2.454148293e+01 
 1571.652  6362.731   2.454141045e+01 
 1571.655  6362.718   2.454133606e+01 
 1571.658  6362.706   2.454127312e+01 
 1571.661  6362.693   2.454489899e+01 
 1571.665  6362.680   2.454861069e+01 
 1571.668  6362.668   2.455221748e+01 
 1571.671  6362.655   2.455962372e+01 
 1571.674  6362.642   2.456322098e+01 
 1571.677  6362.629   2.456691551e+01 
 1571.680  6362.617   2.456680870e+01 
 1571.684  6362.604   2.457038879e+01 
 1571.687  6362.591   2.457024193e+01 
 1571.690  6362.579   2.457387924e+01 
 1571.693  6362.566   2.457374191e+01 
 1571.696  6362.553   2.457369423e+01 
 1571.699  6362.541   2.457361794e+01 
 1571.702  6362.528   2.457732010e+01 
 1571.706  6362.515   2.457720375e+01 
 1571.709  6362.502   2.457709694e+01 
 1571.712  6362.490   2.457702827e+01 
 1571.715  6362.477   2.457684898e+01 
 1571.718  6362.464   2.457676697e+01 
 1571.721  6362.451   2.457296753e+01 
 1571.724  6362.439   2.457287788e+01 
 1571.728  6362.426   2.457281685e+01 
 1571.731  6362.413   2.457274818e+01 
 1571.734  6362.400   2.457266808e+01 
 1571.737  6362.388   2.457258224e+01 
 1571.740  6362.375   2.457619095e+01 
 1571.743  6362.362   2.457610130e+01 
 1571.746  6362.349   2.457601357e+01 
 1571.750  6362.337   2.457592964e+01 
 1571.753  6362.324   2.457953453e+01 
 1571.756  6362.311   2.457943916e+01 
 1571.759  6362.298   2.457934189e+01 
 1571.762  6362.286   2.457924080e+01 
 1571.765  6362.273   2.457914352e+01 
 1571.768  6362.260   2.457904053e+01 
 1571.772  6362.248   2.457891464e+01 
 1571.775  6362.235   2.457880783e+01 
 1571.778  6362.222   2.457495308e+01 
 1571.781  6362.209   2.457488060e+01 
 1571.784  6362.197   2.457110596e+01 
 1571.787  6362.184   2.456723022e+01 
 1571.790  6362.171   2.455965042e+01 
 1571.794  6362.159   2.455585861e+01 
 1571.797  6362.146   2.454448509e+01 
 1571.800  6362.133   2.453689957e+01 
 1571.803  6362.121   2.452182388e+01 
 1571.806  6362.108   2.450675583e+01 
 1571.809  6362.095   2.448798752e+01 
 1571.812  6362.082   2.446162987e+01 
 1571.816  6362.070   2.443536949e+01 
 1571.819  6362.057   2.440531540e+01 
 1571.822  6362.044   2.437905121e+01 
 1571.825  6362.032   2.435269547e+01 
 1571.828  6362.019   2.434141159e+01 
 1571.831  6362.006   2.433752823e+01 
 1571.834  6361.993   2.434492493e+01 
 1571.838  6361.981   2.436730385e+01 
 1571.841  6361.968   2.438968468e+01 
 1571.844  6361.955   2.441946030e+01 
 1571.847  6361.942   2.444563484e+01 
 1571.850  6361.930   2.446422195e+01 
 1571.853  6361.917   2.448280907e+01 
 1571.856  6361.904   2.449399948e+01 
 1571.860  6361.891   2.449760437e+01 
 1571.863  6361.879   2.450500488e+01 
 1571.866  6361.866   2.450861168e+01 
 1571.869  6361.853   2.451230621e+01 
 1571.872  6361.840   2.451970482e+01 
 1571.875  6361.828   2.452330971e+01 
 1571.878  6361.815   2.453070068e+01 
 1571.882  6361.802   2.453430176e+01 
 1571.885  6361.790   2.453419876e+01 
 1571.888  6361.777   2.453789139e+01 
 1571.891  6361.764   2.454149818e+01 
 1571.894  6361.751   2.454140472e+01 
 1571.897  6361.739   2.454510880e+01 
 1571.900  6361.726   2.454501915e+01 
 1571.904  6361.713   2.454483986e+01 
 1571.907  6361.701   2.454104614e+01 
 1571.910  6361.688   2.452967072e+01 
 1571.913  6361.675   2.451468086e+01 
 1571.916  6361.663   2.448082542e+01 
 1571.919  6361.650   2.443956184e+01 
 1571.922  6361.637   2.437950706e+01 
 1571.926  6361.624   2.430460358e+01 
 1571.929  6361.612   2.422592735e+01 
 1571.932  6361.599   2.414723969e+01 
 1571.935  6361.586   2.407603455e+01 
 1571.938  6361.574   2.403099632e+01 
 1571.941  6361.561   2.401221085e+01 
 1571.944  6361.548   2.402328491e+01 
 1571.948  6361.535   2.406439972e+01 
 1571.951  6361.522   2.412407494e+01 
 1571.954  6361.510   2.418758392e+01 
 1571.957  6361.497   2.423987770e+01 
 1571.960  6361.484   2.426231003e+01 
 1571.963  6361.471   2.423607063e+01 
 1571.966  6361.459   2.413870621e+01 
 1571.970  6361.446   2.396642876e+01 
 1571.973  6361.433   2.371932220e+01 
 1571.976  6361.420   2.341607094e+01 
 1571.979  6361.408   2.309412384e+01 
 1571.982  6361.395   2.280585670e+01 
 1571.985  6361.382   2.260741043e+01 
 1571.989  6361.370   2.253997421e+01 
 1571.992  6361.357   2.262215042e+01 
 1571.995  6361.344   2.283163261e+01 
 1571.998  6361.332   2.313101006e+01 
 1572.001  6361.319   2.346392441e+01 
 1572.004  6361.306   2.378195190e+01 
 1572.007  6361.294   2.405127335e+01 
 1572.010  6361.281   2.425325584e+01 
 1572.014  6361.268   2.439171791e+01 
 1572.017  6361.255   2.447394753e+01 
 1572.020  6361.243   2.451872253e+01 
 1572.023  6361.230   2.454110718e+01 
 1572.026  6361.217   2.455220604e+01 
 1572.029  6361.205   2.455590439e+01 
 1572.032  6361.192   2.455580330e+01 
 1572.036  6361.179   2.455570602e+01 
 1572.039  6361.166   2.455560684e+01 
 1572.042  6361.154   2.455551147e+01 
 1572.045  6361.141   2.455540848e+01 
 1572.048  6361.128   2.455899239e+01 
 1572.051  6361.115   2.455885887e+01 
 1572.054  6361.103   2.456238747e+01 
 1572.058  6361.090   2.456594658e+01 
 1572.061  6361.077   2.456957817e+01 
 1572.064  6361.064   2.457329941e+01 
 1572.067  6361.052   2.457326317e+01 
 1572.070  6361.039   2.457699776e+01 
 1572.073  6361.026   2.457692146e+01 
 1572.077  6361.013   2.458053589e+01 
 1572.080  6361.001   2.458044243e+01 
 1572.083  6360.988   2.458035660e+01 
 1572.086  6360.975   2.458026505e+01 
 1572.089  6360.963   2.458014679e+01 
 1572.092  6360.950   2.457621765e+01 
 1572.095  6360.937   2.457614708e+01 
 1572.099  6360.925   2.457238960e+01 
 1572.102  6360.912   2.457231331e+01 
 1572.105  6360.899   2.456842232e+01 
 1572.108  6360.887   2.456081581e+01 
 1572.111  6360.874   2.455696106e+01 
 1572.114  6360.861   2.454557419e+01 
 1572.117  6360.848   2.453056717e+01 
 1572.120  6360.836   2.451183319e+01 
 1572.124  6360.823   2.448929596e+01 
 1572.127  6360.810   2.445925331e+01 
 1572.130  6360.797   2.442181015e+01 
 1572.133  6360.785   2.438056946e+01 
 1572.136  6360.772   2.433553696e+01 
 1572.139  6360.759   2.427931023e+01 
 1572.143  6360.746   2.421558952e+01 
 1572.146  6360.734   2.413697433e+01 
 1572.149  6360.721   2.405448532e+01 
 1572.152  6360.708   2.396460342e+01 
 1572.155  6360.695   2.388221169e+01 
 1572.158  6360.683   2.381479836e+01 
 1572.161  6360.670   2.377725601e+01 
 1572.165  6360.657   2.377346802e+01 
 1572.168  6360.645   2.381073570e+01 
 1572.171  6360.632   2.388175774e+01 
 1572.174  6360.619   2.397895050e+01 
 1572.177  6360.606   2.409112549e+01 
 1572.180  6360.594   2.419950485e+01 
 1572.183  6360.581   2.430039787e+01 
 1572.187  6360.568   2.438261604e+01 
 1572.190  6360.556   2.444235992e+01 
 1572.193  6360.543   2.448342133e+01 
 1572.196  6360.530   2.451329041e+01 
 1572.199  6360.518   2.453187561e+01 
 1572.202  6360.505   2.453927040e+01 
 1572.205  6360.492   2.454666901e+01 
 1572.209  6360.479   2.455027962e+01 
 1572.212  6360.467   2.455397224e+01 
 1572.215  6360.454   2.455387306e+01 
 1572.218  6360.441   2.455747414e+01 
 1572.221  6360.428   2.455737686e+01 
 1572.224  6360.416   2.455727768e+01 
 1572.227  6360.403   2.455718994e+01 
 1572.231  6360.390   2.456079674e+01 
 1572.234  6360.377   2.456069946e+01 
 1572.237  6360.365   2.456439018e+01 
 1572.240  6360.352   2.456798363e+01 
 1572.243  6360.339   2.456787109e+01 
 1572.246  6360.326   2.457145119e+01 
 1572.249  6360.314   2.457131767e+01 
 1572.253  6360.301   2.457116508e+01 
 1572.256  6360.288   2.457096100e+01 
 1572.259  6360.276   2.456710625e+01 
 1572.262  6360.263   2.456318665e+01 
 1572.265  6360.250   2.456294441e+01 
 1572.268  6360.238   2.455889893e+01 
 1572.271  6360.225   2.455878258e+01 
 1572.275  6360.212   2.455891800e+01 
 1572.278  6360.200   2.456278801e+01 
 1572.281  6360.187   2.456649590e+01 
 1572.284  6360.174   2.457025909e+01 
 1572.287  6360.161   2.457011604e+01 
 1572.290  6360.149   2.457383919e+01 
 1572.293  6360.136   2.457376671e+01 
 1572.297  6360.123   2.457368469e+01 
 1572.300  6360.110   2.456980705e+01 
 1572.303  6360.098   2.456603622e+01 
 1572.306  6360.085   2.456216621e+01 
 1572.309  6360.072   2.455838585e+01 
 1572.312  6360.059   2.455450439e+01 
 1572.315  6360.047   2.455071831e+01 
 1572.319  6360.034   2.454684258e+01 
 1572.322  6360.021   2.454675293e+01 
 1572.325  6360.008   2.455036163e+01 
 1572.328  6359.996   2.455406189e+01 
 1572.331  6359.983   2.455767059e+01 
 1572.334  6359.970   2.456137276e+01 
 1572.338  6359.958   2.456867599e+01 
 1572.341  6359.945   2.457237053e+01 
 1572.344  6359.932   2.457596207e+01 
 1572.347  6359.920   2.457965279e+01 
 1572.350  6359.907   2.457953644e+01 
 1572.353  6359.894   2.457932281e+01 
 1572.356  6359.882   2.457925034e+01 
 1572.359  6359.869   2.457918549e+01 
 1572.363  6359.856   2.457541084e+01 
 1572.366  6359.843   2.457153702e+01 
 1572.369  6359.831   2.456395912e+01 
 1572.372  6359.818   2.455638313e+01 
 1572.375  6359.805   2.454140091e+01 
 1572.378  6359.792   2.452253532e+01 
 1572.381  6359.780   2.450006104e+01 
 1572.385  6359.767   2.447370338e+01 
 1572.388  6359.754   2.444743538e+01 
 1572.391  6359.741   2.441746712e+01 
 1572.394  6359.729   2.439490509e+01 
 1572.397  6359.716   2.437982941e+01 
 1572.400  6359.703   2.437224007e+01 
 1572.404  6359.690   2.437213516e+01 
 1572.407  6359.678   2.438323402e+01 
 1572.410  6359.665   2.439812279e+01 
 1572.413  6359.652   2.442049599e+01 
 1572.416  6359.640   2.443909645e+01 
 1572.419  6359.627   2.446139336e+01 
 1572.422  6359.614   2.448377800e+01 
 1572.426  6359.602   2.449866867e+01 
 1572.429  6359.589   2.451346970e+01 
 1572.432  6359.576   2.452835846e+01 
 1572.435  6359.564   2.453945732e+01 
 1572.438  6359.551   2.455064774e+01 
 1572.441  6359.538   2.455804443e+01 
 1572.444  6359.525   2.456534958e+01 
 1572.448  6359.513   2.456904602e+01 
 1572.451  6359.500   2.457264900e+01 
 1572.454  6359.487   2.457624817e+01 
 1572.457  6359.474   2.457993698e+01 
 1572.460  6359.462   2.457983589e+01 
 1572.463  6359.449   2.458342171e+01 
 1572.466  6359.436   2.458328819e+01 
 1572.470  6359.423   2.458313370e+01 
 1572.473  6359.411   2.458305550e+01 
 1572.476  6359.398   2.457920265e+01 
 1572.479  6359.385   2.457911873e+01 
 1572.482  6359.373   2.457531548e+01 
 1572.485  6359.360   2.456767654e+01 
 1572.488  6359.347   2.455635643e+01 
 1572.492  6359.335   2.454504585e+01 
 1572.495  6359.322   2.453001595e+01 
 1572.498  6359.309   2.451506042e+01 
 1572.501  6359.297   2.449999809e+01 
 1572.504  6359.284   2.448493958e+01 
 1572.507  6359.271   2.447736168e+01 
 1572.510  6359.258   2.446978378e+01 
 1572.514  6359.246   2.445850563e+01 
 1572.517  6359.233   2.444343376e+01 
 1572.520  6359.220   2.442086792e+01 
 1572.523  6359.207   2.438340759e+01 
 1572.526  6359.195   2.433466721e+01 
 1572.529  6359.182   2.427842331e+01 
 1572.532  6359.169   2.422975349e+01 
 1572.536  6359.156   2.419219398e+01 
 1572.539  6359.143   2.417712021e+01 
 1572.542  6359.131   2.419202232e+01 
 1572.545  6359.118   2.422559547e+01 
 1572.548  6359.105   2.427413940e+01 
 1572.551  6359.093   2.433006668e+01 
 1572.554  6359.080   2.437857628e+01 
 1572.558  6359.067   2.441577721e+01 
 1572.561  6359.055   2.443052673e+01 
 1572.564  6359.042   2.443026352e+01 
 1572.567  6359.029   2.441145706e+01 
 1572.570  6359.017   2.438164520e+01 
 1572.573  6359.004   2.434048843e+01 
 1572.577  6358.991   2.429559898e+01 
 1572.580  6358.978   2.425808525e+01 
 1572.583  6358.966   2.423563194e+01 
 1572.586  6358.953   2.422428513e+01 
 1572.589  6358.940   2.423539543e+01 
 1572.592  6358.927   2.425778198e+01 
 1572.595  6358.915   2.429505730e+01 
 1572.599  6358.902   2.433991051e+01 
 1572.602  6358.889   2.438087654e+01 
 1572.605  6358.876   2.442192841e+01 
 1572.608  6358.864   2.445168495e+01 
 1572.611  6358.851   2.447400475e+01 
 1572.614  6358.838   2.449252510e+01 
 1572.617  6358.826   2.450367165e+01 
 1572.620  6358.813   2.451491928e+01 
 1572.624  6358.800   2.452225494e+01 
 1572.627  6358.788   2.452967072e+01 
 1572.630  6358.775   2.453338242e+01 
 1572.633  6358.762   2.453700256e+01 
 1572.636  6358.750   2.454061890e+01 
 1572.639  6358.737   2.454053116e+01 
 1572.643  6358.724   2.454044151e+01 
 1572.646  6358.711   2.453664398e+01 
 1572.649  6358.699   2.453275681e+01 
 1572.652  6358.686   2.452516174e+01 
 1572.655  6358.673   2.452135277e+01 
 1572.658  6358.660   2.451742935e+01 
 1572.661  6358.648   2.451356125e+01 
 1572.665  6358.635   2.451346779e+01 
 1572.668  6358.622   2.451344299e+01 
 1572.671  6358.609   2.451708603e+01 
 1572.674  6358.597   2.451701736e+01 
 1572.677  6358.584   2.452064133e+01 
 1572.680  6358.571   2.452434921e+01 
 1572.683  6358.559   2.452425766e+01 
 1572.687  6358.546   2.452038193e+01 
 1572.690  6358.533   2.452029419e+01 
 1572.693  6358.521   2.451651001e+01 
 1572.696  6358.508   2.451262283e+01 
 1572.699  6358.495   2.450504494e+01 
 1572.702  6358.483   2.449746513e+01 
 1572.705  6358.470   2.448988152e+01 
 1572.709  6358.457   2.448239326e+01 
 1572.712  6358.444   2.447102165e+01 
 1572.715  6358.432   2.445973969e+01 
 1572.718  6358.419   2.444836617e+01 
 1572.721  6358.406   2.443338013e+01 
 1572.724  6358.393   2.441830254e+01 
 1572.728  6358.380   2.439952660e+01 
 1572.731  6358.368   2.438066101e+01 
 1572.734  6358.355   2.435439491e+01 
 1572.737  6358.342   2.432073402e+01 
 1572.740  6358.330   2.428318596e+01 
 1572.743  6358.317   2.423074913e+01 
 1572.746  6358.304   2.415961838e+01 
 1572.750  6358.292   2.405852318e+01 
 1572.753  6358.279   2.390519142e+01 
 1572.756  6358.266   2.366956520e+01 
 1572.759  6358.254   2.330307770e+01 
 1572.762  6358.241   2.276457977e+01 
 1572.765  6358.228   2.200930977e+01 
 1572.768  6358.215   2.104096413e+01 
 1572.771  6358.203   1.988932800e+01 
 1572.775  6358.190   1.864808655e+01 
 1572.778  6358.177   1.742552376e+01 
 1572.781  6358.164   1.634870338e+01 
 1572.784  6358.152   1.551871109e+01 
 1572.787  6358.139   1.499898815e+01 
 1572.790  6358.126   1.482319069e+01 
 1572.794  6358.113   1.499890327e+01 
 1572.797  6358.101   1.551844788e+01 
 1572.800  6358.088   1.634835052e+01 
 1572.803  6358.075   1.742498589e+01 
 1572.806  6358.063   1.864736557e+01 
 1572.809  6358.050   1.988842583e+01 
 1572.812  6358.037   2.103977966e+01 
 1572.816  6358.025   2.200793266e+01 
 1572.819  6358.012   2.276301193e+01 
 1572.822  6357.999   2.330492783e+01 
 1572.825  6357.987   2.367123795e+01 
 1572.828  6357.974   2.390660667e+01 
 1572.831  6357.961   2.405984497e+01 
 1572.834  6357.948   2.416064835e+01 
 1572.838  6357.936   2.423158646e+01 
 1572.841  6357.923   2.428014183e+01 
 1572.844  6357.910   2.432110977e+01 
 1572.847  6357.897   2.435097885e+01 
 1572.850  6357.885   2.437696838e+01 
 1572.853  6357.872   2.439935112e+01 
 1572.856  6357.859   2.441793633e+01 
 1572.860  6357.846   2.443282509e+01 
 1572.863  6357.834   2.444761658e+01 
 1572.866  6357.821   2.445871925e+01 
 1572.869  6357.808   2.446991158e+01 
 1572.872  6357.796   2.447721100e+01 
 1572.875  6357.783   2.448461151e+01 
 1572.878  6357.770   2.449200821e+01 
 1572.882  6357.758   2.449940681e+01 
 1572.885  6357.745   2.450301170e+01 
 1572.888  6357.732   2.451040840e+01 
 1572.891  6357.720   2.451400948e+01 
 1572.894  6357.707   2.452140427e+01 
 1572.897  6357.694   2.452501297e+01 
 1572.901  6357.681   2.452871704e+01 
 1572.904  6357.668   2.453232384e+01 
 1572.907  6357.656   2.453592873e+01 
 1572.910  6357.643   2.453583145e+01 
 1572.913  6357.630   2.453573418e+01 
 1572.916  6357.618   2.453942680e+01 
 1572.919  6357.605   2.453933144e+01 
 1572.922  6357.592   2.453544807e+01 
 1572.926  6357.580   2.453165627e+01 
 1572.929  6357.567   2.452776527e+01 
 1572.932  6357.554   2.451646423e+01 
 1572.935  6357.542   2.450516891e+01 
 1572.938  6357.529   2.449010658e+01 
 1572.941  6357.516   2.447134018e+01 
 1572.945  6357.503   2.445626259e+01 
 1572.948  6357.491   2.444117546e+01 
 1572.951  6357.478   2.443359184e+01 
 1572.954  6357.465   2.442980576e+01 
 1572.957  6357.452   2.443340302e+01 
 1572.960  6357.440   2.444447899e+01 
 1572.963  6357.427   2.445937729e+01 
 1572.967  6357.414   2.447798920e+01 
 1572.970  6357.401   2.449659538e+01 
 1572.973  6357.389   2.450769806e+01 
 1572.976  6357.376   2.451879883e+01 
 1572.979  6357.363   2.452619553e+01 
 1572.982  6357.351   2.452610588e+01 
 1572.985  6357.338   2.452601624e+01 
 1572.989  6357.325   2.452222824e+01 
 1572.992  6357.313   2.451835060e+01 
 1572.995  6357.300   2.451825905e+01 
 1572.998  6357.287   2.451816559e+01 
 1573.001  6357.275   2.451807404e+01 
 1573.004  6357.262   2.452167511e+01 
 1573.007  6357.249   2.452535629e+01 
 1573.011  6357.236   2.452895546e+01 
 1573.014  6357.223   2.452887154e+01 
 1573.017  6357.211   2.452878189e+01 
 1573.020  6357.198   2.452120209e+01 
 1573.023  6357.185   2.450991440e+01 
 1573.026  6357.173   2.449114418e+01 
 1573.029  6357.160   2.446858406e+01 
 1573.033  6357.147   2.443862152e+01 
 1573.036  6357.135   2.440487289e+01 
 1573.039  6357.122   2.436741829e+01 
 1573.042  6357.109   2.432996750e+01 
 1573.045  6357.097   2.429242134e+01 
 1573.048  6357.084   2.425497055e+01 
 1573.052  6357.071   2.421751785e+01 
 1573.055  6357.058   2.418006706e+01 
 1573.058  6357.046   2.414261436e+01 
 1573.061  6357.033   2.410885811e+01 
 1573.064  6357.020   2.408259201e+01 
 1573.067  6357.007   2.406381989e+01 
 1573.070  6356.995   2.405623817e+01 
 1573.073  6356.982   2.405244827e+01 
 1573.077  6356.969   2.404856300e+01 
 1573.080  6356.956   2.403727722e+01 
 1573.083  6356.944   2.401101112e+01 
 1573.086  6356.931   2.396236801e+01 
 1573.089  6356.918   2.390614128e+01 
 1573.092  6356.906   2.384630775e+01 
 1573.096  6356.893   2.380505753e+01 
 1573.099  6356.880   2.379747200e+01 
 1573.102  6356.868   2.382354736e+01 
 1573.105  6356.855   2.389077377e+01 
 1573.108  6356.842   2.398777580e+01 
 1573.111  6356.829   2.409607124e+01 
 1573.114  6356.817   2.420058060e+01 
 1573.118  6356.804   2.429398727e+01 
 1573.121  6356.791   2.436861801e+01 
 1573.124  6356.778   2.441707420e+01 
 1573.127  6356.766   2.444684982e+01 
 1573.130  6356.753   2.445794678e+01 
 1573.133  6356.740   2.445044899e+01 
 1573.136  6356.728   2.443158340e+01 
 1573.140  6356.715   2.439791298e+01 
 1573.143  6356.702   2.435296440e+01 
 1573.146  6356.690   2.429683876e+01 
 1573.149  6356.677   2.422942543e+01 
 1573.152  6356.664   2.415460777e+01 
 1573.155  6356.652   2.406859779e+01 
 1573.158  6356.639   2.398628998e+01 
 1573.162  6356.626   2.390768051e+01 
 1573.165  6356.613   2.384035301e+01 
 1573.168  6356.601   2.378790855e+01 
 1573.171  6356.588   2.375793839e+01 
 1573.174  6356.575   2.375783157e+01 
 1573.177  6356.562   2.378009605e+01 
 1573.181  6356.550   2.382852364e+01 
 1573.184  6356.537   2.389191246e+01 
 1573.187  6356.524   2.397392464e+01 
 1573.190  6356.512   2.405959511e+01 
 1573.193  6356.499   2.414927483e+01 
 1573.196  6356.486   2.423148918e+01 
 1573.199  6356.474   2.430246735e+01 
 1573.203  6356.461   2.436583138e+01 
 1573.206  6356.448   2.441436958e+01 
 1573.209  6356.435   2.445531654e+01 
 1573.212  6356.423   2.448136520e+01 
 1573.215  6356.410   2.450358391e+01 
 1573.218  6356.397   2.451832199e+01 
 1573.221  6356.384   2.452908897e+01 
 1573.224  6356.372   2.453640366e+01 
 1573.228  6356.359   2.454028702e+01 
 1573.231  6356.346   2.454407310e+01 
 1573.234  6356.333   2.454788208e+01 
 1573.237  6356.321   2.455157280e+01 
 1573.240  6356.308   2.455523300e+01 
 1573.243  6356.296   2.455897713e+01 
 1573.247  6356.283   2.455891228e+01 
 1573.250  6356.270   2.456253624e+01 
 1573.253  6356.258   2.456245041e+01 
 1573.256  6356.245   2.456235695e+01 
 1573.259  6356.232   2.456225967e+01 
 1573.262  6356.219   2.455834770e+01 
 1573.266  6356.206   2.455452728e+01 
 1573.269  6356.194   2.454311562e+01 
 1573.272  6356.181   2.452803612e+01 
 1573.275  6356.168   2.450920677e+01 
 1573.278  6356.155   2.449051666e+01 
 1573.281  6356.143   2.446429825e+01 
 1573.284  6356.130   2.444557381e+01 
 1573.287  6356.117   2.443054771e+01 
 1573.291  6356.105   2.442678070e+01 
 1573.294  6356.092   2.442670631e+01 
 1573.297  6356.079   2.444151878e+01 
 1573.300  6356.067   2.445642281e+01 
 1573.303  6356.054   2.447501755e+01 
 1573.306  6356.041   2.449361038e+01 
 1573.309  6356.029   2.450841141e+01 
 1573.313  6356.016   2.451951408e+01 
 1573.316  6356.003   2.452691269e+01 
 1573.319  6355.990   2.453052330e+01 
 1573.322  6355.977   2.453043556e+01 
 1573.325  6355.965   2.453413582e+01 
 1573.328  6355.952   2.453395462e+01 
 1573.332  6355.939   2.453765488e+01 
 1573.335  6355.927   2.453756332e+01 
 1573.338  6355.914   2.454116821e+01 
 1573.341  6355.901   2.454477692e+01 
 1573.344  6355.889   2.454467964e+01 
 1573.347  6355.876   2.454837418e+01 
 1573.350  6355.863   2.455196571e+01 
 1573.354  6355.851   2.455186844e+01 
 1573.357  6355.838   2.455177498e+01 
 1573.360  6355.825   2.454789352e+01 
 1573.363  6355.812   2.454040909e+01 
 1573.366  6355.800   2.452903366e+01 
 1573.369  6355.787   2.451025391e+01 
 1573.372  6355.774   2.448777390e+01 
 1573.376  6355.761   2.445781136e+01 
 1573.379  6355.749   2.441657066e+01 
 1573.382  6355.736   2.436423302e+01 
 1573.385  6355.723   2.430060768e+01 
 1573.388  6355.711   2.421829605e+01 
 1573.391  6355.698   2.412108803e+01 
 1573.394  6355.685   2.401259422e+01 
 1573.398  6355.673   2.389300156e+01 
 1573.401  6355.660   2.377699661e+01 
 1573.404  6355.647   2.368722343e+01 
 1573.407  6355.634   2.363103294e+01 
 1573.410  6355.622   2.363098526e+01 
 1573.413  6355.609   2.367945480e+01 
 1573.417  6355.596   2.378023911e+01 
 1573.420  6355.583   2.391086388e+01 
 1573.423  6355.571   2.405277252e+01 
 1573.426  6355.558   2.418717384e+01 
 1573.429  6355.545   2.429548264e+01 
 1573.432  6355.533   2.437751389e+01 
 1573.435  6355.520   2.442976189e+01 
 1573.438  6355.507   2.445584869e+01 
 1573.442  6355.495   2.445946312e+01 
 1573.445  6355.482   2.444071007e+01 
 1573.448  6355.469   2.441075706e+01 
 1573.451  6355.457   2.436951447e+01 
 1573.454  6355.444   2.432466698e+01 
 1573.457  6355.431   2.427972603e+01 
 1573.461  6355.418   2.423848152e+01 
 1573.464  6355.405   2.420851517e+01 
 1573.467  6355.393   2.419723320e+01 
 1573.470  6355.380   2.420083237e+01 
 1573.473  6355.367   2.421941757e+01 
 1573.476  6355.355   2.425298500e+01 
 1573.479  6355.342   2.429764366e+01 
 1573.483  6355.329   2.434238243e+01 
 1573.486  6355.317   2.438712692e+01 
 1573.489  6355.304   2.442808533e+01 
 1573.492  6355.291   2.446154213e+01 
 1573.495  6355.279   2.448392105e+01 
 1573.498  6355.266   2.449870872e+01 
 1573.501  6355.253   2.450608253e+01 
 1573.505  6355.240   2.450600624e+01 
 1573.508  6355.228   2.449846268e+01 
 1573.511  6355.215   2.448340416e+01 
 1573.514  6355.202   2.446843719e+01 
 1573.517  6355.189   2.445337486e+01 
 1573.520  6355.177   2.444210243e+01 
 1573.523  6355.164   2.443082809e+01 
 1573.527  6355.151   2.441575813e+01 
 1573.530  6355.139   2.440448189e+01 
 1573.533  6355.126   2.438940239e+01 
 1573.536  6355.114   2.437441826e+01 
 1573.539  6355.101   2.436303329e+01 
 1573.542  6355.088   2.435175323e+01 
 1573.546  6355.075   2.435166550e+01 
 1573.549  6355.062   2.435527611e+01 
 1573.552  6355.050   2.436647224e+01 
 1573.555  6355.037   2.438127327e+01 
 1573.558  6355.024   2.439237404e+01 
 1573.561  6355.011   2.439977646e+01 
