 1571.099  6364.971   2.443896866e+01 
 1571.102  6364.958   2.439393044e+01 
 1571.105  6364.946   2.431892967e+01 
 1571.108  6364.933   2.421387100e+01 
 1571.112  6364.920   2.407894707e+01 
 1571.115  6364.907   2.391396523e+01 
 1571.118  6364.895   2.373409081e+01 
 1571.121  6364.882   2.355412865e+01 
 1571.124  6364.869   2.339672852e+01 
 1571.127  6364.857   2.328048325e+01 
 1571.130  6364.844   2.322415924e+01 
 1571.134  6364.831   2.322786140e+01 
 1571.137  6364.818   2.328769302e+01 
 1571.140  6364.806   2.339247322e+01 
 1571.143  6364.793   2.352351570e+01 
 1571.146  6364.780   2.367323875e+01 
 1571.149  6364.768   2.381926346e+01 
 1571.152  6364.755   2.396158791e+01 
 1571.156  6364.742   2.408883858e+01 
 1571.159  6364.729   2.419741058e+01 
 1571.162  6364.717   2.429090691e+01 
 1571.165  6364.704   2.436202431e+01 
 1571.168  6364.691   2.441066551e+01 
 1571.171  6364.679   2.444802666e+01 
 1571.174  6364.666   2.446661377e+01 
 1571.177  6364.653   2.447780418e+01 
 1571.181  6364.640   2.448520279e+01 
 1571.184  6364.628   2.448501778e+01 
 1571.187  6364.615   2.448122406e+01 
 1571.190  6364.602   2.447733879e+01 
 1571.193  6364.590   2.446975708e+01 
 1571.196  6364.577   2.446217346e+01 
 1571.200  6364.564   2.445089340e+01 
 1571.203  6364.551   2.444331169e+01 
 1571.206  6364.539   2.443193436e+01 
 1571.209  6364.526   2.442434883e+01 
 1571.212  6364.513   2.442046547e+01 
 1571.215  6364.501   2.442037201e+01 
 1571.218  6364.488   2.442027855e+01 
 1571.222  6364.475   2.442767906e+01 
 1571.225  6364.462   2.443507576e+01 
 1571.228  6364.450   2.443877602e+01 
 1571.231  6364.437   2.444238281e+01 
 1571.234  6364.424   2.443100548e+01 
 1571.237  6364.412   2.440844154e+01 
 1571.240  6364.399   2.436719894e+01 
 1571.244  6364.386   2.430338669e+01 
 1571.247  6364.373   2.421340370e+01 
 1571.250  6364.361   2.410464859e+01 
 1571.253  6364.348   2.398470116e+01 
 1571.256  6364.335   2.386475563e+01 
 1571.259  6364.322   2.375979233e+01 
 1571.262  6364.310   2.368479156e+01 
 1571.266  6364.297   2.364345360e+01 
 1571.269  6364.284   2.363957024e+01 
 1571.272  6364.271   2.366574287e+01 
 1571.275  6364.259   2.371438599e+01 
 1571.278  6364.246   2.377791977e+01 
 1571.281  6364.233   2.385273552e+01 
 1571.284  6364.220   2.392754936e+01 
 1571.287  6364.208   2.400985527e+01 
 1571.291  6364.195   2.409216309e+01 
 1571.294  6364.182   2.417446709e+01 
 1571.297  6364.169   2.425677490e+01 
 1571.300  6364.157   2.432788849e+01 
 1571.303  6364.144   2.439142418e+01 
 1571.306  6364.131   2.444376564e+01 
 1571.310  6364.118   2.448112869e+01 
 1571.313  6364.106   2.450729942e+01 
 1571.316  6364.093   2.452588654e+01 
 1571.319  6364.080   2.453698540e+01 
 1571.322  6364.067   2.454438210e+01 
 1571.325  6364.055   2.455178070e+01 
 1571.328  6364.042   2.455547905e+01 
 1571.332  6364.029   2.455538559e+01 
 1571.335  6364.016   2.455529594e+01 
 1571.338  6364.004   2.455520248e+01 
 1571.341  6363.991   2.455510902e+01 
 1571.344  6363.978   2.455122566e+01 
 1571.347  6363.966   2.454734039e+01 
 1571.350  6363.953   2.453975677e+01 
 1571.354  6363.940   2.452847481e+01 
 1571.357  6363.927   2.452089119e+01 
 1571.360  6363.915   2.450951767e+01 
 1571.363  6363.902   2.450193405e+01 
 1571.366  6363.889   2.449435234e+01 
 1571.369  6363.877   2.449055862e+01 
 1571.372  6363.864   2.448667526e+01 
 1571.375  6363.851   2.448278999e+01 
 1571.379  6363.838   2.447899628e+01 
 1571.382  6363.826   2.447141266e+01 
 1571.385  6363.813   2.446383095e+01 
 1571.388  6363.800   2.444875717e+01 
 1571.391  6363.788   2.443368340e+01 
 1571.394  6363.775   2.441860962e+01 
 1571.397  6363.762   2.440723228e+01 
 1571.401  6363.749   2.439964867e+01 
 1571.404  6363.737   2.439576530e+01 
 1571.407  6363.724   2.439946747e+01 
 1571.410  6363.711   2.441056442e+01 
 1571.413  6363.699   2.442544746e+01 
 1571.416  6363.686   2.444412994e+01 
 1571.420  6363.673   2.446271896e+01 
 1571.423  6363.661   2.448139954e+01 
 1571.426  6363.648   2.449619675e+01 
 1571.429  6363.635   2.450359344e+01 
 1571.432  6363.622   2.450729370e+01 
 1571.435  6363.610   2.450341034e+01 
 1571.438  6363.597   2.449582672e+01 
 1571.442  6363.584   2.448454285e+01 
 1571.445  6363.571   2.446946907e+01 
 1571.448  6363.559   2.446188545e+01 
 1571.451  6363.546   2.445430374e+01 
 1571.454  6363.533   2.445041847e+01 
 1571.457  6363.520   2.445032501e+01 
 1571.460  6363.508   2.445023155e+01 
 1571.464  6363.495   2.444634819e+01 
 1571.467  6363.482   2.444255638e+01 
 1571.470  6363.469   2.443118095e+01 
 1571.473  6363.457   2.441240692e+01 
 1571.476  6363.444   2.439733315e+01 
 1571.479  6363.431   2.437846756e+01 
 1571.482  6363.418   2.436718750e+01 
 1571.485  6363.406   2.436330032e+01 
 1571.489  6363.393   2.437070084e+01 
 1571.492  6363.380   2.438558769e+01 
 1571.495  6363.367   2.440417671e+01 
 1571.498  6363.355   2.443034744e+01 
 1571.501  6363.342   2.445272827e+01 
 1571.504  6363.329   2.447501373e+01 
 1571.508  6363.316   2.449369431e+01 
 1571.511  6363.304   2.450858498e+01 
 1571.514  6363.291   2.451968193e+01 
 1571.517  6363.278   2.452707863e+01 
 1571.520  6363.266   2.453826904e+01 
 1571.523  6363.253   2.454187584e+01 
 1571.526  6363.240   2.454927444e+01 
 1571.530  6363.228   2.455288315e+01 
 1571.533  6363.215   2.455657959e+01 
 1571.536  6363.202   2.455648804e+01 
 1571.539  6363.189   2.455639458e+01 
 1571.542  6363.177   2.455250931e+01 
 1571.545  6363.164   2.454492760e+01 
 1571.548  6363.151   2.453734398e+01 
 1571.552  6363.139   2.452226639e+01 
 1571.555  6363.126   2.450719452e+01 
 1571.558  6363.113   2.448463058e+01 
 1571.561  6363.100   2.445457268e+01 
 1571.564  6363.088   2.442082024e+01 
 1571.567  6363.075   2.437948227e+01 
 1571.570  6363.062   2.433823586e+01 
 1571.573  6363.050   2.429319954e+01 
 1571.577  6363.037   2.425565147e+01 
 1571.580  6363.024   2.423308563e+01 
 1571.583  6363.011   2.422550201e+01 
 1571.586  6362.999   2.423290062e+01 
 1571.589  6362.986   2.426276970e+01 
 1571.592  6362.973   2.430003929e+01 
 1571.596  6362.960   2.434489059e+01 
 1571.599  6362.948   2.439344406e+01 
 1571.602  6362.935   2.443459511e+01 
 1571.605  6362.922   2.446446609e+01 
 1571.608  6362.909   2.449054718e+01 
 1571.611  6362.897   2.450543785e+01 
 1571.614  6362.884   2.451283264e+01 
 1571.618  6362.871   2.452023125e+01 
 1571.621  6362.858   2.452013969e+01 
 1571.624  6362.846   2.452374458e+01 
 1571.627  6362.833   2.452735329e+01 
 1571.630  6362.820   2.453104973e+01 
 1571.633  6362.807   2.453465462e+01 
 1571.636  6362.795   2.453456688e+01 
 1571.640  6362.782   2.453826332e+01 
 1571.643  6362.769   2.453817177e+01 
 1571.646  6362.756   2.454178047e+01 
 1571.649  6362.744   2.454168701e+01 
 1571.652  6362.731   2.454159355e+01 
 1571.655  6362.718   2.454150009e+01 
 1571.658  6362.706   2.454140472e+01 
 1571.661  6362.693   2.454501152e+01 
 1571.665  6362.680   2.454871368e+01 
 1571.668  6362.668   2.455231857e+01 
 1571.671  6362.655   2.455971909e+01 
 1571.674  6362.642   2.456332207e+01 
 1571.677  6362.629   2.456702232e+01 
 1571.680  6362.617   2.456692886e+01 
 1571.684  6362.604   2.457053566e+01 
 1571.687  6362.591   2.457044601e+01 
 1571.690  6362.579   2.457414436e+01 
 1571.693  6362.566   2.457396126e+01 
 1571.696  6362.553   2.457386780e+01 
 1571.699  6362.541   2.457377243e+01 
 1571.702  6362.528   2.457747269e+01 
 1571.706  6362.515   2.457737923e+01 
 1571.709  6362.502   2.457728577e+01 
 1571.712  6362.490   2.457719612e+01 
 1571.715  6362.477   2.457700920e+01 
 1571.718  6362.464   2.457691574e+01 
 1571.721  6362.451   2.457312393e+01 
 1571.724  6362.439   2.457303047e+01 
 1571.728  6362.426   2.457293701e+01 
 1571.731  6362.413   2.457284737e+01 
 1571.734  6362.400   2.457275772e+01 
 1571.737  6362.388   2.457266426e+01 
 1571.740  6362.375   2.457626915e+01 
 1571.743  6362.362   2.457617378e+01 
 1571.746  6362.349   2.457608032e+01 
 1571.750  6362.337   2.457599258e+01 
 1571.753  6362.324   2.457959747e+01 
 1571.756  6362.311   2.457950401e+01 
 1571.759  6362.298   2.457941055e+01 
 1571.762  6362.286   2.457931709e+01 
 1571.765  6362.273   2.457922554e+01 
 1571.768  6362.260   2.457913589e+01 
 1571.772  6362.248   2.457904243e+01 
 1571.775  6362.235   2.457894897e+01 
 1571.778  6362.222   2.457506561e+01 
 1571.781  6362.209   2.457497025e+01 
 1571.784  6362.197   2.457118034e+01 
 1571.787  6362.184   2.456729698e+01 
 1571.790  6362.171   2.455971336e+01 
 1571.794  6362.159   2.455591965e+01 
 1571.797  6362.146   2.454454613e+01 
 1571.800  6362.133   2.453696251e+01 
 1571.803  6362.121   2.452188492e+01 
 1571.806  6362.108   2.450681305e+01 
 1571.809  6362.095   2.448804092e+01 
 1571.812  6362.082   2.446168137e+01 
 1571.816  6362.070   2.443541908e+01 
 1571.819  6362.057   2.440536499e+01 
 1571.822  6362.044   2.437910080e+01 
 1571.825  6362.032   2.435274315e+01 
 1571.828  6362.019   2.434145927e+01 
 1571.831  6362.006   2.433757591e+01 
 1571.834  6361.993   2.434497261e+01 
 1571.838  6361.981   2.436735344e+01 
 1571.841  6361.968   2.438973427e+01 
 1571.844  6361.955   2.441950989e+01 
 1571.847  6361.942   2.444568443e+01 
 1571.850  6361.930   2.446427155e+01 
 1571.853  6361.917   2.448285866e+01 
 1571.856  6361.904   2.449404907e+01 
 1571.860  6361.891   2.449765778e+01 
 1571.863  6361.879   2.450505447e+01 
 1571.866  6361.866   2.450866127e+01 
 1571.869  6361.853   2.451235580e+01 
 1571.872  6361.840   2.451975822e+01 
 1571.875  6361.828   2.452336502e+01 
 1571.878  6361.815   2.453076172e+01 
 1571.882  6361.802   2.453436852e+01 
 1571.885  6361.790   2.453427696e+01 
 1571.888  6361.777   2.453797340e+01 
 1571.891  6361.764   2.454158211e+01 
 1571.894  6361.751   2.454148865e+01 
 1571.897  6361.739   2.454518890e+01 
 1571.900  6361.726   2.454509544e+01 
 1571.904  6361.713   2.454491234e+01 
 1571.907  6361.701   2.454111671e+01 
 1571.910  6361.688   2.452974510e+01 
 1571.913  6361.675   2.451476097e+01 
 1571.916  6361.663   2.448091316e+01 
 1571.919  6361.650   2.443966866e+01 
 1571.922  6361.637   2.437964821e+01 
 1571.926  6361.624   2.430474091e+01 
 1571.929  6361.612   2.422604370e+01 
 1571.932  6361.599   2.414734268e+01 
 1571.935  6361.586   2.407613373e+01 
 1571.938  6361.574   2.403109741e+01 
 1571.941  6361.561   2.401232338e+01 
 1571.944  6361.548   2.402342033e+01 
 1571.948  6361.535   2.406457329e+01 
 1571.951  6361.522   2.412431526e+01 
 1571.954  6361.510   2.418784523e+01 
 1571.957  6361.497   2.424009514e+01 
 1571.960  6361.484   2.426247597e+01 
 1571.963  6361.471   2.423621178e+01 
 1571.966  6361.459   2.413883209e+01 
 1571.970  6361.446   2.396654701e+01 
 1571.973  6361.433   2.371944046e+01 
 1571.976  6361.420   2.341620255e+01 
 1571.979  6361.408   2.309428406e+01 
 1571.982  6361.395   2.280602837e+01 
 1571.985  6361.382   2.260756683e+01 
 1571.989  6361.370   2.254014778e+01 
 1571.992  6361.357   2.262236214e+01 
 1571.995  6361.344   2.283182526e+01 
 1571.998  6361.332   2.313118172e+01 
 1572.001  6361.319   2.346410561e+01 
 1572.004  6361.306   2.378213882e+01 
 1572.007  6361.294   2.405143929e+01 
 1572.010  6361.281   2.425341225e+01 
 1572.014  6361.268   2.439185333e+01 
 1572.017  6361.255   2.447406387e+01 
 1572.020  6361.243   2.451882553e+01 
 1572.023  6361.230   2.454120636e+01 
 1572.026  6361.217   2.455230141e+01 
 1572.029  6361.205   2.455600166e+01 
 1572.032  6361.192   2.455590820e+01 
 1572.036  6361.179   2.455581474e+01 
 1572.039  6361.166   2.455572510e+01 
 1572.042  6361.154   2.455563164e+01 
 1572.045  6361.141   2.455553818e+01 
 1572.048  6361.128   2.455914497e+01 
 1572.051  6361.115   2.455905151e+01 
 1572.054  6361.103   2.456266022e+01 
 1572.058  6361.090   2.456636047e+01 
 1572.061  6361.077   2.456996536e+01 
 1572.064  6361.064   2.457357216e+01 
 1572.067  6361.052   2.457347679e+01 
 1572.070  6361.039   2.457717896e+01 
 1572.073  6361.026   2.457708549e+01 
 1572.077  6361.013   2.458069229e+01 
 1572.080  6361.001   2.458059883e+01 
 1572.083  6360.988   2.458050537e+01 
 1572.086  6360.975   2.458041573e+01 
 1572.089  6360.963   2.458032227e+01 
 1572.092  6360.950   2.457643700e+01 
 1572.095  6360.937   2.457634354e+01 
 1572.099  6360.925   2.457255363e+01 
 1572.102  6360.912   2.457246208e+01 
 1572.105  6360.899   2.456857491e+01 
 1572.108  6360.887   2.456099129e+01 
 1572.111  6360.874   2.455719948e+01 
 1572.114  6360.861   2.454582214e+01 
 1572.117  6360.848   2.453075027e+01 
 1572.120  6360.836   2.451197815e+01 
 1572.124  6360.823   2.448941422e+01 
 1572.127  6360.810   2.445935631e+01 
 1572.130  6360.797   2.442190170e+01 
 1572.133  6360.785   2.438065720e+01 
 1572.136  6360.772   2.433562088e+01 
 1572.139  6360.759   2.427939415e+01 
 1572.143  6360.746   2.421567535e+01 
 1572.146  6360.734   2.413706970e+01 
 1572.149  6360.721   2.405457497e+01 
 1572.152  6360.708   2.396468544e+01 
 1572.155  6360.695   2.388228607e+01 
 1572.158  6360.683   2.381486893e+01 
 1572.161  6360.670   2.377732277e+01 
 1572.165  6360.657   2.377353287e+01 
 1572.168  6360.645   2.381080055e+01 
 1572.171  6360.632   2.388182449e+01 
 1572.174  6360.619   2.397901917e+01 
 1572.177  6360.606   2.409119606e+01 
 1572.180  6360.594   2.419958115e+01 
 1572.183  6360.581   2.430047798e+01 
 1572.187  6360.568   2.438269234e+01 
 1572.190  6360.556   2.444243050e+01 
 1572.193  6360.543   2.448349190e+01 
 1572.196  6360.530   2.451336098e+01 
 1572.199  6360.518   2.453194809e+01 
 1572.202  6360.505   2.453934669e+01 
 1572.205  6360.492   2.454674530e+01 
 1572.209  6360.479   2.455035400e+01 
 1572.212  6360.467   2.455405235e+01 
 1572.215  6360.454   2.455395889e+01 
 1572.218  6360.441   2.455756569e+01 
 1572.221  6360.428   2.455747223e+01 
 1572.224  6360.416   2.455737877e+01 
 1572.227  6360.403   2.455728912e+01 
 1572.231  6360.390   2.456089401e+01 
 1572.234  6360.377   2.456080055e+01 
 1572.237  6360.365   2.456449890e+01 
 1572.240  6360.352   2.456810379e+01 
 1572.243  6360.339   2.456801414e+01 
 1572.246  6360.326   2.457162094e+01 
 1572.249  6360.314   2.457152748e+01 
 1572.253  6360.301   2.457143402e+01 
 1572.256  6360.288   2.457134056e+01 
 1572.259  6360.276   2.456755257e+01 
 1572.262  6360.263   2.456366730e+01 
 1572.265  6360.250   2.456357384e+01 
 1572.268  6360.238   2.455969238e+01 
 1572.271  6360.225   2.455959702e+01 
 1572.275  6360.212   2.455950356e+01 
 1572.278  6360.200   2.456320572e+01 
 1572.281  6360.187   2.456681061e+01 
 1572.284  6360.174   2.457050705e+01 
 1572.287  6360.161   2.457032394e+01 
 1572.290  6360.149   2.457402420e+01 
 1572.293  6360.136   2.457393074e+01 
 1572.297  6360.123   2.457383919e+01 
 1572.300  6360.110   2.456995392e+01 
 1572.303  6360.098   2.456616211e+01 
 1572.306  6360.085   2.456227684e+01 
 1572.309  6360.072   2.455848694e+01 
 1572.312  6360.059   2.455459976e+01 
 1572.315  6360.047   2.455080795e+01 
 1572.319  6360.034   2.454692650e+01 
 1572.322  6360.021   2.454683304e+01 
 1572.325  6360.008   2.455044174e+01 
 1572.328  6359.996   2.455413628e+01 
 1572.331  6359.983   2.455774307e+01 
 1572.334  6359.970   2.456144524e+01 
 1572.338  6359.958   2.456875038e+01 
 1572.341  6359.945   2.457245064e+01 
 1572.344  6359.932   2.457605362e+01 
 1572.347  6359.920   2.457975388e+01 
 1572.350  6359.907   2.457966042e+01 
 1572.353  6359.894   2.457947540e+01 
 1572.356  6359.882   2.457938194e+01 
 1572.359  6359.869   2.457928848e+01 
 1572.363  6359.856   2.457550049e+01 
 1572.366  6359.843   2.457161522e+01 
 1572.369  6359.831   2.456403160e+01 
 1572.372  6359.818   2.455644989e+01 
 1572.375  6359.805   2.454146576e+01 
 1572.378  6359.792   2.452260208e+01 
 1572.381  6359.780   2.450012779e+01 
 1572.385  6359.767   2.447377205e+01 
 1572.388  6359.754   2.444750786e+01 
 1572.391  6359.741   2.441754532e+01 
 1572.394  6359.729   2.439497948e+01 
 1572.397  6359.716   2.437990570e+01 
 1572.400  6359.703   2.437232208e+01 
 1572.404  6359.690   2.437222862e+01 
 1572.407  6359.678   2.438332558e+01 
 1572.410  6359.665   2.439821625e+01 
 1572.413  6359.652   2.442059326e+01 
 1572.416  6359.640   2.443918419e+01 
 1572.419  6359.627   2.446147156e+01 
 1572.422  6359.614   2.448385048e+01 
 1572.426  6359.602   2.449873924e+01 
 1572.429  6359.589   2.451353645e+01 
 1572.432  6359.576   2.452842522e+01 
 1572.435  6359.564   2.453951836e+01 
 1572.438  6359.551   2.455070877e+01 
 1572.441  6359.538   2.455810928e+01 
 1572.444  6359.525   2.456541443e+01 
 1572.448  6359.513   2.456911469e+01 
 1572.451  6359.500   2.457272148e+01 
 1572.454  6359.487   2.457632637e+01 
 1572.457  6359.474   2.458002472e+01 
 1572.460  6359.462   2.457993507e+01 
 1572.463  6359.449   2.458354187e+01 
 1572.466  6359.436   2.458344841e+01 
 1572.470  6359.423   2.458335495e+01 
 1572.473  6359.411   2.458326149e+01 
 1572.476  6359.398   2.457937622e+01 
 1572.479  6359.385   2.457928276e+01 
 1572.482  6359.373   2.457549477e+01 
 1572.485  6359.360   2.456791115e+01 
 1572.488  6359.347   2.455662727e+01 
 1572.492  6359.335   2.454525375e+01 
 1572.495  6359.322   2.453017998e+01 
 1572.498  6359.309   2.451519775e+01 
 1572.501  6359.297   2.450012207e+01 
 1572.504  6359.284   2.448505020e+01 
 1572.507  6359.271   2.447746468e+01 
 1572.510  6359.258   2.446988297e+01 
 1572.514  6359.246   2.445859909e+01 
 1572.517  6359.233   2.444352531e+01 
 1572.520  6359.220   2.442095947e+01 
 1572.523  6359.207   2.438350487e+01 
 1572.526  6359.195   2.433477020e+01 
 1572.529  6359.182   2.427854156e+01 
 1572.532  6359.169   2.422989845e+01 
 1572.536  6359.156   2.419235039e+01 
 1572.539  6359.143   2.417727852e+01 
 1572.542  6359.131   2.419216537e+01 
 1572.545  6359.118   2.422573471e+01 
 1572.548  6359.105   2.427428627e+01 
 1572.551  6359.093   2.433023643e+01 
 1572.554  6359.080   2.437878799e+01 
 1572.558  6359.067   2.441605759e+01 
 1572.561  6359.055   2.443094444e+01 
 1572.564  6359.042   2.443085289e+01 
 1572.567  6359.029   2.441198730e+01 
 1572.570  6359.017   2.438202286e+01 
 1572.573  6359.004   2.434077835e+01 
 1572.577  6358.991   2.429583359e+01 
 1572.580  6358.978   2.425828934e+01 
 1572.583  6358.966   2.423581505e+01 
 1572.586  6358.953   2.422444153e+01 
 1572.589  6358.940   2.423553848e+01 
 1572.592  6358.927   2.425791740e+01 
 1572.595  6358.915   2.429518509e+01 
 1572.599  6358.902   2.434004021e+01 
 1572.602  6358.889   2.438100624e+01 
 1572.605  6358.876   2.442206573e+01 
 1572.608  6358.864   2.445184326e+01 
 1572.611  6358.851   2.447422218e+01 
 1572.614  6358.838   2.449281120e+01 
 1572.617  6358.826   2.450390816e+01 
 1572.620  6358.813   2.451509857e+01 
 1572.624  6358.800   2.452240372e+01 
 1572.627  6358.788   2.452980042e+01 
 1572.630  6358.775   2.453350067e+01 
 1572.633  6358.762   2.453710938e+01 
 1572.636  6358.750   2.454071617e+01 
 1572.639  6358.737   2.454062080e+01 
 1572.643  6358.724   2.454053116e+01 
 1572.646  6358.711   2.453673553e+01 
 1572.649  6358.699   2.453285408e+01 
 1572.652  6358.686   2.452526855e+01 
 1572.655  6358.673   2.452147675e+01 
 1572.658  6358.660   2.451759338e+01 
 1572.661  6358.648   2.451380157e+01 
 1572.665  6358.635   2.451371193e+01 
 1572.668  6358.622   2.451361847e+01 
 1572.671  6358.609   2.451722336e+01 
 1572.674  6358.597   2.451712990e+01 
 1572.677  6358.584   2.452073669e+01 
 1572.680  6358.571   2.452443695e+01 
 1572.683  6358.559   2.452434158e+01 
 1572.687  6358.546   2.452045822e+01 
 1572.690  6358.533   2.452036476e+01 
 1572.693  6358.521   2.451657677e+01 
 1572.696  6358.508   2.451268768e+01 
 1572.699  6358.495   2.450510597e+01 
 1572.702  6358.483   2.449752426e+01 
 1572.705  6358.470   2.448993874e+01 
 1572.709  6358.457   2.448244858e+01 
 1572.712  6358.444   2.447107506e+01 
 1572.715  6358.432   2.445979309e+01 
 1572.718  6358.419   2.444841957e+01 
 1572.721  6358.406   2.443343544e+01 
 1572.724  6358.393   2.441835976e+01 
 1572.728  6358.380   2.439958572e+01 
 1572.731  6358.368   2.438072014e+01 
 1572.734  6358.355   2.435445595e+01 
 1572.737  6358.342   2.432079506e+01 
 1572.740  6358.330   2.428324890e+01 
 1572.743  6358.317   2.423081398e+01 
 1572.746  6358.304   2.415969658e+01 
 1572.750  6358.292   2.405861855e+01 
 1572.753  6358.279   2.390528870e+01 
 1572.756  6358.266   2.366965294e+01 
 1572.759  6358.254   2.330315781e+01 
 1572.762  6358.241   2.276465416e+01 
 1572.765  6358.228   2.200938034e+01 
 1572.768  6358.215   2.104103470e+01 
 1572.771  6358.203   1.988939857e+01 
 1572.775  6358.190   1.864814949e+01 
 1572.778  6358.177   1.742557907e+01 
 1572.781  6358.164   1.634875870e+01 
 1572.784  6358.152   1.551876163e+01 
 1572.787  6358.139   1.499903011e+01 
 1572.790  6358.126   1.482322884e+01 
 1572.794  6358.113   1.499893856e+01 
 1572.797  6358.101   1.551848316e+01 
 1572.800  6358.088   1.634838867e+01 
 1572.803  6358.075   1.742502403e+01 
 1572.806  6358.063   1.864740753e+01 
 1572.809  6358.050   1.988847160e+01 
 1572.812  6358.037   2.103983116e+01 
 1572.816  6358.025   2.200799179e+01 
 1572.819  6358.012   2.276308060e+01 
 1572.822  6357.999   2.330500603e+01 
 1572.825  6357.987   2.367131233e+01 
 1572.828  6357.974   2.390667343e+01 
 1572.831  6357.961   2.405990791e+01 
 1572.834  6357.948   2.416070938e+01 
 1572.838  6357.936   2.423163986e+01 
 1572.841  6357.923   2.428019333e+01 
 1572.844  6357.910   2.432115936e+01 
 1572.847  6357.897   2.435103035e+01 
 1572.850  6357.885   2.437701797e+01 
 1572.853  6357.872   2.439939880e+01 
 1572.856  6357.859   2.441798401e+01 
 1572.860  6357.846   2.443287468e+01 
 1572.863  6357.834   2.444766808e+01 
 1572.866  6357.821   2.445876884e+01 
 1572.869  6357.808   2.446995926e+01 
 1572.872  6357.796   2.447726059e+01 
 1572.875  6357.783   2.448466301e+01 
 1572.878  6357.770   2.449205971e+01 
 1572.882  6357.758   2.449945831e+01 
 1572.885  6357.745   2.450306511e+01 
 1572.888  6357.732   2.451046181e+01 
 1572.891  6357.720   2.451406670e+01 
 1572.894  6357.707   2.452146530e+01 
 1572.897  6357.694   2.452507019e+01 
 1572.901  6357.681   2.452877235e+01 
 1572.904  6357.668   2.453237915e+01 
 1572.907  6357.656   2.453598595e+01 
 1572.910  6357.643   2.453589439e+01 
 1572.913  6357.630   2.453580093e+01 
 1572.916  6357.618   2.453949738e+01 
 1572.919  6357.605   2.453940582e+01 
 1572.922  6357.592   2.453552246e+01 
 1572.926  6357.580   2.453173256e+01 
 1572.929  6357.567   2.452784538e+01 
 1572.932  6357.554   2.451656532e+01 
 1572.935  6357.542   2.450528145e+01 
 1572.938  6357.529   2.449020576e+01 
 1572.941  6357.516   2.447143364e+01 
 1572.945  6357.503   2.445635986e+01 
 1572.948  6357.491   2.444128418e+01 
 1572.951  6357.478   2.443370247e+01 
 1572.954  6357.465   2.442991066e+01 
 1572.957  6357.452   2.443351746e+01 
 1572.960  6357.440   2.444461441e+01 
 1572.963  6357.427   2.445950317e+01 
 1572.967  6357.414   2.447809219e+01 
 1572.970  6357.401   2.449667931e+01 
 1572.973  6357.389   2.450777626e+01 
 1572.976  6357.376   2.451887321e+01 
 1572.979  6357.363   2.452627182e+01 
 1572.982  6357.351   2.452618027e+01 
 1572.985  6357.338   2.452608681e+01 
 1572.989  6357.325   2.452229309e+01 
 1572.992  6357.313   2.451841164e+01 
 1572.995  6357.300   2.451831818e+01 
 1572.998  6357.287   2.451822472e+01 
 1573.001  6357.275   2.451813507e+01 
 1573.004  6357.262   2.452174187e+01 
 1573.007  6357.249   2.452543831e+01 
 1573.011  6357.236   2.452904320e+01 
 1573.014  6357.223   2.452895355e+01 
 1573.017  6357.211   2.452886009e+01 
 1573.020  6357.198   2.452127647e+01 
 1573.023  6357.185   2.450999260e+01 
 1573.026  6357.173   2.449122047e+01 
 1573.029  6357.160   2.446865654e+01 
 1573.033  6357.147   2.443869209e+01 
 1573.036  6357.135   2.440493965e+01 
 1573.039  6357.122   2.436748505e+01 
 1573.042  6357.109   2.433003235e+01 
 1573.045  6357.097   2.429248428e+01 
 1573.048  6357.084   2.425502968e+01 
 1573.052  6357.071   2.421757507e+01 
 1573.055  6357.058   2.418012047e+01 
 1573.058  6357.046   2.414266777e+01 
 1573.061  6357.033   2.410890961e+01 
 1573.064  6357.020   2.408264732e+01 
 1573.067  6357.007   2.406387329e+01 
 1573.070  6356.995   2.405628967e+01 
 1573.073  6356.982   2.405249977e+01 
 1573.077  6356.969   2.404861641e+01 
 1573.080  6356.956   2.403733253e+01 
 1573.083  6356.944   2.401107025e+01 
 1573.086  6356.931   2.396242523e+01 
 1573.089  6356.918   2.390619659e+01 
 1573.092  6356.906   2.384636116e+01 
 1573.096  6356.893   2.380511475e+01 
 1573.099  6356.880   2.379753304e+01 
 1573.102  6356.868   2.382361221e+01 
 1573.105  6356.855   2.389084435e+01 
 1573.108  6356.842   2.398785591e+01 
 1573.111  6356.829   2.409614563e+01 
 1573.114  6356.817   2.420064735e+01 
 1573.118  6356.804   2.429405212e+01 
 1573.121  6356.791   2.436868286e+01 
 1573.124  6356.778   2.441714096e+01 
 1573.127  6356.766   2.444691849e+01 
 1573.130  6356.753   2.445801544e+01 
 1573.133  6356.740   2.445052147e+01 
 1573.136  6356.728   2.443165970e+01 
 1573.140  6356.715   2.439799500e+01 
 1573.143  6356.702   2.435305214e+01 
 1573.146  6356.690   2.429691696e+01 
 1573.149  6356.677   2.422950172e+01 
 1573.152  6356.664   2.415468407e+01 
 1573.155  6356.652   2.406867790e+01 
 1573.158  6356.639   2.398637390e+01 
 1573.162  6356.626   2.390776634e+01 
 1573.165  6356.613   2.384044266e+01 
 1573.168  6356.601   2.378800583e+01 
 1573.171  6356.588   2.375804520e+01 
 1573.174  6356.575   2.375794983e+01 
 1573.177  6356.562   2.378023720e+01 
 1573.181  6356.550   2.382869530e+01 
 1573.184  6356.537   2.389213562e+01 
 1573.187  6356.524   2.397425652e+01 
 1573.190  6356.512   2.406007767e+01 
 1573.193  6356.499   2.414968872e+01 
 1573.196  6356.486   2.423180962e+01 
 1573.199  6356.474   2.430274200e+01 
 1573.203  6356.461   2.436608887e+01 
 1573.206  6356.448   2.441463852e+01 
 1573.209  6356.435   2.445561028e+01 
 1573.212  6356.423   2.448168755e+01 
 1573.215  6356.410   2.450397301e+01 
 1573.218  6356.397   2.451886177e+01 
 1573.221  6356.384   2.452995872e+01 
 1573.224  6356.372   2.453735733e+01 
 1573.228  6356.359   2.454096222e+01 
 1573.231  6356.346   2.454456902e+01 
 1573.234  6356.333   2.454826927e+01 
 1573.237  6356.321   2.455187798e+01 
 1573.240  6356.308   2.455548286e+01 
 1573.243  6356.296   2.455918312e+01 
 1573.247  6356.283   2.455908966e+01 
 1573.250  6356.270   2.456269646e+01 
 1573.253  6356.258   2.456260490e+01 
 1573.256  6356.245   2.456250954e+01 
 1573.259  6356.232   2.456241798e+01 
 1573.262  6356.219   2.455853081e+01 
 1573.266  6356.206   2.455474281e+01 
 1573.269  6356.194   2.454336548e+01 
 1573.272  6356.181   2.452838326e+01 
 1573.275  6356.168   2.450961113e+01 
 1573.278  6356.155   2.449083900e+01 
 1573.281  6356.143   2.446457291e+01 
 1573.284  6356.130   2.444580078e+01 
 1573.287  6356.117   2.443072701e+01 
 1573.291  6356.105   2.442693520e+01 
 1573.294  6356.092   2.442684364e+01 
 1573.297  6356.079   2.444163895e+01 
 1573.300  6356.067   2.445652771e+01 
 1573.303  6356.054   2.447511673e+01 
 1573.306  6356.041   2.449370384e+01 
 1573.309  6356.029   2.450850105e+01 
 1573.313  6356.016   2.451959801e+01 
 1573.316  6356.003   2.452699471e+01 
 1573.319  6355.990   2.453060150e+01 
 1573.322  6355.977   2.453051186e+01 
 1573.325  6355.965   2.453420830e+01 
 1573.328  6355.952   2.453402519e+01 
 1573.332  6355.939   2.453772354e+01 
 1573.335  6355.927   2.453763390e+01 
 1573.338  6355.914   2.454123497e+01 
 1573.341  6355.901   2.454484367e+01 
 1573.344  6355.889   2.454475021e+01 
 1573.347  6355.876   2.454845047e+01 
 1573.350  6355.863   2.455205536e+01 
 1573.354  6355.851   2.455196571e+01 
 1573.357  6355.838   2.455187225e+01 
 1573.360  6355.825   2.454798698e+01 
 1573.363  6355.812   2.454049873e+01 
 1573.366  6355.800   2.452912140e+01 
 1573.369  6355.787   2.451034737e+01 
 1573.372  6355.774   2.448787689e+01 
 1573.376  6355.761   2.445791245e+01 
 1573.379  6355.749   2.441666412e+01 
 1573.382  6355.736   2.436432266e+01 
 1573.385  6355.723   2.430069542e+01 
 1573.388  6355.711   2.421839333e+01 
 1573.391  6355.698   2.412119484e+01 
 1573.394  6355.685   2.401272011e+01 
 1573.398  6355.673   2.389314461e+01 
 1573.401  6355.660   2.377717400e+01 
 1573.404  6355.647   2.368747330e+01 
 1573.407  6355.634   2.363133621e+01 
 1573.410  6355.622   2.363124275e+01 
 1573.413  6355.609   2.367970467e+01 
 1573.417  6355.596   2.378050423e+01 
 1573.420  6355.583   2.391108322e+01 
 1573.423  6355.571   2.405294609e+01 
 1573.426  6355.558   2.418731880e+01 
 1573.429  6355.545   2.429560852e+01 
 1573.432  6355.533   2.437763786e+01 
 1573.435  6355.520   2.442988777e+01 
 1573.438  6355.507   2.445596886e+01 
 1573.442  6355.495   2.445957375e+01 
 1573.445  6355.482   2.444080162e+01 
 1573.448  6355.469   2.441083717e+01 
 1573.451  6355.457   2.436959076e+01 
 1573.454  6355.444   2.432473946e+01 
 1573.457  6355.431   2.427979660e+01 
 1573.461  6355.418   2.423854637e+01 
 1573.464  6355.405   2.420858383e+01 
 1573.467  6355.393   2.419730377e+01 
 1573.470  6355.380   2.420090866e+01 
 1573.473  6355.367   2.421949768e+01 
 1573.476  6355.355   2.425306702e+01 
 1573.479  6355.342   2.429773521e+01 
 1573.483  6355.329   2.434249306e+01 
 1573.486  6355.317   2.438725281e+01 
 1573.489  6355.304   2.442822075e+01 
 1573.492  6355.291   2.446169662e+01 
 1573.495  6355.279   2.448407745e+01 
 1573.498  6355.266   2.449887466e+01 
 1573.501  6355.253   2.450626945e+01 
 1573.505  6355.240   2.450617981e+01 
 1573.508  6355.228   2.449859619e+01 
 1573.511  6355.215   2.448351860e+01 
 1573.514  6355.202   2.446854019e+01 
 1573.517  6355.189   2.445346642e+01 
 1573.520  6355.177   2.444218254e+01 
 1573.523  6355.164   2.443090057e+01 
 1573.527  6355.151   2.441582680e+01 
 1573.530  6355.139   2.440454483e+01 
 1573.533  6355.126   2.438946915e+01 
 1573.536  6355.114   2.437448883e+01 
 1573.539  6355.101   2.436311531e+01 
 1573.542  6355.088   2.435182953e+01 
 1573.546  6355.075   2.435173607e+01 
 1573.549  6355.062   2.435534477e+01 
 1573.552  6355.050   2.436653519e+01 
