 1571.020  6365.291   2.040764236e+01 
 1571.030  6365.251   2.041292191e+01 
 1571.040  6365.210   2.041819572e+01 
 1571.050  6365.170   2.042345428e+01 
 1571.060  6365.129   2.042869568e+01 
 1571.070  6365.089   2.043385315e+01 
 1571.080  6365.048   2.043904686e+01 
 1571.090  6365.008   2.044421005e+01 
 1571.100  6364.967   2.044933510e+01 
 1571.110  6364.927   2.045442009e+01 
 1571.120  6364.886   2.045945740e+01 
 1571.130  6364.846   2.046444511e+01 
 1571.140  6364.805   2.046937561e+01 
 1571.150  6364.765   2.047424316e+01 
 1571.160  6364.724   2.047904205e+01 
 1571.170  6364.683   2.048377228e+01 
 1571.180  6364.643   2.048842812e+01 
 1571.190  6364.603   2.049295044e+01 
 1571.200  6364.562   2.049744415e+01 
 1571.210  6364.522   2.050184822e+01 
 1571.220  6364.481   2.050615883e+01 
 1571.230  6364.441   2.051037216e+01 
 1571.240  6364.400   2.051448059e+01 
 1571.250  6364.360   2.051848030e+01 
 1571.260  6364.319   2.052236938e+01 
 1571.270  6364.278   2.052614212e+01 
 1571.280  6364.238   2.052979088e+01 
 1571.290  6364.197   2.053331757e+01 
 1571.300  6364.157   2.053671455e+01 
 1571.310  6364.116   2.053997993e+01 
 1571.320  6364.076   2.054307556e+01 
 1571.330  6364.036   2.054607010e+01 
 1571.340  6363.995   2.054892349e+01 
 1571.350  6363.955   2.055163193e+01 
 1571.360  6363.914   2.055419159e+01 
 1571.370  6363.874   2.055660248e+01 
 1571.380  6363.833   2.055886078e+01 
 1571.390  6363.793   2.056096458e+01 
 1571.400  6363.752   2.056291389e+01 
 1571.410  6363.711   2.056470490e+01 
 1571.420  6363.671   2.056633568e+01 
 1571.430  6363.630   2.056780815e+01 
 1571.440  6363.590   2.056910324e+01 
 1571.450  6363.550   2.057025719e+01 
 1571.460  6363.509   2.057124710e+01 
 1571.470  6363.469   2.057207870e+01 
 1571.480  6363.428   2.057274628e+01 
 1571.490  6363.388   2.057325363e+01 
 1571.500  6363.347   2.057360268e+01 
 1571.510  6363.307   2.057379532e+01 
 1571.520  6363.266   2.057383347e+01 
 1571.530  6363.226   2.057371902e+01 
 1571.540  6363.185   2.057345581e+01 
 1571.550  6363.144   2.057304192e+01 
 1571.560  6363.104   2.057248497e+01 
 1571.570  6363.064   2.057179451e+01 
 1571.580  6363.023   2.057095718e+01 
 1571.590  6362.983   2.056998634e+01 
 1571.600  6362.942   2.056888580e+01 
 1571.610  6362.902   2.056765747e+01 
 1571.620  6362.861   2.056630898e+01 
 1571.630  6362.821   2.056484222e+01 
 1571.640  6362.780   2.056326485e+01 
 1571.650  6362.740   2.056158066e+01 
 1571.660  6362.699   2.055979347e+01 
 1571.670  6362.659   2.055791092e+01 
 1571.680  6362.618   2.055593872e+01 
 1571.690  6362.578   2.055390549e+01 
 1571.700  6362.538   2.055176926e+01 
 1571.710  6362.497   2.054955864e+01 
 1571.720  6362.457   2.054728127e+01 
 1571.730  6362.416   2.054494095e+01 
 1571.740  6362.375   2.054254532e+01 
 1571.750  6362.335   2.054009819e+01 
 1571.760  6362.294   2.053760529e+01 
 1571.770  6362.254   2.053507233e+01 
 1571.780  6362.213   2.053250504e+01 
 1571.790  6362.173   2.052990723e+01 
 1571.800  6362.132   2.052728462e+01 
 1571.810  6362.092   2.052463913e+01 
 1571.820  6362.052   2.052201271e+01 
 1571.830  6362.011   2.051933670e+01 
 1571.840  6361.971   2.051665497e+01 
 1571.850  6361.930   2.051396942e+01 
 1571.860  6361.890   2.051128387e+01 
 1571.870  6361.849   2.050859833e+01 
 1571.880  6361.809   2.050591660e+01 
 1571.890  6361.768   2.050323868e+01 
 1571.900  6361.728   2.050056839e+01 
 1571.910  6361.687   2.049790764e+01 
 1571.920  6361.647   2.049525261e+01 
 1571.930  6361.606   2.049260712e+01 
 1571.940  6361.566   2.049000168e+01 
 1571.950  6361.526   2.048737335e+01 
 1571.960  6361.485   2.048474884e+01 
 1571.970  6361.445   2.048213005e+01 
 1571.980  6361.404   2.047951508e+01 
 1571.990  6361.364   2.047689819e+01 
 1572.000  6361.323   2.047427940e+01 
 1572.010  6361.283   2.047165298e+01 
 1572.020  6361.242   2.046901703e+01 
 1572.030  6361.202   2.046636581e+01 
 1572.040  6361.161   2.046369553e+01 
 1572.050  6361.121   2.046100044e+01 
 1572.060  6361.080   2.045827675e+01 
 1572.070  6361.040   2.045555305e+01 
 1572.080  6361.000   2.045275307e+01 
 1572.090  6360.959   2.044990730e+01 
 1572.100  6360.919   2.044700623e+01 
 1572.110  6360.878   2.044404793e+01 
 1572.120  6360.838   2.044102287e+01 
 1572.130  6360.797   2.043792534e+01 
 1572.140  6360.757   2.043474770e+01 
 1572.150  6360.716   2.043148422e+01 
 1572.160  6360.676   2.042812920e+01 
 1572.170  6360.635   2.042467499e+01 
 1572.180  6360.595   2.042111206e+01 
 1572.190  6360.555   2.041748619e+01 
 1572.200  6360.514   2.041370201e+01 
 1572.210  6360.474   2.040979767e+01 
 1572.220  6360.433   2.040576553e+01 
 1572.230  6360.393   2.040160370e+01 
 1572.240  6360.352   2.039730644e+01 
 1572.250  6360.312   2.039287186e+01 
 1572.260  6360.271   2.038829613e+01 
 1572.270  6360.231   2.038357735e+01 
 1572.280  6360.190   2.037871361e+01 
 1572.290  6360.150   2.037370491e+01 
 1572.300  6360.109   2.036854935e+01 
 1572.310  6360.069   2.036325073e+01 
 1572.320  6360.029   2.035787582e+01 
 1572.330  6359.988   2.035229301e+01 
 1572.340  6359.948   2.034657288e+01 
 1572.350  6359.907   2.034071922e+01 
 1572.360  6359.867   2.033473587e+01 
 1572.370  6359.826   2.032863045e+01 
 1572.380  6359.786   2.032240868e+01 
 1572.390  6359.745   2.031607819e+01 
 1572.400  6359.705   2.030964851e+01 
 1572.410  6359.664   2.030312920e+01 
 1572.420  6359.624   2.029653168e+01 
 1572.430  6359.583   2.028986549e+01 
 1572.440  6359.543   2.028322601e+01 
 1572.450  6359.503   2.027646255e+01 
 1572.460  6359.462   2.026966858e+01 
 1572.470  6359.422   2.026286316e+01 
 1572.480  6359.381   2.025605774e+01 
 1572.490  6359.341   2.024927139e+01 
 1572.500  6359.300   2.024251556e+01 
 1572.510  6359.260   2.023581314e+01 
 1572.520  6359.220   2.022917938e+01 
 1572.530  6359.179   2.022263336e+01 
 1572.540  6359.139   2.021619225e+01 
 1572.550  6359.098   2.020987511e+01 
 1572.560  6359.058   2.020370102e+01 
 1572.570  6359.018   2.019776535e+01 
 1572.580  6358.977   2.019193459e+01 
 1572.590  6358.937   2.018630600e+01 
 1572.600  6358.896   2.018089676e+01 
 1572.610  6358.856   2.017572975e+01 
 1572.620  6358.815   2.017082024e+01 
 1572.630  6358.775   2.016618729e+01 
 1572.640  6358.734   2.016184425e+01 
 1572.650  6358.694   2.015781593e+01 
 1572.660  6358.653   2.015411568e+01 
 1572.670  6358.613   2.015075874e+01 
 1572.680  6358.572   2.014776421e+01 
 1572.690  6358.532   2.014517403e+01 
 1572.700  6358.492   2.014293861e+01 
 1572.710  6358.451   2.014110374e+01 
 1572.720  6358.411   2.013968468e+01 
 1572.730  6358.371   2.013869095e+01 
 1572.740  6358.330   2.013813400e+01 
 1572.750  6358.290   2.013801956e+01 
 1572.760  6358.249   2.013835716e+01 
 1572.770  6358.209   2.013915634e+01 
 1572.780  6358.168   2.014041901e+01 
 1572.790  6358.128   2.014214897e+01 
 1572.800  6358.087   2.014435196e+01 
 1572.810  6358.047   2.014702797e+01 
 1572.820  6358.007   2.015013885e+01 
 1572.830  6357.966   2.015375900e+01 
 1572.840  6357.926   2.015785027e+01 
 1572.850  6357.885   2.016241074e+01 
 1572.860  6357.845   2.016743851e+01 
 1572.870  6357.805   2.017292786e+01 
 1572.880  6357.764   2.017887115e+01 
 1572.890  6357.724   2.018526459e+01 
 1572.900  6357.683   2.019209671e+01 
 1572.910  6357.643   2.019936180e+01 
 1572.920  6357.602   2.020705032e+01 
 1572.930  6357.562   2.021514511e+01 
 1572.940  6357.522   2.022353554e+01 
 1572.950  6357.481   2.023241234e+01 
 1572.960  6357.441   2.024166679e+01 
 1572.970  6357.400   2.025128174e+01 
 1572.980  6357.360   2.026124763e+01 
 1572.990  6357.320   2.027154922e+01 
 1573.000  6357.279   2.028217125e+01 
 1573.010  6357.239   2.029310226e+01 
 1573.020  6357.198   2.030432510e+01 
 1573.030  6357.158   2.031582642e+01 
 1573.040  6357.117   2.032759285e+01 
 1573.050  6357.077   2.033960915e+01 
 1573.060  6357.036   2.035185814e+01 
 1573.070  6356.996   2.036417770e+01 
 1573.080  6356.956   2.037685585e+01 
 1573.090  6356.916   2.038972664e+01 
 1573.100  6356.875   2.040277863e+01 
 1573.110  6356.835   2.041599846e+01 
 1573.120  6356.794   2.042937469e+01 
 1573.130  6356.754   2.044289589e+01 
 1573.140  6356.713   2.045654869e+01 
 1573.150  6356.673   2.047032547e+01 
 1573.160  6356.632   2.048421669e+01 
 1573.170  6356.592   2.049820900e+01 
 1573.180  6356.551   2.051229858e+01 
 1573.190  6356.512   2.052630043e+01 
 1573.200  6356.471   2.054055595e+01 
 1573.210  6356.431   2.055488586e+01 
 1573.220  6356.390   2.056928444e+01 
 1573.230  6356.350   2.058374405e+01 
 1573.240  6356.309   2.059826088e+01 
 1573.250  6356.269   2.061283112e+01 
 1573.260  6356.228   2.062745094e+01 
 1573.270  6356.188   2.064212227e+01 
 1573.280  6356.148   2.065684128e+01 
 1573.290  6356.107   2.067160416e+01 
 1573.300  6356.067   2.068641472e+01 
 1573.310  6356.026   2.070127106e+01 
 1573.320  6355.986   2.071599197e+01 
 1573.330  6355.946   2.073093987e+01 
 1573.340  6355.905   2.074593735e+01 
 1573.350  6355.865   2.076098633e+01 
 1573.360  6355.825   2.077608871e+01 
 1573.370  6355.784   2.079124451e+01 
 1573.380  6355.744   2.080646133e+01 
 1573.390  6355.703   2.082173729e+01 
 1573.400  6355.663   2.083708000e+01 
 1573.410  6355.622   2.085249138e+01 
 1573.420  6355.582   2.086797523e+01 
 1573.430  6355.541   2.088353539e+01 
 1573.440  6355.502   2.089898491e+01 
 1573.450  6355.461   2.091470718e+01 
 1573.460  6355.421   2.093051720e+01 
 1573.470  6355.380   2.094642067e+01 
 1573.480  6355.340   2.096241760e+01 
 1573.490  6355.299   2.097851562e+01 
 1573.500  6355.259   2.099471474e+01 
 1573.510  6355.219   2.101102257e+01 
 1573.520  6355.178   2.102743912e+01 
 1573.530  6355.138   2.104397011e+01 
 1573.540  6355.097   2.106061363e+01 
 1573.550  6355.057   2.107737350e+01 
 1573.560  6355.016   2.109425354e+01 
 1573.570  6354.976   2.111104584e+01 
 1573.580  6354.936   2.112816811e+01 
 1573.590  6354.896   2.114541435e+01 
 1573.600  6354.855   2.116278648e+01 
 1573.610  6354.815   2.118028641e+01 
 1573.620  6354.774   2.119791222e+01 
 1573.630  6354.734   2.121566582e+01 
 1573.640  6354.694   2.123354530e+01 
 1573.650  6354.653   2.125155258e+01 
 1573.660  6354.613   2.126968384e+01 
 1573.670  6354.572   2.128793907e+01 
 1573.680  6354.532   2.130631638e+01 
 1573.690  6354.492   2.132458878e+01 
 1573.700  6354.451   2.134320259e+01 
 1573.710  6354.411   2.136193275e+01 
 1573.720  6354.371   2.138077736e+01 
 1573.730  6354.330   2.139973068e+01 
 1573.740  6354.290   2.141879082e+01 
 1573.750  6354.249   2.143795395e+01 
 1573.760  6354.209   2.145721436e+01 
 1573.770  6354.169   2.147657204e+01 
 1573.780  6354.128   2.149601936e+01 
 1573.790  6354.088   2.151555443e+01 
 1573.800  6354.047   2.153516960e+01 
 1573.810  6354.007   2.155486298e+01 
 1573.820  6353.967   2.157438469e+01 
 1573.830  6353.927   2.159421730e+01 
 1573.840  6353.886   2.161411095e+01 
 1573.850  6353.846   2.163405991e+01 
 1573.860  6353.805   2.165405655e+01 
 1573.870  6353.765   2.167409706e+01 
 1573.880  6353.725   2.169417381e+01 
 1573.890  6353.684   2.171428490e+01 
 1573.900  6353.644   2.173442078e+01 
 1573.910  6353.603   2.175457954e+01 
 1573.920  6353.563   2.177475166e+01 
 1573.930  6353.522   2.179493332e+01 
 1573.940  6353.483   2.181487083e+01 
 1573.950  6353.442   2.183505249e+01 
 1573.960  6353.402   2.185522652e+01 
 1573.970  6353.361   2.187538338e+01 
 1573.980  6353.321   2.189552116e+01 
 1573.990  6353.281   2.191563225e+01 
