# Solar forward calculations which are compared against Disort output
# Do not edit this file by hand. They should be generated with the gen_test_files.sh script
0 1.255244e+02 8.732512e+02 9.987756e+01 1.709310e+00
1 1.294086e+02 8.975690e+02 1.047977e+02 1.814297e+00
2 1.331599e+02 9.213630e+02 1.099645e+02 3.353175e+00
3 6.699417e+02 5.083435e+02 1.963586e+02 2.080584e+00
4 6.864446e+02 5.153962e+02 1.990115e+02 2.039707e+00
5 7.015349e+02 5.216534e+02 2.019277e+02 1.885158e+00
6 7.145118e+02 5.267676e+02 2.047350e+02 1.709285e+00
7 7.255005e+02 5.307522e+02 2.073072e+02 1.600662e+00
8 7.350098e+02 5.339136e+02 2.096158e+02 1.441072e+00
9 7.429246e+02 5.363297e+02 2.116480e+02 3.572350e+00
10 1.291528e+03 2.265396e+01 2.283359e+02 7.925742e-01
11 1.299271e+03 1.960682e+01 2.294564e+02 7.070115e-01
12 1.305694e+03 1.688749e+01 2.303886e+02 5.243106e-01
13 1.310585e+03 1.450841e+01 2.311440e+02 6.038124e-01
14 1.314984e+03 1.243458e+01 2.317406e+02 5.546126e-01
15 1.318604e+03 1.063292e+01 2.322010e+02 6.066411e-01
16 1.321771e+03 9.072425e+00 2.325384e+02 7.191030e-01
17 1.324627e+03 7.724604e+00 2.327610e+02 9.040550e-01
18 1.327289e+03 6.563135e+00 2.328798e+02 1.110315e+00
19 1.329772e+03 5.563664e+00 2.329129e+02 1.373918e+00
20 1.332129e+03 4.704527e+00 2.328756e+02 1.664883e+00
21 1.334368e+03 3.967339e+00 2.327901e+02 1.989553e+00
22 1.336495e+03 3.336244e+00 2.326705e+02 2.407747e+00
23 1.338559e+03 2.795954e+00 2.325271e+02 2.864301e+00
24 1.340562e+03 2.332647e+00 2.323763e+02 3.392979e+00
25 1.342519e+03 1.935061e+00 2.322248e+02 4.400879e+00
26 1.347187e+03 1.167021e+00 2.318889e+02 6.332700e+00
27 1.351585e+03 6.352226e-01 2.316233e+02 9.674524e+00
28 1.356044e+03 2.634628e-01 2.314183e+02 3.079138e+01
