 1571.020  6365.291   2.110008812e+01 
 1571.030  6365.251   2.110554886e+01 
 1571.040  6365.210   2.111100197e+01 
 1571.050  6365.170   2.111643982e+01 
 1571.060  6365.129   2.112186050e+01 
 1571.070  6365.089   2.112719345e+01 
 1571.080  6365.048   2.113256454e+01 
 1571.090  6365.008   2.113790321e+01 
 1571.100  6364.967   2.114320374e+01 
 1571.110  6364.927   2.114846039e+01 
 1571.120  6364.886   2.115367126e+01 
 1571.130  6364.846   2.115882683e+01 
 1571.140  6364.805   2.116392517e+01 
 1571.150  6364.765   2.116895866e+01 
 1571.160  6364.724   2.117392159e+01 
 1571.170  6364.683   2.117881393e+01 
 1571.180  6364.643   2.118362808e+01 
 1571.190  6364.603   2.118830490e+01 
 1571.200  6364.562   2.119295120e+01 
 1571.210  6364.522   2.119750595e+01 
 1571.220  6364.481   2.120196342e+01 
 1571.230  6364.441   2.120631981e+01 
 1571.240  6364.400   2.121056747e+01 
 1571.250  6364.360   2.121470451e+01 
 1571.260  6364.319   2.121872520e+01 
 1571.270  6364.278   2.122262573e+01 
 1571.280  6364.238   2.122640038e+01 
 1571.290  6364.197   2.123004532e+01 
 1571.300  6364.157   2.123355865e+01 
 1571.310  6364.116   2.123693657e+01 
 1571.320  6364.076   2.124013710e+01 
 1571.330  6364.036   2.124323463e+01 
 1571.340  6363.995   2.124618340e+01 
 1571.350  6363.955   2.124898529e+01 
 1571.360  6363.914   2.125163269e+01 
 1571.370  6363.874   2.125412560e+01 
 1571.380  6363.833   2.125646019e+01 
 1571.390  6363.793   2.125863647e+01 
 1571.400  6363.752   2.126065063e+01 
 1571.410  6363.711   2.126250267e+01 
 1571.420  6363.671   2.126419067e+01 
 1571.430  6363.630   2.126571274e+01 
 1571.440  6363.590   2.126705360e+01 
 1571.450  6363.550   2.126824379e+01 
 1571.460  6363.509   2.126926994e+01 
 1571.470  6363.469   2.127012825e+01 
 1571.480  6363.428   2.127082062e+01 
 1571.490  6363.388   2.127134323e+01 
 1571.500  6363.347   2.127170563e+01 
 1571.510  6363.307   2.127190399e+01 
 1571.520  6363.266   2.127194405e+01 
 1571.530  6363.226   2.127182770e+01 
 1571.540  6363.185   2.127155304e+01 
 1571.550  6363.144   2.127112579e+01 
 1571.560  6363.104   2.127054977e+01 
 1571.570  6363.064   2.126983643e+01 
 1571.580  6363.023   2.126897049e+01 
 1571.590  6362.983   2.126796722e+01 
 1571.600  6362.942   2.126682854e+01 
 1571.610  6362.902   2.126556015e+01 
 1571.620  6362.861   2.126416397e+01 
 1571.630  6362.821   2.126264954e+01 
 1571.640  6362.780   2.126101685e+01 
 1571.650  6362.740   2.125927544e+01 
 1571.660  6362.699   2.125742912e+01 
 1571.670  6362.659   2.125548172e+01 
 1571.680  6362.618   2.125344276e+01 
 1571.690  6362.578   2.125134087e+01 
 1571.700  6362.538   2.124913216e+01 
 1571.710  6362.497   2.124684715e+01 
 1571.720  6362.457   2.124449158e+01 
 1571.730  6362.416   2.124207306e+01 
 1571.740  6362.375   2.123959541e+01 
 1571.750  6362.335   2.123706436e+01 
 1571.760  6362.294   2.123448753e+01 
 1571.770  6362.254   2.123186874e+01 
 1571.780  6362.213   2.122921371e+01 
 1571.790  6362.173   2.122652817e+01 
 1571.800  6362.132   2.122381592e+01 
 1571.810  6362.092   2.122108078e+01 
 1571.820  6362.052   2.121836472e+01 
 1571.830  6362.011   2.121559906e+01 
 1571.840  6361.971   2.121282578e+01 
 1571.850  6361.930   2.121004868e+01 
 1571.860  6361.890   2.120727158e+01 
 1571.870  6361.849   2.120449448e+01 
 1571.880  6361.809   2.120172119e+01 
 1571.890  6361.768   2.119895363e+01 
 1571.900  6361.728   2.119619370e+01 
 1571.910  6361.687   2.119344139e+01 
 1571.920  6361.647   2.119069672e+01 
 1571.930  6361.606   2.118796158e+01 
 1571.940  6361.566   2.118526840e+01 
 1571.950  6361.526   2.118255043e+01 
 1571.960  6361.485   2.117983818e+01 
 1571.970  6361.445   2.117712975e+01 
 1571.980  6361.404   2.117442513e+01 
 1571.990  6361.364   2.117172050e+01 
 1572.000  6361.323   2.116901207e+01 
 1572.010  6361.283   2.116629791e+01 
 1572.020  6361.242   2.116357231e+01 
 1572.030  6361.202   2.116083145e+01 
 1572.040  6361.161   2.115806961e+01 
 1572.050  6361.121   2.115528488e+01 
 1572.060  6361.080   2.115246773e+01 
 1572.070  6361.040   2.114965057e+01 
 1572.080  6361.000   2.114675713e+01 
 1572.090  6360.959   2.114381409e+01 
 1572.100  6360.919   2.114081573e+01 
 1572.110  6360.878   2.113775635e+01 
 1572.120  6360.838   2.113462830e+01 
 1572.130  6360.797   2.113142586e+01 
 1572.140  6360.757   2.112814140e+01 
 1572.150  6360.716   2.112476730e+01 
 1572.160  6360.676   2.112129974e+01 
 1572.170  6360.635   2.111772728e+01 
 1572.180  6360.595   2.111404419e+01 
 1572.190  6360.555   2.111029625e+01 
 1572.200  6360.514   2.110638428e+01 
 1572.210  6360.474   2.110234642e+01 
 1572.220  6360.433   2.109817696e+01 
 1572.230  6360.393   2.109387398e+01 
 1572.240  6360.352   2.108943176e+01 
 1572.250  6360.312   2.108484840e+01 
 1572.260  6360.271   2.108011818e+01 
 1572.270  6360.231   2.107523918e+01 
 1572.280  6360.190   2.107021141e+01 
 1572.290  6360.150   2.106503105e+01 
 1572.300  6360.109   2.105970192e+01 
 1572.310  6360.069   2.105422401e+01 
 1572.320  6360.029   2.104866600e+01 
 1572.330  6359.988   2.104289436e+01 
 1572.340  6359.948   2.103698158e+01 
 1572.350  6359.907   2.103092766e+01 
 1572.360  6359.867   2.102474213e+01 
 1572.370  6359.826   2.101843071e+01 
 1572.380  6359.786   2.101199913e+01 
 1572.390  6359.745   2.100545502e+01 
 1572.400  6359.705   2.099880791e+01 
 1572.410  6359.664   2.099206734e+01 
 1572.420  6359.624   2.098524666e+01 
 1572.430  6359.583   2.097835350e+01 
 1572.440  6359.543   2.097148895e+01 
 1572.450  6359.503   2.096449661e+01 
 1572.460  6359.462   2.095747375e+01 
 1572.470  6359.422   2.095043755e+01 
 1572.480  6359.381   2.094340134e+01 
 1572.490  6359.341   2.093638611e+01 
 1572.500  6359.300   2.092940140e+01 
 1572.510  6359.260   2.092247200e+01 
 1572.520  6359.220   2.091561508e+01 
 1572.530  6359.179   2.090884590e+01 
 1572.540  6359.139   2.090218735e+01 
 1572.550  6359.098   2.089565659e+01 
 1572.560  6359.058   2.088927460e+01 
 1572.570  6359.018   2.088313675e+01 
 1572.580  6358.977   2.087710953e+01 
 1572.590  6358.937   2.087129021e+01 
 1572.600  6358.896   2.086569977e+01 
 1572.610  6358.856   2.086035728e+01 
 1572.620  6358.815   2.085528183e+01 
 1572.630  6358.775   2.085049057e+01 
 1572.640  6358.734   2.084600449e+01 
 1572.650  6358.694   2.084183884e+01 
 1572.660  6358.653   2.083801270e+01 
 1572.670  6358.613   2.083454323e+01 
 1572.680  6358.572   2.083144760e+01 
 1572.690  6358.532   2.082877159e+01 
 1572.700  6358.492   2.082645988e+01 
 1572.710  6358.451   2.082456589e+01 
 1572.720  6358.411   2.082309914e+01 
 1572.730  6358.371   2.082207298e+01 
 1572.740  6358.330   2.082149506e+01 
 1572.750  6358.290   2.082137871e+01 
 1572.760  6358.249   2.082172966e+01 
 1572.770  6358.209   2.082255554e+01 
 1572.780  6358.168   2.082386208e+01 
 1572.790  6358.128   2.082565308e+01 
 1572.800  6358.087   2.082793045e+01 
 1572.810  6358.047   2.083069992e+01 
 1572.820  6358.007   2.083391762e+01 
 1572.830  6357.966   2.083765984e+01 
 1572.840  6357.926   2.084189224e+01 
 1572.850  6357.885   2.084660912e+01 
 1572.860  6357.845   2.085180855e+01 
 1572.870  6357.805   2.085748482e+01 
 1572.880  6357.764   2.086363029e+01 
 1572.890  6357.724   2.087024117e+01 
 1572.900  6357.683   2.087730598e+01 
 1572.910  6357.643   2.088481903e+01 
 1572.920  6357.602   2.089276886e+01 
 1572.930  6357.562   2.090114021e+01 
 1572.940  6357.522   2.090981674e+01 
 1572.950  6357.481   2.091899681e+01 
 1572.960  6357.441   2.092856598e+01 
 1572.970  6357.400   2.093850899e+01 
 1572.980  6357.360   2.094881248e+01 
 1572.990  6357.320   2.095946503e+01 
 1573.000  6357.279   2.097044945e+01 
 1573.010  6357.239   2.098175240e+01 
 1573.020  6357.198   2.099335861e+01 
 1573.030  6357.158   2.100525093e+01 
 1573.040  6357.117   2.101741791e+01 
 1573.050  6357.077   2.102984238e+01 
 1573.060  6357.036   2.104251099e+01 
 1573.070  6356.996   2.105524826e+01 
 1573.080  6356.956   2.106835747e+01 
 1573.090  6356.916   2.108166695e+01 
 1573.100  6356.875   2.109516335e+01 
 1573.110  6356.835   2.110883331e+01 
 1573.120  6356.794   2.112266541e+01 
 1573.130  6356.754   2.113664627e+01 
 1573.140  6356.713   2.115076447e+01 
 1573.150  6356.673   2.116501045e+01 
 1573.160  6356.632   2.117937469e+01 
 1573.170  6356.592   2.119384384e+01 
 1573.180  6356.551   2.120841217e+01 
 1573.190  6356.512   2.122289085e+01 
 1573.200  6356.471   2.123763275e+01 
 1573.210  6356.431   2.125245094e+01 
 1573.220  6356.390   2.126733971e+01 
 1573.230  6356.350   2.128229141e+01 
 1573.240  6356.309   2.129730225e+01 
 1573.250  6356.269   2.131236839e+01 
 1573.260  6356.228   2.132748795e+01 
 1573.270  6356.188   2.134265900e+01 
 1573.280  6356.148   2.135787773e+01 
 1573.290  6356.107   2.137314606e+01 
 1573.300  6356.067   2.138846016e+01 
 1573.310  6356.026   2.140382195e+01 
 1573.320  6355.986   2.141904449e+01 
 1573.330  6355.946   2.143450356e+01 
 1573.340  6355.905   2.145001221e+01 
 1573.350  6355.865   2.146557426e+01 
 1573.360  6355.825   2.148118973e+01 
 1573.370  6355.784   2.149686241e+01 
 1573.380  6355.744   2.151259804e+01 
 1573.390  6355.703   2.152839661e+01 
 1573.400  6355.663   2.154426193e+01 
 1573.410  6355.622   2.156019783e+01 
 1573.420  6355.582   2.157621002e+01 
 1573.430  6355.541   2.159230042e+01 
 1573.440  6355.502   2.160827637e+01 
 1573.450  6355.461   2.162453651e+01 
 1573.460  6355.421   2.164088631e+01 
 1573.470  6355.380   2.165732956e+01 
 1573.480  6355.340   2.167387390e+01 
 1573.490  6355.299   2.169051933e+01 
 1573.500  6355.259   2.170727348e+01 
 1573.510  6355.219   2.172413635e+01 
 1573.520  6355.178   2.174111366e+01 
 1573.530  6355.138   2.175820923e+01 
 1573.540  6355.097   2.177541924e+01 
 1573.550  6355.057   2.179275131e+01 
 1573.560  6355.016   2.181020737e+01 
 1573.570  6354.976   2.182757187e+01 
 1573.580  6354.936   2.184527969e+01 
 1573.590  6354.896   2.186311531e+01 
 1573.600  6354.855   2.188108063e+01 
 1573.610  6354.815   2.189917755e+01 
 1573.620  6354.774   2.191740417e+01 
 1573.630  6354.734   2.193576431e+01 
 1573.640  6354.694   2.195425415e+01 
 1573.650  6354.653   2.197287560e+01 
 1573.660  6354.613   2.199162674e+01 
 1573.670  6354.572   2.201050377e+01 
 1573.680  6354.532   2.202950859e+01 
 1573.690  6354.492   2.204840469e+01 
 1573.700  6354.451   2.206765556e+01 
 1573.710  6354.411   2.208702469e+01 
 1573.720  6354.371   2.210651207e+01 
 1573.730  6354.330   2.212611198e+01 
 1573.740  6354.290   2.214582253e+01 
 1573.750  6354.249   2.216563988e+01 
 1573.760  6354.209   2.218556023e+01 
 1573.770  6354.169   2.220557785e+01 
 1573.780  6354.128   2.222568893e+01 
 1573.790  6354.088   2.224588966e+01 
 1573.800  6354.047   2.226617622e+01 
 1573.810  6354.007   2.228654099e+01 
 1573.820  6353.967   2.230673027e+01 
 1573.830  6353.927   2.232723808e+01 
 1573.840  6353.886   2.234781075e+01 
 1573.850  6353.846   2.236844254e+01 
 1573.860  6353.805   2.238912201e+01 
 1573.870  6353.765   2.240984535e+01 
 1573.880  6353.725   2.243060875e+01 
 1573.890  6353.684   2.245140648e+01 
 1573.900  6353.644   2.247223091e+01 
 1573.910  6353.603   2.249307632e+01 
 1573.920  6353.563   2.251393700e+01 
 1573.930  6353.522   2.253480721e+01 
 1573.940  6353.483   2.255542755e+01 
 1573.950  6353.442   2.257629776e+01 
 1573.960  6353.402   2.259716034e+01 
 1573.970  6353.361   2.261800575e+01 
 1573.980  6353.321   2.263883018e+01 
 1573.990  6353.281   2.265962791e+01 
