 1571.020  6365.291   2.004120255e+01 
 1571.030  6365.251   2.004638863e+01 
 1571.040  6365.210   2.005156517e+01 
 1571.050  6365.170   2.005673027e+01 
 1571.060  6365.129   2.006187820e+01 
 1571.070  6365.089   2.006694031e+01 
 1571.080  6365.048   2.007204247e+01 
 1571.090  6365.008   2.007711029e+01 
 1571.100  6364.967   2.008214378e+01 
 1571.110  6364.927   2.008713722e+01 
 1571.120  6364.886   2.009208488e+01 
 1571.130  6364.846   2.009698105e+01 
 1571.140  6364.805   2.010182190e+01 
 1571.150  6364.765   2.010660172e+01 
 1571.160  6364.724   2.011131477e+01 
 1571.170  6364.683   2.011596107e+01 
 1571.180  6364.643   2.012053299e+01 
 1571.190  6364.603   2.012497330e+01 
 1571.200  6364.562   2.012938690e+01 
 1571.210  6364.522   2.013371086e+01 
 1571.220  6364.481   2.013794518e+01 
 1571.230  6364.441   2.014208031e+01 
 1571.240  6364.400   2.014611435e+01 
 1571.250  6364.360   2.015004349e+01 
 1571.260  6364.319   2.015386200e+01 
 1571.270  6364.278   2.015756607e+01 
 1571.280  6364.238   2.016114998e+01 
 1571.290  6364.197   2.016461182e+01 
 1571.300  6364.157   2.016794777e+01 
 1571.310  6364.116   2.017115593e+01 
 1571.320  6364.076   2.017419434e+01 
 1571.330  6364.036   2.017713547e+01 
 1571.340  6363.995   2.017993736e+01 
 1571.350  6363.955   2.018259621e+01 
 1571.360  6363.914   2.018511009e+01 
 1571.370  6363.874   2.018747711e+01 
 1571.380  6363.833   2.018969536e+01 
 1571.390  6363.793   2.019176102e+01 
 1571.400  6363.752   2.019367599e+01 
 1571.410  6363.711   2.019543266e+01 
 1571.420  6363.671   2.019703484e+01 
 1571.430  6363.630   2.019848061e+01 
 1571.440  6363.590   2.019975281e+01 
 1571.450  6363.550   2.020088577e+01 
 1571.460  6363.509   2.020185852e+01 
 1571.470  6363.469   2.020267487e+01 
 1571.480  6363.428   2.020333099e+01 
 1571.490  6363.388   2.020382881e+01 
 1571.500  6363.347   2.020417023e+01 
 1571.510  6363.307   2.020436096e+01 
 1571.520  6363.266   2.020439911e+01 
 1571.530  6363.226   2.020428658e+01 
 1571.540  6363.185   2.020402527e+01 
 1571.550  6363.144   2.020362091e+01 
 1571.560  6363.104   2.020307350e+01 
 1571.570  6363.064   2.020239449e+01 
 1571.580  6363.023   2.020157242e+01 
 1571.590  6362.983   2.020061874e+01 
 1571.600  6362.942   2.019953728e+01 
 1571.610  6362.902   2.019833183e+01 
 1571.620  6362.861   2.019700813e+01 
 1571.630  6362.821   2.019556808e+01 
 1571.640  6362.780   2.019401932e+01 
 1571.650  6362.740   2.019236374e+01 
 1571.660  6362.699   2.019061089e+01 
 1571.670  6362.659   2.018876076e+01 
 1571.680  6362.618   2.018682289e+01 
 1571.690  6362.578   2.018482780e+01 
 1571.700  6362.538   2.018272972e+01 
 1571.710  6362.497   2.018055916e+01 
 1571.720  6362.457   2.017832184e+01 
 1571.730  6362.416   2.017602539e+01 
 1571.740  6362.375   2.017367172e+01 
 1571.750  6362.335   2.017126846e+01 
 1571.760  6362.294   2.016881943e+01 
 1571.770  6362.254   2.016633224e+01 
 1571.780  6362.213   2.016381073e+01 
 1571.790  6362.173   2.016126060e+01 
 1571.800  6362.132   2.015868378e+01 
 1571.810  6362.092   2.015608788e+01 
 1571.820  6362.052   2.015350723e+01 
 1571.830  6362.011   2.015088081e+01 
 1571.840  6361.971   2.014824677e+01 
 1571.850  6361.930   2.014560890e+01 
 1571.860  6361.890   2.014297104e+01 
 1571.870  6361.849   2.014033318e+01 
 1571.880  6361.809   2.013769913e+01 
 1571.890  6361.768   2.013507080e+01 
 1571.900  6361.728   2.013244820e+01 
 1571.910  6361.687   2.012983513e+01 
 1571.920  6361.647   2.012722778e+01 
 1571.930  6361.606   2.012462997e+01 
 1571.940  6361.566   2.012207222e+01 
 1571.950  6361.526   2.011948967e+01 
 1571.960  6361.485   2.011691284e+01 
 1571.970  6361.445   2.011434174e+01 
 1571.980  6361.404   2.011177254e+01 
 1571.990  6361.364   2.010920334e+01 
 1572.000  6361.323   2.010663223e+01 
 1572.010  6361.283   2.010405350e+01 
 1572.020  6361.242   2.010146332e+01 
 1572.030  6361.202   2.009885979e+01 
 1572.040  6361.161   2.009623718e+01 
 1572.050  6361.121   2.009359169e+01 
 1572.060  6361.080   2.009091568e+01 
 1572.070  6361.040   2.008823967e+01 
 1572.080  6361.000   2.008549118e+01 
 1572.090  6360.959   2.008269501e+01 
 1572.100  6360.919   2.007984734e+01 
 1572.110  6360.878   2.007694244e+01 
 1572.120  6360.838   2.007397079e+01 
 1572.130  6360.797   2.007092857e+01 
 1572.140  6360.757   2.006780815e+01 
 1572.150  6360.716   2.006460381e+01 
 1572.160  6360.676   2.006130791e+01 
 1572.170  6360.635   2.005791473e+01 
 1572.180  6360.595   2.005441666e+01 
 1572.190  6360.555   2.005085754e+01 
 1572.200  6360.514   2.004714012e+01 
 1572.210  6360.474   2.004330444e+01 
 1572.220  6360.433   2.003934479e+01 
 1572.230  6360.393   2.003525734e+01 
 1572.240  6360.352   2.003103828e+01 
 1572.250  6360.312   2.002668381e+01 
 1572.260  6360.271   2.002219009e+01 
 1572.270  6360.231   2.001755524e+01 
 1572.280  6360.190   2.001277924e+01 
 1572.290  6360.150   2.000786018e+01 
 1572.300  6360.109   2.000279617e+01 
 1572.310  6360.069   1.999759293e+01 
 1572.320  6360.029   1.999231339e+01 
 1572.330  6359.988   1.998683167e+01 
 1572.340  6359.948   1.998121262e+01 
 1572.350  6359.907   1.997546387e+01 
 1572.360  6359.867   1.996958733e+01 
 1572.370  6359.826   1.996359253e+01 
 1572.380  6359.786   1.995748138e+01 
 1572.390  6359.745   1.995126534e+01 
 1572.400  6359.705   1.994495201e+01 
 1572.410  6359.664   1.993854904e+01 
 1572.420  6359.624   1.993206978e+01 
 1572.430  6359.583   1.992552185e+01 
 1572.440  6359.543   1.991900063e+01 
 1572.450  6359.503   1.991235924e+01 
 1572.460  6359.462   1.990568733e+01 
 1572.470  6359.422   1.989900398e+01 
 1572.480  6359.381   1.989232063e+01 
 1572.490  6359.341   1.988565445e+01 
 1572.500  6359.300   1.987902069e+01 
 1572.510  6359.260   1.987243843e+01 
 1572.520  6359.220   1.986592293e+01 
 1572.530  6359.179   1.985949326e+01 
 1572.540  6359.139   1.985316658e+01 
 1572.550  6359.098   1.984696388e+01 
 1572.560  6359.058   1.984090233e+01 
 1572.570  6359.018   1.983506966e+01 
 1572.580  6358.977   1.982934570e+01 
 1572.590  6358.937   1.982381630e+01 
 1572.600  6358.896   1.981850433e+01 
 1572.610  6358.856   1.981342888e+01 
 1572.620  6358.815   1.980860901e+01 
 1572.630  6358.775   1.980405617e+01 
 1572.640  6358.734   1.979979324e+01 
 1572.650  6358.694   1.979583549e+01 
 1572.660  6358.653   1.979220009e+01 
 1572.670  6358.613   1.978890419e+01 
 1572.680  6358.572   1.978596306e+01 
 1572.690  6358.532   1.978341866e+01 
 1572.700  6358.492   1.978122330e+01 
 1572.710  6358.451   1.977942276e+01 
 1572.720  6358.411   1.977802849e+01 
 1572.730  6358.371   1.977705193e+01 
 1572.740  6358.330   1.977650261e+01 
 1572.750  6358.290   1.977639008e+01 
 1572.760  6358.249   1.977672195e+01 
 1572.770  6358.209   1.977750587e+01 
 1572.780  6358.168   1.977874565e+01 
 1572.790  6358.128   1.978044510e+01 
 1572.800  6358.087   1.978260612e+01 
 1572.810  6358.047   1.978523445e+01 
 1572.820  6358.007   1.978829002e+01 
 1572.830  6357.966   1.979184341e+01 
 1572.840  6357.926   1.979586029e+01 
 1572.850  6357.885   1.980033875e+01 
 1572.860  6357.845   1.980527687e+01 
 1572.870  6357.805   1.981066513e+01 
 1572.880  6357.764   1.981650352e+01 
 1572.890  6357.724   1.982277870e+01 
 1572.900  6357.683   1.982948875e+01 
 1572.910  6357.643   1.983662415e+01 
 1572.920  6357.602   1.984417152e+01 
 1572.930  6357.562   1.985212135e+01 
 1572.940  6357.522   1.986036110e+01 
 1572.950  6357.481   1.986907768e+01 
 1572.960  6357.441   1.987816429e+01 
 1572.970  6357.400   1.988760757e+01 
 1572.980  6357.360   1.989739227e+01 
 1572.990  6357.320   1.990750885e+01 
 1573.000  6357.279   1.991794014e+01 
 1573.010  6357.239   1.992867279e+01 
 1573.020  6357.198   1.993969536e+01 
 1573.030  6357.158   1.995098877e+01 
 1573.040  6357.117   1.996254349e+01 
 1573.050  6357.077   1.997434235e+01 
 1573.060  6357.036   1.998637199e+01 
 1573.070  6356.996   1.999846840e+01 
 1573.080  6356.956   2.001091766e+01 
 1573.090  6356.916   2.002355576e+01 
 1573.100  6356.875   2.003637314e+01 
 1573.110  6356.835   2.004935455e+01 
 1573.120  6356.794   2.006249046e+01 
 1573.130  6356.754   2.007576752e+01 
 1573.140  6356.713   2.008917618e+01 
 1573.150  6356.673   2.010270500e+01 
 1573.160  6356.632   2.011634445e+01 
 1573.170  6356.592   2.013008499e+01 
 1573.180  6356.551   2.014392090e+01 
 1573.190  6356.512   2.015767097e+01 
 1573.200  6356.471   2.017166901e+01 
 1573.210  6356.431   2.018574142e+01 
 1573.220  6356.390   2.019988060e+01 
 1573.230  6356.350   2.021407890e+01 
 1573.240  6356.309   2.022833252e+01 
 1573.250  6356.269   2.024264145e+01 
 1573.260  6356.228   2.025699806e+01 
 1573.270  6356.188   2.027140427e+01 
 1573.280  6356.148   2.028585815e+01 
 1573.290  6356.107   2.030035591e+01 
 1573.300  6356.067   2.031489944e+01 
 1573.310  6356.026   2.032948685e+01 
 1573.320  6355.986   2.034394264e+01 
 1573.330  6355.946   2.035862160e+01 
 1573.340  6355.905   2.037334824e+01 
 1573.350  6355.865   2.038812637e+01 
 1573.360  6355.825   2.040295410e+01 
 1573.370  6355.784   2.041783714e+01 
 1573.380  6355.744   2.043277931e+01 
 1573.390  6355.703   2.044778061e+01 
 1573.400  6355.663   2.046284676e+01 
 1573.410  6355.622   2.047797966e+01 
 1573.420  6355.582   2.049318504e+01 
 1573.430  6355.541   2.050846291e+01 
 1573.440  6355.502   2.052363396e+01 
 1573.450  6355.461   2.053907394e+01 
 1573.460  6355.421   2.055459785e+01 
 1573.470  6355.380   2.057021332e+01 
 1573.480  6355.340   2.058592224e+01 
 1573.490  6355.299   2.060172844e+01 
 1573.500  6355.259   2.061763763e+01 
 1573.510  6355.219   2.063364983e+01 
 1573.520  6355.178   2.064977074e+01 
 1573.530  6355.138   2.066600227e+01 
 1573.540  6355.097   2.068234634e+01 
 1573.550  6355.057   2.069880295e+01 
 1573.560  6355.016   2.071537781e+01 
 1573.570  6354.976   2.073186684e+01 
 1573.580  6354.936   2.074868011e+01 
 1573.590  6354.896   2.076561546e+01 
 1573.600  6354.855   2.078267479e+01 
 1573.610  6354.815   2.079985619e+01 
 1573.620  6354.774   2.081716537e+01 
 1573.630  6354.734   2.083459854e+01 
 1573.640  6354.694   2.085215569e+01 
 1573.650  6354.653   2.086983681e+01 
 1573.660  6354.613   2.088764000e+01 
 1573.670  6354.572   2.090556526e+01 
 1573.680  6354.532   2.092361069e+01 
 1573.690  6354.492   2.094155312e+01 
 1573.700  6354.451   2.095983124e+01 
 1573.710  6354.411   2.097822380e+01 
 1573.720  6354.371   2.099672699e+01 
 1573.730  6354.330   2.101533699e+01 
 1573.740  6354.290   2.103405380e+01 
 1573.750  6354.249   2.105286980e+01 
 1573.760  6354.209   2.107178497e+01 
 1573.770  6354.169   2.109079170e+01 
 1573.780  6354.128   2.110988808e+01 
 1573.790  6354.088   2.112907028e+01 
 1573.800  6354.047   2.114833069e+01 
 1573.810  6354.007   2.116766739e+01 
 1573.820  6353.967   2.118683815e+01 
 1573.830  6353.927   2.120631027e+01 
 1573.840  6353.886   2.122584534e+01 
 1573.850  6353.846   2.124543381e+01 
 1573.860  6353.805   2.126506996e+01 
 1573.870  6353.765   2.128474808e+01 
 1573.880  6353.725   2.130446243e+01 
 1573.890  6353.684   2.132420921e+01 
 1573.900  6353.644   2.134398270e+01 
 1573.910  6353.603   2.136377716e+01 
 1573.920  6353.563   2.138358498e+01 
 1573.930  6353.522   2.140340233e+01 
 1573.940  6353.483   2.142297935e+01 
 1573.950  6353.442   2.144279671e+01 
 1573.960  6353.402   2.146260643e+01 
 1573.970  6353.361   2.148239899e+01 
 1573.980  6353.321   2.150217247e+01 
 1573.990  6353.281   2.152191925e+01 
