 1571.020  6365.291   2.598493576e+01 
 1571.030  6365.251   2.599166679e+01 
 1571.040  6365.210   2.599838829e+01 
 1571.050  6365.170   2.600509262e+01 
 1571.060  6365.129   2.601177406e+01 
 1571.070  6365.089   2.601834679e+01 
 1571.080  6365.048   2.602496719e+01 
 1571.090  6365.008   2.603154755e+01 
 1571.100  6364.967   2.603808212e+01 
 1571.110  6364.927   2.604456329e+01 
 1571.120  6364.886   2.605098534e+01 
 1571.130  6364.846   2.605734253e+01 
 1571.140  6364.805   2.606362534e+01 
 1571.150  6364.765   2.606982994e+01 
 1571.160  6364.724   2.607594681e+01 
 1571.170  6364.683   2.608197784e+01 
 1571.180  6364.643   2.608791161e+01 
 1571.190  6364.603   2.609367561e+01 
 1571.200  6364.562   2.609940338e+01 
 1571.210  6364.522   2.610501862e+01 
 1571.220  6364.481   2.611051178e+01 
 1571.230  6364.441   2.611588097e+01 
 1571.240  6364.400   2.612111855e+01 
 1571.250  6364.360   2.612621689e+01 
 1571.260  6364.319   2.613117409e+01 
 1571.270  6364.278   2.613598061e+01 
 1571.280  6364.238   2.614063454e+01 
 1571.290  6364.197   2.614512825e+01 
 1571.300  6364.157   2.614945793e+01 
 1571.310  6364.116   2.615362167e+01 
 1571.320  6364.076   2.615756416e+01 
 1571.330  6364.036   2.616138268e+01 
 1571.340  6363.995   2.616501808e+01 
 1571.350  6363.955   2.616847038e+01 
 1571.360  6363.914   2.617173386e+01 
 1571.370  6363.874   2.617480659e+01 
 1571.380  6363.833   2.617768669e+01 
 1571.390  6363.793   2.618036842e+01 
 1571.400  6363.752   2.618285179e+01 
 1571.410  6363.711   2.618513489e+01 
 1571.420  6363.671   2.618721581e+01 
 1571.430  6363.630   2.618909264e+01 
 1571.440  6363.590   2.619074440e+01 
 1571.450  6363.550   2.619221306e+01 
 1571.460  6363.509   2.619347763e+01 
 1571.470  6363.469   2.619453621e+01 
 1571.480  6363.428   2.619538879e+01 
 1571.490  6363.388   2.619603539e+01 
 1571.500  6363.347   2.619648170e+01 
 1571.510  6363.307   2.619672966e+01 
 1571.520  6363.266   2.619677925e+01 
 1571.530  6363.226   2.619663429e+01 
 1571.540  6363.185   2.619629860e+01 
 1571.550  6363.144   2.619577408e+01 
 1571.560  6363.104   2.619506454e+01 
 1571.570  6363.064   2.619418526e+01 
 1571.580  6363.023   2.619312096e+01 
 1571.590  6362.983   2.619188499e+01 
 1571.600  6362.942   2.619048119e+01 
 1571.610  6362.902   2.618891907e+01 
 1571.620  6362.861   2.618720245e+01 
 1571.630  6362.821   2.618533516e+01 
 1571.640  6362.780   2.618332481e+01 
 1571.650  6362.740   2.618118095e+01 
 1571.660  6362.699   2.617890549e+01 
 1571.670  6362.659   2.617650795e+01 
 1571.680  6362.618   2.617399597e+01 
 1571.690  6362.578   2.617140770e+01 
 1571.700  6362.538   2.616868591e+01 
 1571.710  6362.497   2.616587257e+01 
 1571.720  6362.457   2.616297150e+01 
 1571.730  6362.416   2.615999222e+01 
 1571.740  6362.375   2.615694046e+01 
 1571.750  6362.335   2.615382385e+01 
 1571.760  6362.294   2.615064812e+01 
 1571.770  6362.254   2.614742470e+01 
 1571.780  6362.213   2.614415359e+01 
 1571.790  6362.173   2.614084625e+01 
 1571.800  6362.132   2.613750458e+01 
 1571.810  6362.092   2.613413811e+01 
 1571.820  6362.052   2.613079262e+01 
 1571.830  6362.011   2.612738609e+01 
 1571.840  6361.971   2.612397003e+01 
 1571.850  6361.930   2.612055206e+01 
 1571.860  6361.890   2.611713028e+01 
 1571.870  6361.849   2.611371040e+01 
 1571.880  6361.809   2.611029625e+01 
 1571.890  6361.768   2.610688782e+01 
 1571.900  6361.728   2.610348701e+01 
 1571.910  6361.687   2.610009766e+01 
 1571.920  6361.647   2.609671783e+01 
 1571.930  6361.606   2.609334946e+01 
 1571.940  6361.566   2.609003258e+01 
 1571.950  6361.526   2.608668518e+01 
 1571.960  6361.485   2.608334541e+01 
 1571.970  6361.445   2.608001137e+01 
 1571.980  6361.404   2.607668114e+01 
 1571.990  6361.364   2.607335091e+01 
 1572.000  6361.323   2.607001686e+01 
 1572.010  6361.283   2.606667328e+01 
 1572.020  6361.242   2.606331635e+01 
 1572.030  6361.202   2.605994225e+01 
 1572.040  6361.161   2.605654335e+01 
 1572.050  6361.121   2.605311394e+01 
 1572.060  6361.080   2.604964638e+01 
 1572.070  6361.040   2.604617691e+01 
 1572.080  6361.000   2.604261398e+01 
 1572.090  6360.959   2.603899193e+01 
 1572.100  6360.919   2.603530121e+01 
 1572.110  6360.878   2.603153419e+01 
 1572.120  6360.838   2.602768517e+01 
 1572.130  6360.797   2.602374268e+01 
 1572.140  6360.757   2.601969910e+01 
 1572.150  6360.716   2.601554680e+01 
 1572.160  6360.676   2.601127625e+01 
 1572.170  6360.635   2.600687790e+01 
 1572.180  6360.595   2.600234604e+01 
 1572.190  6360.555   2.599773216e+01 
 1572.200  6360.514   2.599291611e+01 
 1572.210  6360.474   2.598794556e+01 
 1572.220  6360.433   2.598281479e+01 
 1572.230  6360.393   2.597751808e+01 
 1572.240  6360.352   2.597204971e+01 
 1572.250  6360.312   2.596640587e+01 
 1572.260  6360.271   2.596058273e+01 
 1572.270  6360.231   2.595457840e+01 
 1572.280  6360.190   2.594838905e+01 
 1572.290  6360.150   2.594201279e+01 
 1572.300  6360.109   2.593545341e+01 
 1572.310  6360.069   2.592870903e+01 
 1572.320  6360.029   2.592186928e+01 
 1572.330  6359.988   2.591476440e+01 
 1572.340  6359.948   2.590748405e+01 
 1572.350  6359.907   2.590003395e+01 
 1572.360  6359.867   2.589242172e+01 
 1572.370  6359.826   2.588465118e+01 
 1572.380  6359.786   2.587673378e+01 
 1572.390  6359.745   2.586867714e+01 
 1572.400  6359.705   2.586049652e+01 
 1572.410  6359.664   2.585219955e+01 
 1572.420  6359.624   2.584380341e+01 
 1572.430  6359.583   2.583532143e+01 
 1572.440  6359.543   2.582687187e+01 
 1572.450  6359.503   2.581826401e+01 
 1572.460  6359.462   2.580961990e+01 
 1572.470  6359.422   2.580095863e+01 
 1572.480  6359.381   2.579229927e+01 
 1572.490  6359.341   2.578366280e+01 
 1572.500  6359.300   2.577506828e+01 
 1572.510  6359.260   2.576653862e+01 
 1572.520  6359.220   2.575809669e+01 
 1572.530  6359.179   2.574976730e+01 
 1572.540  6359.139   2.574157143e+01 
 1572.550  6359.098   2.573353577e+01 
 1572.560  6359.058   2.572568130e+01 
 1572.570  6359.018   2.571812820e+01 
 1572.580  6358.977   2.571071053e+01 
 1572.590  6358.937   2.570355034e+01 
 1572.600  6358.896   2.569667053e+01 
 1572.610  6358.856   2.569009590e+01 
 1572.620  6358.815   2.568385315e+01 
 1572.630  6358.775   2.567795944e+01 
 1572.640  6358.734   2.567243958e+01 
 1572.650  6358.694   2.566731644e+01 
 1572.660  6358.653   2.566261101e+01 
 1572.670  6358.613   2.565834618e+01 
 1572.680  6358.572   2.565453911e+01 
 1572.690  6358.532   2.565124893e+01 
 1572.700  6358.492   2.564841080e+01 
 1572.710  6358.451   2.564608383e+01 
 1572.720  6358.411   2.564428520e+01 
 1572.730  6358.371   2.564302826e+01 
 1572.740  6358.330   2.564232635e+01 
 1572.750  6358.290   2.564218903e+01 
 1572.760  6358.249   2.564262962e+01 
 1572.770  6358.209   2.564365387e+01 
 1572.780  6358.168   2.564526939e+01 
 1572.790  6358.128   2.564748192e+01 
 1572.800  6358.087   2.565029716e+01 
 1572.810  6358.047   2.565371513e+01 
 1572.820  6358.007   2.565768433e+01 
 1572.830  6357.966   2.566230202e+01 
 1572.840  6357.926   2.566752243e+01 
 1572.850  6357.885   2.567333984e+01 
 1572.860  6357.845   2.567975044e+01 
 1572.870  6357.805   2.568675041e+01 
 1572.880  6357.764   2.569432831e+01 
 1572.890  6357.724   2.570247841e+01 
 1572.900  6357.683   2.571118927e+01 
 1572.910  6357.643   2.572045135e+01 
 1572.920  6357.602   2.573024940e+01 
 1572.930  6357.562   2.574057007e+01 
 1572.940  6357.522   2.575126457e+01 
 1572.950  6357.481   2.576257896e+01 
 1572.960  6357.441   2.577437210e+01 
 1572.970  6357.400   2.578662872e+01 
 1572.980  6357.360   2.579932785e+01 
 1572.990  6357.320   2.581245804e+01 
 1573.000  6357.279   2.582599640e+01 
 1573.010  6357.239   2.583992577e+01 
 1573.020  6357.198   2.585422897e+01 
 1573.030  6357.158   2.586888695e+01 
 1573.040  6357.117   2.588388062e+01 
 1573.050  6357.077   2.589919281e+01 
 1573.060  6357.036   2.591480446e+01 
 1573.070  6356.996   2.593050385e+01 
 1573.080  6356.956   2.594665909e+01 
 1573.090  6356.916   2.596306229e+01 
 1573.100  6356.875   2.597969437e+01 
 1573.110  6356.835   2.599654388e+01 
 1573.120  6356.794   2.601358986e+01 
 1573.130  6356.754   2.603082085e+01 
 1573.140  6356.713   2.604822159e+01 
 1573.150  6356.673   2.606577873e+01 
 1573.160  6356.632   2.608348083e+01 
 1573.170  6356.592   2.610131454e+01 
 1573.180  6356.551   2.611926842e+01 
 1573.190  6356.512   2.613711357e+01 
 1573.200  6356.471   2.615528297e+01 
 1573.210  6356.431   2.617354584e+01 
 1573.220  6356.390   2.619189644e+01 
 1573.230  6356.350   2.621032524e+01 
 1573.240  6356.309   2.622882652e+01 
 1573.250  6356.269   2.624739647e+01 
 1573.260  6356.228   2.626603317e+01 
 1573.270  6356.188   2.628473282e+01 
 1573.280  6356.148   2.630349159e+01 
 1573.290  6356.107   2.632230949e+01 
 1573.300  6356.067   2.634118843e+01 
 1573.310  6356.026   2.636012459e+01 
 1573.320  6355.986   2.637888908e+01 
 1573.330  6355.946   2.639794350e+01 
 1573.340  6355.905   2.641706085e+01 
 1573.350  6355.865   2.643624496e+01 
 1573.360  6355.825   2.645549583e+01 
 1573.370  6355.784   2.647481728e+01 
 1573.380  6355.744   2.649421501e+01 
 1573.390  6355.703   2.651369095e+01 
 1573.400  6355.663   2.653325081e+01 
 1573.410  6355.622   2.655289841e+01 
 1573.420  6355.582   2.657263756e+01 
 1573.430  6355.541   2.659247398e+01 
 1573.440  6355.502   2.661217117e+01 
 1573.450  6355.461   2.663221741e+01 
 1573.460  6355.421   2.665237427e+01 
 1573.470  6355.380   2.667264938e+01 
 1573.480  6355.340   2.669304657e+01 
 1573.490  6355.299   2.671357155e+01 
 1573.500  6355.259   2.673422813e+01 
 1573.510  6355.219   2.675502014e+01 
 1573.520  6355.178   2.677595329e+01 
 1573.530  6355.138   2.679703140e+01 
 1573.540  6355.097   2.681825256e+01 
 1573.550  6355.057   2.683962440e+01 
 1573.560  6355.016   2.686114693e+01 
 1573.570  6354.976   2.688255882e+01 
 1573.580  6354.936   2.690439224e+01 
 1573.590  6354.896   2.692638588e+01 
 1573.600  6354.855   2.694853783e+01 
 1573.610  6354.815   2.697085190e+01 
 1573.620  6354.774   2.699333000e+01 
 1573.630  6354.734   2.701596832e+01 
 1573.640  6354.694   2.703876877e+01 
 1573.650  6354.653   2.706173134e+01 
 1573.660  6354.613   2.708485222e+01 
 1573.670  6354.572   2.710813332e+01 
 1573.680  6354.532   2.713156891e+01 
 1573.690  6354.492   2.715486908e+01 
 1573.700  6354.451   2.717860794e+01 
 1573.710  6354.411   2.720249367e+01 
 1573.720  6354.371   2.722652435e+01 
 1573.730  6354.330   2.725069427e+01 
 1573.740  6354.290   2.727499962e+01 
 1573.750  6354.249   2.729943848e+01 
 1573.760  6354.209   2.732400322e+01 
 1573.770  6354.169   2.734868813e+01 
 1573.780  6354.128   2.737348938e+01 
 1573.790  6354.088   2.739840126e+01 
 1573.800  6354.047   2.742341614e+01 
 1573.810  6354.007   2.744853020e+01 
 1573.820  6353.967   2.747342873e+01 
 1573.830  6353.927   2.749871826e+01 
 1573.840  6353.886   2.752408791e+01 
 1573.850  6353.846   2.754953003e+01 
 1573.860  6353.805   2.757503128e+01 
 1573.870  6353.765   2.760058784e+01 
 1573.880  6353.725   2.762619400e+01 
 1573.890  6353.684   2.765184021e+01 
 1573.900  6353.644   2.767752075e+01 
 1573.910  6353.603   2.770322800e+01 
 1573.920  6353.563   2.772895432e+01 
 1573.930  6353.522   2.775469208e+01 
 1573.940  6353.483   2.778011894e+01 
 1573.950  6353.442   2.780585670e+01 
 1573.960  6353.402   2.783158493e+01 
 1573.970  6353.361   2.785729218e+01 
 1573.980  6353.321   2.788297272e+01 
 1573.990  6353.281   2.790861893e+01 
