 1571.020  6365.291   2.565097809e+01 
 1571.030  6365.251   2.565762329e+01 
 1571.040  6365.210   2.566425705e+01 
 1571.050  6365.170   2.567087555e+01 
 1571.060  6365.129   2.567747116e+01 
 1571.070  6365.089   2.568395805e+01 
 1571.080  6365.048   2.569049454e+01 
 1571.090  6365.008   2.569698906e+01 
 1571.100  6364.967   2.570343971e+01 
 1571.110  6364.927   2.570983696e+01 
 1571.120  6364.886   2.571617508e+01 
 1571.130  6364.846   2.572245026e+01 
 1571.140  6364.805   2.572865295e+01 
 1571.150  6364.765   2.573477745e+01 
 1571.160  6364.724   2.574081612e+01 
 1571.170  6364.683   2.574676704e+01 
 1571.180  6364.643   2.575262642e+01 
 1571.190  6364.603   2.575831604e+01 
 1571.200  6364.562   2.576396942e+01 
 1571.210  6364.522   2.576951027e+01 
 1571.220  6364.481   2.577493477e+01 
 1571.230  6364.441   2.578023338e+01 
 1571.240  6364.400   2.578540230e+01 
 1571.250  6364.360   2.579043579e+01 
 1571.260  6364.319   2.579532814e+01 
 1571.270  6364.278   2.580007362e+01 
 1571.280  6364.238   2.580466652e+01 
 1571.290  6364.197   2.580910301e+01 
 1571.300  6364.157   2.581337738e+01 
 1571.310  6364.116   2.581748581e+01 
 1571.320  6364.076   2.582137871e+01 
 1571.330  6364.036   2.582514763e+01 
 1571.340  6363.995   2.582873726e+01 
 1571.350  6363.955   2.583214378e+01 
 1571.360  6363.914   2.583536530e+01 
 1571.370  6363.874   2.583839989e+01 
 1571.380  6363.833   2.584123993e+01 
 1571.390  6363.793   2.584388924e+01 
 1571.400  6363.752   2.584634018e+01 
 1571.410  6363.711   2.584859276e+01 
 1571.420  6363.671   2.585064697e+01 
 1571.430  6363.630   2.585249901e+01 
 1571.440  6363.590   2.585412979e+01 
 1571.450  6363.550   2.585558128e+01 
 1571.460  6363.509   2.585682869e+01 
 1571.470  6363.469   2.585787392e+01 
 1571.480  6363.428   2.585871506e+01 
 1571.490  6363.388   2.585935402e+01 
 1571.500  6363.347   2.585979271e+01 
 1571.510  6363.307   2.586003685e+01 
 1571.520  6363.266   2.586008644e+01 
 1571.530  6363.226   2.585994339e+01 
 1571.540  6363.185   2.585961151e+01 
 1571.550  6363.144   2.585909462e+01 
 1571.560  6363.104   2.585839272e+01 
 1571.570  6363.064   2.585752487e+01 
 1571.580  6363.023   2.585647392e+01 
 1571.590  6362.983   2.585525513e+01 
 1571.600  6362.942   2.585387039e+01 
 1571.610  6362.902   2.585232735e+01 
 1571.620  6362.861   2.585063171e+01 
 1571.630  6362.821   2.584878922e+01 
 1571.640  6362.780   2.584680557e+01 
 1571.650  6362.740   2.584468842e+01 
 1571.660  6362.699   2.584244347e+01 
 1571.670  6362.659   2.584007645e+01 
 1571.680  6362.618   2.583759499e+01 
 1571.690  6362.578   2.583504105e+01 
 1571.700  6362.538   2.583235550e+01 
 1571.710  6362.497   2.582957649e+01 
 1571.720  6362.457   2.582671356e+01 
 1571.730  6362.416   2.582377243e+01 
 1571.740  6362.375   2.582075882e+01 
 1571.750  6362.335   2.581768227e+01 
 1571.760  6362.294   2.581454849e+01 
 1571.770  6362.254   2.581136513e+01 
 1571.780  6362.213   2.580813789e+01 
 1571.790  6362.173   2.580487251e+01 
 1571.800  6362.132   2.580157471e+01 
 1571.810  6362.092   2.579825020e+01 
 1571.820  6362.052   2.579494667e+01 
 1571.830  6362.011   2.579158592e+01 
 1571.840  6361.971   2.578821373e+01 
 1571.850  6361.930   2.578483772e+01 
 1571.860  6361.890   2.578146172e+01 
 1571.870  6361.849   2.577808571e+01 
 1571.880  6361.809   2.577471542e+01 
 1571.890  6361.768   2.577135086e+01 
 1571.900  6361.728   2.576799393e+01 
 1571.910  6361.687   2.576464844e+01 
 1571.920  6361.647   2.576131248e+01 
 1571.930  6361.606   2.575798607e+01 
 1571.940  6361.566   2.575471306e+01 
 1571.950  6361.526   2.575140762e+01 
 1571.960  6361.485   2.574810982e+01 
 1571.970  6361.445   2.574481964e+01 
 1571.980  6361.404   2.574153137e+01 
 1571.990  6361.364   2.573824310e+01 
 1572.000  6361.323   2.573495293e+01 
 1572.010  6361.283   2.573165321e+01 
 1572.020  6361.242   2.572834015e+01 
 1572.030  6361.202   2.572500801e+01 
 1572.040  6361.161   2.572165298e+01 
 1572.050  6361.121   2.571826744e+01 
 1572.060  6361.080   2.571484375e+01 
 1572.070  6361.040   2.571142006e+01 
 1572.080  6361.000   2.570790291e+01 
 1572.090  6360.959   2.570432663e+01 
 1572.100  6360.919   2.570068359e+01 
 1572.110  6360.878   2.569696617e+01 
 1572.120  6360.838   2.569316483e+01 
 1572.130  6360.797   2.568927193e+01 
 1572.140  6360.757   2.568528175e+01 
 1572.150  6360.716   2.568118095e+01 
 1572.160  6360.676   2.567696571e+01 
 1572.170  6360.635   2.567262459e+01 
 1572.180  6360.595   2.566814995e+01 
 1572.190  6360.555   2.566359520e+01 
 1572.200  6360.514   2.565884018e+01 
 1572.210  6360.474   2.565393448e+01 
 1572.220  6360.433   2.564887047e+01 
 1572.230  6360.393   2.564364052e+01 
 1572.240  6360.352   2.563824272e+01 
 1572.250  6360.312   2.563267136e+01 
 1572.260  6360.271   2.562692451e+01 
 1572.270  6360.231   2.562099648e+01 
 1572.280  6360.190   2.561488533e+01 
 1572.290  6360.150   2.560859299e+01 
 1572.300  6360.109   2.560211563e+01 
 1572.310  6360.069   2.559545898e+01 
 1572.320  6360.029   2.558870506e+01 
 1572.330  6359.988   2.558169174e+01 
 1572.340  6359.948   2.557450676e+01 
 1572.350  6359.907   2.556715202e+01 
 1572.360  6359.867   2.555963516e+01 
 1572.370  6359.826   2.555196571e+01 
 1572.380  6359.786   2.554414940e+01 
 1572.390  6359.745   2.553619766e+01 
 1572.400  6359.705   2.552812004e+01 
 1572.410  6359.664   2.551992989e+01 
 1572.420  6359.624   2.551164246e+01 
 1572.430  6359.583   2.550326729e+01 
 1572.440  6359.543   2.549492645e+01 
 1572.450  6359.503   2.548642921e+01 
 1572.460  6359.462   2.547789574e+01 
 1572.470  6359.422   2.546934509e+01 
 1572.480  6359.381   2.546079636e+01 
 1572.490  6359.341   2.545227051e+01 
 1572.500  6359.300   2.544378662e+01 
 1572.510  6359.260   2.543536758e+01 
 1572.520  6359.220   2.542703438e+01 
 1572.530  6359.179   2.541880989e+01 
 1572.540  6359.139   2.541072083e+01 
 1572.550  6359.098   2.540278625e+01 
 1572.560  6359.058   2.539503288e+01 
 1572.570  6359.018   2.538757706e+01 
 1572.580  6358.977   2.538025475e+01 
 1572.590  6358.937   2.537318611e+01 
 1572.600  6358.896   2.536639404e+01 
 1572.610  6358.856   2.535990334e+01 
 1572.620  6358.815   2.535374069e+01 
 1572.630  6358.775   2.534792137e+01 
 1572.640  6358.734   2.534247208e+01 
 1572.650  6358.694   2.533741379e+01 
 1572.660  6358.653   2.533276939e+01 
 1572.670  6358.613   2.532855797e+01 
 1572.680  6358.572   2.532480049e+01 
 1572.690  6358.532   2.532155228e+01 
 1572.700  6358.492   2.531875038e+01 
 1572.710  6358.451   2.531645203e+01 
 1572.720  6358.411   2.531467628e+01 
 1572.730  6358.371   2.531343460e+01 
 1572.740  6358.330   2.531274033e+01 
 1572.750  6358.290   2.531260681e+01 
 1572.760  6358.249   2.531303978e+01 
 1572.770  6358.209   2.531405067e+01 
 1572.780  6358.168   2.531564522e+01 
 1572.790  6358.128   2.531782913e+01 
 1572.800  6358.087   2.532060623e+01 
 1572.810  6358.047   2.532398033e+01 
 1572.820  6358.007   2.532789803e+01 
 1572.830  6357.966   2.533245659e+01 
 1572.840  6357.926   2.533760834e+01 
 1572.850  6357.885   2.534335136e+01 
 1572.860  6357.845   2.534967995e+01 
 1572.870  6357.805   2.535658836e+01 
 1572.880  6357.764   2.536406898e+01 
 1572.890  6357.724   2.537211227e+01 
 1572.900  6357.683   2.538071060e+01 
 1572.910  6357.643   2.538985443e+01 
 1572.920  6357.602   2.539952660e+01 
 1572.930  6357.562   2.540971184e+01 
 1572.940  6357.522   2.542026901e+01 
 1572.950  6357.481   2.543143845e+01 
 1572.960  6357.441   2.544307899e+01 
 1572.970  6357.400   2.545517731e+01 
 1572.980  6357.360   2.546771240e+01 
 1572.990  6357.320   2.548067284e+01 
 1573.000  6357.279   2.549403572e+01 
 1573.010  6357.239   2.550778580e+01 
 1573.020  6357.198   2.552190399e+01 
 1573.030  6357.158   2.553637314e+01 
 1573.040  6357.117   2.555117416e+01 
 1573.050  6357.077   2.556628990e+01 
 1573.060  6357.036   2.558169937e+01 
 1573.070  6356.996   2.559719658e+01 
 1573.080  6356.956   2.561314392e+01 
 1573.090  6356.916   2.562933350e+01 
 1573.100  6356.875   2.564575195e+01 
 1573.110  6356.835   2.566238403e+01 
 1573.120  6356.794   2.567921066e+01 
 1573.130  6356.754   2.569621849e+01 
 1573.140  6356.713   2.571339417e+01 
 1573.150  6356.673   2.573072624e+01 
 1573.160  6356.632   2.574819946e+01 
 1573.170  6356.592   2.576580238e+01 
 1573.180  6356.551   2.578352547e+01 
 1573.190  6356.512   2.580114174e+01 
 1573.200  6356.471   2.581907463e+01 
 1573.210  6356.431   2.583710289e+01 
 1573.220  6356.390   2.585521698e+01 
 1573.230  6356.350   2.587340736e+01 
 1573.240  6356.309   2.589167023e+01 
 1573.250  6356.269   2.590999985e+01 
 1573.260  6356.228   2.592839622e+01 
 1573.270  6356.188   2.594685364e+01 
 1573.280  6356.148   2.596537018e+01 
 1573.290  6356.107   2.598394585e+01 
 1573.300  6356.067   2.600258064e+01 
 1573.310  6356.026   2.602127266e+01 
 1573.320  6355.986   2.603979492e+01 
 1573.330  6355.946   2.605860329e+01 
 1573.340  6355.905   2.607747459e+01 
 1573.350  6355.865   2.609641075e+01 
 1573.360  6355.825   2.611541176e+01 
 1573.370  6355.784   2.613448334e+01 
 1573.380  6355.744   2.615363121e+01 
 1573.390  6355.703   2.617285538e+01 
 1573.400  6355.663   2.619216156e+01 
 1573.410  6355.622   2.621155548e+01 
 1573.420  6355.582   2.623104095e+01 
 1573.430  6355.541   2.625062180e+01 
 1573.440  6355.502   2.627006340e+01 
 1573.450  6355.461   2.628985023e+01 
 1573.460  6355.421   2.630974770e+01 
 1573.470  6355.380   2.632975960e+01 
 1573.480  6355.340   2.634989357e+01 
 1573.490  6355.299   2.637015343e+01 
 1573.500  6355.259   2.639054298e+01 
 1573.510  6355.219   2.641106606e+01 
 1573.520  6355.178   2.643172836e+01 
 1573.530  6355.138   2.645253372e+01 
 1573.540  6355.097   2.647348022e+01 
 1573.550  6355.057   2.649457550e+01 
 1573.560  6355.016   2.651581955e+01 
 1573.570  6354.976   2.653695679e+01 
 1573.580  6354.936   2.655850601e+01 
 1573.590  6354.896   2.658021545e+01 
 1573.600  6354.855   2.660208130e+01 
 1573.610  6354.815   2.662410736e+01 
 1573.620  6354.774   2.664629364e+01 
 1573.630  6354.734   2.666864014e+01 
 1573.640  6354.694   2.669114494e+01 
 1573.650  6354.653   2.671380997e+01 
 1573.660  6354.613   2.673663330e+01 
 1573.670  6354.572   2.675961113e+01 
 1573.680  6354.532   2.678274345e+01 
 1573.690  6354.492   2.680574226e+01 
 1573.700  6354.451   2.682917404e+01 
 1573.710  6354.411   2.685275078e+01 
 1573.720  6354.371   2.687647057e+01 
 1573.730  6354.330   2.690032768e+01 
 1573.740  6354.290   2.692432022e+01 
 1573.750  6354.249   2.694844246e+01 
 1573.760  6354.209   2.697268867e+01 
 1573.770  6354.169   2.699705505e+01 
 1573.780  6354.128   2.702153587e+01 
 1573.790  6354.088   2.704612350e+01 
 1573.800  6354.047   2.707081604e+01 
 1573.810  6354.007   2.709560394e+01 
 1573.820  6353.967   2.712018013e+01 
 1573.830  6353.927   2.714514351e+01 
 1573.840  6353.886   2.717018509e+01 
 1573.850  6353.846   2.719529724e+01 
 1573.860  6353.805   2.722046852e+01 
 1573.870  6353.765   2.724569511e+01 
 1573.880  6353.725   2.727096939e+01 
 1573.890  6353.684   2.729628372e+01 
 1573.900  6353.644   2.732163239e+01 
 1573.910  6353.603   2.734700775e+01 
 1573.920  6353.563   2.737240028e+01 
 1573.930  6353.522   2.739780426e+01 
 1573.940  6353.483   2.742290306e+01 
 1573.950  6353.442   2.744830704e+01 
 1573.960  6353.402   2.747370148e+01 
 1573.970  6353.361   2.749907684e+01 
 1573.980  6353.321   2.752442551e+01 
 1573.990  6353.281   2.754973984e+01 
