 1571.020  6365.291   2.113404083e+01 
 1571.030  6365.251   2.113951111e+01 
 1571.040  6365.210   2.114497185e+01 
 1571.050  6365.170   2.115041924e+01 
 1571.060  6365.129   2.115584946e+01 
 1571.070  6365.089   2.116119003e+01 
 1571.080  6365.048   2.116656876e+01 
 1571.090  6365.008   2.117191696e+01 
 1571.100  6364.967   2.117722511e+01 
 1571.110  6364.927   2.118249130e+01 
 1571.120  6364.886   2.118770981e+01 
 1571.130  6364.846   2.119287491e+01 
 1571.140  6364.805   2.119798088e+01 
 1571.150  6364.765   2.120302391e+01 
 1571.160  6364.724   2.120799446e+01 
 1571.170  6364.683   2.121289253e+01 
 1571.180  6364.643   2.121771622e+01 
 1571.190  6364.603   2.122240067e+01 
 1571.200  6364.562   2.122705460e+01 
 1571.210  6364.522   2.123161697e+01 
 1571.220  6364.481   2.123608017e+01 
 1571.230  6364.441   2.124044418e+01 
 1571.240  6364.400   2.124469948e+01 
 1571.250  6364.360   2.124884224e+01 
 1571.260  6364.319   2.125287056e+01 
 1571.270  6364.278   2.125677681e+01 
 1571.280  6364.238   2.126055717e+01 
 1571.290  6364.197   2.126420975e+01 
 1571.300  6364.157   2.126772690e+01 
 1571.310  6364.116   2.127111053e+01 
 1571.320  6364.076   2.127431488e+01 
 1571.330  6364.036   2.127741814e+01 
 1571.340  6363.995   2.128037262e+01 
 1571.350  6363.955   2.128317833e+01 
 1571.360  6363.914   2.128582954e+01 
 1571.370  6363.874   2.128832626e+01 
 1571.380  6363.833   2.129066658e+01 
 1571.390  6363.793   2.129284477e+01 
 1571.400  6363.752   2.129486275e+01 
 1571.410  6363.711   2.129671860e+01 
 1571.420  6363.671   2.129840851e+01 
 1571.430  6363.630   2.129993248e+01 
 1571.440  6363.590   2.130127525e+01 
 1571.450  6363.550   2.130246925e+01 
 1571.460  6363.509   2.130349541e+01 
 1571.470  6363.469   2.130435562e+01 
 1571.480  6363.428   2.130504799e+01 
 1571.490  6363.388   2.130557442e+01 
 1571.500  6363.347   2.130593491e+01 
 1571.510  6363.307   2.130613518e+01 
 1571.520  6363.266   2.130617523e+01 
 1571.530  6363.226   2.130605698e+01 
 1571.540  6363.185   2.130578232e+01 
 1571.550  6363.144   2.130535507e+01 
 1571.560  6363.104   2.130477715e+01 
 1571.570  6363.064   2.130406189e+01 
 1571.580  6363.023   2.130319595e+01 
 1571.590  6362.983   2.130219078e+01 
 1571.600  6362.942   2.130105019e+01 
 1571.610  6362.902   2.129977989e+01 
 1571.620  6362.861   2.129838181e+01 
 1571.630  6362.821   2.129686356e+01 
 1571.640  6362.780   2.129523087e+01 
 1571.650  6362.740   2.129348564e+01 
 1571.660  6362.699   2.129163551e+01 
 1571.670  6362.659   2.128968620e+01 
 1571.680  6362.618   2.128764343e+01 
 1571.690  6362.578   2.128553772e+01 
 1571.700  6362.538   2.128332520e+01 
 1571.710  6362.497   2.128103638e+01 
 1571.720  6362.457   2.127867889e+01 
 1571.730  6362.416   2.127625465e+01 
 1571.740  6362.375   2.127377319e+01 
 1571.750  6362.335   2.127123833e+01 
 1571.760  6362.294   2.126865768e+01 
 1571.770  6362.254   2.126603317e+01 
 1571.780  6362.213   2.126337433e+01 
 1571.790  6362.173   2.126068497e+01 
 1571.800  6362.132   2.125796890e+01 
 1571.810  6362.092   2.125522995e+01 
 1571.820  6362.052   2.125250816e+01 
 1571.830  6362.011   2.124973869e+01 
 1571.840  6361.971   2.124696159e+01 
 1571.850  6361.930   2.124418068e+01 
 1571.860  6361.890   2.124139786e+01 
 1571.870  6361.849   2.123861694e+01 
 1571.880  6361.809   2.123583984e+01 
 1571.890  6361.768   2.123306656e+01 
 1571.900  6361.728   2.123030281e+01 
 1571.910  6361.687   2.122754478e+01 
 1571.920  6361.647   2.122479630e+01 
 1571.930  6361.606   2.122205734e+01 
 1571.940  6361.566   2.121936035e+01 
 1571.950  6361.526   2.121663666e+01 
 1571.960  6361.485   2.121391869e+01 
 1571.970  6361.445   2.121120834e+01 
 1571.980  6361.404   2.120849800e+01 
 1571.990  6361.364   2.120578957e+01 
 1572.000  6361.323   2.120307732e+01 
 1572.010  6361.283   2.120035744e+01 
 1572.020  6361.242   2.119762802e+01 
 1572.030  6361.202   2.119488335e+01 
 1572.040  6361.161   2.119211769e+01 
 1572.050  6361.121   2.118932724e+01 
 1572.060  6361.080   2.118650627e+01 
 1572.070  6361.040   2.118368340e+01 
 1572.080  6361.000   2.118078613e+01 
 1572.090  6360.959   2.117783737e+01 
 1572.100  6360.919   2.117483521e+01 
 1572.110  6360.878   2.117177010e+01 
 1572.120  6360.838   2.116863823e+01 
 1572.130  6360.797   2.116543007e+01 
 1572.140  6360.757   2.116213989e+01 
 1572.150  6360.716   2.115876198e+01 
 1572.160  6360.676   2.115528679e+01 
 1572.170  6360.635   2.115170860e+01 
 1572.180  6360.595   2.114801979e+01 
 1572.190  6360.555   2.114426613e+01 
 1572.200  6360.514   2.114034843e+01 
 1572.210  6360.474   2.113630295e+01 
 1572.220  6360.433   2.113212776e+01 
 1572.230  6360.393   2.112781906e+01 
 1572.240  6360.352   2.112336922e+01 
 1572.250  6360.312   2.111877823e+01 
 1572.260  6360.271   2.111404037e+01 
 1572.270  6360.231   2.110915375e+01 
 1572.280  6360.190   2.110411644e+01 
 1572.290  6360.150   2.109892845e+01 
 1572.300  6360.109   2.109359169e+01 
 1572.310  6360.069   2.108810425e+01 
 1572.320  6360.029   2.108253670e+01 
 1572.330  6359.988   2.107675743e+01 
 1572.340  6359.948   2.107083321e+01 
 1572.350  6359.907   2.106477165e+01 
 1572.360  6359.867   2.105857658e+01 
 1572.370  6359.826   2.105225372e+01 
 1572.380  6359.786   2.104581070e+01 
 1572.390  6359.745   2.103925705e+01 
 1572.400  6359.705   2.103259850e+01 
 1572.410  6359.664   2.102584839e+01 
 1572.420  6359.624   2.101901627e+01 
 1572.430  6359.583   2.101211357e+01 
 1572.440  6359.543   2.100523758e+01 
 1572.450  6359.503   2.099823380e+01 
 1572.460  6359.462   2.099119949e+01 
 1572.470  6359.422   2.098415184e+01 
 1572.480  6359.381   2.097710419e+01 
 1572.490  6359.341   2.097007561e+01 
 1572.500  6359.300   2.096308136e+01 
 1572.510  6359.260   2.095614052e+01 
 1572.520  6359.220   2.094927216e+01 
 1572.530  6359.179   2.094249344e+01 
 1572.540  6359.139   2.093582344e+01 
 1572.550  6359.098   2.092928314e+01 
 1572.560  6359.058   2.092288971e+01 
 1572.570  6359.018   2.091674232e+01 
 1572.580  6358.977   2.091070557e+01 
 1572.590  6358.937   2.090487671e+01 
 1572.600  6358.896   2.089927673e+01 
 1572.610  6358.856   2.089392662e+01 
 1572.620  6358.815   2.088884354e+01 
 1572.630  6358.775   2.088404465e+01 
 1572.640  6358.734   2.087954903e+01 
 1572.650  6358.694   2.087537766e+01 
 1572.660  6358.653   2.087154579e+01 
 1572.670  6358.613   2.086807060e+01 
 1572.680  6358.572   2.086497116e+01 
 1572.690  6358.532   2.086228943e+01 
 1572.700  6358.492   2.085997581e+01 
 1572.710  6358.451   2.085807800e+01 
 1572.720  6358.411   2.085660744e+01 
 1572.730  6358.371   2.085557938e+01 
 1572.740  6358.330   2.085500336e+01 
 1572.750  6358.290   2.085488701e+01 
 1572.760  6358.249   2.085523796e+01 
 1572.770  6358.209   2.085606384e+01 
 1572.780  6358.168   2.085737228e+01 
 1572.790  6358.128   2.085916710e+01 
 1572.800  6358.087   2.086144829e+01 
 1572.810  6358.047   2.086422157e+01 
 1572.820  6358.007   2.086744499e+01 
 1572.830  6357.966   2.087119293e+01 
 1572.840  6357.926   2.087543106e+01 
 1572.850  6357.885   2.088015747e+01 
 1572.860  6357.845   2.088536453e+01 
 1572.870  6357.805   2.089105034e+01 
 1572.880  6357.764   2.089720726e+01 
 1572.890  6357.724   2.090382767e+01 
 1572.900  6357.683   2.091090393e+01 
 1572.910  6357.643   2.091843033e+01 
 1572.920  6357.602   2.092639160e+01 
 1572.930  6357.562   2.093477821e+01 
 1572.940  6357.522   2.094346809e+01 
 1572.950  6357.481   2.095266151e+01 
 1572.960  6357.441   2.096224594e+01 
 1572.970  6357.400   2.097220612e+01 
 1572.980  6357.360   2.098252678e+01 
 1572.990  6357.320   2.099319649e+01 
 1573.000  6357.279   2.100419807e+01 
 1573.010  6357.239   2.101552010e+01 
 1573.020  6357.198   2.102714348e+01 
 1573.030  6357.158   2.103905678e+01 
 1573.040  6357.117   2.105124283e+01 
 1573.050  6357.077   2.106368637e+01 
 1573.060  6357.036   2.107637405e+01 
 1573.070  6356.996   2.108913422e+01 
 1573.080  6356.956   2.110226440e+01 
 1573.090  6356.916   2.111559486e+01 
 1573.100  6356.875   2.112911224e+01 
 1573.110  6356.835   2.114280510e+01 
 1573.120  6356.794   2.115666008e+01 
 1573.130  6356.754   2.117066193e+01 
 1573.140  6356.713   2.118480492e+01 
 1573.150  6356.673   2.119907379e+01 
 1573.160  6356.632   2.121345901e+01 
 1573.170  6356.592   2.122795296e+01 
 1573.180  6356.551   2.124254417e+01 
 1573.190  6356.512   2.125704765e+01 
 1573.200  6356.471   2.127181244e+01 
 1573.210  6356.431   2.128665352e+01 
 1573.220  6356.390   2.130156708e+01 
 1573.230  6356.350   2.131654358e+01 
 1573.240  6356.309   2.133157730e+01 
 1573.250  6356.269   2.134666824e+01 
 1573.260  6356.228   2.136181259e+01 
 1573.270  6356.188   2.137700844e+01 
 1573.280  6356.148   2.139225197e+01 
 1573.290  6356.107   2.140754318e+01 
 1573.300  6356.067   2.142288399e+01 
 1573.310  6356.026   2.143827057e+01 
 1573.320  6355.986   2.145351791e+01 
 1573.330  6355.946   2.146900177e+01 
 1573.340  6355.905   2.148453522e+01 
 1573.350  6355.865   2.150012207e+01 
 1573.360  6355.825   2.151576233e+01 
 1573.370  6355.784   2.153146172e+01 
 1573.380  6355.744   2.154722214e+01 
 1573.390  6355.703   2.156304550e+01 
 1573.400  6355.663   2.157893753e+01 
 1573.410  6355.622   2.159490013e+01 
 1573.420  6355.582   2.161093712e+01 
 1573.430  6355.541   2.162705421e+01 
 1573.440  6355.502   2.164305496e+01 
 1573.450  6355.461   2.165933990e+01 
 1573.460  6355.421   2.167571640e+01 
 1573.470  6355.380   2.169218826e+01 
 1573.480  6355.340   2.170875931e+01 
 1573.490  6355.299   2.172543144e+01 
 1573.500  6355.259   2.174221230e+01 
 1573.510  6355.219   2.175910187e+01 
 1573.520  6355.178   2.177610779e+01 
 1573.530  6355.138   2.179323006e+01 
 1573.540  6355.097   2.181046867e+01 
 1573.550  6355.057   2.182782936e+01 
 1573.560  6355.016   2.184531212e+01 
 1573.570  6354.976   2.186270523e+01 
 1573.580  6354.936   2.188044167e+01 
 1573.590  6354.896   2.189830589e+01 
 1573.600  6354.855   2.191629982e+01 
 1573.610  6354.815   2.193442535e+01 
 1573.620  6354.774   2.195268250e+01 
 1573.630  6354.734   2.197107315e+01 
 1573.640  6354.694   2.198959351e+01 
 1573.650  6354.653   2.200824356e+01 
 1573.660  6354.613   2.202702522e+01 
 1573.670  6354.572   2.204593277e+01 
 1573.680  6354.532   2.206497002e+01 
 1573.690  6354.492   2.208389473e+01 
 1573.700  6354.451   2.210317612e+01 
 1573.710  6354.411   2.212257767e+01 
 1573.720  6354.371   2.214209557e+01 
 1573.730  6354.330   2.216172791e+01 
 1573.740  6354.290   2.218147087e+01 
 1573.750  6354.249   2.220132065e+01 
 1573.760  6354.209   2.222127151e+01 
 1573.770  6354.169   2.224132347e+01 
 1573.780  6354.128   2.226146698e+01 
 1573.790  6354.088   2.228170013e+01 
 1573.800  6354.047   2.230201912e+01 
 1573.810  6354.007   2.232241631e+01 
 1573.820  6353.967   2.234263992e+01 
 1573.830  6353.927   2.236318016e+01 
 1573.840  6353.886   2.238378716e+01 
 1573.850  6353.846   2.240445137e+01 
 1573.860  6353.805   2.242516327e+01 
 1573.870  6353.765   2.244592094e+01 
 1573.880  6353.725   2.246671867e+01 
 1573.890  6353.684   2.248754883e+01 
 1573.900  6353.644   2.250840759e+01 
 1573.910  6353.603   2.252928734e+01 
 1573.920  6353.563   2.255018234e+01 
 1573.930  6353.522   2.257108688e+01 
 1573.940  6353.483   2.259173965e+01 
 1573.950  6353.442   2.261264420e+01 
 1573.960  6353.402   2.263353920e+01 
 1573.970  6353.361   2.265441895e+01 
 1573.980  6353.321   2.267527771e+01 
 1573.990  6353.281   2.269610786e+01 
