 1571.020  6365.291   1.746550560e+01 
 1571.030  6365.251   1.747002220e+01 
 1571.040  6365.210   1.747453117e+01 
 1571.050  6365.170   1.747902870e+01 
 1571.060  6365.129   1.748351288e+01 
 1571.070  6365.089   1.748792267e+01 
 1571.080  6365.048   1.749236488e+01 
 1571.090  6365.008   1.749678040e+01 
 1571.100  6364.967   1.750116348e+01 
 1571.110  6364.927   1.750551224e+01 
 1571.120  6364.886   1.750982285e+01 
 1571.130  6364.846   1.751408768e+01 
 1571.140  6364.805   1.751830482e+01 
 1571.150  6364.765   1.752246666e+01 
 1571.160  6364.724   1.752657127e+01 
 1571.170  6364.683   1.753061867e+01 
 1571.180  6364.643   1.753460121e+01 
 1571.190  6364.603   1.753846741e+01 
 1571.200  6364.562   1.754231262e+01 
 1571.210  6364.522   1.754607964e+01 
 1571.220  6364.481   1.754976654e+01 
 1571.230  6364.441   1.755336952e+01 
 1571.240  6364.400   1.755688286e+01 
 1571.250  6364.360   1.756030464e+01 
 1571.260  6364.319   1.756363106e+01 
 1571.270  6364.278   1.756685638e+01 
 1571.280  6364.238   1.756997871e+01 
 1571.290  6364.197   1.757299423e+01 
 1571.300  6364.157   1.757589912e+01 
 1571.310  6364.116   1.757869339e+01 
 1571.320  6364.076   1.758134079e+01 
 1571.330  6364.036   1.758390236e+01 
 1571.340  6363.995   1.758634186e+01 
 1571.350  6363.955   1.758865738e+01 
 1571.360  6363.914   1.759084892e+01 
 1571.370  6363.874   1.759291077e+01 
 1571.380  6363.833   1.759484100e+01 
 1571.390  6363.793   1.759664154e+01 
 1571.400  6363.752   1.759830856e+01 
 1571.410  6363.711   1.759984016e+01 
 1571.420  6363.671   1.760123444e+01 
 1571.430  6363.630   1.760249329e+01 
 1571.440  6363.590   1.760360146e+01 
 1571.450  6363.550   1.760458755e+01 
 1571.460  6363.509   1.760543442e+01 
 1571.470  6363.469   1.760614395e+01 
 1571.480  6363.428   1.760671616e+01 
 1571.490  6363.388   1.760714912e+01 
 1571.500  6363.347   1.760744667e+01 
 1571.510  6363.307   1.760761261e+01 
 1571.520  6363.266   1.760764503e+01 
 1571.530  6363.226   1.760754585e+01 
 1571.540  6363.185   1.760731888e+01 
 1571.550  6363.144   1.760696602e+01 
 1571.560  6363.104   1.760648727e+01 
 1571.570  6363.064   1.760589600e+01 
 1571.580  6363.023   1.760518074e+01 
 1571.590  6362.983   1.760434914e+01 
 1571.600  6362.942   1.760340691e+01 
 1571.610  6362.902   1.760235596e+01 
 1571.620  6362.861   1.760120201e+01 
 1571.630  6362.821   1.759994698e+01 
 1571.640  6362.780   1.759859657e+01 
 1571.650  6362.740   1.759715462e+01 
 1571.660  6362.699   1.759562683e+01 
 1571.670  6362.659   1.759401512e+01 
 1571.680  6362.618   1.759232712e+01 
 1571.690  6362.578   1.759058762e+01 
 1571.700  6362.538   1.758875847e+01 
 1571.710  6362.497   1.758686829e+01 
 1571.720  6362.457   1.758491898e+01 
 1571.730  6362.416   1.758291626e+01 
 1571.740  6362.375   1.758086586e+01 
 1571.750  6362.335   1.757876968e+01 
 1571.760  6362.294   1.757663727e+01 
 1571.770  6362.254   1.757447052e+01 
 1571.780  6362.213   1.757227325e+01 
 1571.790  6362.173   1.757004929e+01 
 1571.800  6362.132   1.756780434e+01 
 1571.810  6362.092   1.756554222e+01 
 1571.820  6362.052   1.756329346e+01 
 1571.830  6362.011   1.756100464e+01 
 1571.840  6361.971   1.755870819e+01 
 1571.850  6361.930   1.755641174e+01 
 1571.860  6361.890   1.755411148e+01 
 1571.870  6361.849   1.755181313e+01 
 1571.880  6361.809   1.754951859e+01 
 1571.890  6361.768   1.754722786e+01 
 1571.900  6361.728   1.754494286e+01 
 1571.910  6361.687   1.754266357e+01 
 1571.920  6361.647   1.754039192e+01 
 1571.930  6361.606   1.753812790e+01 
 1571.940  6361.566   1.753589821e+01 
 1571.950  6361.526   1.753364754e+01 
 1571.960  6361.485   1.753140259e+01 
 1571.970  6361.445   1.752916145e+01 
 1571.980  6361.404   1.752692223e+01 
 1571.990  6361.364   1.752468300e+01 
 1572.000  6361.323   1.752244186e+01 
 1572.010  6361.283   1.752019310e+01 
 1572.020  6361.242   1.751793671e+01 
 1572.030  6361.202   1.751566696e+01 
 1572.040  6361.161   1.751338196e+01 
 1572.050  6361.121   1.751107597e+01 
 1572.060  6361.080   1.750874329e+01 
 1572.070  6361.040   1.750641060e+01 
 1572.080  6361.000   1.750401497e+01 
 1572.090  6360.959   1.750157738e+01 
 1572.100  6360.919   1.749909592e+01 
 1572.110  6360.878   1.749656296e+01 
 1572.120  6360.838   1.749397278e+01 
 1572.130  6360.797   1.749132156e+01 
 1572.140  6360.757   1.748860168e+01 
 1572.150  6360.716   1.748580742e+01 
 1572.160  6360.676   1.748293495e+01 
 1572.170  6360.635   1.747997665e+01 
 1572.180  6360.595   1.747692871e+01 
 1572.190  6360.555   1.747382355e+01 
 1572.200  6360.514   1.747058487e+01 
 1572.210  6360.474   1.746724129e+01 
 1572.220  6360.433   1.746378899e+01 
 1572.230  6360.393   1.746022606e+01 
 1572.240  6360.352   1.745654678e+01 
 1572.250  6360.312   1.745275116e+01 
 1572.260  6360.271   1.744883347e+01 
 1572.270  6360.231   1.744479370e+01 
 1572.280  6360.190   1.744062996e+01 
 1572.290  6360.150   1.743634224e+01 
 1572.300  6360.109   1.743192863e+01 
 1572.310  6360.069   1.742739105e+01 
 1572.320  6360.029   1.742278862e+01 
 1572.330  6359.988   1.741801071e+01 
 1572.340  6359.948   1.741311264e+01 
 1572.350  6359.907   1.740810204e+01 
 1572.360  6359.867   1.740297890e+01 
 1572.370  6359.826   1.739775276e+01 
 1572.380  6359.786   1.739242554e+01 
 1572.390  6359.745   1.738700676e+01 
 1572.400  6359.705   1.738150215e+01 
 1572.410  6359.664   1.737592125e+01 
 1572.420  6359.624   1.737027168e+01 
 1572.430  6359.583   1.736456490e+01 
 1572.440  6359.543   1.735888100e+01 
 1572.450  6359.503   1.735309029e+01 
 1572.460  6359.462   1.734727478e+01 
 1572.470  6359.422   1.734144783e+01 
 1572.480  6359.381   1.733562088e+01 
 1572.490  6359.341   1.732980919e+01 
 1572.500  6359.300   1.732402611e+01 
 1572.510  6359.260   1.731828690e+01 
 1572.520  6359.220   1.731260872e+01 
 1572.530  6359.179   1.730700302e+01 
 1572.540  6359.139   1.730148697e+01 
 1572.550  6359.098   1.729607964e+01 
 1572.560  6359.058   1.729079247e+01 
 1572.570  6359.018   1.728570938e+01 
 1572.580  6358.977   1.728071785e+01 
 1572.590  6358.937   1.727589607e+01 
 1572.600  6358.896   1.727126503e+01 
 1572.610  6358.856   1.726683998e+01 
 1572.620  6358.815   1.726263618e+01 
 1572.630  6358.775   1.725866699e+01 
 1572.640  6358.734   1.725494766e+01 
 1572.650  6358.694   1.725149727e+01 
 1572.660  6358.653   1.724832726e+01 
 1572.670  6358.613   1.724545097e+01 
 1572.680  6358.572   1.724288559e+01 
 1572.690  6358.532   1.724066544e+01 
 1572.700  6358.492   1.723874855e+01 
 1572.710  6358.451   1.723717690e+01 
 1572.720  6358.411   1.723595810e+01 
 1572.730  6358.371   1.723510361e+01 
 1572.740  6358.330   1.723462296e+01 
 1572.750  6358.290   1.723452187e+01 
 1572.760  6358.249   1.723480797e+01 
 1572.770  6358.209   1.723548698e+01 
 1572.780  6358.168   1.723656464e+01 
 1572.790  6358.128   1.723804283e+01 
 1572.800  6358.087   1.723992348e+01 
 1572.810  6358.047   1.724221039e+01 
 1572.820  6358.007   1.724486923e+01 
 1572.830  6357.966   1.724796295e+01 
 1572.840  6357.926   1.725146103e+01 
 1572.850  6357.885   1.725535965e+01 
 1572.860  6357.845   1.725965881e+01 
 1572.870  6357.805   1.726435280e+01 
 1572.880  6357.764   1.726943398e+01 
 1572.890  6357.724   1.727490044e+01 
 1572.900  6357.683   1.728074455e+01 
 1572.910  6357.643   1.728695869e+01 
 1572.920  6357.602   1.729353333e+01 
 1572.930  6357.562   1.730045700e+01 
 1572.940  6357.522   1.730763245e+01 
 1572.950  6357.481   1.731522560e+01 
 1572.960  6357.441   1.732314110e+01 
 1572.970  6357.400   1.733136559e+01 
 1572.980  6357.360   1.733988953e+01 
 1572.990  6357.320   1.734869957e+01 
 1573.000  6357.279   1.735778618e+01 
 1573.010  6357.239   1.736713600e+01 
 1573.020  6357.198   1.737673569e+01 
 1573.030  6357.158   1.738657379e+01 
 1573.040  6357.117   1.739663887e+01 
 1573.050  6357.077   1.740691757e+01 
 1573.060  6357.036   1.741739655e+01 
 1573.070  6356.996   1.742793274e+01 
 1573.080  6356.956   1.743877792e+01 
 1573.090  6356.916   1.744978714e+01 
 1573.100  6356.875   1.746095085e+01 
 1573.110  6356.835   1.747225952e+01 
 1573.120  6356.794   1.748370171e+01 
 1573.130  6356.754   1.749526787e+01 
 1573.140  6356.713   1.750694656e+01 
 1573.150  6356.673   1.751873016e+01 
 1573.160  6356.632   1.753061295e+01 
 1573.170  6356.592   1.754258156e+01 
 1573.180  6356.551   1.755463219e+01 
 1573.190  6356.512   1.756661034e+01 
 1573.200  6356.471   1.757880402e+01 
 1573.210  6356.431   1.759106064e+01 
 1573.220  6356.390   1.760337639e+01 
 1573.230  6356.350   1.761574364e+01 
 1573.240  6356.309   1.762816048e+01 
 1573.250  6356.269   1.764062309e+01 
 1573.260  6356.228   1.765312958e+01 
 1573.270  6356.188   1.766567612e+01 
 1573.280  6356.148   1.767826462e+01 
 1573.290  6356.107   1.769089317e+01 
 1573.300  6356.067   1.770355988e+01 
 1573.310  6356.026   1.771626663e+01 
 1573.320  6355.986   1.772885704e+01 
 1573.330  6355.946   1.774164200e+01 
 1573.340  6355.905   1.775446892e+01 
 1573.350  6355.865   1.776733971e+01 
 1573.360  6355.825   1.778025436e+01 
 1573.370  6355.784   1.779321671e+01 
 1573.380  6355.744   1.780623055e+01 
 1573.390  6355.703   1.781929588e+01 
 1573.400  6355.663   1.783241653e+01 
 1573.410  6355.622   1.784559631e+01 
 1573.420  6355.582   1.785883713e+01 
 1573.430  6355.541   1.787214470e+01 
 1573.440  6355.502   1.788535690e+01 
 1573.450  6355.461   1.789880180e+01 
 1573.460  6355.421   1.791232300e+01 
 1573.470  6355.380   1.792592049e+01 
 1573.480  6355.340   1.793960190e+01 
 1573.490  6355.299   1.795336723e+01 
 1573.500  6355.259   1.796722031e+01 
 1573.510  6355.219   1.798116493e+01 
 1573.520  6355.178   1.799520302e+01 
 1573.530  6355.138   1.800934029e+01 
 1573.540  6355.097   1.802357101e+01 
 1573.550  6355.057   1.803790283e+01 
 1573.560  6355.016   1.805233574e+01 
 1573.570  6354.976   1.806669617e+01 
 1573.580  6354.936   1.808133698e+01 
 1573.590  6354.896   1.809608459e+01 
 1573.600  6354.855   1.811093903e+01 
 1573.610  6354.815   1.812590218e+01 
 1573.620  6354.774   1.814097404e+01 
 1573.630  6354.734   1.815615463e+01 
 1573.640  6354.694   1.817144394e+01 
 1573.650  6354.653   1.818684006e+01 
 1573.660  6354.613   1.820234489e+01 
 1573.670  6354.572   1.821795464e+01 
 1573.680  6354.532   1.823366737e+01 
 1573.690  6354.492   1.824929237e+01 
 1573.700  6354.451   1.826520920e+01 
 1573.710  6354.411   1.828122330e+01 
 1573.720  6354.371   1.829733658e+01 
 1573.730  6354.330   1.831354141e+01 
 1573.740  6354.290   1.832983971e+01 
 1573.750  6354.249   1.834622383e+01 
 1573.760  6354.209   1.836269569e+01 
 1573.770  6354.169   1.837924576e+01 
 1573.780  6354.128   1.839587402e+01 
 1573.790  6354.088   1.841257668e+01 
 1573.800  6354.047   1.842934990e+01 
 1573.810  6354.007   1.844618797e+01 
 1573.820  6353.967   1.846288109e+01 
 1573.830  6353.927   1.847983742e+01 
 1573.840  6353.886   1.849684715e+01 
 1573.850  6353.846   1.851390457e+01 
 1573.860  6353.805   1.853100204e+01 
 1573.870  6353.765   1.854813766e+01 
 1573.880  6353.725   1.856530571e+01 
 1573.890  6353.684   1.858250046e+01 
 1573.900  6353.644   1.859971809e+01 
 1573.910  6353.603   1.861695290e+01 
 1573.920  6353.563   1.863420105e+01 
 1573.930  6353.522   1.865145683e+01 
 1573.940  6353.483   1.866850662e+01 
 1573.950  6353.442   1.868576241e+01 
 1573.960  6353.402   1.870301056e+01 
 1573.970  6353.361   1.872024727e+01 
 1573.980  6353.321   1.873746490e+01 
 1573.990  6353.281   1.875465965e+01 
