 1571.020  6365.291   2.065877914e+01 
 1571.030  6365.251   2.066412544e+01 
 1571.040  6365.210   2.066946411e+01 
 1571.050  6365.170   2.067478752e+01 
 1571.060  6365.129   2.068009377e+01 
 1571.070  6365.089   2.068531418e+01 
 1571.080  6365.048   2.069057274e+01 
 1571.090  6365.008   2.069579887e+01 
 1571.100  6364.967   2.070098877e+01 
 1571.110  6364.927   2.070613670e+01 
 1571.120  6364.886   2.071123695e+01 
 1571.130  6364.846   2.071628380e+01 
 1571.140  6364.805   2.072127533e+01 
 1571.150  6364.765   2.072620392e+01 
 1571.160  6364.724   2.073106194e+01 
 1571.170  6364.683   2.073585129e+01 
 1571.180  6364.643   2.074056435e+01 
 1571.190  6364.603   2.074514198e+01 
 1571.200  6364.562   2.074969292e+01 
 1571.210  6364.522   2.075415039e+01 
 1571.220  6364.481   2.075851440e+01 
 1571.230  6364.441   2.076277924e+01 
 1571.240  6364.400   2.076693916e+01 
 1571.250  6364.360   2.077098846e+01 
 1571.260  6364.319   2.077492523e+01 
 1571.270  6364.278   2.077874374e+01 
 1571.280  6364.238   2.078243828e+01 
 1571.290  6364.197   2.078600693e+01 
 1571.300  6364.157   2.078944778e+01 
 1571.310  6364.116   2.079275322e+01 
 1571.320  6364.076   2.079588699e+01 
 1571.330  6364.036   2.079891777e+01 
 1571.340  6363.995   2.080180740e+01 
 1571.350  6363.955   2.080454826e+01 
 1571.360  6363.914   2.080714035e+01 
 1571.370  6363.874   2.080958176e+01 
 1571.380  6363.833   2.081186676e+01 
 1571.390  6363.793   2.081399727e+01 
 1571.400  6363.752   2.081596947e+01 
 1571.410  6363.711   2.081778336e+01 
 1571.420  6363.671   2.081943512e+01 
 1571.430  6363.630   2.082092476e+01 
 1571.440  6363.590   2.082223701e+01 
 1571.450  6363.550   2.082340431e+01 
 1571.460  6363.509   2.082440758e+01 
 1571.470  6363.469   2.082524872e+01 
 1571.480  6363.428   2.082592392e+01 
 1571.490  6363.388   2.082643700e+01 
 1571.500  6363.347   2.082679176e+01 
 1571.510  6363.307   2.082698631e+01 
 1571.520  6363.266   2.082702637e+01 
 1571.530  6363.226   2.082691002e+01 
 1571.540  6363.185   2.082664299e+01 
 1571.550  6363.144   2.082622528e+01 
 1571.560  6363.104   2.082566071e+01 
 1571.570  6363.064   2.082496071e+01 
 1571.580  6363.023   2.082411385e+01 
 1571.590  6362.983   2.082313156e+01 
 1571.600  6362.942   2.082201576e+01 
 1571.610  6362.902   2.082077408e+01 
 1571.620  6362.861   2.081940842e+01 
 1571.630  6362.821   2.081792450e+01 
 1571.640  6362.780   2.081632614e+01 
 1571.650  6362.740   2.081462097e+01 
 1571.660  6362.699   2.081281281e+01 
 1571.670  6362.659   2.081090736e+01 
 1571.680  6362.618   2.080891037e+01 
 1571.690  6362.578   2.080685234e+01 
 1571.700  6362.538   2.080468941e+01 
 1571.710  6362.497   2.080245209e+01 
 1571.720  6362.457   2.080014610e+01 
 1571.730  6362.416   2.079777908e+01 
 1571.740  6362.375   2.079535294e+01 
 1571.750  6362.335   2.079287529e+01 
 1571.760  6362.294   2.079035187e+01 
 1571.770  6362.254   2.078778648e+01 
 1571.780  6362.213   2.078518867e+01 
 1571.790  6362.173   2.078255844e+01 
 1571.800  6362.132   2.077990341e+01 
 1571.810  6362.092   2.077722740e+01 
 1571.820  6362.052   2.077456665e+01 
 1571.830  6362.011   2.077185822e+01 
 1571.840  6361.971   2.076914406e+01 
 1571.850  6361.930   2.076642609e+01 
 1571.860  6361.890   2.076370621e+01 
 1571.870  6361.849   2.076098633e+01 
 1571.880  6361.809   2.075827217e+01 
 1571.890  6361.768   2.075556183e+01 
 1571.900  6361.728   2.075285912e+01 
 1571.910  6361.687   2.075016403e+01 
 1571.920  6361.647   2.074747849e+01 
 1571.930  6361.606   2.074480057e+01 
 1571.940  6361.566   2.074216270e+01 
 1571.950  6361.526   2.073950005e+01 
 1571.960  6361.485   2.073684502e+01 
 1571.970  6361.445   2.073419380e+01 
 1571.980  6361.404   2.073154640e+01 
 1571.990  6361.364   2.072889709e+01 
 1572.000  6361.323   2.072624588e+01 
 1572.010  6361.283   2.072358894e+01 
 1572.020  6361.242   2.072092056e+01 
 1572.030  6361.202   2.071823502e+01 
 1572.040  6361.161   2.071553230e+01 
 1572.050  6361.121   2.071280479e+01 
 1572.060  6361.080   2.071004677e+01 
 1572.070  6361.040   2.070728874e+01 
 1572.080  6361.000   2.070445442e+01 
 1572.090  6360.959   2.070157433e+01 
 1572.100  6360.919   2.069863892e+01 
 1572.110  6360.878   2.069564247e+01 
 1572.120  6360.838   2.069258118e+01 
 1572.130  6360.797   2.068944550e+01 
 1572.140  6360.757   2.068622971e+01 
 1572.150  6360.716   2.068292618e+01 
 1572.160  6360.676   2.067952919e+01 
 1572.170  6360.635   2.067603111e+01 
 1572.180  6360.595   2.067242622e+01 
 1572.190  6360.555   2.066875648e+01 
 1572.200  6360.514   2.066492462e+01 
 1572.210  6360.474   2.066097260e+01 
 1572.220  6360.433   2.065689087e+01 
 1572.230  6360.393   2.065267754e+01 
 1572.240  6360.352   2.064832878e+01 
 1572.250  6360.312   2.064383888e+01 
 1572.260  6360.271   2.063920784e+01 
 1572.270  6360.231   2.063443184e+01 
 1572.280  6360.190   2.062950706e+01 
 1572.290  6360.150   2.062443733e+01 
 1572.300  6360.109   2.061921883e+01 
 1572.310  6360.069   2.061385345e+01 
 1572.320  6360.029   2.060841179e+01 
 1572.330  6359.988   2.060276222e+01 
 1572.340  6359.948   2.059697151e+01 
 1572.350  6359.907   2.059104538e+01 
 1572.360  6359.867   2.058498764e+01 
 1572.370  6359.826   2.057880783e+01 
 1572.380  6359.786   2.057250977e+01 
 1572.390  6359.745   2.056610298e+01 
 1572.400  6359.705   2.055959511e+01 
 1572.410  6359.664   2.055299568e+01 
 1572.420  6359.624   2.054631615e+01 
 1572.430  6359.583   2.053956795e+01 
 1572.440  6359.543   2.053284645e+01 
 1572.450  6359.503   2.052599907e+01 
 1572.460  6359.462   2.051912308e+01 
 1572.470  6359.422   2.051223373e+01 
 1572.480  6359.381   2.050534439e+01 
 1572.490  6359.341   2.049847412e+01 
 1572.500  6359.300   2.049163818e+01 
 1572.510  6359.260   2.048485184e+01 
 1572.520  6359.220   2.047813606e+01 
 1572.530  6359.179   2.047150993e+01 
 1572.540  6359.139   2.046498871e+01 
 1572.550  6359.098   2.045859528e+01 
 1572.560  6359.058   2.045234680e+01 
 1572.570  6359.018   2.044633675e+01 
 1572.580  6358.977   2.044043541e+01 
 1572.590  6358.937   2.043473816e+01 
 1572.600  6358.896   2.042926216e+01 
 1572.610  6358.856   2.042403030e+01 
 1572.620  6358.815   2.041906166e+01 
 1572.630  6358.775   2.041437149e+01 
 1572.640  6358.734   2.040997696e+01 
 1572.650  6358.694   2.040589714e+01 
 1572.660  6358.653   2.040215111e+01 
 1572.670  6358.613   2.039875412e+01 
 1572.680  6358.572   2.039572334e+01 
 1572.690  6358.532   2.039310265e+01 
 1572.700  6358.492   2.039083862e+01 
 1572.710  6358.451   2.038898277e+01 
 1572.720  6358.411   2.038754654e+01 
 1572.730  6358.371   2.038654137e+01 
 1572.740  6358.330   2.038597679e+01 
 1572.750  6358.290   2.038586235e+01 
 1572.760  6358.249   2.038620377e+01 
 1572.770  6358.209   2.038701248e+01 
 1572.780  6358.168   2.038829041e+01 
 1572.790  6358.128   2.039004326e+01 
 1572.800  6358.087   2.039227295e+01 
 1572.810  6358.047   2.039498329e+01 
 1572.820  6358.007   2.039813232e+01 
 1572.830  6357.966   2.040179634e+01 
 1572.840  6357.926   2.040593910e+01 
 1572.850  6357.885   2.041055679e+01 
 1572.860  6357.845   2.041564751e+01 
 1572.870  6357.805   2.042120361e+01 
 1572.880  6357.764   2.042722130e+01 
 1572.890  6357.724   2.043369293e+01 
 1572.900  6357.683   2.044060898e+01 
 1572.910  6357.643   2.044796562e+01 
 1572.920  6357.602   2.045574760e+01 
 1572.930  6357.562   2.046394348e+01 
 1572.940  6357.522   2.047243690e+01 
 1572.950  6357.481   2.048142433e+01 
 1572.960  6357.441   2.049079132e+01 
 1572.970  6357.400   2.050052643e+01 
 1572.980  6357.360   2.051061440e+01 
 1572.990  6357.320   2.052104378e+01 
 1573.000  6357.279   2.053179741e+01 
 1573.010  6357.239   2.054286385e+01 
 1573.020  6357.198   2.055422401e+01 
 1573.030  6357.158   2.056586838e+01 
 1573.040  6357.117   2.057777977e+01 
 1573.050  6357.077   2.058994293e+01 
 1573.060  6357.036   2.060234451e+01 
 1573.070  6356.996   2.061481667e+01 
 1573.080  6356.956   2.062764931e+01 
 1573.090  6356.916   2.064068031e+01 
 1573.100  6356.875   2.065389252e+01 
 1573.110  6356.835   2.066727638e+01 
 1573.120  6356.794   2.068081856e+01 
 1573.130  6356.754   2.069450569e+01 
 1573.140  6356.713   2.070832825e+01 
 1573.150  6356.673   2.072227478e+01 
 1573.160  6356.632   2.073633575e+01 
 1573.170  6356.592   2.075050354e+01 
 1573.180  6356.551   2.076476479e+01 
 1573.190  6356.512   2.077894020e+01 
 1573.200  6356.471   2.079337311e+01 
 1573.210  6356.431   2.080788040e+01 
 1573.220  6356.390   2.082245636e+01 
 1573.230  6356.350   2.083709335e+01 
 1573.240  6356.309   2.085178947e+01 
 1573.250  6356.269   2.086653900e+01 
 1573.260  6356.228   2.088134193e+01 
 1573.270  6356.188   2.089619446e+01 
 1573.280  6356.148   2.091109276e+01 
 1573.290  6356.107   2.092604065e+01 
 1573.300  6356.067   2.094103241e+01 
 1573.310  6356.026   2.095607376e+01 
 1573.320  6355.986   2.097097588e+01 
 1573.330  6355.946   2.098610878e+01 
 1573.340  6355.905   2.100129318e+01 
 1573.350  6355.865   2.101652718e+01 
 1573.360  6355.825   2.103181458e+01 
 1573.370  6355.784   2.104715919e+01 
 1573.380  6355.744   2.106256294e+01 
 1573.390  6355.703   2.107802963e+01 
 1573.400  6355.663   2.109356117e+01 
 1573.410  6355.622   2.110916328e+01 
 1573.420  6355.582   2.112483788e+01 
 1573.430  6355.541   2.114059067e+01 
 1573.440  6355.502   2.115623093e+01 
 1573.450  6355.461   2.117214775e+01 
 1573.460  6355.421   2.118815422e+01 
 1573.470  6355.380   2.120425224e+01 
 1573.480  6355.340   2.122044945e+01 
 1573.490  6355.299   2.123674583e+01 
 1573.500  6355.259   2.125314713e+01 
 1573.510  6355.219   2.126965523e+01 
 1573.520  6355.178   2.128627586e+01 
 1573.530  6355.138   2.130301094e+01 
 1573.540  6355.097   2.131986046e+01 
 1573.550  6355.057   2.133682823e+01 
 1573.560  6355.016   2.135391617e+01 
 1573.570  6354.976   2.137091637e+01 
 1573.580  6354.936   2.138825035e+01 
 1573.590  6354.896   2.140571022e+01 
 1573.600  6354.855   2.142329788e+01 
 1573.610  6354.815   2.144101334e+01 
 1573.620  6354.774   2.145885849e+01 
 1573.630  6354.734   2.147683144e+01 
 1573.640  6354.694   2.149493217e+01 
 1573.650  6354.653   2.151316261e+01 
 1573.660  6354.613   2.153151703e+01 
 1573.670  6354.572   2.154999924e+01 
 1573.680  6354.532   2.156860352e+01 
 1573.690  6354.492   2.158710289e+01 
 1573.700  6354.451   2.160594749e+01 
 1573.710  6354.411   2.162491035e+01 
 1573.720  6354.371   2.164398575e+01 
 1573.730  6354.330   2.166317368e+01 
 1573.740  6354.290   2.168247032e+01 
 1573.750  6354.249   2.170186996e+01 
 1573.760  6354.209   2.172137070e+01 
 1573.770  6354.169   2.174096870e+01 
 1573.780  6354.128   2.176065636e+01 
 1573.790  6354.088   2.178043175e+01 
 1573.800  6354.047   2.180029106e+01 
 1573.810  6354.007   2.182022667e+01 
 1573.820  6353.967   2.183999252e+01 
 1573.830  6353.927   2.186006927e+01 
 1573.840  6353.886   2.188020897e+01 
 1573.850  6353.846   2.190040588e+01 
 1573.860  6353.805   2.192064857e+01 
 1573.870  6353.765   2.194093704e+01 
 1573.880  6353.725   2.196126366e+01 
 1573.890  6353.684   2.198162270e+01 
 1573.900  6353.644   2.200201035e+01 
 1573.910  6353.603   2.202241707e+01 
 1573.920  6353.563   2.204283905e+01 
 1573.930  6353.522   2.206327057e+01 
 1573.940  6353.483   2.208345604e+01 
 1573.950  6353.442   2.210388756e+01 
 1573.960  6353.402   2.212430954e+01 
 1573.970  6353.361   2.214471817e+01 
 1573.980  6353.321   2.216510391e+01 
 1573.990  6353.281   2.218546295e+01 
