 1571.020  6365.291   2.518767357e+01 
 1571.030  6365.251   2.519419670e+01 
 1571.040  6365.210   2.520071030e+01 
 1571.050  6365.170   2.520720863e+01 
 1571.060  6365.129   2.521368408e+01 
 1571.070  6365.089   2.522005463e+01 
 1571.080  6365.048   2.522647095e+01 
 1571.090  6365.008   2.523284912e+01 
 1571.100  6364.967   2.523918152e+01 
 1571.110  6364.927   2.524546242e+01 
 1571.120  6364.886   2.525168610e+01 
 1571.130  6364.846   2.525784683e+01 
 1571.140  6364.805   2.526393700e+01 
 1571.150  6364.765   2.526995087e+01 
 1571.160  6364.724   2.527587891e+01 
 1571.170  6364.683   2.528172302e+01 
 1571.180  6364.643   2.528747559e+01 
 1571.190  6364.603   2.529306221e+01 
 1571.200  6364.562   2.529861259e+01 
 1571.210  6364.522   2.530405426e+01 
 1571.220  6364.481   2.530937958e+01 
 1571.230  6364.441   2.531458282e+01 
 1571.240  6364.400   2.531965828e+01 
 1571.250  6364.360   2.532460022e+01 
 1571.260  6364.319   2.532940292e+01 
 1571.270  6364.278   2.533406258e+01 
 1571.280  6364.238   2.533857155e+01 
 1571.290  6364.197   2.534292793e+01 
 1571.300  6364.157   2.534712410e+01 
 1571.310  6364.116   2.535115814e+01 
 1571.320  6364.076   2.535498047e+01 
 1571.330  6364.036   2.535868073e+01 
 1571.340  6363.995   2.536220551e+01 
 1571.350  6363.955   2.536555099e+01 
 1571.360  6363.914   2.536871529e+01 
 1571.370  6363.874   2.537169266e+01 
 1571.380  6363.833   2.537448311e+01 
 1571.390  6363.793   2.537708282e+01 
 1571.400  6363.752   2.537948990e+01 
 1571.410  6363.711   2.538170242e+01 
 1571.420  6363.671   2.538371849e+01 
 1571.430  6363.630   2.538553619e+01 
 1571.440  6363.590   2.538713837e+01 
 1571.450  6363.550   2.538856125e+01 
 1571.460  6363.509   2.538978767e+01 
 1571.470  6363.469   2.539081383e+01 
 1571.480  6363.428   2.539163971e+01 
 1571.490  6363.388   2.539226723e+01 
 1571.500  6363.347   2.539269829e+01 
 1571.510  6363.307   2.539293671e+01 
 1571.520  6363.266   2.539298630e+01 
 1571.530  6363.226   2.539284515e+01 
 1571.540  6363.185   2.539251900e+01 
 1571.550  6363.144   2.539201164e+01 
 1571.560  6363.104   2.539132309e+01 
 1571.570  6363.064   2.539047050e+01 
 1571.580  6363.023   2.538943863e+01 
 1571.590  6362.983   2.538824081e+01 
 1571.600  6362.942   2.538688087e+01 
 1571.610  6362.902   2.538536644e+01 
 1571.620  6362.861   2.538370132e+01 
 1571.630  6362.821   2.538189125e+01 
 1571.640  6362.780   2.537994385e+01 
 1571.650  6362.740   2.537786484e+01 
 1571.660  6362.699   2.537565994e+01 
 1571.670  6362.659   2.537333679e+01 
 1571.680  6362.618   2.537090111e+01 
 1571.690  6362.578   2.536839294e+01 
 1571.700  6362.538   2.536575508e+01 
 1571.710  6362.497   2.536302757e+01 
 1571.720  6362.457   2.536021614e+01 
 1571.730  6362.416   2.535732841e+01 
 1571.740  6362.375   2.535437012e+01 
 1571.750  6362.335   2.535134888e+01 
 1571.760  6362.294   2.534827042e+01 
 1571.770  6362.254   2.534514427e+01 
 1571.780  6362.213   2.534197617e+01 
 1571.790  6362.173   2.533876801e+01 
 1571.800  6362.132   2.533553123e+01 
 1571.810  6362.092   2.533226776e+01 
 1571.820  6362.052   2.532902336e+01 
 1571.830  6362.011   2.532572365e+01 
 1571.840  6361.971   2.532241249e+01 
 1571.850  6361.930   2.531909752e+01 
 1571.860  6361.890   2.531578064e+01 
 1571.870  6361.849   2.531246758e+01 
 1571.880  6361.809   2.530915642e+01 
 1571.890  6361.768   2.530585289e+01 
 1571.900  6361.728   2.530255699e+01 
 1571.910  6361.687   2.529927063e+01 
 1571.920  6361.647   2.529599571e+01 
 1571.930  6361.606   2.529273033e+01 
 1571.940  6361.566   2.528951645e+01 
 1571.950  6361.526   2.528627014e+01 
 1571.960  6361.485   2.528303337e+01 
 1571.970  6361.445   2.527980042e+01 
 1571.980  6361.404   2.527657318e+01 
 1571.990  6361.364   2.527334404e+01 
 1572.000  6361.323   2.527011299e+01 
 1572.010  6361.283   2.526687241e+01 
 1572.020  6361.242   2.526361847e+01 
 1572.030  6361.202   2.526034737e+01 
 1572.040  6361.161   2.525705338e+01 
 1572.050  6361.121   2.525372696e+01 
 1572.060  6361.080   2.525036621e+01 
 1572.070  6361.040   2.524700356e+01 
 1572.080  6361.000   2.524355125e+01 
 1572.090  6360.959   2.524003792e+01 
 1572.100  6360.919   2.523646164e+01 
 1572.110  6360.878   2.523281097e+01 
 1572.120  6360.838   2.522907829e+01 
 1572.130  6360.797   2.522525597e+01 
 1572.140  6360.757   2.522133636e+01 
 1572.150  6360.716   2.521731186e+01 
 1572.160  6360.676   2.521317101e+01 
 1572.170  6360.635   2.520890808e+01 
 1572.180  6360.595   2.520451546e+01 
 1572.190  6360.555   2.520004272e+01 
 1572.200  6360.514   2.519537354e+01 
 1572.210  6360.474   2.519055557e+01 
 1572.220  6360.433   2.518558121e+01 
 1572.230  6360.393   2.518044662e+01 
 1572.240  6360.352   2.517514610e+01 
 1572.250  6360.312   2.516967583e+01 
 1572.260  6360.271   2.516403198e+01 
 1572.270  6360.231   2.515821075e+01 
 1572.280  6360.190   2.515221024e+01 
 1572.290  6360.150   2.514603043e+01 
 1572.300  6360.109   2.513967133e+01 
 1572.310  6360.069   2.513313293e+01 
 1572.320  6360.029   2.512650108e+01 
 1572.330  6359.988   2.511961555e+01 
 1572.340  6359.948   2.511255836e+01 
 1572.350  6359.907   2.510533714e+01 
 1572.360  6359.867   2.509795570e+01 
 1572.370  6359.826   2.509042358e+01 
 1572.380  6359.786   2.508274841e+01 
 1572.390  6359.745   2.507493973e+01 
 1572.400  6359.705   2.506700706e+01 
 1572.410  6359.664   2.505896568e+01 
 1572.420  6359.624   2.505082703e+01 
 1572.430  6359.583   2.504260254e+01 
 1572.440  6359.543   2.503441238e+01 
 1572.450  6359.503   2.502606773e+01 
 1572.460  6359.462   2.501768875e+01 
 1572.470  6359.422   2.500929260e+01 
 1572.480  6359.381   2.500089836e+01 
 1572.490  6359.341   2.499252510e+01 
 1572.500  6359.300   2.498419380e+01 
 1572.510  6359.260   2.497592545e+01 
 1572.520  6359.220   2.496774292e+01 
 1572.530  6359.179   2.495966721e+01 
 1572.540  6359.139   2.495172310e+01 
 1572.550  6359.098   2.494393158e+01 
 1572.560  6359.058   2.493631744e+01 
 1572.570  6359.018   2.492899513e+01 
 1572.580  6358.977   2.492180634e+01 
 1572.590  6358.937   2.491486359e+01 
 1572.600  6358.896   2.490819359e+01 
 1572.610  6358.856   2.490182114e+01 
 1572.620  6358.815   2.489576912e+01 
 1572.630  6358.775   2.489005470e+01 
 1572.640  6358.734   2.488470268e+01 
 1572.650  6358.694   2.487973595e+01 
 1572.660  6358.653   2.487517357e+01 
 1572.670  6358.613   2.487103844e+01 
 1572.680  6358.572   2.486734772e+01 
 1572.690  6358.532   2.486415863e+01 
 1572.700  6358.492   2.486140442e+01 
 1572.710  6358.451   2.485914993e+01 
 1572.720  6358.411   2.485740471e+01 
 1572.730  6358.371   2.485618401e+01 
 1572.740  6358.330   2.485550308e+01 
 1572.750  6358.290   2.485536957e+01 
 1572.760  6358.249   2.485579491e+01 
 1572.770  6358.209   2.485678673e+01 
 1572.780  6358.168   2.485835266e+01 
 1572.790  6358.128   2.486049652e+01 
 1572.800  6358.087   2.486322212e+01 
 1572.810  6358.047   2.486653328e+01 
 1572.820  6358.007   2.487038040e+01 
 1572.830  6357.966   2.487485504e+01 
 1572.840  6357.926   2.487991333e+01 
 1572.850  6357.885   2.488555145e+01 
 1572.860  6357.845   2.489176559e+01 
 1572.870  6357.805   2.489854813e+01 
 1572.880  6357.764   2.490589333e+01 
 1572.890  6357.724   2.491379166e+01 
 1572.900  6357.683   2.492223358e+01 
 1572.910  6357.643   2.493120956e+01 
 1572.920  6357.602   2.494070625e+01 
 1572.930  6357.562   2.495070839e+01 
 1572.940  6357.522   2.496107292e+01 
 1572.950  6357.481   2.497204018e+01 
 1572.960  6357.441   2.498346901e+01 
 1572.970  6357.400   2.499534798e+01 
 1572.980  6357.360   2.500765800e+01 
 1572.990  6357.320   2.502038193e+01 
 1573.000  6357.279   2.503350258e+01 
 1573.010  6357.239   2.504700470e+01 
 1573.020  6357.198   2.506086540e+01 
 1573.030  6357.158   2.507507324e+01 
 1573.040  6357.117   2.508960533e+01 
 1573.050  6357.077   2.510444641e+01 
 1573.060  6357.036   2.511957741e+01 
 1573.070  6356.996   2.513479424e+01 
 1573.080  6356.956   2.515045166e+01 
 1573.090  6356.916   2.516634750e+01 
 1573.100  6356.875   2.518246841e+01 
 1573.110  6356.835   2.519879723e+01 
 1573.120  6356.794   2.521532059e+01 
 1573.130  6356.754   2.523201942e+01 
 1573.140  6356.713   2.524888420e+01 
 1573.150  6356.673   2.526590157e+01 
 1573.160  6356.632   2.528305817e+01 
 1573.170  6356.592   2.530034256e+01 
 1573.180  6356.551   2.531774521e+01 
 1573.190  6356.512   2.533504105e+01 
 1573.200  6356.471   2.535264778e+01 
 1573.210  6356.431   2.537034988e+01 
 1573.220  6356.390   2.538813591e+01 
 1573.230  6356.350   2.540599632e+01 
 1573.240  6356.309   2.542392731e+01 
 1573.250  6356.269   2.544192505e+01 
 1573.260  6356.228   2.545998764e+01 
 1573.270  6356.188   2.547810936e+01 
 1573.280  6356.148   2.549629211e+01 
 1573.290  6356.107   2.551453018e+01 
 1573.300  6356.067   2.553282547e+01 
 1573.310  6356.026   2.555117798e+01 
 1573.320  6355.986   2.556936455e+01 
 1573.330  6355.946   2.558783150e+01 
 1573.340  6355.905   2.560636139e+01 
 1573.350  6355.865   2.562495232e+01 
 1573.360  6355.825   2.564361000e+01 
 1573.370  6355.784   2.566233635e+01 
 1573.380  6355.744   2.568113518e+01 
 1573.390  6355.703   2.570001030e+01 
 1573.400  6355.663   2.571896744e+01 
 1573.410  6355.622   2.573800850e+01 
 1573.420  6355.582   2.575713921e+01 
 1573.430  6355.541   2.577636528e+01 
 1573.440  6355.502   2.579545403e+01 
 1573.450  6355.461   2.581488037e+01 
 1573.460  6355.421   2.583441544e+01 
 1573.470  6355.380   2.585406494e+01 
 1573.480  6355.340   2.587383270e+01 
 1573.490  6355.299   2.589372444e+01 
 1573.500  6355.259   2.591374397e+01 
 1573.510  6355.219   2.593389320e+01 
 1573.520  6355.178   2.595417976e+01 
 1573.530  6355.138   2.597460747e+01 
 1573.540  6355.097   2.599517441e+01 
 1573.550  6355.057   2.601588631e+01 
 1573.560  6355.016   2.603674507e+01 
 1573.570  6354.976   2.605749702e+01 
 1573.580  6354.936   2.607865524e+01 
 1573.590  6354.896   2.609996796e+01 
 1573.600  6354.855   2.612143707e+01 
 1573.610  6354.815   2.614306259e+01 
 1573.620  6354.774   2.616484642e+01 
 1573.630  6354.734   2.618678665e+01 
 1573.640  6354.694   2.620888329e+01 
 1573.650  6354.653   2.623113632e+01 
 1573.660  6354.613   2.625354385e+01 
 1573.670  6354.572   2.627610397e+01 
 1573.680  6354.532   2.629881668e+01 
 1573.690  6354.492   2.632139778e+01 
 1573.700  6354.451   2.634440231e+01 
 1573.710  6354.411   2.636755180e+01 
 1573.720  6354.371   2.639083862e+01 
 1573.730  6354.330   2.641426277e+01 
 1573.740  6354.290   2.643781853e+01 
 1573.750  6354.249   2.646150208e+01 
 1573.760  6354.209   2.648530769e+01 
 1573.770  6354.169   2.650922966e+01 
 1573.780  6354.128   2.653326607e+01 
 1573.790  6354.088   2.655740738e+01 
 1573.800  6354.047   2.658164978e+01 
 1573.810  6354.007   2.660598755e+01 
 1573.820  6353.967   2.663011742e+01 
 1573.830  6353.927   2.665462685e+01 
 1573.840  6353.886   2.667921257e+01 
 1573.850  6353.846   2.670386887e+01 
 1573.860  6353.805   2.672858238e+01 
 1573.870  6353.765   2.675334930e+01 
 1573.880  6353.725   2.677816391e+01 
 1573.890  6353.684   2.680301857e+01 
 1573.900  6353.644   2.682790565e+01 
 1573.910  6353.603   2.685281944e+01 
 1573.920  6353.563   2.687775040e+01 
 1573.930  6353.522   2.690269279e+01 
 1573.940  6353.483   2.692733383e+01 
 1573.950  6353.442   2.695227814e+01 
 1573.960  6353.402   2.697720909e+01 
 1573.970  6353.361   2.700212288e+01 
 1573.980  6353.321   2.702700996e+01 
 1573.990  6353.281   2.705186462e+01 
