 1571.020  6365.291   2.296203613e+01 
 1571.030  6365.251   2.296798134e+01 
 1571.040  6365.210   2.297391701e+01 
 1571.050  6365.170   2.297983742e+01 
 1571.060  6365.129   2.298573875e+01 
 1571.070  6365.089   2.299154472e+01 
 1571.080  6365.048   2.299739075e+01 
 1571.090  6365.008   2.300320244e+01 
 1571.100  6364.967   2.300897408e+01 
 1571.110  6364.927   2.301469803e+01 
 1571.120  6364.886   2.302036858e+01 
 1571.130  6364.846   2.302598381e+01 
 1571.140  6364.805   2.303153229e+01 
 1571.150  6364.765   2.303701210e+01 
 1571.160  6364.724   2.304241562e+01 
 1571.170  6364.683   2.304774094e+01 
 1571.180  6364.643   2.305298233e+01 
 1571.190  6364.603   2.305807304e+01 
 1571.200  6364.562   2.306313133e+01 
 1571.210  6364.522   2.306809044e+01 
 1571.220  6364.481   2.307294273e+01 
 1571.230  6364.441   2.307768440e+01 
 1571.240  6364.400   2.308230972e+01 
 1571.250  6364.360   2.308681297e+01 
 1571.260  6364.319   2.309119034e+01 
 1571.270  6364.278   2.309543610e+01 
 1571.280  6364.238   2.309954453e+01 
 1571.290  6364.197   2.310351372e+01 
 1571.300  6364.157   2.310733795e+01 
 1571.310  6364.116   2.311101532e+01 
 1571.320  6364.076   2.311449814e+01 
 1571.330  6364.036   2.311787033e+01 
 1571.340  6363.995   2.312108231e+01 
 1571.350  6363.955   2.312413025e+01 
 1571.360  6363.914   2.312701225e+01 
 1571.370  6363.874   2.312972641e+01 
 1571.380  6363.833   2.313226891e+01 
 1571.390  6363.793   2.313463783e+01 
 1571.400  6363.752   2.313683128e+01 
 1571.410  6363.711   2.313884735e+01 
 1571.420  6363.671   2.314068413e+01 
 1571.430  6363.630   2.314234161e+01 
 1571.440  6363.590   2.314380074e+01 
 1571.450  6363.550   2.314509773e+01 
 1571.460  6363.509   2.314621544e+01 
 1571.470  6363.469   2.314715004e+01 
 1571.480  6363.428   2.314790154e+01 
 1571.490  6363.388   2.314847374e+01 
 1571.500  6363.347   2.314886665e+01 
 1571.510  6363.307   2.314908409e+01 
 1571.520  6363.266   2.314912796e+01 
 1571.530  6363.226   2.314900017e+01 
 1571.540  6363.185   2.314870262e+01 
 1571.550  6363.144   2.314823914e+01 
 1571.560  6363.104   2.314761162e+01 
 1571.570  6363.064   2.314683342e+01 
 1571.580  6363.023   2.314589310e+01 
 1571.590  6362.983   2.314480019e+01 
 1571.600  6362.942   2.314356232e+01 
 1571.610  6362.902   2.314218140e+01 
 1571.620  6362.861   2.314066315e+01 
 1571.630  6362.821   2.313901329e+01 
 1571.640  6362.780   2.313723755e+01 
 1571.650  6362.740   2.313534355e+01 
 1571.660  6362.699   2.313333321e+01 
 1571.670  6362.659   2.313121414e+01 
 1571.680  6362.618   2.312899399e+01 
 1571.690  6362.578   2.312670708e+01 
 1571.700  6362.538   2.312430382e+01 
 1571.710  6362.497   2.312181664e+01 
 1571.720  6362.457   2.311925316e+01 
 1571.730  6362.416   2.311662102e+01 
 1571.740  6362.375   2.311392403e+01 
 1571.750  6362.335   2.311116982e+01 
 1571.760  6362.294   2.310836411e+01 
 1571.770  6362.254   2.310551453e+01 
 1571.780  6362.213   2.310262680e+01 
 1571.790  6362.173   2.309970284e+01 
 1571.800  6362.132   2.309675026e+01 
 1571.810  6362.092   2.309377670e+01 
 1571.820  6362.052   2.309081841e+01 
 1571.830  6362.011   2.308781052e+01 
 1571.840  6361.971   2.308479118e+01 
 1571.850  6361.930   2.308176994e+01 
 1571.860  6361.890   2.307874680e+01 
 1571.870  6361.849   2.307572556e+01 
 1571.880  6361.809   2.307270813e+01 
 1571.890  6361.768   2.306969643e+01 
 1571.900  6361.728   2.306669235e+01 
 1571.910  6361.687   2.306369591e+01 
 1571.920  6361.647   2.306071091e+01 
 1571.930  6361.606   2.305773354e+01 
 1571.940  6361.566   2.305480385e+01 
 1571.950  6361.526   2.305184364e+01 
 1571.960  6361.485   2.304889297e+01 
 1571.970  6361.445   2.304594612e+01 
 1571.980  6361.404   2.304300308e+01 
 1571.990  6361.364   2.304006004e+01 
 1572.000  6361.323   2.303711319e+01 
 1572.010  6361.283   2.303415871e+01 
 1572.020  6361.242   2.303119278e+01 
 1572.030  6361.202   2.302820969e+01 
 1572.040  6361.161   2.302520561e+01 
 1572.050  6361.121   2.302217484e+01 
 1572.060  6361.080   2.301910973e+01 
 1572.070  6361.040   2.301604462e+01 
 1572.080  6361.000   2.301289558e+01 
 1572.090  6360.959   2.300969315e+01 
 1572.100  6360.919   2.300643158e+01 
 1572.110  6360.878   2.300310326e+01 
 1572.120  6360.838   2.299969864e+01 
 1572.130  6360.797   2.299621391e+01 
 1572.140  6360.757   2.299264145e+01 
 1572.150  6360.716   2.298896980e+01 
 1572.160  6360.676   2.298519516e+01 
 1572.170  6360.635   2.298130989e+01 
 1572.180  6360.595   2.297730255e+01 
 1572.190  6360.555   2.297322464e+01 
 1572.200  6360.514   2.296896744e+01 
 1572.210  6360.474   2.296457481e+01 
 1572.220  6360.433   2.296003914e+01 
 1572.230  6360.393   2.295535660e+01 
 1572.240  6360.352   2.295052338e+01 
 1572.250  6360.312   2.294553566e+01 
 1572.260  6360.271   2.294038773e+01 
 1572.270  6360.231   2.293508148e+01 
 1572.280  6360.190   2.292960930e+01 
 1572.290  6360.150   2.292397499e+01 
 1572.300  6360.109   2.291817665e+01 
 1572.310  6360.069   2.291221428e+01 
 1572.320  6360.029   2.290616798e+01 
 1572.330  6359.988   2.289988899e+01 
 1572.340  6359.948   2.289345360e+01 
 1572.350  6359.907   2.288686943e+01 
 1572.360  6359.867   2.288013840e+01 
 1572.370  6359.826   2.287327003e+01 
 1572.380  6359.786   2.286627197e+01 
 1572.390  6359.745   2.285915184e+01 
 1572.400  6359.705   2.285191917e+01 
 1572.410  6359.664   2.284458733e+01 
 1572.420  6359.624   2.283716393e+01 
 1572.430  6359.583   2.282966614e+01 
 1572.440  6359.543   2.282219696e+01 
 1572.450  6359.503   2.281458855e+01 
 1572.460  6359.462   2.280694771e+01 
 1572.470  6359.422   2.279929161e+01 
 1572.480  6359.381   2.279163742e+01 
 1572.490  6359.341   2.278400421e+01 
 1572.500  6359.300   2.277640533e+01 
 1572.510  6359.260   2.276886559e+01 
 1572.520  6359.220   2.276140404e+01 
 1572.530  6359.179   2.275403976e+01 
 1572.540  6359.139   2.274679565e+01 
 1572.550  6359.098   2.273969078e+01 
 1572.560  6359.058   2.273274803e+01 
 1572.570  6359.018   2.272607040e+01 
 1572.580  6358.977   2.271951294e+01 
 1572.590  6358.937   2.271318245e+01 
 1572.600  6358.896   2.270709991e+01 
 1572.610  6358.856   2.270128822e+01 
 1572.620  6358.815   2.269576836e+01 
 1572.630  6358.775   2.269055748e+01 
 1572.640  6358.734   2.268567467e+01 
 1572.650  6358.694   2.268114471e+01 
 1572.660  6358.653   2.267698288e+01 
 1572.670  6358.613   2.267321014e+01 
 1572.680  6358.572   2.266984367e+01 
 1572.690  6358.532   2.266693306e+01 
 1572.700  6358.492   2.266442108e+01 
 1572.710  6358.451   2.266236115e+01 
 1572.720  6358.411   2.266076851e+01 
 1572.730  6358.371   2.265965271e+01 
 1572.740  6358.330   2.265902901e+01 
 1572.750  6358.290   2.265890503e+01 
 1572.760  6358.249   2.265928841e+01 
 1572.770  6358.209   2.266019058e+01 
 1572.780  6358.168   2.266161346e+01 
 1572.790  6358.128   2.266356468e+01 
 1572.800  6358.087   2.266604805e+01 
 1572.810  6358.047   2.266906357e+01 
 1572.820  6358.007   2.267256737e+01 
 1572.830  6357.966   2.267664337e+01 
 1572.840  6357.926   2.268125153e+01 
 1572.850  6357.885   2.268638802e+01 
 1572.860  6357.845   2.269204903e+01 
 1572.870  6357.805   2.269822884e+01 
 1572.880  6357.764   2.270492172e+01 
 1572.890  6357.724   2.271211815e+01 
 1572.900  6357.683   2.271981049e+01 
 1572.910  6357.643   2.272799110e+01 
 1572.920  6357.602   2.273664474e+01 
 1572.930  6357.562   2.274575806e+01 
 1572.940  6357.522   2.275520325e+01 
 1572.950  6357.481   2.276519585e+01 
 1572.960  6357.441   2.277561378e+01 
 1572.970  6357.400   2.278643799e+01 
 1572.980  6357.360   2.279765511e+01 
 1572.990  6357.320   2.280924988e+01 
 1573.000  6357.279   2.282120895e+01 
 1573.010  6357.239   2.283351135e+01 
 1573.020  6357.198   2.284614563e+01 
 1573.030  6357.158   2.285909271e+01 
 1573.040  6357.117   2.287233734e+01 
 1573.050  6357.077   2.288586044e+01 
 1573.060  6357.036   2.289965057e+01 
 1573.070  6356.996   2.291351700e+01 
 1573.080  6356.956   2.292778778e+01 
 1573.090  6356.916   2.294227409e+01 
 1573.100  6356.875   2.295696640e+01 
 1573.110  6356.835   2.297184753e+01 
 1573.120  6356.794   2.298690414e+01 
 1573.130  6356.754   2.300212288e+01 
 1573.140  6356.713   2.301749229e+01 
 1573.150  6356.673   2.303300095e+01 
 1573.160  6356.632   2.304863548e+01 
 1573.170  6356.592   2.306438828e+01 
 1573.180  6356.551   2.308024597e+01 
 1573.190  6356.512   2.309600830e+01 
 1573.200  6356.471   2.311205482e+01 
 1573.210  6356.431   2.312818527e+01 
 1573.220  6356.390   2.314439392e+01 
 1573.230  6356.350   2.316067123e+01 
 1573.240  6356.309   2.317701149e+01 
 1573.250  6356.269   2.319341278e+01 
 1573.260  6356.228   2.320987129e+01 
 1573.270  6356.188   2.322638702e+01 
 1573.280  6356.148   2.324295616e+01 
 1573.290  6356.107   2.325957489e+01 
 1573.300  6356.067   2.327624893e+01 
 1573.310  6356.026   2.329297256e+01 
 1573.320  6355.986   2.330954361e+01 
 1573.330  6355.946   2.332637215e+01 
 1573.340  6355.905   2.334325600e+01 
 1573.350  6355.865   2.336019707e+01 
 1573.360  6355.825   2.337719917e+01 
 1573.370  6355.784   2.339426231e+01 
 1573.380  6355.744   2.341139221e+01 
 1573.390  6355.703   2.342859077e+01 
 1573.400  6355.663   2.344586563e+01 
 1573.410  6355.622   2.346321487e+01 
 1573.420  6355.582   2.348064804e+01 
 1573.430  6355.541   2.349816513e+01 
 1573.440  6355.502   2.351555824e+01 
 1573.450  6355.461   2.353326035e+01 
 1573.460  6355.421   2.355106163e+01 
 1573.470  6355.380   2.356896400e+01 
 1573.480  6355.340   2.358697701e+01 
 1573.490  6355.299   2.360510063e+01 
 1573.500  6355.259   2.362334061e+01 
 1573.510  6355.219   2.364170074e+01 
 1573.520  6355.178   2.366018486e+01 
 1573.530  6355.138   2.367879677e+01 
 1573.540  6355.097   2.369753647e+01 
 1573.550  6355.057   2.371640587e+01 
 1573.560  6355.016   2.373541069e+01 
 1573.570  6354.976   2.375431824e+01 
 1573.580  6354.936   2.377359772e+01 
 1573.590  6354.896   2.379301643e+01 
 1573.600  6354.855   2.381257629e+01 
 1573.610  6354.815   2.383227921e+01 
 1573.620  6354.774   2.385212708e+01 
 1573.630  6354.734   2.387211609e+01 
 1573.640  6354.694   2.389224815e+01 
 1573.650  6354.653   2.391252327e+01 
 1573.660  6354.613   2.393293953e+01 
 1573.670  6354.572   2.395349312e+01 
 1573.680  6354.532   2.397418594e+01 
 1573.690  6354.492   2.399476051e+01 
 1573.700  6354.451   2.401572037e+01 
 1573.710  6354.411   2.403680992e+01 
 1573.720  6354.371   2.405802727e+01 
 1573.730  6354.330   2.407936859e+01 
 1573.740  6354.290   2.410083008e+01 
 1573.750  6354.249   2.412240791e+01 
 1573.760  6354.209   2.414409637e+01 
 1573.770  6354.169   2.416589165e+01 
 1573.780  6354.128   2.418778992e+01 
 1573.790  6354.088   2.420978546e+01 
 1573.800  6354.047   2.423187256e+01 
 1573.810  6354.007   2.425404739e+01 
 1573.820  6353.967   2.427602959e+01 
 1573.830  6353.927   2.429835892e+01 
 1573.840  6353.886   2.432076073e+01 
 1573.850  6353.846   2.434322357e+01 
 1573.860  6353.805   2.436573982e+01 
 1573.870  6353.765   2.438830376e+01 
 1573.880  6353.725   2.441091156e+01 
 1573.890  6353.684   2.443355751e+01 
 1573.900  6353.644   2.445623016e+01 
 1573.910  6353.603   2.447892952e+01 
 1573.920  6353.563   2.450164223e+01 
 1573.930  6353.522   2.452436829e+01 
 1573.940  6353.483   2.454681778e+01 
 1573.950  6353.442   2.456954384e+01 
 1573.960  6353.402   2.459225845e+01 
 1573.970  6353.361   2.461495590e+01 
 1573.980  6353.321   2.463763046e+01 
 1573.990  6353.281   2.466027451e+01 
