 1571.020  6365.291   2.276484108e+01 
 1571.030  6365.251   2.277073479e+01 
 1571.040  6365.210   2.277661896e+01 
 1571.050  6365.170   2.278248978e+01 
 1571.060  6365.129   2.278833961e+01 
 1571.070  6365.089   2.279409409e+01 
 1571.080  6365.048   2.279989052e+01 
 1571.090  6365.008   2.280565262e+01 
 1571.100  6364.967   2.281137276e+01 
 1571.110  6364.927   2.281704712e+01 
 1571.120  6364.886   2.282266998e+01 
 1571.130  6364.846   2.282823563e+01 
 1571.140  6364.805   2.283373833e+01 
 1571.150  6364.765   2.283917046e+01 
 1571.160  6364.724   2.284452629e+01 
 1571.170  6364.683   2.284980583e+01 
 1571.180  6364.643   2.285500336e+01 
 1571.190  6364.603   2.286004829e+01 
 1571.200  6364.562   2.286506462e+01 
 1571.210  6364.522   2.286997986e+01 
 1571.220  6364.481   2.287479019e+01 
 1571.230  6364.441   2.287949181e+01 
 1571.240  6364.400   2.288407707e+01 
 1571.250  6364.360   2.288854027e+01 
 1571.260  6364.319   2.289288139e+01 
 1571.270  6364.278   2.289709091e+01 
 1571.280  6364.238   2.290116310e+01 
 1571.290  6364.197   2.290509796e+01 
 1571.300  6364.157   2.290888977e+01 
 1571.310  6364.116   2.291253471e+01 
 1571.320  6364.076   2.291598892e+01 
 1571.330  6364.036   2.291933060e+01 
 1571.340  6363.995   2.292251396e+01 
 1571.350  6363.955   2.292553711e+01 
 1571.360  6363.914   2.292839432e+01 
 1571.370  6363.874   2.293108559e+01 
 1571.380  6363.833   2.293360519e+01 
 1571.390  6363.793   2.293595505e+01 
 1571.400  6363.752   2.293812943e+01 
 1571.410  6363.711   2.294012833e+01 
 1571.420  6363.671   2.294194794e+01 
 1571.430  6363.630   2.294359207e+01 
 1571.440  6363.590   2.294503784e+01 
 1571.450  6363.550   2.294632339e+01 
 1571.460  6363.509   2.294743156e+01 
 1571.470  6363.469   2.294835854e+01 
 1571.480  6363.428   2.294910431e+01 
 1571.490  6363.388   2.294967079e+01 
 1571.500  6363.347   2.295005989e+01 
 1571.510  6363.307   2.295027542e+01 
 1571.520  6363.266   2.295031929e+01 
 1571.530  6363.226   2.295019150e+01 
 1571.540  6363.185   2.294989777e+01 
 1571.550  6363.144   2.294943619e+01 
 1571.560  6363.104   2.294881439e+01 
 1571.570  6363.064   2.294804382e+01 
 1571.580  6363.023   2.294711113e+01 
 1571.590  6362.983   2.294602776e+01 
 1571.600  6362.942   2.294479942e+01 
 1571.610  6362.902   2.294343185e+01 
 1571.620  6362.861   2.294192696e+01 
 1571.630  6362.821   2.294029045e+01 
 1571.640  6362.780   2.293852997e+01 
 1571.650  6362.740   2.293665123e+01 
 1571.660  6362.699   2.293465996e+01 
 1571.670  6362.659   2.293255806e+01 
 1571.680  6362.618   2.293035698e+01 
 1571.690  6362.578   2.292808914e+01 
 1571.700  6362.538   2.292570686e+01 
 1571.710  6362.497   2.292324066e+01 
 1571.720  6362.457   2.292070007e+01 
 1571.730  6362.416   2.291809082e+01 
 1571.740  6362.375   2.291541672e+01 
 1571.750  6362.335   2.291268730e+01 
 1571.760  6362.294   2.290990639e+01 
 1571.770  6362.254   2.290707970e+01 
 1571.780  6362.213   2.290421677e+01 
 1571.790  6362.173   2.290131760e+01 
 1571.800  6362.132   2.289839172e+01 
 1571.810  6362.092   2.289544296e+01 
 1571.820  6362.052   2.289251137e+01 
 1571.830  6362.011   2.288952827e+01 
 1571.840  6361.971   2.288653564e+01 
 1571.850  6361.930   2.288353920e+01 
 1571.860  6361.890   2.288054276e+01 
 1571.870  6361.849   2.287754631e+01 
 1571.880  6361.809   2.287455559e+01 
 1571.890  6361.768   2.287156868e+01 
 1571.900  6361.728   2.286859131e+01 
 1571.910  6361.687   2.286562157e+01 
 1571.920  6361.647   2.286265945e+01 
 1571.930  6361.606   2.285970879e+01 
 1571.940  6361.566   2.285680389e+01 
 1571.950  6361.526   2.285387039e+01 
 1571.960  6361.485   2.285094452e+01 
 1571.970  6361.445   2.284802246e+01 
 1571.980  6361.404   2.284510422e+01 
 1571.990  6361.364   2.284218788e+01 
 1572.000  6361.323   2.283926582e+01 
 1572.010  6361.283   2.283633614e+01 
 1572.020  6361.242   2.283339691e+01 
 1572.030  6361.202   2.283043861e+01 
 1572.040  6361.161   2.282746124e+01 
 1572.050  6361.121   2.282445526e+01 
 1572.060  6361.080   2.282141685e+01 
 1572.070  6361.040   2.281837845e+01 
 1572.080  6361.000   2.281525612e+01 
 1572.090  6360.959   2.281208038e+01 
 1572.100  6360.919   2.280884743e+01 
 1572.110  6360.878   2.280554771e+01 
 1572.120  6360.838   2.280217361e+01 
 1572.130  6360.797   2.279871750e+01 
 1572.140  6360.757   2.279517555e+01 
 1572.150  6360.716   2.279153633e+01 
 1572.160  6360.676   2.278779411e+01 
 1572.170  6360.635   2.278393936e+01 
 1572.180  6360.595   2.277996826e+01 
 1572.190  6360.555   2.277592468e+01 
 1572.200  6360.514   2.277170372e+01 
 1572.210  6360.474   2.276734924e+01 
 1572.220  6360.433   2.276285172e+01 
 1572.230  6360.393   2.275821114e+01 
 1572.240  6360.352   2.275341797e+01 
 1572.250  6360.312   2.274847412e+01 
 1572.260  6360.271   2.274337006e+01 
 1572.270  6360.231   2.273810768e+01 
 1572.280  6360.190   2.273268318e+01 
 1572.290  6360.150   2.272709656e+01 
 1572.300  6360.109   2.272134781e+01 
 1572.310  6360.069   2.271543884e+01 
 1572.320  6360.029   2.270944214e+01 
 1572.330  6359.988   2.270321655e+01 
 1572.340  6359.948   2.269683838e+01 
 1572.350  6359.907   2.269030952e+01 
 1572.360  6359.867   2.268363762e+01 
 1572.370  6359.826   2.267682648e+01 
 1572.380  6359.786   2.266988945e+01 
 1572.390  6359.745   2.266283035e+01 
 1572.400  6359.705   2.265566063e+01 
 1572.410  6359.664   2.264838982e+01 
 1572.420  6359.624   2.264103127e+01 
 1572.430  6359.583   2.263359642e+01 
 1572.440  6359.543   2.262619209e+01 
 1572.450  6359.503   2.261864853e+01 
 1572.460  6359.462   2.261107445e+01 
 1572.470  6359.422   2.260348320e+01 
 1572.480  6359.381   2.259589386e+01 
 1572.490  6359.341   2.258832550e+01 
 1572.500  6359.300   2.258079338e+01 
 1572.510  6359.260   2.257331848e+01 
 1572.520  6359.220   2.256591988e+01 
 1572.530  6359.179   2.255861855e+01 
 1572.540  6359.139   2.255143547e+01 
 1572.550  6359.098   2.254439163e+01 
 1572.560  6359.058   2.253750801e+01 
 1572.570  6359.018   2.253088760e+01 
 1572.580  6358.977   2.252438736e+01 
 1572.590  6358.937   2.251811028e+01 
 1572.600  6358.896   2.251208115e+01 
 1572.610  6358.856   2.250631714e+01 
 1572.620  6358.815   2.250084496e+01 
 1572.630  6358.775   2.249567795e+01 
 1572.640  6358.734   2.249083900e+01 
 1572.650  6358.694   2.248634529e+01 
 1572.660  6358.653   2.248222160e+01 
 1572.670  6358.613   2.247847939e+01 
 1572.680  6358.572   2.247514153e+01 
 1572.690  6358.532   2.247225571e+01 
 1572.700  6358.492   2.246976471e+01 
 1572.710  6358.451   2.246772194e+01 
 1572.720  6358.411   2.246614265e+01 
 1572.730  6358.371   2.246503830e+01 
 1572.740  6358.330   2.246441841e+01 
 1572.750  6358.290   2.246429443e+01 
 1572.760  6358.249   2.246467590e+01 
 1572.770  6358.209   2.246556854e+01 
 1572.780  6358.168   2.246697998e+01 
 1572.790  6358.128   2.246891403e+01 
 1572.800  6358.087   2.247137642e+01 
 1572.810  6358.047   2.247436523e+01 
 1572.820  6358.007   2.247783852e+01 
 1572.830  6357.966   2.248188019e+01 
 1572.840  6357.926   2.248644829e+01 
 1572.850  6357.885   2.249153900e+01 
 1572.860  6357.845   2.249715233e+01 
 1572.870  6357.805   2.250327873e+01 
 1572.880  6357.764   2.250991249e+01 
 1572.890  6357.724   2.251704788e+01 
 1572.900  6357.683   2.252467346e+01 
 1572.910  6357.643   2.253278160e+01 
 1572.920  6357.602   2.254136086e+01 
 1572.930  6357.562   2.255039787e+01 
 1572.940  6357.522   2.255976105e+01 
 1572.950  6357.481   2.256966782e+01 
 1572.960  6357.441   2.257999420e+01 
 1572.970  6357.400   2.259072495e+01 
 1572.980  6357.360   2.260184669e+01 
 1572.990  6357.320   2.261334229e+01 
 1573.000  6357.279   2.262519646e+01 
 1573.010  6357.239   2.263739395e+01 
 1573.020  6357.198   2.264991951e+01 
 1573.030  6357.158   2.266275406e+01 
 1573.040  6357.117   2.267588425e+01 
 1573.050  6357.077   2.268929291e+01 
 1573.060  6357.036   2.270296288e+01 
 1573.070  6356.996   2.271671104e+01 
 1573.080  6356.956   2.273085594e+01 
 1573.090  6356.916   2.274522018e+01 
 1573.100  6356.875   2.275978470e+01 
 1573.110  6356.835   2.277453804e+01 
 1573.120  6356.794   2.278946495e+01 
 1573.130  6356.754   2.280455208e+01 
 1573.140  6356.713   2.281978989e+01 
 1573.150  6356.673   2.283516312e+01 
 1573.160  6356.632   2.285066414e+01 
 1573.170  6356.592   2.286627960e+01 
 1573.180  6356.551   2.288200188e+01 
 1573.190  6356.512   2.289762878e+01 
 1573.200  6356.471   2.291353607e+01 
 1573.210  6356.431   2.292952919e+01 
 1573.220  6356.390   2.294559669e+01 
 1573.230  6356.350   2.296173286e+01 
 1573.240  6356.309   2.297793198e+01 
 1573.250  6356.269   2.299419403e+01 
 1573.260  6356.228   2.301051140e+01 
 1573.270  6356.188   2.302688217e+01 
 1573.280  6356.148   2.304330826e+01 
 1573.290  6356.107   2.305978584e+01 
 1573.300  6356.067   2.307631493e+01 
 1573.310  6356.026   2.309289360e+01 
 1573.320  6355.986   2.310932159e+01 
 1573.330  6355.946   2.312600708e+01 
 1573.340  6355.905   2.314274406e+01 
 1573.350  6355.865   2.315954018e+01 
 1573.360  6355.825   2.317639351e+01 
 1573.370  6355.784   2.319330978e+01 
 1573.380  6355.744   2.321029282e+01 
 1573.390  6355.703   2.322734261e+01 
 1573.400  6355.663   2.324446678e+01 
 1573.410  6355.622   2.326166725e+01 
 1573.420  6355.582   2.327894974e+01 
 1573.430  6355.541   2.329631615e+01 
 1573.440  6355.502   2.331356049e+01 
 1573.450  6355.461   2.333110809e+01 
 1573.460  6355.421   2.334875488e+01 
 1573.470  6355.380   2.336650467e+01 
 1573.480  6355.340   2.338436127e+01 
 1573.490  6355.299   2.340232849e+01 
 1573.500  6355.259   2.342041016e+01 
 1573.510  6355.219   2.343861198e+01 
 1573.520  6355.178   2.345693588e+01 
 1573.530  6355.138   2.347538757e+01 
 1573.540  6355.097   2.349396515e+01 
 1573.550  6355.057   2.351267242e+01 
 1573.560  6355.016   2.353151321e+01 
 1573.570  6354.976   2.355025673e+01 
 1573.580  6354.936   2.356937027e+01 
 1573.590  6354.896   2.358862114e+01 
 1573.600  6354.855   2.360801315e+01 
 1573.610  6354.815   2.362754631e+01 
 1573.620  6354.774   2.364722061e+01 
 1573.630  6354.734   2.366703796e+01 
 1573.640  6354.694   2.368699646e+01 
 1573.650  6354.653   2.370709419e+01 
 1573.660  6354.613   2.372733498e+01 
 1573.670  6354.572   2.374771118e+01 
 1573.680  6354.532   2.376822472e+01 
 1573.690  6354.492   2.378862190e+01 
 1573.700  6354.451   2.380940056e+01 
 1573.710  6354.411   2.383030891e+01 
 1573.720  6354.371   2.385134315e+01 
 1573.730  6354.330   2.387249947e+01 
 1573.740  6354.290   2.389377594e+01 
 1573.750  6354.249   2.391516685e+01 
 1573.760  6354.209   2.393666840e+01 
 1573.770  6354.169   2.395827484e+01 
 1573.780  6354.128   2.397998428e+01 
 1573.790  6354.088   2.400178909e+01 
 1573.800  6354.047   2.402368546e+01 
 1573.810  6354.007   2.404566765e+01 
 1573.820  6353.967   2.406746101e+01 
 1573.830  6353.927   2.408959770e+01 
 1573.840  6353.886   2.411180496e+01 
 1573.850  6353.846   2.413407326e+01 
 1573.860  6353.805   2.415639496e+01 
 1573.870  6353.765   2.417876434e+01 
 1573.880  6353.725   2.420117760e+01 
 1573.890  6353.684   2.422362518e+01 
 1573.900  6353.644   2.424610329e+01 
 1573.910  6353.603   2.426860619e+01 
 1573.920  6353.563   2.429112434e+01 
 1573.930  6353.522   2.431365204e+01 
 1573.940  6353.483   2.433590889e+01 
 1573.950  6353.442   2.435843658e+01 
 1573.960  6353.402   2.438095474e+01 
 1573.970  6353.361   2.440345764e+01 
 1573.980  6353.321   2.442593575e+01 
 1573.990  6353.281   2.444838524e+01 
