 1571.020  6365.291   2.618944168e+01 
 1571.030  6365.251   2.619622612e+01 
 1571.040  6365.210   2.620299911e+01 
 1571.050  6365.170   2.620975685e+01 
 1571.060  6365.129   2.621649170e+01 
 1571.070  6365.089   2.622311592e+01 
 1571.080  6365.048   2.622978973e+01 
 1571.090  6365.008   2.623642159e+01 
 1571.100  6364.967   2.624300766e+01 
 1571.110  6364.927   2.624954033e+01 
 1571.120  6364.886   2.625601387e+01 
 1571.130  6364.846   2.626242065e+01 
 1571.140  6364.805   2.626875305e+01 
 1571.150  6364.765   2.627500725e+01 
 1571.160  6364.724   2.628117180e+01 
 1571.170  6364.683   2.628725052e+01 
 1571.180  6364.643   2.629323196e+01 
 1571.190  6364.603   2.629904175e+01 
 1571.200  6364.562   2.630481529e+01 
 1571.210  6364.522   2.631047249e+01 
 1571.220  6364.481   2.631601143e+01 
 1571.230  6364.441   2.632142258e+01 
 1571.240  6364.400   2.632670021e+01 
 1571.250  6364.360   2.633184052e+01 
 1571.260  6364.319   2.633683586e+01 
 1571.270  6364.278   2.634168053e+01 
 1571.280  6364.238   2.634637070e+01 
 1571.290  6364.197   2.635089874e+01 
 1571.300  6364.157   2.635526466e+01 
 1571.310  6364.116   2.635946083e+01 
 1571.320  6364.076   2.636343575e+01 
 1571.330  6364.036   2.636728287e+01 
 1571.340  6363.995   2.637094879e+01 
 1571.350  6363.955   2.637442780e+01 
 1571.360  6363.914   2.637771797e+01 
 1571.370  6363.874   2.638081360e+01 
 1571.380  6363.833   2.638371658e+01 
 1571.390  6363.793   2.638641930e+01 
 1571.400  6363.752   2.638892365e+01 
 1571.410  6363.711   2.639122391e+01 
 1571.420  6363.671   2.639332008e+01 
 1571.430  6363.630   2.639521217e+01 
 1571.440  6363.590   2.639687729e+01 
 1571.450  6363.550   2.639835739e+01 
 1571.460  6363.509   2.639963150e+01 
 1571.470  6363.469   2.640069962e+01 
 1571.480  6363.428   2.640155983e+01 
 1571.490  6363.388   2.640221024e+01 
 1571.500  6363.347   2.640266037e+01 
 1571.510  6363.307   2.640290833e+01 
 1571.520  6363.266   2.640295982e+01 
 1571.530  6363.226   2.640281487e+01 
 1571.540  6363.185   2.640247536e+01 
 1571.550  6363.144   2.640194702e+01 
 1571.560  6363.104   2.640123177e+01 
 1571.570  6363.064   2.640034485e+01 
 1571.580  6363.023   2.639927292e+01 
 1571.590  6362.983   2.639802551e+01 
 1571.600  6362.942   2.639661217e+01 
 1571.610  6362.902   2.639503860e+01 
 1571.620  6362.861   2.639330673e+01 
 1571.630  6362.821   2.639142609e+01 
 1571.640  6362.780   2.638940048e+01 
 1571.650  6362.740   2.638723755e+01 
 1571.660  6362.699   2.638494682e+01 
 1571.670  6362.659   2.638253021e+01 
 1571.680  6362.618   2.637999725e+01 
 1571.690  6362.578   2.637738800e+01 
 1571.700  6362.538   2.637464523e+01 
 1571.710  6362.497   2.637180901e+01 
 1571.720  6362.457   2.636888695e+01 
 1571.730  6362.416   2.636588287e+01 
 1571.740  6362.375   2.636280632e+01 
 1571.750  6362.335   2.635966492e+01 
 1571.760  6362.294   2.635646629e+01 
 1571.770  6362.254   2.635321617e+01 
 1571.780  6362.213   2.634992027e+01 
 1571.790  6362.173   2.634658623e+01 
 1571.800  6362.132   2.634321976e+01 
 1571.810  6362.092   2.633982658e+01 
 1571.820  6362.052   2.633645248e+01 
 1571.830  6362.011   2.633302116e+01 
 1571.840  6361.971   2.632957840e+01 
 1571.850  6361.930   2.632613182e+01 
 1571.860  6361.890   2.632268333e+01 
 1571.870  6361.849   2.631923676e+01 
 1571.880  6361.809   2.631579399e+01 
 1571.890  6361.768   2.631235886e+01 
 1571.900  6361.728   2.630893326e+01 
 1571.910  6361.687   2.630551720e+01 
 1571.920  6361.647   2.630211067e+01 
 1571.930  6361.606   2.629871559e+01 
 1571.940  6361.566   2.629537392e+01 
 1571.950  6361.526   2.629199791e+01 
 1571.960  6361.485   2.628863335e+01 
 1571.970  6361.445   2.628527260e+01 
 1571.980  6361.404   2.628191566e+01 
 1571.990  6361.364   2.627855873e+01 
 1572.000  6361.323   2.627519798e+01 
 1572.010  6361.283   2.627182961e+01 
 1572.020  6361.242   2.626844788e+01 
 1572.030  6361.202   2.626504517e+01 
 1572.040  6361.161   2.626161957e+01 
 1572.050  6361.121   2.625816345e+01 
 1572.060  6361.080   2.625466728e+01 
 1572.070  6361.040   2.625117302e+01 
 1572.080  6361.000   2.624758148e+01 
 1572.090  6360.959   2.624393082e+01 
 1572.100  6360.919   2.624021149e+01 
 1572.110  6360.878   2.623641396e+01 
 1572.120  6360.838   2.623253441e+01 
 1572.130  6360.797   2.622856140e+01 
 1572.140  6360.757   2.622448540e+01 
 1572.150  6360.716   2.622030067e+01 
 1572.160  6360.676   2.621599579e+01 
 1572.170  6360.635   2.621156502e+01 
 1572.180  6360.595   2.620699692e+01 
 1572.190  6360.555   2.620234680e+01 
 1572.200  6360.514   2.619749260e+01 
 1572.210  6360.474   2.619248199e+01 
 1572.220  6360.433   2.618731117e+01 
 1572.230  6360.393   2.618197441e+01 
 1572.240  6360.352   2.617646217e+01 
 1572.250  6360.312   2.617077446e+01 
 1572.260  6360.271   2.616490555e+01 
 1572.270  6360.231   2.615885353e+01 
 1572.280  6360.190   2.615261650e+01 
 1572.290  6360.150   2.614619064e+01 
 1572.300  6360.109   2.613957977e+01 
 1572.310  6360.069   2.613278198e+01 
 1572.320  6360.029   2.612588692e+01 
 1572.330  6359.988   2.611872673e+01 
 1572.340  6359.948   2.611139107e+01 
 1572.350  6359.907   2.610388184e+01 
 1572.360  6359.867   2.609620857e+01 
 1572.370  6359.826   2.608837700e+01 
 1572.380  6359.786   2.608039856e+01 
 1572.390  6359.745   2.607227898e+01 
 1572.400  6359.705   2.606403351e+01 
 1572.410  6359.664   2.605567169e+01 
 1572.420  6359.624   2.604720879e+01 
 1572.430  6359.583   2.603866005e+01 
 1572.440  6359.543   2.603014374e+01 
 1572.450  6359.503   2.602146912e+01 
 1572.460  6359.462   2.601275826e+01 
 1572.470  6359.422   2.600402832e+01 
 1572.480  6359.381   2.599530029e+01 
 1572.490  6359.341   2.598659706e+01 
 1572.500  6359.300   2.597793388e+01 
 1572.510  6359.260   2.596933746e+01 
 1572.520  6359.220   2.596083069e+01 
 1572.530  6359.179   2.595243454e+01 
 1572.540  6359.139   2.594417572e+01 
 1572.550  6359.098   2.593607521e+01 
 1572.560  6359.058   2.592815971e+01 
 1572.570  6359.018   2.592054749e+01 
 1572.580  6358.977   2.591307259e+01 
 1572.590  6358.937   2.590585518e+01 
 1572.600  6358.896   2.589892197e+01 
 1572.610  6358.856   2.589229774e+01 
 1572.620  6358.815   2.588600540e+01 
 1572.630  6358.775   2.588006401e+01 
 1572.640  6358.734   2.587450027e+01 
 1572.650  6358.694   2.586933708e+01 
 1572.660  6358.653   2.586459541e+01 
 1572.670  6358.613   2.586029625e+01 
 1572.680  6358.572   2.585646057e+01 
 1572.690  6358.532   2.585314560e+01 
 1572.700  6358.492   2.585028458e+01 
 1572.710  6358.451   2.584794044e+01 
 1572.720  6358.411   2.584612656e+01 
 1572.730  6358.371   2.584486008e+01 
 1572.740  6358.330   2.584415245e+01 
 1572.750  6358.290   2.584401512e+01 
 1572.760  6358.249   2.584445953e+01 
 1572.770  6358.209   2.584549141e+01 
 1572.780  6358.168   2.584712219e+01 
 1572.790  6358.128   2.584935188e+01 
 1572.800  6358.087   2.585218811e+01 
 1572.810  6358.047   2.585563278e+01 
 1572.820  6358.007   2.585963440e+01 
 1572.830  6357.966   2.586429024e+01 
 1572.840  6357.926   2.586955070e+01 
 1572.850  6357.885   2.587541389e+01 
 1572.860  6357.845   2.588187790e+01 
 1572.870  6357.805   2.588893127e+01 
 1572.880  6357.764   2.589657021e+01 
 1572.890  6357.724   2.590478516e+01 
 1572.900  6357.683   2.591356468e+01 
 1572.910  6357.643   2.592289925e+01 
 1572.920  6357.602   2.593277550e+01 
 1572.930  6357.562   2.594317627e+01 
 1572.940  6357.522   2.595395470e+01 
 1572.950  6357.481   2.596536064e+01 
 1572.960  6357.441   2.597724724e+01 
 1572.970  6357.400   2.598959923e+01 
 1572.980  6357.360   2.600239944e+01 
 1572.990  6357.320   2.601563263e+01 
 1573.000  6357.279   2.602927780e+01 
 1573.010  6357.239   2.604331779e+01 
 1573.020  6357.198   2.605773354e+01 
 1573.030  6357.158   2.607250786e+01 
 1573.040  6357.117   2.608762169e+01 
 1573.050  6357.077   2.610305405e+01 
 1573.060  6357.036   2.611878967e+01 
 1573.070  6356.996   2.613461304e+01 
 1573.080  6356.956   2.615089607e+01 
 1573.090  6356.916   2.616742706e+01 
 1573.100  6356.875   2.618419075e+01 
 1573.110  6356.835   2.620117188e+01 
 1573.120  6356.794   2.621835327e+01 
 1573.130  6356.754   2.623572159e+01 
 1573.140  6356.713   2.625325966e+01 
 1573.150  6356.673   2.627095413e+01 
 1573.160  6356.632   2.628879738e+01 
 1573.170  6356.592   2.630677032e+01 
 1573.180  6356.551   2.632486725e+01 
 1573.190  6356.512   2.634285545e+01 
 1573.200  6356.471   2.636116600e+01 
 1573.210  6356.431   2.637957382e+01 
 1573.220  6356.390   2.639806938e+01 
 1573.230  6356.350   2.641664314e+01 
 1573.240  6356.309   2.643529129e+01 
 1573.250  6356.269   2.645400810e+01 
 1573.260  6356.228   2.647279167e+01 
 1573.270  6356.188   2.649163818e+01 
 1573.280  6356.148   2.651054573e+01 
 1573.290  6356.107   2.652951431e+01 
 1573.300  6356.067   2.654854202e+01 
 1573.310  6356.026   2.656762695e+01 
 1573.320  6355.986   2.658654022e+01 
 1573.330  6355.946   2.660574532e+01 
 1573.340  6355.905   2.662501526e+01 
 1573.350  6355.865   2.664435005e+01 
 1573.360  6355.825   2.666375351e+01 
 1573.370  6355.784   2.668322754e+01 
 1573.380  6355.744   2.670277786e+01 
 1573.390  6355.703   2.672240829e+01 
 1573.400  6355.663   2.674212265e+01 
 1573.410  6355.622   2.676192474e+01 
 1573.420  6355.582   2.678182220e+01 
 1573.430  6355.541   2.680181694e+01 
 1573.440  6355.502   2.682166862e+01 
 1573.450  6355.461   2.684187317e+01 
 1573.460  6355.421   2.686219025e+01 
 1573.470  6355.380   2.688262558e+01 
 1573.480  6355.340   2.690318489e+01 
 1573.490  6355.299   2.692387199e+01 
 1573.500  6355.259   2.694469070e+01 
 1573.510  6355.219   2.696564865e+01 
 1573.520  6355.178   2.698674583e+01 
 1573.530  6355.138   2.700799179e+01 
 1573.540  6355.097   2.702938080e+01 
 1573.550  6355.057   2.705092239e+01 
 1573.560  6355.016   2.707261467e+01 
 1573.570  6354.976   2.709419823e+01 
 1573.580  6354.936   2.711620331e+01 
 1573.590  6354.896   2.713837051e+01 
 1573.600  6354.855   2.716069984e+01 
 1573.610  6354.815   2.718318939e+01 
 1573.620  6354.774   2.720584488e+01 
 1573.630  6354.734   2.722866249e+01 
 1573.640  6354.694   2.725164413e+01 
 1573.650  6354.653   2.727478790e+01 
 1573.660  6354.613   2.729809380e+01 
 1573.670  6354.572   2.732155800e+01 
 1573.680  6354.532   2.734517860e+01 
 1573.690  6354.492   2.736866379e+01 
 1573.700  6354.451   2.739259148e+01 
 1573.710  6354.411   2.741666603e+01 
 1573.720  6354.371   2.744088745e+01 
 1573.730  6354.330   2.746524811e+01 
 1573.740  6354.290   2.748974800e+01 
 1573.750  6354.249   2.751437950e+01 
 1573.760  6354.209   2.753913879e+01 
 1573.770  6354.169   2.756402016e+01 
 1573.780  6354.128   2.758901787e+01 
 1573.790  6354.088   2.761412621e+01 
 1573.800  6354.047   2.763933945e+01 
 1573.810  6354.007   2.766465187e+01 
 1573.820  6353.967   2.768974686e+01 
 1573.830  6353.927   2.771523857e+01 
 1573.840  6353.886   2.774081039e+01 
 1573.850  6353.846   2.776645279e+01 
 1573.860  6353.805   2.779215622e+01 
 1573.870  6353.765   2.781791687e+01 
 1573.880  6353.725   2.784372520e+01 
 1573.890  6353.684   2.786957359e+01 
 1573.900  6353.644   2.789545822e+01 
 1573.910  6353.603   2.792136955e+01 
 1573.920  6353.563   2.794729996e+01 
 1573.930  6353.522   2.797323990e+01 
 1573.940  6353.483   2.799886894e+01 
 1573.950  6353.442   2.802481079e+01 
 1573.960  6353.402   2.805074310e+01 
 1573.970  6353.361   2.807665443e+01 
 1573.980  6353.321   2.810253906e+01 
 1573.990  6353.281   2.812838936e+01 
