 1571.020  6365.291   2.631216049e+01 
 1571.030  6365.251   2.631897736e+01 
 1571.040  6365.210   2.632578278e+01 
 1571.050  6365.170   2.633257103e+01 
 1571.060  6365.129   2.633933830e+01 
 1571.070  6365.089   2.634599495e+01 
 1571.080  6365.048   2.635269928e+01 
 1571.090  6365.008   2.635936356e+01 
 1571.100  6364.967   2.636598015e+01 
 1571.110  6364.927   2.637254143e+01 
 1571.120  6364.886   2.637904549e+01 
 1571.130  6364.846   2.638548279e+01 
 1571.140  6364.805   2.639184570e+01 
 1571.150  6364.765   2.639812851e+01 
 1571.160  6364.724   2.640432358e+01 
 1571.170  6364.683   2.641042900e+01 
 1571.180  6364.643   2.641643906e+01 
 1571.190  6364.603   2.642227554e+01 
 1571.200  6364.562   2.642807770e+01 
 1571.210  6364.522   2.643376160e+01 
 1571.220  6364.481   2.643932533e+01 
 1571.230  6364.441   2.644476318e+01 
 1571.240  6364.400   2.645006561e+01 
 1571.250  6364.360   2.645522881e+01 
 1571.260  6364.319   2.646024895e+01 
 1571.270  6364.278   2.646511650e+01 
 1571.280  6364.238   2.646982765e+01 
 1571.290  6364.197   2.647437859e+01 
 1571.300  6364.157   2.647876358e+01 
 1571.310  6364.116   2.648297882e+01 
 1571.320  6364.076   2.648697281e+01 
 1571.330  6364.036   2.649083900e+01 
 1571.340  6363.995   2.649452209e+01 
 1571.350  6363.955   2.649801826e+01 
 1571.360  6363.914   2.650132179e+01 
 1571.370  6363.874   2.650443459e+01 
 1571.380  6363.833   2.650734901e+01 
 1571.390  6363.793   2.651006508e+01 
 1571.400  6363.752   2.651258087e+01 
 1571.410  6363.711   2.651489258e+01 
 1571.420  6363.671   2.651699829e+01 
 1571.430  6363.630   2.651889992e+01 
 1571.440  6363.590   2.652057266e+01 
 1571.450  6363.550   2.652206039e+01 
 1571.460  6363.509   2.652334023e+01 
 1571.470  6363.469   2.652441216e+01 
 1571.480  6363.428   2.652527618e+01 
 1571.490  6363.388   2.652593231e+01 
 1571.500  6363.347   2.652638245e+01 
 1571.510  6363.307   2.652663231e+01 
 1571.520  6363.266   2.652668381e+01 
 1571.530  6363.226   2.652653694e+01 
 1571.540  6363.185   2.652619743e+01 
 1571.550  6363.144   2.652566528e+01 
 1571.560  6363.104   2.652494812e+01 
 1571.570  6363.064   2.652405739e+01 
 1571.580  6363.023   2.652297974e+01 
 1571.590  6362.983   2.652172852e+01 
 1571.600  6362.942   2.652030754e+01 
 1571.610  6362.902   2.651872444e+01 
 1571.620  6362.861   2.651698685e+01 
 1571.630  6362.821   2.651509666e+01 
 1571.640  6362.780   2.651306152e+01 
 1571.650  6362.740   2.651088905e+01 
 1571.660  6362.699   2.650858688e+01 
 1571.670  6362.659   2.650615883e+01 
 1571.680  6362.618   2.650361443e+01 
 1571.690  6362.578   2.650099182e+01 
 1571.700  6362.538   2.649823761e+01 
 1571.710  6362.497   2.649538803e+01 
 1571.720  6362.457   2.649245071e+01 
 1571.730  6362.416   2.648943329e+01 
 1571.740  6362.375   2.648634338e+01 
 1571.750  6362.335   2.648318672e+01 
 1571.760  6362.294   2.647997284e+01 
 1571.770  6362.254   2.647670746e+01 
 1571.780  6362.213   2.647339630e+01 
 1571.790  6362.173   2.647004509e+01 
 1571.800  6362.132   2.646666336e+01 
 1571.810  6362.092   2.646325493e+01 
 1571.820  6362.052   2.645986557e+01 
 1571.830  6362.011   2.645641708e+01 
 1571.840  6361.971   2.645295906e+01 
 1571.850  6361.930   2.644949532e+01 
 1571.860  6361.890   2.644603157e+01 
 1571.870  6361.849   2.644256973e+01 
 1571.880  6361.809   2.643910980e+01 
 1571.890  6361.768   2.643565941e+01 
 1571.900  6361.728   2.643221664e+01 
 1571.910  6361.687   2.642878342e+01 
 1571.920  6361.647   2.642536163e+01 
 1571.930  6361.606   2.642195129e+01 
 1571.940  6361.566   2.641859436e+01 
 1571.950  6361.526   2.641520309e+01 
 1571.960  6361.485   2.641182137e+01 
 1571.970  6361.445   2.640844536e+01 
 1571.980  6361.404   2.640507317e+01 
 1571.990  6361.364   2.640170097e+01 
 1572.000  6361.323   2.639832497e+01 
 1572.010  6361.283   2.639493942e+01 
 1572.020  6361.242   2.639154053e+01 
 1572.030  6361.202   2.638812447e+01 
 1572.040  6361.161   2.638468170e+01 
 1572.050  6361.121   2.638120842e+01 
 1572.060  6361.080   2.637769699e+01 
 1572.070  6361.040   2.637418556e+01 
 1572.080  6361.000   2.637057877e+01 
 1572.090  6360.959   2.636690903e+01 
 1572.100  6360.919   2.636317253e+01 
 1572.110  6360.878   2.635935974e+01 
 1572.120  6360.838   2.635546112e+01 
 1572.130  6360.797   2.635146904e+01 
 1572.140  6360.757   2.634737396e+01 
 1572.150  6360.716   2.634317017e+01 
 1572.160  6360.676   2.633884621e+01 
 1572.170  6360.635   2.633439255e+01 
 1572.180  6360.595   2.632980347e+01 
 1572.190  6360.555   2.632513046e+01 
 1572.200  6360.514   2.632025337e+01 
 1572.210  6360.474   2.631522179e+01 
 1572.220  6360.433   2.631002617e+01 
 1572.230  6360.393   2.630466270e+01 
 1572.240  6360.352   2.629912567e+01 
 1572.250  6360.312   2.629341316e+01 
 1572.260  6360.271   2.628751564e+01 
 1572.270  6360.231   2.628143501e+01 
 1572.280  6360.190   2.627516747e+01 
 1572.290  6360.150   2.626871300e+01 
 1572.300  6360.109   2.626207161e+01 
 1572.310  6360.069   2.625524139e+01 
 1572.320  6360.029   2.624831581e+01 
 1572.330  6359.988   2.624112129e+01 
 1572.340  6359.948   2.623375130e+01 
 1572.350  6359.907   2.622620773e+01 
 1572.360  6359.867   2.621849632e+01 
 1572.370  6359.826   2.621062851e+01 
 1572.380  6359.786   2.620261192e+01 
 1572.390  6359.745   2.619445610e+01 
 1572.400  6359.705   2.618617249e+01 
 1572.410  6359.664   2.617777061e+01 
 1572.420  6359.624   2.616926956e+01 
 1572.430  6359.583   2.616067886e+01 
 1572.440  6359.543   2.615212440e+01 
 1572.450  6359.503   2.614340782e+01 
 1572.460  6359.462   2.613465691e+01 
 1572.470  6359.422   2.612588692e+01 
 1572.480  6359.381   2.611711884e+01 
 1572.490  6359.341   2.610837364e+01 
 1572.500  6359.300   2.609967041e+01 
 1572.510  6359.260   2.609103394e+01 
 1572.520  6359.220   2.608248711e+01 
 1572.530  6359.179   2.607405281e+01 
 1572.540  6359.139   2.606575394e+01 
 1572.550  6359.098   2.605761528e+01 
 1572.560  6359.058   2.604966354e+01 
 1572.570  6359.018   2.604201508e+01 
 1572.580  6358.977   2.603450584e+01 
 1572.590  6358.937   2.602725601e+01 
 1572.600  6358.896   2.602028847e+01 
 1572.610  6358.856   2.601363373e+01 
 1572.620  6358.815   2.600731087e+01 
 1572.630  6358.775   2.600134468e+01 
 1572.640  6358.734   2.599575424e+01 
 1572.650  6358.694   2.599056625e+01 
 1572.660  6358.653   2.598580360e+01 
 1572.670  6358.613   2.598148346e+01 
 1572.680  6358.572   2.597763062e+01 
 1572.690  6358.532   2.597430038e+01 
 1572.700  6358.492   2.597142601e+01 
 1572.710  6358.451   2.596907043e+01 
 1572.720  6358.411   2.596724892e+01 
 1572.730  6358.371   2.596597672e+01 
 1572.740  6358.330   2.596526527e+01 
 1572.750  6358.290   2.596512794e+01 
 1572.760  6358.249   2.596557426e+01 
 1572.770  6358.209   2.596661186e+01 
 1572.780  6358.168   2.596824837e+01 
 1572.790  6358.128   2.597048950e+01 
 1572.800  6358.087   2.597333908e+01 
 1572.810  6358.047   2.597680092e+01 
 1572.820  6358.007   2.598082161e+01 
 1572.830  6357.966   2.598549843e+01 
 1572.840  6357.926   2.599078369e+01 
 1572.850  6357.885   2.599667549e+01 
 1572.860  6357.845   2.600316811e+01 
 1572.870  6357.805   2.601025581e+01 
 1572.880  6357.764   2.601793098e+01 
 1572.890  6357.724   2.602618408e+01 
 1572.900  6357.683   2.603500557e+01 
 1572.910  6357.643   2.604438400e+01 
 1572.920  6357.602   2.605430603e+01 
 1572.930  6357.562   2.606475639e+01 
 1572.940  6357.522   2.607558632e+01 
 1572.950  6357.481   2.608704567e+01 
 1572.960  6357.441   2.609898758e+01 
 1572.970  6357.400   2.611139870e+01 
 1572.980  6357.360   2.612425995e+01 
 1572.990  6357.320   2.613755417e+01 
 1573.000  6357.279   2.615126419e+01 
 1573.010  6357.239   2.616536903e+01 
 1573.020  6357.198   2.617985344e+01 
 1573.030  6357.158   2.619469643e+01 
 1573.040  6357.117   2.620988083e+01 
 1573.050  6357.077   2.622538567e+01 
 1573.060  6357.036   2.624119568e+01 
 1573.070  6356.996   2.625709343e+01 
 1573.080  6356.956   2.627345276e+01 
 1573.090  6356.916   2.629006195e+01 
 1573.100  6356.875   2.630690575e+01 
 1573.110  6356.835   2.632396698e+01 
 1573.120  6356.794   2.634122849e+01 
 1573.130  6356.754   2.635867691e+01 
 1573.140  6356.713   2.637629700e+01 
 1573.150  6356.673   2.639407730e+01 
 1573.160  6356.632   2.641200256e+01 
 1573.170  6356.592   2.643006134e+01 
 1573.180  6356.551   2.644824409e+01 
 1573.190  6356.512   2.646631432e+01 
 1573.200  6356.471   2.648471260e+01 
 1573.210  6356.431   2.650320816e+01 
 1573.220  6356.390   2.652178955e+01 
 1573.230  6356.350   2.654045105e+01 
 1573.240  6356.309   2.655918694e+01 
 1573.250  6356.269   2.657799149e+01 
 1573.260  6356.228   2.659686470e+01 
 1573.270  6356.188   2.661579895e+01 
 1573.280  6356.148   2.663479614e+01 
 1573.290  6356.107   2.665385246e+01 
 1573.300  6356.067   2.667296982e+01 
 1573.310  6356.026   2.669214630e+01 
 1573.320  6355.986   2.671114731e+01 
 1573.330  6355.946   2.673044395e+01 
 1573.340  6355.905   2.674980354e+01 
 1573.350  6355.865   2.676922989e+01 
 1573.360  6355.825   2.678872299e+01 
 1573.370  6355.784   2.680829048e+01 
 1573.380  6355.744   2.682793236e+01 
 1573.390  6355.703   2.684765625e+01 
 1573.400  6355.663   2.686746216e+01 
 1573.410  6355.622   2.688735962e+01 
 1573.420  6355.582   2.690734863e+01 
 1573.430  6355.541   2.692743683e+01 
 1573.440  6355.502   2.694738388e+01 
 1573.450  6355.461   2.696768379e+01 
 1573.460  6355.421   2.698809624e+01 
 1573.470  6355.380   2.700862885e+01 
 1573.480  6355.340   2.702928352e+01 
 1573.490  6355.299   2.705006790e+01 
 1573.500  6355.259   2.707098579e+01 
 1573.510  6355.219   2.709204102e+01 
 1573.520  6355.178   2.711323929e+01 
 1573.530  6355.138   2.713458443e+01 
 1573.540  6355.097   2.715607643e+01 
 1573.550  6355.057   2.717771721e+01 
 1573.560  6355.016   2.719951248e+01 
 1573.570  6354.976   2.722119713e+01 
 1573.580  6354.936   2.724330711e+01 
 1573.590  6354.896   2.726557922e+01 
 1573.600  6354.855   2.728801346e+01 
 1573.610  6354.815   2.731060982e+01 
 1573.620  6354.774   2.733337212e+01 
 1573.630  6354.734   2.735629845e+01 
 1573.640  6354.694   2.737938690e+01 
 1573.650  6354.653   2.740263939e+01 
 1573.660  6354.613   2.742605591e+01 
 1573.670  6354.572   2.744963074e+01 
 1573.680  6354.532   2.747336197e+01 
 1573.690  6354.492   2.749695969e+01 
 1573.700  6354.451   2.752099800e+01 
 1573.710  6354.411   2.754518700e+01 
 1573.720  6354.371   2.756952286e+01 
 1573.730  6354.330   2.759399986e+01 
 1573.740  6354.290   2.761861420e+01 
 1573.750  6354.249   2.764336205e+01 
 1573.760  6354.209   2.766823769e+01 
 1573.770  6354.169   2.769323540e+01 
 1573.780  6354.128   2.771835136e+01 
 1573.790  6354.088   2.774357986e+01 
 1573.800  6354.047   2.776891136e+01 
 1573.810  6354.007   2.779434395e+01 
 1573.820  6353.967   2.781955719e+01 
 1573.830  6353.927   2.784516907e+01 
 1573.840  6353.886   2.787086105e+01 
 1573.850  6353.846   2.789662361e+01 
 1573.860  6353.805   2.792244911e+01 
 1573.870  6353.765   2.794832993e+01 
 1573.880  6353.725   2.797426033e+01 
 1573.890  6353.684   2.800023270e+01 
 1573.900  6353.644   2.802623940e+01 
 1573.910  6353.603   2.805227089e+01 
 1573.920  6353.563   2.807832336e+01 
 1573.930  6353.522   2.810438728e+01 
 1573.940  6353.483   2.813013840e+01 
 1573.950  6353.442   2.815620232e+01 
 1573.960  6353.402   2.818225479e+01 
 1573.970  6353.361   2.820829010e+01 
 1573.980  6353.321   2.823429489e+01 
 1573.990  6353.281   2.826026726e+01 
