 1571.020  6365.291   2.661219025e+01 
 1571.030  6365.251   2.661908531e+01 
 1571.040  6365.210   2.662596893e+01 
 1571.050  6365.170   2.663283539e+01 
 1571.060  6365.129   2.663967896e+01 
 1571.070  6365.089   2.664641190e+01 
 1571.080  6365.048   2.665319252e+01 
 1571.090  6365.008   2.665993309e+01 
 1571.100  6364.967   2.666662598e+01 
 1571.110  6364.927   2.667326355e+01 
 1571.120  6364.886   2.667984200e+01 
 1571.130  6364.846   2.668635178e+01 
 1571.140  6364.805   2.669278908e+01 
 1571.150  6364.765   2.669914436e+01 
 1571.160  6364.724   2.670541000e+01 
 1571.170  6364.683   2.671158600e+01 
 1571.180  6364.643   2.671766472e+01 
 1571.190  6364.603   2.672356796e+01 
 1571.200  6364.562   2.672943497e+01 
 1571.210  6364.522   2.673518562e+01 
 1571.220  6364.481   2.674081230e+01 
 1571.230  6364.441   2.674631119e+01 
 1571.240  6364.400   2.675167656e+01 
 1571.250  6364.360   2.675689888e+01 
 1571.260  6364.319   2.676197433e+01 
 1571.270  6364.278   2.676689911e+01 
 1571.280  6364.238   2.677166557e+01 
 1571.290  6364.197   2.677626610e+01 
 1571.300  6364.157   2.678070259e+01 
 1571.310  6364.116   2.678496552e+01 
 1571.320  6364.076   2.678900528e+01 
 1571.330  6364.036   2.679291534e+01 
 1571.340  6363.995   2.679664040e+01 
 1571.350  6363.955   2.680017662e+01 
 1571.360  6363.914   2.680352020e+01 
 1571.370  6363.874   2.680666733e+01 
 1571.380  6363.833   2.680961609e+01 
 1571.390  6363.793   2.681236267e+01 
 1571.400  6363.752   2.681490707e+01 
 1571.410  6363.711   2.681724548e+01 
 1571.420  6363.671   2.681937599e+01 
 1571.430  6363.630   2.682129860e+01 
 1571.440  6363.590   2.682299042e+01 
 1571.450  6363.550   2.682449532e+01 
 1571.460  6363.509   2.682579041e+01 
 1571.470  6363.469   2.682687569e+01 
 1571.480  6363.428   2.682774925e+01 
 1571.490  6363.388   2.682841110e+01 
 1571.500  6363.347   2.682886696e+01 
 1571.510  6363.307   2.682912064e+01 
 1571.520  6363.266   2.682917213e+01 
 1571.530  6363.226   2.682902336e+01 
 1571.540  6363.185   2.682868004e+01 
 1571.550  6363.144   2.682814217e+01 
 1571.560  6363.104   2.682741547e+01 
 1571.570  6363.064   2.682651520e+01 
 1571.580  6363.023   2.682542610e+01 
 1571.590  6362.983   2.682415962e+01 
 1571.600  6362.942   2.682272339e+01 
 1571.610  6362.902   2.682112312e+01 
 1571.620  6362.861   2.681936455e+01 
 1571.630  6362.821   2.681745148e+01 
 1571.640  6362.780   2.681539345e+01 
 1571.650  6362.740   2.681319809e+01 
 1571.660  6362.699   2.681086731e+01 
 1571.670  6362.659   2.680841255e+01 
 1571.680  6362.618   2.680583954e+01 
 1571.690  6362.578   2.680318832e+01 
 1571.700  6362.538   2.680040169e+01 
 1571.710  6362.497   2.679751968e+01 
 1571.720  6362.457   2.679454803e+01 
 1571.730  6362.416   2.679149628e+01 
 1571.740  6362.375   2.678837204e+01 
 1571.750  6362.335   2.678517914e+01 
 1571.760  6362.294   2.678192902e+01 
 1571.770  6362.254   2.677862549e+01 
 1571.780  6362.213   2.677527618e+01 
 1571.790  6362.173   2.677188873e+01 
 1571.800  6362.132   2.676846695e+01 
 1571.810  6362.092   2.676501846e+01 
 1571.820  6362.052   2.676159096e+01 
 1571.830  6362.011   2.675810432e+01 
 1571.840  6361.971   2.675460625e+01 
 1571.850  6361.930   2.675110245e+01 
 1571.860  6361.890   2.674759865e+01 
 1571.870  6361.849   2.674409866e+01 
 1571.880  6361.809   2.674060059e+01 
 1571.890  6361.768   2.673711014e+01 
 1571.900  6361.728   2.673362732e+01 
 1571.910  6361.687   2.673015594e+01 
 1571.920  6361.647   2.672669411e+01 
 1571.930  6361.606   2.672324562e+01 
 1571.940  6361.566   2.671984863e+01 
 1571.950  6361.526   2.671641922e+01 
 1571.960  6361.485   2.671299934e+01 
 1571.970  6361.445   2.670958519e+01 
 1571.980  6361.404   2.670617294e+01 
 1571.990  6361.364   2.670276260e+01 
 1572.000  6361.323   2.669934845e+01 
 1572.010  6361.283   2.669592476e+01 
 1572.020  6361.242   2.669248772e+01 
 1572.030  6361.202   2.668903160e+01 
 1572.040  6361.161   2.668555069e+01 
 1572.050  6361.121   2.668203735e+01 
 1572.060  6361.080   2.667848778e+01 
 1572.070  6361.040   2.667493439e+01 
 1572.080  6361.000   2.667128563e+01 
 1572.090  6360.959   2.666757584e+01 
 1572.100  6360.919   2.666379738e+01 
 1572.110  6360.878   2.665994072e+01 
 1572.120  6360.838   2.665599632e+01 
 1572.130  6360.797   2.665195847e+01 
 1572.140  6360.757   2.664781761e+01 
 1572.150  6360.716   2.664356613e+01 
 1572.160  6360.676   2.663919258e+01 
 1572.170  6360.635   2.663468933e+01 
 1572.180  6360.595   2.663004684e+01 
 1572.190  6360.555   2.662532234e+01 
 1572.200  6360.514   2.662038994e+01 
 1572.210  6360.474   2.661529922e+01 
 1572.220  6360.433   2.661004639e+01 
 1572.230  6360.393   2.660462189e+01 
 1572.240  6360.352   2.659902191e+01 
 1572.250  6360.312   2.659324265e+01 
 1572.260  6360.271   2.658728027e+01 
 1572.270  6360.231   2.658112907e+01 
 1572.280  6360.190   2.657479095e+01 
 1572.290  6360.150   2.656826210e+01 
 1572.300  6360.109   2.656154442e+01 
 1572.310  6360.069   2.655463791e+01 
 1572.320  6360.029   2.654763222e+01 
 1572.330  6359.988   2.654035759e+01 
 1572.340  6359.948   2.653290176e+01 
 1572.350  6359.907   2.652527237e+01 
 1572.360  6359.867   2.651747513e+01 
 1572.370  6359.826   2.650951767e+01 
 1572.380  6359.786   2.650140953e+01 
 1572.390  6359.745   2.649316025e+01 
 1572.400  6359.705   2.648478127e+01 
 1572.410  6359.664   2.647628593e+01 
 1572.420  6359.624   2.646768761e+01 
 1572.430  6359.583   2.645899963e+01 
 1572.440  6359.543   2.645034790e+01 
 1572.450  6359.503   2.644153214e+01 
 1572.460  6359.462   2.643268013e+01 
 1572.470  6359.422   2.642381096e+01 
 1572.480  6359.381   2.641494370e+01 
 1572.490  6359.341   2.640609932e+01 
 1572.500  6359.300   2.639729691e+01 
 1572.510  6359.260   2.638856316e+01 
 1572.520  6359.220   2.637991905e+01 
 1572.530  6359.179   2.637138748e+01 
 1572.540  6359.139   2.636299515e+01 
 1572.550  6359.098   2.635476494e+01 
 1572.560  6359.058   2.634672165e+01 
 1572.570  6359.018   2.633898735e+01 
 1572.580  6358.977   2.633139229e+01 
 1572.590  6358.937   2.632405853e+01 
 1572.600  6358.896   2.631701469e+01 
 1572.610  6358.856   2.631028175e+01 
 1572.620  6358.815   2.630388832e+01 
 1572.630  6358.775   2.629785347e+01 
 1572.640  6358.734   2.629220009e+01 
 1572.650  6358.694   2.628695488e+01 
 1572.660  6358.653   2.628213692e+01 
 1572.670  6358.613   2.627776909e+01 
 1572.680  6358.572   2.627387047e+01 
 1572.690  6358.532   2.627050400e+01 
 1572.700  6358.492   2.626759720e+01 
 1572.710  6358.451   2.626521492e+01 
 1572.720  6358.411   2.626337242e+01 
 1572.730  6358.371   2.626208687e+01 
 1572.740  6358.330   2.626136780e+01 
 1572.750  6358.290   2.626122856e+01 
 1572.760  6358.249   2.626168060e+01 
 1572.770  6358.209   2.626272964e+01 
 1572.780  6358.168   2.626438713e+01 
 1572.790  6358.128   2.626665497e+01 
 1572.800  6358.087   2.626953697e+01 
 1572.810  6358.047   2.627303886e+01 
 1572.820  6358.007   2.627710533e+01 
 1572.830  6357.966   2.628183556e+01 
 1572.840  6357.926   2.628718185e+01 
 1572.850  6357.885   2.629314232e+01 
 1572.860  6357.845   2.629970932e+01 
 1572.870  6357.805   2.630687904e+01 
 1572.880  6357.764   2.631464005e+01 
 1572.890  6357.724   2.632298851e+01 
 1572.900  6357.683   2.633191109e+01 
 1572.910  6357.643   2.634139633e+01 
 1572.920  6357.602   2.635143280e+01 
 1572.930  6357.562   2.636200333e+01 
 1572.940  6357.522   2.637295723e+01 
 1572.950  6357.481   2.638454628e+01 
 1572.960  6357.441   2.639662552e+01 
 1572.970  6357.400   2.640917969e+01 
 1572.980  6357.360   2.642218781e+01 
 1572.990  6357.320   2.643563461e+01 
 1573.000  6357.279   2.644950104e+01 
 1573.010  6357.239   2.646376801e+01 
 1573.020  6357.198   2.647841835e+01 
 1573.030  6357.158   2.649343109e+01 
 1573.040  6357.117   2.650878906e+01 
 1573.050  6357.077   2.652447128e+01 
 1573.060  6357.036   2.654046249e+01 
 1573.070  6356.996   2.655654144e+01 
 1573.080  6356.956   2.657308769e+01 
 1573.090  6356.916   2.658988762e+01 
 1573.100  6356.875   2.660692406e+01 
 1573.110  6356.835   2.662417984e+01 
 1573.120  6356.794   2.664163971e+01 
 1573.130  6356.754   2.665928841e+01 
 1573.140  6356.713   2.667711067e+01 
 1573.150  6356.673   2.669509315e+01 
 1573.160  6356.632   2.671322441e+01 
 1573.170  6356.592   2.673148918e+01 
 1573.180  6356.551   2.674987984e+01 
 1573.190  6356.512   2.676815796e+01 
 1573.200  6356.471   2.678676605e+01 
 1573.210  6356.431   2.680547333e+01 
 1573.220  6356.390   2.682426834e+01 
 1573.230  6356.350   2.684314346e+01 
 1573.240  6356.309   2.686209297e+01 
 1573.250  6356.269   2.688111496e+01 
 1573.260  6356.228   2.690020180e+01 
 1573.270  6356.188   2.691935539e+01 
 1573.280  6356.148   2.693856812e+01 
 1573.290  6356.107   2.695784378e+01 
 1573.300  6356.067   2.697718048e+01 
 1573.310  6356.026   2.699657631e+01 
 1573.320  6355.986   2.701579475e+01 
 1573.330  6355.946   2.703531265e+01 
 1573.340  6355.905   2.705489349e+01 
 1573.350  6355.865   2.707454300e+01 
 1573.360  6355.825   2.709425926e+01 
 1573.370  6355.784   2.711404991e+01 
 1573.380  6355.744   2.713391876e+01 
 1573.390  6355.703   2.715386772e+01 
 1573.400  6355.663   2.717390251e+01 
 1573.410  6355.622   2.719402695e+01 
 1573.420  6355.582   2.721424484e+01 
 1573.430  6355.541   2.723456383e+01 
 1573.440  6355.502   2.725473976e+01 
 1573.450  6355.461   2.727527237e+01 
 1573.460  6355.421   2.729591942e+01 
 1573.470  6355.380   2.731668663e+01 
 1573.480  6355.340   2.733757782e+01 
 1573.490  6355.299   2.735860062e+01 
 1573.500  6355.259   2.737975883e+01 
 1573.510  6355.219   2.740105629e+01 
 1573.520  6355.178   2.742249870e+01 
 1573.530  6355.138   2.744408798e+01 
 1573.540  6355.097   2.746582603e+01 
 1573.550  6355.057   2.748771477e+01 
 1573.560  6355.016   2.750976181e+01 
 1573.570  6354.976   2.753169441e+01 
 1573.580  6354.936   2.755405807e+01 
 1573.590  6354.896   2.757658577e+01 
 1573.600  6354.855   2.759927559e+01 
 1573.610  6354.815   2.762213326e+01 
 1573.620  6354.774   2.764515495e+01 
 1573.630  6354.734   2.766834450e+01 
 1573.640  6354.694   2.769169998e+01 
 1573.650  6354.653   2.771521950e+01 
 1573.660  6354.613   2.773890305e+01 
 1573.670  6354.572   2.776274872e+01 
 1573.680  6354.532   2.778675461e+01 
 1573.690  6354.492   2.781062126e+01 
 1573.700  6354.451   2.783493614e+01 
 1573.710  6354.411   2.785940361e+01 
 1573.720  6354.371   2.788401794e+01 
 1573.730  6354.330   2.790877533e+01 
 1573.740  6354.290   2.793367386e+01 
 1573.750  6354.249   2.795870399e+01 
 1573.760  6354.209   2.798386574e+01 
 1573.770  6354.169   2.800915146e+01 
 1573.780  6354.128   2.803455544e+01 
 1573.790  6354.088   2.806007385e+01 
 1573.800  6354.047   2.808569717e+01 
 1573.810  6354.007   2.811142159e+01 
 1573.820  6353.967   2.813692284e+01 
 1573.830  6353.927   2.816282845e+01 
 1573.840  6353.886   2.818881607e+01 
 1573.850  6353.846   2.821487617e+01 
 1573.860  6353.805   2.824099731e+01 
 1573.870  6353.765   2.826717567e+01 
 1573.880  6353.725   2.829340363e+01 
 1573.890  6353.684   2.831967354e+01 
 1573.900  6353.644   2.834597778e+01 
 1573.910  6353.603   2.837231064e+01 
 1573.920  6353.563   2.839866257e+01 
 1573.930  6353.522   2.842502594e+01 
 1573.940  6353.483   2.845107079e+01 
 1573.950  6353.442   2.847743416e+01 
 1573.960  6353.402   2.850378609e+01 
 1573.970  6353.361   2.853011894e+01 
 1573.980  6353.321   2.855642509e+01 
 1573.990  6353.281   2.858269501e+01 
