 1571.020  6365.291   1.745873451e+01 
 1571.030  6365.251   1.746324921e+01 
 1571.040  6365.210   1.746775627e+01 
 1571.050  6365.170   1.747225189e+01 
 1571.060  6365.129   1.747673416e+01 
 1571.070  6365.089   1.748114395e+01 
 1571.080  6365.048   1.748558426e+01 
 1571.090  6365.008   1.748999786e+01 
 1571.100  6364.967   1.749437904e+01 
 1571.110  6364.927   1.749872589e+01 
 1571.120  6364.886   1.750303459e+01 
 1571.130  6364.846   1.750729752e+01 
 1571.140  6364.805   1.751151276e+01 
 1571.150  6364.765   1.751567459e+01 
 1571.160  6364.724   1.751977730e+01 
 1571.170  6364.683   1.752382278e+01 
 1571.180  6364.643   1.752780342e+01 
 1571.190  6364.603   1.753166962e+01 
 1571.200  6364.562   1.753551102e+01 
 1571.210  6364.522   1.753927803e+01 
 1571.220  6364.481   1.754296303e+01 
 1571.230  6364.441   1.754656410e+01 
 1571.240  6364.400   1.755007744e+01 
 1571.250  6364.360   1.755349731e+01 
 1571.260  6364.319   1.755682182e+01 
 1571.270  6364.278   1.756004715e+01 
 1571.280  6364.238   1.756316757e+01 
 1571.290  6364.197   1.756618118e+01 
 1571.300  6364.157   1.756908607e+01 
 1571.310  6364.116   1.757187843e+01 
 1571.320  6364.076   1.757452393e+01 
 1571.330  6364.036   1.757708549e+01 
 1571.340  6363.995   1.757952499e+01 
 1571.350  6363.955   1.758184052e+01 
 1571.360  6363.914   1.758402824e+01 
 1571.370  6363.874   1.758609009e+01 
 1571.380  6363.833   1.758802032e+01 
 1571.390  6363.793   1.758981895e+01 
 1571.400  6363.752   1.759148598e+01 
 1571.410  6363.711   1.759301567e+01 
 1571.420  6363.671   1.759441185e+01 
 1571.430  6363.630   1.759566879e+01 
 1571.440  6363.590   1.759677696e+01 
 1571.450  6363.550   1.759776306e+01 
 1571.460  6363.509   1.759860992e+01 
 1571.470  6363.469   1.759931946e+01 
 1571.480  6363.428   1.759988976e+01 
 1571.490  6363.388   1.760032272e+01 
 1571.500  6363.347   1.760062218e+01 
 1571.510  6363.307   1.760078621e+01 
 1571.520  6363.266   1.760081863e+01 
 1571.530  6363.226   1.760072136e+01 
 1571.540  6363.185   1.760049438e+01 
 1571.550  6363.144   1.760013962e+01 
 1571.560  6363.104   1.759966278e+01 
 1571.570  6363.064   1.759907150e+01 
 1571.580  6363.023   1.759835625e+01 
 1571.590  6362.983   1.759752464e+01 
 1571.600  6362.942   1.759658241e+01 
 1571.610  6362.902   1.759553337e+01 
 1571.620  6362.861   1.759437752e+01 
 1571.630  6362.821   1.759312439e+01 
 1571.640  6362.780   1.759177399e+01 
 1571.650  6362.740   1.759033394e+01 
 1571.660  6362.699   1.758880615e+01 
 1571.670  6362.659   1.758719444e+01 
 1571.680  6362.618   1.758550644e+01 
 1571.690  6362.578   1.758376694e+01 
 1571.700  6362.538   1.758193970e+01 
 1571.710  6362.497   1.758004951e+01 
 1571.720  6362.457   1.757810211e+01 
 1571.730  6362.416   1.757609940e+01 
 1571.740  6362.375   1.757404900e+01 
 1571.750  6362.335   1.757195663e+01 
 1571.760  6362.294   1.756982422e+01 
 1571.770  6362.254   1.756765747e+01 
 1571.780  6362.213   1.756546021e+01 
 1571.790  6362.173   1.756323814e+01 
 1571.800  6362.132   1.756099510e+01 
 1571.810  6362.092   1.755873299e+01 
 1571.820  6362.052   1.755648422e+01 
 1571.830  6362.011   1.755419731e+01 
 1571.840  6361.971   1.755190277e+01 
 1571.850  6361.930   1.754960442e+01 
 1571.860  6361.890   1.754730606e+01 
 1571.870  6361.849   1.754500961e+01 
 1571.880  6361.809   1.754271507e+01 
 1571.890  6361.768   1.754042435e+01 
 1571.900  6361.728   1.753814125e+01 
 1571.910  6361.687   1.753586197e+01 
 1571.920  6361.647   1.753359222e+01 
 1571.930  6361.606   1.753132820e+01 
 1571.940  6361.566   1.752910042e+01 
 1571.950  6361.526   1.752685165e+01 
 1571.960  6361.485   1.752460670e+01 
 1571.970  6361.445   1.752236557e+01 
 1571.980  6361.404   1.752012634e+01 
 1571.990  6361.364   1.751788902e+01 
 1572.000  6361.323   1.751564789e+01 
 1572.010  6361.283   1.751340103e+01 
 1572.020  6361.242   1.751114655e+01 
 1572.030  6361.202   1.750887680e+01 
 1572.040  6361.161   1.750659180e+01 
 1572.050  6361.121   1.750428581e+01 
 1572.060  6361.080   1.750195503e+01 
 1572.070  6361.040   1.749962425e+01 
 1572.080  6361.000   1.749722862e+01 
 1572.090  6360.959   1.749479294e+01 
 1572.100  6360.919   1.749231148e+01 
 1572.110  6360.878   1.748978043e+01 
 1572.120  6360.838   1.748719025e+01 
 1572.130  6360.797   1.748453903e+01 
 1572.140  6360.757   1.748182106e+01 
 1572.150  6360.716   1.747902870e+01 
 1572.160  6360.676   1.747615814e+01 
 1572.170  6360.635   1.747319984e+01 
 1572.180  6360.595   1.747015190e+01 
 1572.190  6360.555   1.746705055e+01 
 1572.200  6360.514   1.746381187e+01 
 1572.210  6360.474   1.746047020e+01 
 1572.220  6360.433   1.745701981e+01 
 1572.230  6360.393   1.745345688e+01 
 1572.240  6360.352   1.744977951e+01 
 1572.250  6360.312   1.744598579e+01 
 1572.260  6360.271   1.744207001e+01 
 1572.270  6360.231   1.743803215e+01 
 1572.280  6360.190   1.743386841e+01 
 1572.290  6360.150   1.742958260e+01 
 1572.300  6360.109   1.742517090e+01 
 1572.310  6360.069   1.742063522e+01 
 1572.320  6360.029   1.741603470e+01 
 1572.330  6359.988   1.741125870e+01 
 1572.340  6359.948   1.740636253e+01 
 1572.350  6359.907   1.740135384e+01 
 1572.360  6359.867   1.739623260e+01 
 1572.370  6359.826   1.739100838e+01 
 1572.380  6359.786   1.738568306e+01 
 1572.390  6359.745   1.738026619e+01 
 1572.400  6359.705   1.737476349e+01 
 1572.410  6359.664   1.736918449e+01 
 1572.420  6359.624   1.736353874e+01 
 1572.430  6359.583   1.735783386e+01 
 1572.440  6359.543   1.735215187e+01 
 1572.450  6359.503   1.734636307e+01 
 1572.460  6359.462   1.734054947e+01 
 1572.470  6359.422   1.733472443e+01 
 1572.480  6359.381   1.732889938e+01 
 1572.490  6359.341   1.732309151e+01 
 1572.500  6359.300   1.731731033e+01 
 1572.510  6359.260   1.731157303e+01 
 1572.520  6359.220   1.730589676e+01 
 1572.530  6359.179   1.730029297e+01 
 1572.540  6359.139   1.729478073e+01 
 1572.550  6359.098   1.728937340e+01 
 1572.560  6359.058   1.728409004e+01 
 1572.570  6359.018   1.727900887e+01 
 1572.580  6358.977   1.727401733e+01 
 1572.590  6358.937   1.726919937e+01 
 1572.600  6358.896   1.726457024e+01 
 1572.610  6358.856   1.726014519e+01 
 1572.620  6358.815   1.725594330e+01 
 1572.630  6358.775   1.725197601e+01 
 1572.640  6358.734   1.724825859e+01 
 1572.650  6358.694   1.724480820e+01 
 1572.660  6358.653   1.724164009e+01 
 1572.670  6358.613   1.723876572e+01 
 1572.680  6358.572   1.723620033e+01 
 1572.690  6358.532   1.723398209e+01 
 1572.700  6358.492   1.723206520e+01 
 1572.710  6358.451   1.723049355e+01 
 1572.720  6358.411   1.722927666e+01 
 1572.730  6358.371   1.722842216e+01 
 1572.740  6358.330   1.722794151e+01 
 1572.750  6358.290   1.722784042e+01 
 1572.760  6358.249   1.722812653e+01 
 1572.770  6358.209   1.722880554e+01 
 1572.780  6358.168   1.722988129e+01 
 1572.790  6358.128   1.723135948e+01 
 1572.800  6358.087   1.723324013e+01 
 1572.810  6358.047   1.723552513e+01 
 1572.820  6358.007   1.723818398e+01 
 1572.830  6357.966   1.724127579e+01 
 1572.840  6357.926   1.724477196e+01 
 1572.850  6357.885   1.724867058e+01 
 1572.860  6357.845   1.725296783e+01 
 1572.870  6357.805   1.725765800e+01 
 1572.880  6357.764   1.726273918e+01 
 1572.890  6357.724   1.726820374e+01 
 1572.900  6357.683   1.727404404e+01 
 1572.910  6357.643   1.728025627e+01 
 1572.920  6357.602   1.728682709e+01 
 1572.930  6357.562   1.729374886e+01 
 1572.940  6357.522   1.730092239e+01 
 1572.950  6357.481   1.730851364e+01 
 1572.960  6357.441   1.731642342e+01 
 1572.970  6357.400   1.732464600e+01 
 1572.980  6357.360   1.733316612e+01 
 1572.990  6357.320   1.734197426e+01 
 1573.000  6357.279   1.735105705e+01 
 1573.010  6357.239   1.736040306e+01 
 1573.020  6357.198   1.736999893e+01 
 1573.030  6357.158   1.737983322e+01 
 1573.040  6357.117   1.738989449e+01 
 1573.050  6357.077   1.740016747e+01 
 1573.060  6357.036   1.741064262e+01 
 1573.070  6356.996   1.742117691e+01 
 1573.080  6356.956   1.743201637e+01 
 1573.090  6356.916   1.744302177e+01 
 1573.100  6356.875   1.745418167e+01 
 1573.110  6356.835   1.746548653e+01 
 1573.120  6356.794   1.747692299e+01 
 1573.130  6356.754   1.748848343e+01 
 1573.140  6356.713   1.750015831e+01 
 1573.150  6356.673   1.751193810e+01 
 1573.160  6356.632   1.752381516e+01 
 1573.170  6356.592   1.753577995e+01 
 1573.180  6356.551   1.754782677e+01 
 1573.190  6356.512   1.755979919e+01 
 1573.200  6356.471   1.757198715e+01 
 1573.210  6356.431   1.758423996e+01 
 1573.220  6356.390   1.759655190e+01 
 1573.230  6356.350   1.760891342e+01 
 1573.240  6356.309   1.762132645e+01 
 1573.250  6356.269   1.763378334e+01 
 1573.260  6356.228   1.764628410e+01 
 1573.270  6356.188   1.765882683e+01 
 1573.280  6356.148   1.767141151e+01 
 1573.290  6356.107   1.768403435e+01 
 1573.300  6356.067   1.769669533e+01 
 1573.310  6356.026   1.770939636e+01 
 1573.320  6355.986   1.772198296e+01 
 1573.330  6355.946   1.773476219e+01 
 1573.340  6355.905   1.774758530e+01 
 1573.350  6355.865   1.776045036e+01 
 1573.360  6355.825   1.777335930e+01 
 1573.370  6355.784   1.778631783e+01 
 1573.380  6355.744   1.779932594e+01 
 1573.390  6355.703   1.781238556e+01 
 1573.400  6355.663   1.782550240e+01 
 1573.410  6355.622   1.783867645e+01 
 1573.420  6355.582   1.785191345e+01 
 1573.430  6355.541   1.786521530e+01 
 1573.440  6355.502   1.787842178e+01 
 1573.450  6355.461   1.789186096e+01 
 1573.460  6355.421   1.790537643e+01 
 1573.470  6355.380   1.791897011e+01 
 1573.480  6355.340   1.793264580e+01 
 1573.490  6355.299   1.794640541e+01 
 1573.500  6355.259   1.796025467e+01 
 1573.510  6355.219   1.797419357e+01 
 1573.520  6355.178   1.798822594e+01 
 1573.530  6355.138   1.800235558e+01 
 1573.540  6355.097   1.801658249e+01 
 1573.550  6355.057   1.803090858e+01 
 1573.560  6355.016   1.804533577e+01 
 1573.570  6354.976   1.805969048e+01 
 1573.580  6354.936   1.807432556e+01 
 1573.590  6354.896   1.808906746e+01 
 1573.600  6354.855   1.810391808e+01 
 1573.610  6354.815   1.811887360e+01 
 1573.620  6354.774   1.813393974e+01 
 1573.630  6354.734   1.814911461e+01 
 1573.640  6354.694   1.816439819e+01 
 1573.650  6354.653   1.817978859e+01 
 1573.660  6354.613   1.819528580e+01 
 1573.670  6354.572   1.821088982e+01 
 1573.680  6354.532   1.822659683e+01 
 1573.690  6354.492   1.824221420e+01 
 1573.700  6354.451   1.825812531e+01 
 1573.710  6354.411   1.827413559e+01 
 1573.720  6354.371   1.829024124e+01 
 1573.730  6354.330   1.830644035e+01 
 1573.740  6354.290   1.832273102e+01 
 1573.750  6354.249   1.833910942e+01 
 1573.760  6354.209   1.835557365e+01 
 1573.770  6354.169   1.837211800e+01 
 1573.780  6354.128   1.838874054e+01 
 1573.790  6354.088   1.840543747e+01 
 1573.800  6354.047   1.842220306e+01 
 1573.810  6354.007   1.843903351e+01 
 1573.820  6353.967   1.845572090e+01 
 1573.830  6353.927   1.847267151e+01 
 1573.840  6353.886   1.848967361e+01 
 1573.850  6353.846   1.850672531e+01 
 1573.860  6353.805   1.852381706e+01 
 1573.870  6353.765   1.854094505e+01 
 1573.880  6353.725   1.855810547e+01 
 1573.890  6353.684   1.857529449e+01 
 1573.900  6353.644   1.859250450e+01 
 1573.910  6353.603   1.860973358e+01 
 1573.920  6353.563   1.862697601e+01 
 1573.930  6353.522   1.864422417e+01 
 1573.940  6353.483   1.866126633e+01 
 1573.950  6353.442   1.867851448e+01 
 1573.960  6353.402   1.869575691e+01 
 1573.970  6353.361   1.871298599e+01 
 1573.980  6353.321   1.873019791e+01 
 1573.990  6353.281   1.874738503e+01 
