 1571.020  6365.291   2.485392189e+01 
 1571.030  6365.251   2.486035919e+01 
 1571.040  6365.210   2.486678696e+01 
 1571.050  6365.170   2.487319756e+01 
 1571.060  6365.129   2.487958717e+01 
 1571.070  6365.089   2.488587189e+01 
 1571.080  6365.048   2.489220428e+01 
 1571.090  6365.008   2.489849663e+01 
 1571.100  6364.967   2.490474510e+01 
 1571.110  6364.927   2.491094208e+01 
 1571.120  6364.886   2.491708374e+01 
 1571.130  6364.846   2.492316246e+01 
 1571.140  6364.805   2.492917061e+01 
 1571.150  6364.765   2.493510437e+01 
 1571.160  6364.724   2.494095421e+01 
 1571.170  6364.683   2.494672012e+01 
 1571.180  6364.643   2.495239639e+01 
 1571.190  6364.603   2.495790863e+01 
 1571.200  6364.562   2.496338654e+01 
 1571.210  6364.522   2.496875381e+01 
 1571.220  6364.481   2.497400856e+01 
 1571.230  6364.441   2.497914314e+01 
 1571.240  6364.400   2.498414993e+01 
 1571.250  6364.360   2.498902702e+01 
 1571.260  6364.319   2.499376678e+01 
 1571.270  6364.278   2.499836349e+01 
 1571.280  6364.238   2.500281334e+01 
 1571.290  6364.197   2.500711060e+01 
 1571.300  6364.157   2.501125145e+01 
 1571.310  6364.116   2.501523209e+01 
 1571.320  6364.076   2.501900291e+01 
 1571.330  6364.036   2.502265358e+01 
 1571.340  6363.995   2.502613258e+01 
 1571.350  6363.955   2.502943230e+01 
 1571.360  6363.914   2.503255463e+01 
 1571.370  6363.874   2.503549194e+01 
 1571.380  6363.833   2.503824615e+01 
 1571.390  6363.793   2.504081154e+01 
 1571.400  6363.752   2.504318619e+01 
 1571.410  6363.711   2.504536819e+01 
 1571.420  6363.671   2.504735756e+01 
 1571.430  6363.630   2.504915237e+01 
 1571.440  6363.590   2.505073166e+01 
 1571.450  6363.550   2.505213737e+01 
 1571.460  6363.509   2.505334663e+01 
 1571.470  6363.469   2.505435753e+01 
 1571.480  6363.428   2.505517387e+01 
 1571.490  6363.388   2.505579185e+01 
 1571.500  6363.347   2.505621719e+01 
 1571.510  6363.307   2.505645370e+01 
 1571.520  6363.266   2.505650139e+01 
 1571.530  6363.226   2.505636406e+01 
 1571.540  6363.185   2.505604172e+01 
 1571.550  6363.144   2.505554008e+01 
 1571.560  6363.104   2.505486107e+01 
 1571.570  6363.064   2.505401993e+01 
 1571.580  6363.023   2.505300140e+01 
 1571.590  6362.983   2.505181885e+01 
 1571.600  6362.942   2.505047798e+01 
 1571.610  6362.902   2.504898453e+01 
 1571.620  6362.861   2.504734039e+01 
 1571.630  6362.821   2.504555511e+01 
 1571.640  6362.780   2.504363441e+01 
 1571.650  6362.740   2.504158211e+01 
 1571.660  6362.699   2.503940582e+01 
 1571.670  6362.659   2.503711319e+01 
 1571.680  6362.618   2.503470993e+01 
 1571.690  6362.578   2.503223419e+01 
 1571.700  6362.538   2.502963257e+01 
 1571.710  6362.497   2.502693939e+01 
 1571.720  6362.457   2.502416611e+01 
 1571.730  6362.416   2.502131653e+01 
 1571.740  6362.375   2.501839638e+01 
 1571.750  6362.335   2.501541710e+01 
 1571.760  6362.294   2.501238060e+01 
 1571.770  6362.254   2.500929451e+01 
 1571.780  6362.213   2.500616837e+01 
 1571.790  6362.173   2.500300407e+01 
 1571.800  6362.132   2.499980927e+01 
 1571.810  6362.092   2.499658775e+01 
 1571.820  6362.052   2.499338722e+01 
 1571.830  6362.011   2.499013138e+01 
 1571.840  6361.971   2.498686409e+01 
 1571.850  6361.930   2.498359299e+01 
 1571.860  6361.890   2.498031998e+01 
 1571.870  6361.849   2.497705078e+01 
 1571.880  6361.809   2.497378349e+01 
 1571.890  6361.768   2.497052383e+01 
 1571.900  6361.728   2.496727180e+01 
 1571.910  6361.687   2.496402931e+01 
 1571.920  6361.647   2.496079826e+01 
 1571.930  6361.606   2.495757484e+01 
 1571.940  6361.566   2.495440292e+01 
 1571.950  6361.526   2.495120049e+01 
 1571.960  6361.485   2.494800568e+01 
 1571.970  6361.445   2.494481659e+01 
 1571.980  6361.404   2.494163132e+01 
 1571.990  6361.364   2.493844604e+01 
 1572.000  6361.323   2.493525696e+01 
 1572.010  6361.283   2.493206024e+01 
 1572.020  6361.242   2.492885017e+01 
 1572.030  6361.202   2.492562103e+01 
 1572.040  6361.161   2.492237091e+01 
 1572.050  6361.121   2.491908836e+01 
 1572.060  6361.080   2.491577339e+01 
 1572.070  6361.040   2.491245461e+01 
 1572.080  6361.000   2.490904617e+01 
 1572.090  6360.959   2.490558052e+01 
 1572.100  6360.919   2.490205193e+01 
 1572.110  6360.878   2.489844894e+01 
 1572.120  6360.838   2.489476585e+01 
 1572.130  6360.797   2.489099503e+01 
 1572.140  6360.757   2.488712692e+01 
 1572.150  6360.716   2.488315392e+01 
 1572.160  6360.676   2.487907028e+01 
 1572.170  6360.635   2.487486267e+01 
 1572.180  6360.595   2.487052727e+01 
 1572.190  6360.555   2.486611366e+01 
 1572.200  6360.514   2.486150551e+01 
 1572.210  6360.474   2.485675240e+01 
 1572.220  6360.433   2.485184479e+01 
 1572.230  6360.393   2.484677696e+01 
 1572.240  6360.352   2.484154701e+01 
 1572.250  6360.312   2.483614922e+01 
 1572.260  6360.271   2.483057785e+01 
 1572.270  6360.231   2.482483482e+01 
 1572.280  6360.190   2.481891441e+01 
 1572.290  6360.150   2.481281471e+01 
 1572.300  6360.109   2.480653954e+01 
 1572.310  6360.069   2.480008888e+01 
 1572.320  6360.029   2.479354477e+01 
 1572.330  6359.988   2.478674889e+01 
 1572.340  6359.948   2.477978706e+01 
 1572.350  6359.907   2.477265930e+01 
 1572.360  6359.867   2.476537704e+01 
 1572.370  6359.826   2.475794411e+01 
 1572.380  6359.786   2.475037003e+01 
 1572.390  6359.745   2.474266434e+01 
 1572.400  6359.705   2.473483849e+01 
 1572.410  6359.664   2.472690201e+01 
 1572.420  6359.624   2.471887016e+01 
 1572.430  6359.583   2.471075630e+01 
 1572.440  6359.543   2.470267296e+01 
 1572.450  6359.503   2.469443893e+01 
 1572.460  6359.462   2.468617058e+01 
 1572.470  6359.422   2.467788506e+01 
 1572.480  6359.381   2.466960144e+01 
 1572.490  6359.341   2.466134071e+01 
 1572.500  6359.300   2.465311813e+01 
 1572.510  6359.260   2.464496040e+01 
 1572.520  6359.220   2.463688469e+01 
 1572.530  6359.179   2.462891579e+01 
 1572.540  6359.139   2.462107658e+01 
 1572.550  6359.098   2.461338806e+01 
 1572.560  6359.058   2.460587502e+01 
 1572.570  6359.018   2.459864998e+01 
 1572.580  6358.977   2.459155464e+01 
 1572.590  6358.937   2.458470345e+01 
 1572.600  6358.896   2.457812309e+01 
 1572.610  6358.856   2.457183456e+01 
 1572.620  6358.815   2.456586075e+01 
 1572.630  6358.775   2.456022263e+01 
 1572.640  6358.734   2.455494118e+01 
 1572.650  6358.694   2.455003929e+01 
 1572.660  6358.653   2.454553795e+01 
 1572.670  6358.613   2.454145622e+01 
 1572.680  6358.572   2.453781509e+01 
 1572.690  6358.532   2.453466606e+01 
 1572.700  6358.492   2.453195000e+01 
 1572.710  6358.451   2.452972221e+01 
 1572.720  6358.411   2.452799988e+01 
 1572.730  6358.371   2.452679634e+01 
 1572.740  6358.330   2.452612305e+01 
 1572.750  6358.290   2.452599144e+01 
 1572.760  6358.249   2.452641106e+01 
 1572.770  6358.209   2.452738953e+01 
 1572.780  6358.168   2.452893257e+01 
 1572.790  6358.128   2.453104782e+01 
 1572.800  6358.087   2.453373718e+01 
 1572.810  6358.047   2.453700447e+01 
 1572.820  6358.007   2.454080009e+01 
 1572.830  6357.966   2.454521561e+01 
 1572.840  6357.926   2.455020714e+01 
 1572.850  6357.885   2.455576897e+01 
 1572.860  6357.845   2.456189919e+01 
 1572.870  6357.805   2.456859207e+01 
 1572.880  6357.764   2.457584000e+01 
 1572.890  6357.724   2.458363152e+01 
 1572.900  6357.683   2.459196281e+01 
 1572.910  6357.643   2.460081863e+01 
 1572.920  6357.602   2.461018944e+01 
 1572.930  6357.562   2.462005806e+01 
 1572.940  6357.522   2.463028336e+01 
 1572.950  6357.481   2.464110565e+01 
 1572.960  6357.441   2.465238380e+01 
 1572.970  6357.400   2.466410255e+01 
 1572.980  6357.360   2.467624855e+01 
 1572.990  6357.320   2.468880272e+01 
 1573.000  6357.279   2.470174980e+01 
 1573.010  6357.239   2.471507263e+01 
 1573.020  6357.198   2.472875023e+01 
 1573.030  6357.158   2.474276733e+01 
 1573.040  6357.117   2.475710678e+01 
 1573.050  6357.077   2.477174950e+01 
 1573.060  6357.036   2.478668022e+01 
 1573.070  6356.996   2.480169296e+01 
 1573.080  6356.956   2.481714249e+01 
 1573.090  6356.916   2.483282852e+01 
 1573.100  6356.875   2.484873581e+01 
 1573.110  6356.835   2.486484718e+01 
 1573.120  6356.794   2.488114929e+01 
 1573.130  6356.754   2.489762688e+01 
 1573.140  6356.713   2.491426849e+01 
 1573.150  6356.673   2.493105888e+01 
 1573.160  6356.632   2.494798660e+01 
 1573.170  6356.592   2.496504211e+01 
 1573.180  6356.551   2.498221207e+01 
 1573.190  6356.512   2.499927711e+01 
 1573.200  6356.471   2.501665115e+01 
 1573.210  6356.431   2.503411674e+01 
 1573.220  6356.390   2.505166626e+01 
 1573.230  6356.350   2.506929016e+01 
 1573.240  6356.309   2.508698273e+01 
 1573.250  6356.269   2.510474014e+01 
 1573.260  6356.228   2.512256241e+01 
 1573.270  6356.188   2.514044380e+01 
 1573.280  6356.148   2.515838242e+01 
 1573.290  6356.107   2.517638016e+01 
 1573.300  6356.067   2.519443130e+01 
 1573.310  6356.026   2.521253967e+01 
 1573.320  6355.986   2.523048401e+01 
 1573.330  6355.946   2.524870491e+01 
 1573.340  6355.905   2.526698685e+01 
 1573.350  6355.865   2.528533173e+01 
 1573.360  6355.825   2.530373955e+01 
 1573.370  6355.784   2.532221603e+01 
 1573.380  6355.744   2.534076500e+01 
 1573.390  6355.703   2.535939026e+01 
 1573.400  6355.663   2.537809372e+01 
 1573.410  6355.622   2.539688110e+01 
 1573.420  6355.582   2.541575813e+01 
 1573.430  6355.541   2.543472672e+01 
 1573.440  6355.502   2.545356178e+01 
 1573.450  6355.461   2.547273064e+01 
 1573.460  6355.421   2.549200439e+01 
 1573.470  6355.380   2.551139259e+01 
 1573.480  6355.340   2.553089714e+01 
 1573.490  6355.299   2.555052376e+01 
 1573.500  6355.259   2.557027435e+01 
 1573.510  6355.219   2.559015656e+01 
 1573.520  6355.178   2.561017418e+01 
 1573.530  6355.138   2.563032722e+01 
 1573.540  6355.097   2.565062141e+01 
 1573.550  6355.057   2.567105675e+01 
 1573.560  6355.016   2.569163704e+01 
 1573.570  6354.976   2.571211243e+01 
 1573.580  6354.936   2.573298836e+01 
 1573.590  6354.896   2.575401878e+01 
 1573.600  6354.855   2.577519989e+01 
 1573.610  6354.815   2.579653740e+01 
 1573.620  6354.774   2.581802940e+01 
 1573.630  6354.734   2.583967781e+01 
 1573.640  6354.694   2.586147881e+01 
 1573.650  6354.653   2.588343620e+01 
 1573.660  6354.613   2.590554428e+01 
 1573.670  6354.572   2.592780495e+01 
 1573.680  6354.532   2.595021248e+01 
 1573.690  6354.492   2.597249413e+01 
 1573.700  6354.451   2.599519157e+01 
 1573.710  6354.411   2.601803207e+01 
 1573.720  6354.371   2.604100800e+01 
 1573.730  6354.330   2.606411934e+01 
 1573.740  6354.290   2.608736229e+01 
 1573.750  6354.249   2.611072922e+01 
 1573.760  6354.209   2.613421631e+01 
 1573.770  6354.169   2.615782166e+01 
 1573.780  6354.128   2.618153572e+01 
 1573.790  6354.088   2.620535469e+01 
 1573.800  6354.047   2.622927475e+01 
 1573.810  6354.007   2.625328827e+01 
 1573.820  6353.967   2.627709579e+01 
 1573.830  6353.927   2.630127716e+01 
 1573.840  6353.886   2.632553673e+01 
 1573.850  6353.846   2.634986305e+01 
 1573.860  6353.805   2.637424660e+01 
 1573.870  6353.765   2.639868355e+01 
 1573.880  6353.725   2.642316628e+01 
 1573.890  6353.684   2.644769096e+01 
 1573.900  6353.644   2.647224426e+01 
 1573.910  6353.603   2.649682617e+01 
 1573.920  6353.563   2.652142525e+01 
 1573.930  6353.522   2.654603386e+01 
 1573.940  6353.483   2.657034874e+01 
 1573.950  6353.442   2.659495735e+01 
 1573.960  6353.402   2.661955833e+01 
 1573.970  6353.361   2.664413834e+01 
 1573.980  6353.321   2.666869354e+01 
 1573.990  6353.281   2.669321823e+01 
