 1571.020  6365.291   2.246570778e+01 
 1571.030  6365.251   2.247152328e+01 
 1571.040  6365.210   2.247733116e+01 
 1571.050  6365.170   2.248312187e+01 
 1571.060  6365.129   2.248889542e+01 
 1571.070  6365.089   2.249457550e+01 
 1571.080  6365.048   2.250029564e+01 
 1571.090  6365.008   2.250597954e+01 
 1571.100  6364.967   2.251162529e+01 
 1571.110  6364.927   2.251722527e+01 
 1571.120  6364.886   2.252277374e+01 
 1571.130  6364.846   2.252826500e+01 
 1571.140  6364.805   2.253369522e+01 
 1571.150  6364.765   2.253905487e+01 
 1571.160  6364.724   2.254434013e+01 
 1571.170  6364.683   2.254955101e+01 
 1571.180  6364.643   2.255467796e+01 
 1571.190  6364.603   2.255965805e+01 
 1571.200  6364.562   2.256460762e+01 
 1571.210  6364.522   2.256945801e+01 
 1571.220  6364.481   2.257420540e+01 
 1571.230  6364.441   2.257884407e+01 
 1571.240  6364.400   2.258336830e+01 
 1571.250  6364.360   2.258777428e+01 
 1571.260  6364.319   2.259205818e+01 
 1571.270  6364.278   2.259621048e+01 
 1571.280  6364.238   2.260023117e+01 
 1571.290  6364.197   2.260411263e+01 
 1571.300  6364.157   2.260785484e+01 
 1571.310  6364.116   2.261145210e+01 
 1571.320  6364.076   2.261486053e+01 
 1571.330  6364.036   2.261815834e+01 
 1571.340  6363.995   2.262129974e+01 
 1571.350  6363.955   2.262428284e+01 
 1571.360  6363.914   2.262710190e+01 
 1571.370  6363.874   2.262975693e+01 
 1571.380  6363.833   2.263224411e+01 
 1571.390  6363.793   2.263456154e+01 
 1571.400  6363.752   2.263670731e+01 
 1571.410  6363.711   2.263867950e+01 
 1571.420  6363.671   2.264047813e+01 
 1571.430  6363.630   2.264209938e+01 
 1571.440  6363.590   2.264352608e+01 
 1571.450  6363.550   2.264479637e+01 
 1571.460  6363.509   2.264588737e+01 
 1571.470  6363.469   2.264680099e+01 
 1571.480  6363.428   2.264753914e+01 
 1571.490  6363.388   2.264809608e+01 
 1571.500  6363.347   2.264848137e+01 
 1571.510  6363.307   2.264869499e+01 
 1571.520  6363.266   2.264873695e+01 
 1571.530  6363.226   2.264861107e+01 
 1571.540  6363.185   2.264832115e+01 
 1571.550  6363.144   2.264786720e+01 
 1571.560  6363.104   2.264725304e+01 
 1571.570  6363.064   2.264649200e+01 
 1571.580  6363.023   2.264557266e+01 
 1571.590  6362.983   2.264450264e+01 
 1571.600  6362.942   2.264329147e+01 
 1571.610  6362.902   2.264193916e+01 
 1571.620  6362.861   2.264045525e+01 
 1571.630  6362.821   2.263883972e+01 
 1571.640  6362.780   2.263710403e+01 
 1571.650  6362.740   2.263525009e+01 
 1571.660  6362.699   2.263328362e+01 
 1571.670  6362.659   2.263121033e+01 
 1571.680  6362.618   2.262903786e+01 
 1571.690  6362.578   2.262680054e+01 
 1571.700  6362.538   2.262444878e+01 
 1571.710  6362.497   2.262201500e+01 
 1571.720  6362.457   2.261950874e+01 
 1571.730  6362.416   2.261693192e+01 
 1571.740  6362.375   2.261429405e+01 
 1571.750  6362.335   2.261159897e+01 
 1571.760  6362.294   2.260885429e+01 
 1571.770  6362.254   2.260606766e+01 
 1571.780  6362.213   2.260323906e+01 
 1571.790  6362.173   2.260037994e+01 
 1571.800  6362.132   2.259749222e+01 
 1571.810  6362.092   2.259458160e+01 
 1571.820  6362.052   2.259168816e+01 
 1571.830  6362.011   2.258874512e+01 
 1571.840  6361.971   2.258579254e+01 
 1571.850  6361.930   2.258283615e+01 
 1571.860  6361.890   2.257987785e+01 
 1571.870  6361.849   2.257692146e+01 
 1571.880  6361.809   2.257396889e+01 
 1571.890  6361.768   2.257102203e+01 
 1571.900  6361.728   2.256808281e+01 
 1571.910  6361.687   2.256515121e+01 
 1571.920  6361.647   2.256223106e+01 
 1571.930  6361.606   2.255931854e+01 
 1571.940  6361.566   2.255645180e+01 
 1571.950  6361.526   2.255355644e+01 
 1571.960  6361.485   2.255066872e+01 
 1571.970  6361.445   2.254778481e+01 
 1571.980  6361.404   2.254490471e+01 
 1571.990  6361.364   2.254202652e+01 
 1572.000  6361.323   2.253914261e+01 
 1572.010  6361.283   2.253625298e+01 
 1572.020  6361.242   2.253334999e+01 
 1572.030  6361.202   2.253043175e+01 
 1572.040  6361.161   2.252749252e+01 
 1572.050  6361.121   2.252452660e+01 
 1572.060  6361.080   2.252152824e+01 
 1572.070  6361.040   2.251852989e+01 
 1572.080  6361.000   2.251544762e+01 
 1572.090  6360.959   2.251231575e+01 
 1572.100  6360.919   2.250912285e+01 
 1572.110  6360.878   2.250586700e+01 
 1572.120  6360.838   2.250253677e+01 
 1572.130  6360.797   2.249912834e+01 
 1572.140  6360.757   2.249563026e+01 
 1572.150  6360.716   2.249203873e+01 
 1572.160  6360.676   2.248834610e+01 
 1572.170  6360.635   2.248454285e+01 
 1572.180  6360.595   2.248062325e+01 
 1572.190  6360.555   2.247663307e+01 
 1572.200  6360.514   2.247246742e+01 
 1572.210  6360.474   2.246816826e+01 
 1572.220  6360.433   2.246373177e+01 
 1572.230  6360.393   2.245915031e+01 
 1572.240  6360.352   2.245442200e+01 
 1572.250  6360.312   2.244954109e+01 
 1572.260  6360.271   2.244450569e+01 
 1572.270  6360.231   2.243931198e+01 
 1572.280  6360.190   2.243395805e+01 
 1572.290  6360.150   2.242844582e+01 
 1572.300  6360.109   2.242277145e+01 
 1572.310  6360.069   2.241693878e+01 
 1572.320  6360.029   2.241102219e+01 
 1572.330  6359.988   2.240487862e+01 
 1572.340  6359.948   2.239858246e+01 
 1572.350  6359.907   2.239213943e+01 
 1572.360  6359.867   2.238555527e+01 
 1572.370  6359.826   2.237883568e+01 
 1572.380  6359.786   2.237198830e+01 
 1572.390  6359.745   2.236502075e+01 
 1572.400  6359.705   2.235794449e+01 
 1572.410  6359.664   2.235076904e+01 
 1572.420  6359.624   2.234350777e+01 
 1572.430  6359.583   2.233617020e+01 
 1572.440  6359.543   2.232886314e+01 
 1572.450  6359.503   2.232141876e+01 
 1572.460  6359.462   2.231394386e+01 
 1572.470  6359.422   2.230645180e+01 
 1572.480  6359.381   2.229896355e+01 
 1572.490  6359.341   2.229149246e+01 
 1572.500  6359.300   2.228405952e+01 
 1572.510  6359.260   2.227668190e+01 
 1572.520  6359.220   2.226938057e+01 
 1572.530  6359.179   2.226217651e+01 
 1572.540  6359.139   2.225508690e+01 
 1572.550  6359.098   2.224813652e+01 
 1572.560  6359.058   2.224134254e+01 
 1572.570  6359.018   2.223480797e+01 
 1572.580  6358.977   2.222839355e+01 
 1572.590  6358.937   2.222219849e+01 
 1572.600  6358.896   2.221624756e+01 
 1572.610  6358.856   2.221055984e+01 
 1572.620  6358.815   2.220515823e+01 
 1572.630  6358.775   2.220005989e+01 
 1572.640  6358.734   2.219528198e+01 
 1572.650  6358.694   2.219084930e+01 
 1572.660  6358.653   2.218677711e+01 
 1572.670  6358.613   2.218308640e+01 
 1572.680  6358.572   2.217979050e+01 
 1572.690  6358.532   2.217694283e+01 
 1572.700  6358.492   2.217448425e+01 
 1572.710  6358.451   2.217246819e+01 
 1572.720  6358.411   2.217090797e+01 
 1572.730  6358.371   2.216981697e+01 
 1572.740  6358.330   2.216920662e+01 
 1572.750  6358.290   2.216908264e+01 
 1572.760  6358.249   2.216945839e+01 
 1572.770  6358.209   2.217033958e+01 
 1572.780  6358.168   2.217173195e+01 
 1572.790  6358.128   2.217364120e+01 
 1572.800  6358.087   2.217606926e+01 
 1572.810  6358.047   2.217901993e+01 
 1572.820  6358.007   2.218244743e+01 
 1572.830  6357.966   2.218643379e+01 
 1572.840  6357.926   2.219094086e+01 
 1572.850  6357.885   2.219596672e+01 
 1572.860  6357.845   2.220150375e+01 
 1572.870  6357.805   2.220755005e+01 
 1572.880  6357.764   2.221409607e+01 
 1572.890  6357.724   2.222113609e+01 
 1572.900  6357.683   2.222866249e+01 
 1572.910  6357.643   2.223666382e+01 
 1572.920  6357.602   2.224513054e+01 
 1572.930  6357.562   2.225404739e+01 
 1572.940  6357.522   2.226328659e+01 
 1572.950  6357.481   2.227306366e+01 
 1572.960  6357.441   2.228325272e+01 
 1572.970  6357.400   2.229384232e+01 
 1572.980  6357.360   2.230481720e+01 
 1572.990  6357.320   2.231616020e+01 
 1573.000  6357.279   2.232785988e+01 
 1573.010  6357.239   2.233989716e+01 
 1573.020  6357.198   2.235225487e+01 
 1573.030  6357.158   2.236492157e+01 
 1573.040  6357.117   2.237787819e+01 
 1573.050  6357.077   2.239110947e+01 
 1573.060  6357.036   2.240460014e+01 
 1573.070  6356.996   2.241816711e+01 
 1573.080  6356.956   2.243212700e+01 
 1573.090  6356.916   2.244630051e+01 
 1573.100  6356.875   2.246067238e+01 
 1573.110  6356.835   2.247523117e+01 
 1573.120  6356.794   2.248996162e+01 
 1573.130  6356.754   2.250485039e+01 
 1573.140  6356.713   2.251988602e+01 
 1573.150  6356.673   2.253505707e+01 
 1573.160  6356.632   2.255035400e+01 
 1573.170  6356.592   2.256576347e+01 
 1573.180  6356.551   2.258127785e+01 
 1573.190  6356.512   2.259669876e+01 
 1573.200  6356.471   2.261239624e+01 
 1573.210  6356.431   2.262817764e+01 
 1573.220  6356.390   2.264403534e+01 
 1573.230  6356.350   2.265995789e+01 
 1573.240  6356.309   2.267594337e+01 
 1573.250  6356.269   2.269198990e+01 
 1573.260  6356.228   2.270809174e+01 
 1573.270  6356.188   2.272424889e+01 
 1573.280  6356.148   2.274045753e+01 
 1573.290  6356.107   2.275671577e+01 
 1573.300  6356.067   2.277302742e+01 
 1573.310  6356.026   2.278938866e+01 
 1573.320  6355.986   2.280559921e+01 
 1573.330  6355.946   2.282206345e+01 
 1573.340  6355.905   2.283858109e+01 
 1573.350  6355.865   2.285515404e+01 
 1573.360  6355.825   2.287178612e+01 
 1573.370  6355.784   2.288847923e+01 
 1573.380  6355.744   2.290523720e+01 
 1573.390  6355.703   2.292206192e+01 
 1573.400  6355.663   2.293896103e+01 
 1573.410  6355.622   2.295593452e+01 
 1573.420  6355.582   2.297298813e+01 
 1573.430  6355.541   2.299012375e+01 
 1573.440  6355.502   2.300713921e+01 
 1573.450  6355.461   2.302445793e+01 
 1573.460  6355.421   2.304187012e+01 
 1573.470  6355.380   2.305938530e+01 
 1573.480  6355.340   2.307700539e+01 
 1573.490  6355.299   2.309473610e+01 
 1573.500  6355.259   2.311257935e+01 
 1573.510  6355.219   2.313054085e+01 
 1573.520  6355.178   2.314862251e+01 
 1573.530  6355.138   2.316683006e+01 
 1573.540  6355.097   2.318516159e+01 
 1573.550  6355.057   2.320362282e+01 
 1573.560  6355.016   2.322221375e+01 
 1573.570  6354.976   2.324070930e+01 
 1573.580  6354.936   2.325956917e+01 
 1573.590  6354.896   2.327856636e+01 
 1573.600  6354.855   2.329770088e+01 
 1573.610  6354.815   2.331697655e+01 
 1573.620  6354.774   2.333639145e+01 
 1573.630  6354.734   2.335594559e+01 
 1573.640  6354.694   2.337564087e+01 
 1573.650  6354.653   2.339547539e+01 
 1573.660  6354.613   2.341544533e+01 
 1573.670  6354.572   2.343555450e+01 
 1573.680  6354.532   2.345579720e+01 
 1573.690  6354.492   2.347592354e+01 
 1573.700  6354.451   2.349642754e+01 
 1573.710  6354.411   2.351705933e+01 
 1573.720  6354.371   2.353781509e+01 
 1573.730  6354.330   2.355869102e+01 
 1573.740  6354.290   2.357968712e+01 
 1573.750  6354.249   2.360079384e+01 
 1573.760  6354.209   2.362201118e+01 
 1573.770  6354.169   2.364333344e+01 
 1573.780  6354.128   2.366475487e+01 
 1573.790  6354.088   2.368627167e+01 
 1573.800  6354.047   2.370787811e+01 
 1573.810  6354.007   2.372957039e+01 
 1573.820  6353.967   2.375107574e+01 
 1573.830  6353.927   2.377291870e+01 
 1573.840  6353.886   2.379483223e+01 
 1573.850  6353.846   2.381680679e+01 
 1573.860  6353.805   2.383883286e+01 
 1573.870  6353.765   2.386090660e+01 
 1573.880  6353.725   2.388302422e+01 
 1573.890  6353.684   2.390517616e+01 
 1573.900  6353.644   2.392735672e+01 
 1573.910  6353.603   2.394956017e+01 
 1573.920  6353.563   2.397178078e+01 
 1573.930  6353.522   2.399401093e+01 
 1573.940  6353.483   2.401597214e+01 
 1573.950  6353.442   2.403820419e+01 
 1573.960  6353.402   2.406042480e+01 
 1573.970  6353.361   2.408262825e+01 
 1573.980  6353.321   2.410481071e+01 
 1573.990  6353.281   2.412696266e+01 
