                                                         |                     -1.000000000 ( 90.00)                       
78.29  0.00 352.00 5.919989e-05 2.955713e+13 2.002897e-18  1.988735e-02 1.988176e-02  4.748703152 1.403581e+14 1.403581e+14 
78.31  0.00 352.00 5.924849e-05 2.958140e+13 2.002897e-18  1.985412e-02 1.984853e-02  4.752750822 1.405930e+14 1.405930e+14 
78.35  0.00 352.00 5.929673e-05 2.960548e+13 2.002897e-18  1.978761e-02 1.978202e-02  4.764848370 1.410656e+14 1.410656e+14 
78.41  0.00 352.00 5.935849e-05 2.963632e+13 2.002897e-18  1.968775e-02 1.968217e-02  4.775478037 1.415276e+14 1.415276e+14 
78.49  0.00 352.00 5.940342e-05 2.965875e+13 2.002897e-18  1.955446e-02 1.954889e-02  4.795785643 1.422370e+14 1.422370e+14 
78.59  0.00 352.00 5.944956e-05 2.968179e+13 2.002897e-18  1.938757e-02 1.938201e-02  4.824641628 1.432040e+14 1.432040e+14 
78.70  0.00 352.00 5.949264e-05 2.970330e+13 2.002897e-18  1.920366e-02 1.919810e-02  4.867325585 1.445756e+14 1.445756e+14 
78.84  0.00 352.00 5.954237e-05 2.972812e+13 2.002897e-18  1.896909e-02 1.896354e-02  4.914552004 1.461004e+14 1.461004e+14 
78.99  0.00 352.00 5.958942e-05 2.975162e+13 2.002897e-18  1.871716e-02 1.871162e-02  4.967809659 1.478004e+14 1.478004e+14 
79.16  0.00 352.00 5.963027e-05 2.977201e+13 2.002897e-18  1.843090e-02 1.842539e-02  5.014217697 1.492834e+14 1.492834e+14 
79.35  0.00 352.00 5.967382e-05 2.979376e+13 2.002897e-18  1.811012e-02 1.810463e-02  5.080810295 1.513764e+14 1.513764e+14 
79.56  0.00 352.00 5.971427e-05 2.981395e+13 2.002897e-18  1.775455e-02 1.774908e-02  5.160199104 1.538459e+14 1.538459e+14 
79.78  0.00 352.00 5.975231e-05 2.983294e+13 2.002897e-18  1.738099e-02 1.737554e-02  5.248502350 1.565783e+14 1.565783e+14 
80.03  0.00 352.00 5.978557e-05 2.984955e+13 2.002897e-18  1.695527e-02 1.694985e-02  5.347707046 1.596267e+14 1.596267e+14 
80.26  0.00 352.00 5.982711e-05 2.987029e+13 2.002897e-18  1.656258e-02 1.655720e-02  5.430337422 1.622057e+14 1.622057e+14 
80.53  0.00 352.00 5.986222e-05 2.988782e+13 2.002897e-18  1.610053e-02 1.609519e-02  5.541410420 1.656207e+14 1.656207e+14 
80.83  0.00 352.00 5.989952e-05 2.990644e+13 2.002897e-18  1.558600e-02 1.558070e-02  5.677951483 1.698073e+14 1.698073e+14 
81.14  0.00 352.00 5.992714e-05 2.992023e+13 2.002897e-18  1.505340e-02 1.504815e-02  5.820722022 1.741574e+14 1.741574e+14 
81.47  0.00 352.00 5.994643e-05 2.992986e+13 2.002897e-18  1.448580e-02 1.448062e-02  5.966252514 1.785691e+14 1.785691e+14 
81.81  0.00 352.00 5.996406e-05 2.993866e+13 2.002897e-18  1.390086e-02 1.389574e-02  6.143519962 1.839288e+14 1.839288e+14 
82.17  0.00 352.00 5.996134e-05 2.993731e+13 2.002897e-18  1.328197e-02 1.327693e-02  6.329641915 1.894924e+14 1.894924e+14 
82.55  0.00 352.00 5.996670e-05 2.993998e+13 2.002897e-18  1.263004e-02 1.262509e-02  6.536954596 1.957163e+14 1.957163e+14 
82.94  0.00 352.00 5.994996e-05 2.993163e+13 2.002897e-18  1.196340e-02 1.195855e-02  6.763730012 2.024494e+14 2.024494e+14 
83.35  0.00 352.00 5.990922e-05 2.991128e+13 2.002897e-18  1.126647e-02 1.126172e-02  7.038881484 2.105420e+14 2.105420e+14 
83.78  0.00 352.00 5.983678e-05 2.987512e+13 2.002897e-18  1.054132e-02 1.053670e-02  7.326119142 2.188687e+14 2.188687e+14 
84.21  0.00 352.00 5.974061e-05 2.982710e+13 2.002897e-18  9.823806e-03 9.819320e-03  7.645554566 2.280448e+14 2.280448e+14 
84.67  0.00 352.00 5.960023e-05 2.975701e+13 2.002897e-18  9.066749e-03 9.062420e-03  8.012937238 2.384411e+14 2.384411e+14 
85.11  0.00 352.00 5.939932e-05 2.965670e+13 2.002897e-18  8.354878e-03 8.350709e-03  8.402696488 2.491963e+14 2.491963e+14 
85.58  0.00 352.00 5.909901e-05 2.950676e+13 2.002897e-18  7.610151e-03 7.606169e-03  8.856078438 2.613142e+14 2.613142e+14 
86.09  0.00 352.00 5.871820e-05 2.931663e+13 2.002897e-18  6.823384e-03 6.819620e-03  9.397166284 2.754933e+14 2.754933e+14 
86.59  0.00 352.00 5.823475e-05 2.907526e+13 2.002897e-18  6.076819e-03 6.073286e-03  9.986456327 2.903588e+14 2.903588e+14 
87.11  0.00 352.00 5.761141e-05 2.876404e+13 2.002897e-18  5.330003e-03 5.326729e-03 10.665375755 3.067793e+14 3.067793e+14 
87.63  0.00 352.00 5.681596e-05 2.836689e+13 2.002897e-18  4.617215e-03 4.614214e-03 11.443443950 3.246149e+14 3.246149e+14 
88.17  0.00 352.00 5.590783e-05 2.791348e+13 2.002897e-18  3.917410e-03 3.914709e-03 12.336805143 3.443632e+14 3.443632e+14 
88.72  0.00 352.00 5.485850e-05 2.738958e+13 2.002897e-18  3.252178e-03 3.249796e-03 13.356191674 3.658204e+14 3.658204e+14 
89.29  0.00 352.00 5.358103e-05 2.675177e+13 2.002897e-18  2.620480e-03 2.618436e-03 14.563254025 3.895928e+14 3.895928e+14 
89.86  0.00 352.00 5.184315e-05 2.588408e+13 2.002897e-18  2.059903e-03 2.058199e-03 15.962875328 4.131844e+14 4.131844e+14 
90.45  0.00 352.00 4.857039e-05 2.425007e+13 2.002897e-18  1.491136e-03 1.489866e-03 17.542840935 4.254151e+14 4.254151e+14 
91.05  0.00 352.00 4.233578e-05 2.113727e+13 2.002897e-18  1.072629e-03 1.071702e-03 20.422569966 4.316774e+14 4.316774e+14 
91.65  0.00 352.00 3.231073e-05 1.613200e+13 2.002897e-18  7.277597e-04 7.271729e-04 24.964937175 4.027343e+14 4.027343e+14 
92.27  0.00 352.00 2.024638e-05 1.010855e+13 2.002897e-18  4.679860e-04 4.676420e-04 36.319327138 3.671357e+14 3.671357e+14 
92.90  0.00 352.00 1.094634e-05 5.465254e+12 2.002897e-18  2.856917e-04 2.855180e-04 55.560393044 3.036517e+14 3.036517e+14 
93.54  0.00 352.00 4.730607e-06 2.361882e+12 2.002897e-18  1.755648e-04 1.754794e-04 102.851164595 2.429224e+14 2.429224e+14 
94.18  0.00 352.00 2.293814e-06 1.145248e+12 2.002897e-18  1.119780e-04 1.119356e-04 165.103814168 1.890849e+14 1.890849e+14 
94.83  0.00 352.00 1.057774e-06 5.281218e+11 2.002897e-18  7.550132e-05 7.548180e-05 244.449255745 1.290990e+14 1.290990e+14 
95.49  0.00 352.00 5.588739e-07 2.790328e+11 2.002897e-18  5.537549e-05 5.536580e-05 313.134090425 8.737468e+13 8.737468e+13 
96.16  0.00 352.00 3.473772e-07 1.734374e+11 2.002897e-18  4.275417e-05 4.274723e-05 467.320583006 8.105086e+13 8.105086e+13 
96.83  0.00 352.00 2.693674e-07 1.344889e+11 2.002897e-18  3.150166e-05 3.149577e-05 694.188389037 9.336065e+13 9.336065e+13 
