  580.000  7.242906e-06  6.656782e+02  1.537354e+02  1.126216e+02
  581.000  7.086172e-06  6.569592e+02  1.517218e+02  1.111480e+02
  582.000  7.159855e-06  6.685201e+02  1.543918e+02  1.131050e+02
  583.000  7.171654e-06  6.734626e+02  1.555332e+02  1.139418e+02
  584.000  7.110954e-06  6.715383e+02  1.550887e+02  1.136167e+02
  585.000  7.024952e-06  6.668855e+02  1.540144e+02  1.128300e+02
  586.000  6.686120e-06  6.380738e+02  1.473604e+02  1.079557e+02
  587.000  6.889250e-06  6.575076e+02  1.518485e+02  1.112425e+02
  588.000  6.701640e-06  6.332712e+02  1.462512e+02  1.071378e+02
  589.000  5.799707e-06  5.410489e+02  1.249530e+02  9.153107e+01
  590.000  6.014212e-06  5.634395e+02  1.301239e+02  9.531904e+01
  591.000  6.434153e-06  6.127717e+02  1.415170e+02  1.036685e+02
  592.000  6.233965e-06  5.931185e+02  1.369782e+02  1.003421e+02
  593.000  6.352346e-06  6.161823e+02  1.423046e+02  1.042486e+02
  594.000  6.354599e-06  6.174261e+02  1.425918e+02  1.044583e+02
  595.000  6.136663e-06  5.935511e+02  1.370780e+02  1.004167e+02
  596.000  6.342272e-06  6.256052e+02  1.444808e+02  1.058443e+02
  597.000  6.307850e-06  6.234304e+02  1.439785e+02  1.054757e+02
  598.000  6.180097e-06  6.182255e+02  1.427764e+02  1.045975e+02
  599.000  6.162357e-06  6.216648e+02  1.435707e+02  1.051808e+02
  600.000  6.161088e-06  6.294268e+02  1.453633e+02  1.064966e+02
