0 0 0.0706857
0 0 0.0706857
0 0 0.0706857
0 0 0.0706857
0 0 0.0706857
0 0 0.0707884
0 0 0.0707884
0 0 0.0707884
0 0 0.0707884
0 0 0.0707884
0 0 0.0708299
0 0 0.0708299
0 0 0.0708299
0 0 0.0708299
0 0 0.0708299
0 0 0.0709655
0 0 0.0709655
0 0 0.0709655
0 0 0.0709655
0 0 0.0709655
0 0 0.0710173
0 0 0.0710173
0 0 0.0710173
0 0 0.0710173
0 0 0.0710173
0 0 0.0710738
0 0 0.0710738
0 0 0.0710738
0 0 0.0710738
0 0 0.0711562
0 0 0.0711562
0 0 0.0711562
0 0 0.0711562
0 0 0.0711562
0 0 0.0712481
0 0 0.0712481
0 0 0.0712481
0 0 0.0712481
0 0 0.0712481
0 0 0.0713023
0 0 0.0713023
0 0 0.0713023
0 0 0.0713023
0 0 0.0713023
0 0 0.0714107
0 0 0.0714107
0 0 0.0714107
0 0 0.0714107
0 0 0.0714107
0 0 0.071468
0 0 0.071468
0 0 0.071468
0 0 0.071468
0 0 0.071468
0 0 0.0715095
0 0 0.0715095
0 0 0.0715095
0 0 0.0715095
0 0 0.0715095
0 0 0.0716177
0 0 0.0716177
0 0 0.0716177
0 0 0.0716177
0 0 0.0716791
0 0 0.0716791
0 0 0.0716791
0 0 0.0716791
0 0 0.0716791
0 0 0.071793
0 0 0.071793
0 0 0.071793
0 0 0.071793
0 0 0.071793
0 0 0.0718495
0 0 0.0718495
0 0 0.0718495
0 0 0.0718495
0 0 0.0718495
0 0 0.0719027
0 0 0.0719027
0 0 0.0719027
0 0 0.0719027
0 0 0.0719027
0 0 0.0720109
0 0 0.0720109
0 0 0.0720109
0 0 0.0720109
0 0 0.0720109
0 0 0.0720678
0 0 0.0720678
0 0 0.0720678
0 0 0.0720678
0 0 0.0720678
0 0 0.0721434
0 0 0.0721434
0 0 0.0721434
0 0 0.0721434
0 0 0.0721434
0 0 0.0722422
0 0 0.0722422
0 0 0.0722422
