  549.979  7.780239e+01  4.937803e+02  1.143165e+02 
  550.434  7.650023e+01  4.859931e+02  1.124987e+02 
  550.888  7.636390e+01  4.849186e+02  1.122565e+02 
  551.344  7.468131e+01  4.740969e+02  1.097556e+02 
  551.800  7.829137e+01  4.966204e+02  1.149824e+02 
  552.257  7.916834e+01  5.020883e+02  1.162513e+02 
  552.715  7.670087e+01  4.862454e+02  1.125892e+02 
  553.174  7.583155e+01  4.805294e+02  1.112722e+02 
  553.633  7.596886e+01  4.812072e+02  1.114352e+02 
  554.093  7.982287e+01  5.053837e+02  1.170413e+02 
  554.554  7.859210e+01  4.973535e+02  1.151891e+02 
  555.016  7.836864e+01  4.957357e+02  1.148209e+02 
  555.479  7.551883e+01  4.775386e+02  1.106115e+02 
  555.942  7.916449e+01  5.003064e+02  1.158942e+02 
  556.406  7.496371e+01  4.735809e+02  1.097089e+02 
  556.870  7.633263e+01  4.819187e+02  1.116503e+02 
  557.336  7.331575e+01  4.626450e+02  1.071922e+02 
  557.802  7.628979e+01  4.811880e+02  1.114956e+02 
  558.269  7.779247e+01  4.904024e+02  1.136390e+02 
  558.737  7.151996e+01  4.507233e+02  1.044487e+02 
  559.206  7.273101e+01  4.581384e+02  1.061739e+02 
  559.675  7.612998e+01  4.792137e+02  1.110687e+02 
  560.146  7.362627e+01  4.632460e+02  1.073745e+02 
