  549.979  6.790907e+01  4.891093e+02  1.114037e+02 
  550.434  6.677286e+01  4.814203e+02  1.096386e+02 
  550.888  6.665435e+01  4.803581e+02  1.094025e+02 
  551.344  6.518608e+01  4.696400e+02  1.069652e+02 
  551.800  6.833802e+01  4.919548e+02  1.120586e+02 
  552.257  6.910407e+01  4.973767e+02  1.132962e+02 
  552.715  6.695083e+01  4.816855e+02  1.097273e+02 
  553.174  6.619255e+01  4.760254e+02  1.084436e+02 
  553.633  6.631297e+01  4.767002e+02  1.086026e+02 
  554.093  6.967785e+01  5.006539e+02  1.140664e+02 
  554.554  6.860407e+01  4.927014e+02  1.122611e+02 
  555.016  6.840968e+01  4.911021e+02  1.119024e+02 
  555.479  6.592236e+01  4.730753e+02  1.077995e+02 
  555.942  6.910546e+01  4.956318e+02  1.129475e+02 
  556.406  6.543889e+01  4.691564e+02  1.069191e+02 
  556.870  6.663460e+01  4.774171e+02  1.088103e+02 
  557.336  6.400153e+01  4.583240e+02  1.044651e+02 
  557.802  6.659833e+01  4.766951e+02  1.086587e+02 
  558.269  6.791068e+01  4.858233e+02  1.107468e+02 
  558.737  6.243538e+01  4.465161e+02  1.017903e+02 
  559.206  6.349308e+01  4.538618e+02  1.034710e+02 
  559.675  6.646119e+01  4.747417e+02  1.082406e+02 
  560.146  6.427593e+01  4.589229e+02  1.046398e+02 
