  580.000  1.501761e-21  3.217501e+02  7.430500e+01  5.458911e+01
  581.000  1.449910e-21  3.186754e+02  7.359488e+01  5.406746e+01
  582.000  1.445565e-21  3.247923e+02  7.500748e+01  5.510525e+01
  583.000  1.428742e-21  3.272170e+02  7.556760e+01  5.551666e+01
  584.000  1.397817e-21  3.262570e+02  7.534577e+01  5.535377e+01
  585.000  1.362594e-21  3.238598e+02  7.479216e+01  5.494705e+01
  586.000  1.279681e-21  3.097510e+02  7.153394e+01  5.255332e+01
  587.000  1.300738e-21  3.177456e+02  7.338026e+01  5.390972e+01
  588.000  1.247009e-21  3.007331e+02  6.945137e+01  5.102332e+01
  589.000  1.062915e-21  2.527541e+02  5.837102e+01  4.288304e+01
  590.000  1.087490e-21  2.629125e+02  6.071701e+01  4.460654e+01
  591.000  1.149430e-21  2.886969e+02  6.667167e+01  4.898120e+01
  592.000  1.098189e-21  2.778503e+02  6.416682e+01  4.714095e+01
  593.000  1.105772e-21  2.922267e+02  6.748692e+01  4.958010e+01
  594.000  1.091172e-21  2.917790e+02  6.738348e+01  4.950413e+01
  595.000  1.038754e-21  2.780095e+02  6.420346e+01  4.716794e+01
  596.000  1.060844e-21  2.967586e+02  6.853342e+01  5.034899e+01
  597.000  1.040828e-21  2.947598e+02  6.807191e+01  5.000987e+01
  598.000  1.006846e-21  2.941058e+02  6.792080e+01  4.989891e+01
  599.000  9.909126e-22  2.966009e+02  6.849703e+01  5.032224e+01
  600.000  9.781181e-22  3.025782e+02  6.987747e+01  5.133636e+01
