  580.000  5.409634e+02  7.419327e+02  2.962822e+02  1.860203e+02
  581.000  5.327361e+02  7.308454e+02  2.918215e+02  1.832315e+02
  582.000  5.418857e+02  7.429001e+02  2.967185e+02  1.863013e+02
  583.000  5.465160e+02  7.481975e+02  2.990112e+02  1.877222e+02
  584.000  5.455772e+02  7.457870e+02  2.982378e+02  1.872161e+02
  585.000  5.426818e+02  7.405331e+02  2.963557e+02  1.860100e+02
  586.000  5.200292e+02  7.083812e+02  2.836987e+02  1.780421e+02
  587.000  5.398998e+02  7.322148e+02  2.937921e+02  1.843037e+02
  588.000  5.304966e+02  7.123387e+02  2.870303e+02  1.798924e+02
  589.000  4.645589e+02  6.164568e+02  2.496587e+02  1.562934e+02
  590.000  4.851689e+02  6.422627e+02  2.603784e+02  1.629721e+02
  591.000  5.207847e+02  6.924712e+02  2.801990e+02  1.754621e+02
  592.000  5.089186e+02  6.730964e+02  2.729842e+02  1.708609e+02
  593.000  5.200790e+02  6.919789e+02  2.799223e+02  1.753143e+02
  594.000  5.242308e+02  6.948558e+02  2.815456e+02  1.762719e+02
  595.000  5.110634e+02  6.724838e+02  2.733380e+02  1.710168e+02
  596.000  5.296810e+02  7.012449e+02  2.842797e+02  1.779775e+02
  597.000  5.307690e+02  7.001216e+02  2.842717e+02  1.779155e+02
  598.000  5.226722e+02  6.907253e+02  2.802316e+02  1.754265e+02
  599.000  5.243145e+02  6.927873e+02  2.810870e+02  1.759666e+02
  600.000  5.269622e+02  6.977090e+02  2.828351e+02  1.771041e+02
