20101015
1 2 3 7 57 1 1 1
25051 25050 300000 0 0 4.41786e-09 0.299 25050 25050 300000 0 0 7.85398e-09 0 0.5642 Nphotons_replaced_for_tests 3.263695e-13 1.104039e-13 3.454623e-14 4.713195e-13 2.696543e-13 1.048403e-13 3.366603e-14 4.081606e-13 
20101015
1 2 3 7 57 1 1 1
25051 25050 300000 0 0 4.41786e-09 0.299 25050 25050 300000 0 0 7.85398e-09 0 0.5642 Nphotons_replaced_for_tests 
0      580000.000000 8.556641e-14 3.990838e-15 9.671850e-17 8.965397e-14 5.159106e-14 3.715702e-15 9.200343e-17 5.539877e-14 
1      584000.000000 2.096935e-13 8.221337e-14 2.447609e-14 3.163830e-13 1.993397e-13 7.953367e-14 2.401003e-14 3.028834e-13 
2      588000.000000 6.805507e-15 6.429357e-15 2.216225e-15 1.545109e-14 3.369003e-16 4.867515e-15 1.983871e-15 7.188286e-15 
3      592000.000000 2.377795e-14 1.717665e-14 6.592130e-15 4.754673e-14 1.799156e-14 1.621744e-14 6.462297e-15 4.067129e-14 
4      596000.000000 2.312596e-16 3.948294e-16 9.788428e-16 1.604932e-15 1.002407e-16 3.072697e-16 9.319893e-16 1.339500e-15 
5      600000.000000 2.948026e-16 1.988185e-16 1.862292e-16 6.798503e-16 2.947981e-16 1.987154e-16 1.858416e-16 6.793551e-16 
6      604000.000000 0.000000e+00 0.000000e+00 0.000000e+00 0.000000e+00 0.000000e+00 0.000000e+00 0.000000e+00 0.000000e+00 
20120401
1 2 3 7 57 1 1 1
25051 25050 300000 0 0 4.41786e-09 0.299 25050 25050 300000 0 0 7.85398e-09 0.5642 Nphotons_replaced_for_tests 
0      580000.000000 0           0.000000 0.000000e+00 0.000000e+00 0.000000e+00 0.000000e+00 0.000000e+00 0.000000e+00 0.000000e+00 0.000000e+00 
0      580000.000000 1        1000.000000 0.000000e+00 0.000000e+00 0.000000e+00 0.000000e+00 0.000000e+00 0.000000e+00 0.000000e+00 0.000000e+00 
0      580000.000000 2        2000.000000 0.000000e+00 0.000000e+00 0.000000e+00 0.000000e+00 0.000000e+00 0.000000e+00 0.000000e+00 0.000000e+00 
0      580000.000000 3        2200.000000 0.000000e+00 0.000000e+00 0.000000e+00 0.000000e+00 0.000000e+00 0.000000e+00 0.000000e+00 0.000000e+00 
0      580000.000000 4        3000.000000 0.000000e+00 0.000000e+00 0.000000e+00 0.000000e+00 0.000000e+00 0.000000e+00 0.000000e+00 0.000000e+00 
0      580000.000000 5        4000.000000 0.000000e+00 0.000000e+00 0.000000e+00 0.000000e+00 0.000000e+00 0.000000e+00 0.000000e+00 0.000000e+00 
0      580000.000000 6        5000.000000 0.000000e+00 0.000000e+00 0.000000e+00 0.000000e+00 0.000000e+00 0.000000e+00 0.000000e+00 0.000000e+00 
0      580000.000000 7        6000.000000 0.000000e+00 0.000000e+00 0.000000e+00 0.000000e+00 0.000000e+00 0.000000e+00 0.000000e+00 0.000000e+00 
0      580000.000000 8        6800.000000 0.000000e+00 0.000000e+00 0.000000e+00 0.000000e+00 0.000000e+00 0.000000e+00 0.000000e+00 0.000000e+00 
0      580000.000000 9        7000.000000 0.000000e+00 0.000000e+00 0.000000e+00 0.000000e+00 0.000000e+00 0.000000e+00 0.000000e+00 0.000000e+00 
0      580000.000000 10        7200.000000 0.000000e+00 0.000000e+00 0.000000e+00 0.000000e+00 0.000000e+00 0.000000e+00 0.000000e+00 0.000000e+00 
0      580000.000000 11        7400.000000 0.000000e+00 0.000000e+00 0.000000e+00 0.000000e+00 0.000000e+00 0.000000e+00 0.000000e+00 0.000000e+00 
0      580000.000000 12        7600.000000 0.000000e+00 0.000000e+00 0.000000e+00 0.000000e+00 0.000000e+00 0.000000e+00 0.000000e+00 0.000000e+00 
0      580000.000000 13        7800.000000 0.000000e+00 0.000000e+00 0.000000e+00 0.000000e+00 0.000000e+00 0.000000e+00 0.000000e+00 0.000000e+00 
0      580000.000000 14        8000.000000 3.004896e-15 2.952724e-17 0.000000e+00 4.114282e-14 -1.574498e-16 3.233424e-17 0.000000e+00 4.145825e-14 
0      580000.000000 15        8200.000000 3.113623e-15 -1.857390e-17 0.000000e+00 6.351996e-15 -3.498150e-16 -1.049991e-17 0.000000e+00 6.562073e-15 
0      580000.000000 16        8400.000000 9.471750e-15 -8.444353e-17 0.000000e+00 0.000000e+00 -1.137048e-15 -3.759949e-17 0.000000e+00 0.000000e+00 
0      580000.000000 17        9000.000000 1.423274e-14 -1.429149e-16 0.000000e+00 0.000000e+00 -1.697377e-15 -3.471741e-17 0.000000e+00 0.000000e+00 
0      580000.000000 18       10000.000000 -2.445473e-15 -2.523912e-16 0.000000e+00 0.000000e+00 -1.513575e-15 -1.557935e-16 0.000000e+00 0.000000e+00 
0      580000.000000 19       11000.000000 -2.173436e-15 -1.949689e-16 0.000000e+00 0.000000e+00 -1.343028e-15 -1.204586e-16 0.000000e+00 0.000000e+00 
0      580000.000000 20       12000.000000 -1.920820e-15 -1.567917e-16 0.000000e+00 0.000000e+00 -1.186933e-15 -9.687302e-17 0.000000e+00 0.000000e+00 
0      580000.000000 21       13000.000000 -1.669059e-15 -1.298718e-16 0.000000e+00 0.000000e+00 -1.031341e-15 -8.025009e-17 0.000000e+00 0.000000e+00 
0      580000.000000 22       14000.000000 -1.422820e-15 -1.133349e-16 0.000000e+00 0.000000e+00 -8.791949e-16 -7.002583e-17 0.000000e+00 0.000000e+00 
0      580000.000000 23       15000.000000 -1.211830e-15 -1.052246e-16 0.000000e+00 0.000000e+00 -7.488114e-16 -6.502015e-17 0.000000e+00 0.000000e+00 
0      580000.000000 24       16000.000000 -1.035902e-15 -1.092873e-16 0.000000e+00 0.000000e+00 -6.401021e-16 -6.753058e-17 0.000000e+00 0.000000e+00 
0      580000.000000 25       17000.000000 -8.838271e-16 -1.279759e-16 0.000000e+00 0.000000e+00 -5.461324e-16 -7.907856e-17 0.000000e+00 0.000000e+00 
0      580000.000000 26       18000.000000 -7.521182e-16 -1.491021e-16 0.000000e+00 0.000000e+00 -4.647471e-16 -9.213280e-17 0.000000e+00 0.000000e+00 
0      580000.000000 27       19000.000000 -6.402945e-16 -1.584463e-16 0.000000e+00 0.000000e+00 -3.956493e-16 -9.790679e-17 0.000000e+00 0.000000e+00 
0      580000.000000 28       20000.000000 -5.453626e-16 -1.477478e-16 0.000000e+00 0.000000e+00 -3.369892e-16 -9.129600e-17 0.000000e+00 0.000000e+00 
0      580000.000000 29       21000.000000 -4.648414e-16 -1.248611e-16 0.000000e+00 0.000000e+00 -2.872337e-16 -7.715390e-17 0.000000e+00 0.000000e+00 
0      580000.000000 30       22000.000000 -3.969521e-16 -9.750544e-17 0.000000e+00 0.000000e+00 -2.452837e-16 -6.025033e-17 0.000000e+00 0.000000e+00 
0      580000.000000 31       23000.000000 -3.390060e-16 -6.744126e-17 0.000000e+00 0.000000e+00 -2.094778e-16 -4.167315e-17 0.000000e+00 0.000000e+00 
0      580000.000000 32       24000.000000 -2.894673e-16 -4.455457e-17 0.000000e+00 0.000000e+00 -1.788670e-16 -2.753106e-17 0.000000e+00 0.000000e+00 
0      580000.000000 33       25000.000000 -5.542441e-16 -7.214726e-17 0.000000e+00 0.000000e+00 -3.424772e-16 -4.458106e-17 0.000000e+00 0.000000e+00 
0      580000.000000 34       27500.000000 -3.755278e-16 -3.903603e-17 0.000000e+00 0.000000e+00 -2.320453e-16 -2.412105e-17 0.000000e+00 0.000000e+00 
0      580000.000000 35       30000.000000 -2.562459e-16 -1.698920e-17 0.000000e+00 0.000000e+00 -1.583389e-16 -1.049793e-17 0.000000e+00 0.000000e+00 
0      580000.000000 36       32500.000000 -1.758626e-16 -9.550739e-18 0.000000e+00 0.000000e+00 -1.086686e-16 -5.901570e-18 0.000000e+00 0.000000e+00 
0      580000.000000 37       35000.000000 -1.210815e-16 -6.628723e-18 0.000000e+00 0.000000e+00 -7.481842e-17 -4.096005e-18 0.000000e+00 0.000000e+00 
0      580000.000000 38       37500.000000 -8.441815e-17 -4.679167e-18 0.000000e+00 0.000000e+00 -5.216346e-17 -2.891340e-18 0.000000e+00 0.000000e+00 
0      580000.000000 39       40000.000000 -5.937621e-17 -3.243079e-18 0.000000e+00 0.000000e+00 -3.668961e-17 -2.003956e-18 0.000000e+00 0.000000e+00 
0      580000.000000 40       42500.000000 -4.215172e-17 -2.320459e-18 0.000000e+00 0.000000e+00 -2.604629e-17 -1.433852e-18 0.000000e+00 0.000000e+00 
0      580000.000000 41       45000.000000 -3.018164e-17 -1.637766e-18 0.000000e+00 0.000000e+00 -1.864977e-17 -1.012005e-18 0.000000e+00 0.000000e+00 
0      580000.000000 42       47500.000000 -2.193767e-17 -1.195001e-18 0.000000e+00 0.000000e+00 -1.355567e-17 -7.384125e-19 0.000000e+00 0.000000e+00 
0      580000.000000 43       50000.000000 -2.832125e-17 -1.722378e-18 0.000000e+00 0.000000e+00 -1.750020e-17 -1.064288e-18 0.000000e+00 0.000000e+00 
0      580000.000000 44       55000.000000 -1.568626e-17 -1.272659e-18 0.000000e+00 0.000000e+00 -9.692818e-18 -7.863986e-19 0.000000e+00 0.000000e+00 
0      580000.000000 45       60000.000000 -8.635351e-18 -8.229399e-19 0.000000e+00 0.000000e+00 -5.335936e-18 -5.085091e-19 0.000000e+00 0.000000e+00 
0      580000.000000 46       65000.000000 -4.660583e-18 -3.732207e-19 0.000000e+00 0.000000e+00 -2.879856e-18 -2.306196e-19 0.000000e+00 0.000000e+00 
0      580000.000000 47       70000.000000 -2.404188e-18 -1.360695e-19 0.000000e+00 0.000000e+00 -1.485590e-18 -8.407975e-20 0.000000e+00 0.000000e+00 
0      580000.000000 48       75000.000000 -1.145864e-18 -1.114866e-19 0.000000e+00 0.000000e+00 -7.080493e-19 -6.888952e-20 0.000000e+00 0.000000e+00 
0      580000.000000 49       80000.000000 -4.872443e-19 -8.690362e-20 0.000000e+00 0.000000e+00 -3.010769e-19 -5.369928e-20 0.000000e+00 0.000000e+00 
0      580000.000000 50       85000.000000 -1.860904e-19 -6.232066e-20 0.000000e+00 0.000000e+00 -1.149885e-19 -3.850904e-20 0.000000e+00 0.000000e+00 
0      580000.000000 51       90000.000000 -6.709689e-20 -3.773771e-20 0.000000e+00 0.000000e+00 -4.146035e-20 -2.331879e-20 0.000000e+00 0.000000e+00 
0      580000.000000 52       95000.000000 -2.458369e-20 -1.315475e-20 0.000000e+00 0.000000e+00 -1.519070e-20 -8.128554e-21 0.000000e+00 0.000000e+00 
0      580000.000000 53      100000.000000 -9.523397e-21 -4.316378e-22 0.000000e+00 0.000000e+00 -5.884675e-21 -2.667166e-22 0.000000e+00 0.000000e+00 
0      580000.000000 54      105000.000000 -3.912175e-21 0.000000e+00 0.000000e+00 0.000000e+00 -2.417402e-21 0.000000e+00 0.000000e+00 0.000000e+00 
0      580000.000000 55      110000.000000 -1.797262e-21 0.000000e+00 0.000000e+00 0.000000e+00 -1.110560e-21 0.000000e+00 0.000000e+00 0.000000e+00 
0      580000.000000 56      115000.000000 -9.053820e-22 0.000000e+00 0.000000e+00 0.000000e+00 -5.594515e-22 0.000000e+00 0.000000e+00 0.000000e+00 
1      584000.000000 0           0.000000 0.000000e+00 0.000000e+00 0.000000e+00 0.000000e+00 0.000000e+00 0.000000e+00 0.000000e+00 0.000000e+00 
1      584000.000000 1        1000.000000 0.000000e+00 0.000000e+00 0.000000e+00 0.000000e+00 0.000000e+00 0.000000e+00 0.000000e+00 0.000000e+00 
1      584000.000000 2        2000.000000 0.000000e+00 0.000000e+00 0.000000e+00 0.000000e+00 0.000000e+00 0.000000e+00 0.000000e+00 0.000000e+00 
1      584000.000000 3        2200.000000 0.000000e+00 0.000000e+00 0.000000e+00 0.000000e+00 0.000000e+00 0.000000e+00 0.000000e+00 0.000000e+00 
1      584000.000000 4        3000.000000 0.000000e+00 0.000000e+00 0.000000e+00 0.000000e+00 0.000000e+00 0.000000e+00 0.000000e+00 0.000000e+00 
1      584000.000000 5        4000.000000 0.000000e+00 0.000000e+00 0.000000e+00 0.000000e+00 0.000000e+00 0.000000e+00 0.000000e+00 0.000000e+00 
1      584000.000000 6        5000.000000 0.000000e+00 0.000000e+00 0.000000e+00 0.000000e+00 0.000000e+00 0.000000e+00 0.000000e+00 0.000000e+00 
1      584000.000000 7        6000.000000 3.348208e-15 7.538079e-17 0.000000e+00 0.000000e+00 -8.418127e-17 1.028469e-16 0.000000e+00 0.000000e+00 
1      584000.000000 8        6800.000000 8.610993e-16 -1.521960e-17 0.000000e+00 4.283813e-15 -8.828034e-17 -8.688554e-19 0.000000e+00 4.560149e-15 
1      584000.000000 9        7000.000000 7.721359e-16 -6.219179e-17 0.000000e+00 1.105779e-14 -1.932076e-16 -4.549540e-17 0.000000e+00 1.191676e-14 
1      584000.000000 10        7200.000000 7.449203e-16 -1.490875e-16 0.000000e+00 1.736940e-14 -4.419311e-16 -1.306293e-16 0.000000e+00 1.906767e-14 
1      584000.000000 11        7400.000000 7.029517e-16 -2.765764e-16 0.000000e+00 1.738573e-14 -8.758817e-16 -2.562342e-16 0.000000e+00 2.034438e-14 
1      584000.000000 12        7600.000000 6.912967e-16 -4.150991e-16 0.000000e+00 1.067647e-14 -1.467248e-15 -3.925838e-16 0.000000e+00 1.428344e-14 
1      584000.000000 13        7800.000000 7.737723e-16 -5.046759e-16 0.000000e+00 -4.224911e-15 -2.049588e-15 -4.798860e-16 0.000000e+00 -6.231420e-16 
1      584000.000000 14        8000.000000 -2.170950e-15 -5.736316e-16 0.000000e+00 -5.350034e-14 -2.082929e-15 -5.490672e-16 0.000000e+00 -5.073998e-14 
1      584000.000000 15        8200.000000 -2.175510e-15 -5.196771e-16 0.000000e+00 -1.151365e-14 -2.082923e-15 -4.974812e-16 0.000000e+00 -1.093614e-14 
1      584000.000000 16        8400.000000 -6.526948e-15 -1.226990e-15 0.000000e+00 0.000000e+00 -6.248777e-15 -1.174613e-15 0.000000e+00 0.000000e+00 
1      584000.000000 17        9000.000000 -9.710949e-15 -1.324910e-15 0.000000e+00 0.000000e+00 -9.296750e-15 -1.268370e-15 0.000000e+00 0.000000e+00 
1      584000.000000 18       10000.000000 -8.643971e-15 -8.921212e-16 0.000000e+00 0.000000e+00 -8.275216e-15 -8.540533e-16 0.000000e+00 0.000000e+00 
1      584000.000000 19       11000.000000 -7.669937e-15 -6.880777e-16 0.000000e+00 0.000000e+00 -7.342780e-15 -6.587141e-16 0.000000e+00 0.000000e+00 
1      584000.000000 20       12000.000000 -6.778569e-15 -5.533962e-16 0.000000e+00 0.000000e+00 -6.489354e-15 -5.297830e-16 0.000000e+00 0.000000e+00 
1      584000.000000 21       13000.000000 -5.889982e-15 -4.582939e-16 0.000000e+00 0.000000e+00 -5.638682e-15 -4.387385e-16 0.000000e+00 0.000000e+00 
1      584000.000000 22       14000.000000 -5.021074e-15 -3.999877e-16 0.000000e+00 0.000000e+00 -4.806850e-15 -3.829202e-16 0.000000e+00 0.000000e+00 
1      584000.000000 23       15000.000000 -4.276470e-15 -3.713308e-16 0.000000e+00 0.000000e+00 -4.094000e-15 -3.554867e-16 0.000000e+00 0.000000e+00 
1      584000.000000 24       16000.000000 -3.655611e-15 -3.856424e-16 0.000000e+00 0.000000e+00 -3.499650e-15 -3.691866e-16 0.000000e+00 0.000000e+00 
1      584000.000000 25       17000.000000 -3.118968e-15 -4.516185e-16 0.000000e+00 0.000000e+00 -2.985887e-15 -4.323487e-16 0.000000e+00 0.000000e+00 
1      584000.000000 26       18000.000000 -2.654176e-15 -5.261715e-16 0.000000e+00 0.000000e+00 -2.540927e-15 -5.037206e-16 0.000000e+00 0.000000e+00 
1      584000.000000 27       19000.000000 -2.259557e-15 -5.591468e-16 0.000000e+00 0.000000e+00 -2.163146e-15 -5.352889e-16 0.000000e+00 0.000000e+00 
1      584000.000000 28       20000.000000 -1.924549e-15 -5.213924e-16 0.000000e+00 0.000000e+00 -1.842431e-15 -4.991455e-16 0.000000e+00 0.000000e+00 
1      584000.000000 29       21000.000000 -1.640395e-15 -4.406268e-16 0.000000e+00 0.000000e+00 -1.570402e-15 -4.218259e-16 0.000000e+00 0.000000e+00 
1      584000.000000 30       22000.000000 -1.400818e-15 -3.440903e-16 0.000000e+00 0.000000e+00 -1.341047e-15 -3.294086e-16 0.000000e+00 0.000000e+00 
1      584000.000000 31       23000.000000 -1.196330e-15 -2.379958e-16 0.000000e+00 0.000000e+00 -1.145284e-15 -2.278409e-16 0.000000e+00 0.000000e+00 
1      584000.000000 32       24000.000000 -1.021511e-15 -1.572302e-16 0.000000e+00 0.000000e+00 -9.779250e-16 -1.505214e-16 0.000000e+00 0.000000e+00 
1      584000.000000 33       25000.000000 -1.955891e-15 -2.546030e-16 0.000000e+00 0.000000e+00 -1.872436e-15 -2.437395e-16 0.000000e+00 0.000000e+00 
1      584000.000000 34       27500.000000 -1.325213e-15 -1.377556e-16 0.000000e+00 0.000000e+00 -1.268668e-15 -1.318778e-16 0.000000e+00 0.000000e+00 
1      584000.000000 35       30000.000000 -9.042751e-16 -5.995378e-17 0.000000e+00 0.000000e+00 -8.656911e-16 -5.739565e-17 0.000000e+00 0.000000e+00 
1      584000.000000 36       32500.000000 -6.206075e-16 -3.370393e-17 0.000000e+00 0.000000e+00 -5.941272e-16 -3.226584e-17 0.000000e+00 0.000000e+00 
1      584000.000000 37       35000.000000 -4.272889e-16 -2.339233e-17 0.000000e+00 0.000000e+00 -4.090571e-16 -2.239422e-17 0.000000e+00 0.000000e+00 
1      584000.000000 38       37500.000000 -2.979061e-16 -1.651247e-17 0.000000e+00 0.000000e+00 -2.851950e-16 -1.580791e-17 0.000000e+00 0.000000e+00 
1      584000.000000 39       40000.000000 -2.095348e-16 -1.144461e-17 0.000000e+00 0.000000e+00 -2.005943e-16 -1.095629e-17 0.000000e+00 0.000000e+00 
1      584000.000000 40       42500.000000 -1.487507e-16 -8.188746e-18 0.000000e+00 0.000000e+00 -1.424037e-16 -7.839346e-18 0.000000e+00 0.000000e+00 
1      584000.000000 41       45000.000000 -1.065090e-16 -5.779570e-18 0.000000e+00 0.000000e+00 -1.019645e-16 -5.532965e-18 0.000000e+00 0.000000e+00 
1      584000.000000 42       47500.000000 -7.741661e-17 -4.217082e-18 0.000000e+00 0.000000e+00 -7.411336e-17 -4.037146e-18 0.000000e+00 0.000000e+00 
1      584000.000000 43       50000.000000 -9.994383e-17 -6.078161e-18 0.000000e+00 0.000000e+00 -9.567938e-17 -5.818815e-18 0.000000e+00 0.000000e+00 
1      584000.000000 44       55000.000000 -5.535579e-17 -4.491131e-18 0.000000e+00 0.000000e+00 -5.299385e-17 -4.299502e-18 0.000000e+00 0.000000e+00 
1      584000.000000 45       60000.000000 -3.047359e-17 -2.904101e-18 0.000000e+00 0.000000e+00 -2.917333e-17 -2.780188e-18 0.000000e+00 0.000000e+00 
1      584000.000000 46       65000.000000 -1.644689e-17 -1.317071e-18 0.000000e+00 0.000000e+00 -1.574513e-17 -1.260874e-18 0.000000e+00 0.000000e+00 
1      584000.000000 47       70000.000000 -8.484222e-18 -4.801804e-19 0.000000e+00 0.000000e+00 -8.122214e-18 -4.596919e-19 0.000000e+00 0.000000e+00 
1      584000.000000 48       75000.000000 -4.043677e-18 -3.934288e-19 0.000000e+00 0.000000e+00 -3.871140e-18 -3.766418e-19 0.000000e+00 0.000000e+00 
1      584000.000000 49       80000.000000 -1.719453e-18 -3.066772e-19 0.000000e+00 0.000000e+00 -1.646087e-18 -2.935918e-19 0.000000e+00 0.000000e+00 
1      584000.000000 50       85000.000000 -6.567007e-19 -2.199255e-19 0.000000e+00 0.000000e+00 -6.286803e-19 -2.105417e-19 0.000000e+00 0.000000e+00 
1      584000.000000 51       90000.000000 -2.367805e-19 -1.331739e-19 0.000000e+00 0.000000e+00 -2.266775e-19 -1.274916e-19 0.000000e+00 0.000000e+00 
1      584000.000000 52       95000.000000 -8.675425e-20 -4.642226e-20 0.000000e+00 0.000000e+00 -8.305258e-20 -4.444150e-20 0.000000e+00 0.000000e+00 
1      584000.000000 53      100000.000000 -3.360744e-20 -1.523222e-21 0.000000e+00 0.000000e+00 -3.217347e-20 -1.458228e-21 0.000000e+00 0.000000e+00 
1      584000.000000 54      105000.000000 -1.380581e-20 0.000000e+00 0.000000e+00 0.000000e+00 -1.321674e-20 0.000000e+00 0.000000e+00 0.000000e+00 
1      584000.000000 55      110000.000000 -6.342421e-21 0.000000e+00 0.000000e+00 0.000000e+00 -6.071800e-21 0.000000e+00 0.000000e+00 0.000000e+00 
1      584000.000000 56      115000.000000 -3.195034e-21 0.000000e+00 0.000000e+00 0.000000e+00 -3.058707e-21 0.000000e+00 0.000000e+00 0.000000e+00 
2      588000.000000 0           0.000000 0.000000e+00 0.000000e+00 0.000000e+00 0.000000e+00 0.000000e+00 0.000000e+00 0.000000e+00 0.000000e+00 
2      588000.000000 1        1000.000000 0.000000e+00 0.000000e+00 0.000000e+00 0.000000e+00 0.000000e+00 0.000000e+00 0.000000e+00 0.000000e+00 
2      588000.000000 2        2000.000000 0.000000e+00 0.000000e+00 0.000000e+00 0.000000e+00 0.000000e+00 0.000000e+00 0.000000e+00 0.000000e+00 
2      588000.000000 3        2200.000000 0.000000e+00 0.000000e+00 0.000000e+00 0.000000e+00 0.000000e+00 0.000000e+00 0.000000e+00 0.000000e+00 
2      588000.000000 4        3000.000000 0.000000e+00 0.000000e+00 0.000000e+00 0.000000e+00 0.000000e+00 0.000000e+00 0.000000e+00 0.000000e+00 
2      588000.000000 5        4000.000000 3.855104e-15 1.239561e-16 0.000000e+00 0.000000e+00 -8.154363e-17 2.014888e-16 0.000000e+00 0.000000e+00 
2      588000.000000 6        5000.000000 3.664124e-15 -9.413415e-17 0.000000e+00 0.000000e+00 -2.653946e-16 5.277577e-17 0.000000e+00 0.000000e+00 
2      588000.000000 7        6000.000000 -5.282470e-16 -2.483933e-16 0.000000e+00 0.000000e+00 -2.463371e-16 -1.152392e-16 0.000000e+00 0.000000e+00 
2      588000.000000 8        6800.000000 -1.323639e-16 -5.574411e-17 0.000000e+00 -7.604550e-16 -6.158617e-17 -2.591612e-17 0.000000e+00 -1.860897e-16 
2      588000.000000 9        7000.000000 -1.186805e-16 -5.196361e-17 0.000000e+00 -1.639018e-15 -5.521808e-17 -2.416529e-17 0.000000e+00 -2.089026e-16 
2      588000.000000 10        7200.000000 -1.186831e-16 -4.696616e-17 0.000000e+00 -3.607241e-15 -5.521895e-17 -2.184272e-17 0.000000e+00 -1.295727e-15 
2      588000.000000 11        7400.000000 -1.186798e-16 -4.195775e-17 0.000000e+00 -2.837651e-15 -5.521904e-17 -1.950945e-17 0.000000e+00 4.273249e-16 
2      588000.000000 12        7600.000000 -1.186796e-16 -3.695924e-17 0.000000e+00 -5.192408e-15 -5.521886e-17 -1.718612e-17 0.000000e+00 -2.024738e-15 
2      588000.000000 13        7800.000000 -1.186810e-16 -3.196622e-17 0.000000e+00 -4.471525e-15 -5.521812e-17 -1.486846e-17 0.000000e+00 -1.987366e-15 
2      588000.000000 14        8000.000000 -1.062488e-16 -2.810411e-17 0.000000e+00 -2.811580e-15 -4.943529e-17 -1.306879e-17 0.000000e+00 -1.122024e-15 
2      588000.000000 15        8200.000000 -1.062506e-16 -2.539281e-17 0.000000e+00 -5.070596e-16 -4.943489e-17 -1.180711e-17 0.000000e+00 -1.535732e-16 
2      588000.000000 16        8400.000000 -3.187775e-16 -5.994947e-17 0.000000e+00 0.000000e+00 -1.483078e-16 -2.789083e-17 0.000000e+00 0.000000e+00 
2      588000.000000 17        9000.000000 -4.742409e-16 -6.469473e-17 0.000000e+00 0.000000e+00 -2.206387e-16 -3.008778e-17 0.000000e+00 0.000000e+00 
2      588000.000000 18       10000.000000 -4.221462e-16 -4.357116e-17 0.000000e+00 0.000000e+00 -1.963945e-16 -2.027054e-17 0.000000e+00 0.000000e+00 
2      588000.000000 19       11000.000000 -3.745407e-16 -3.356803e-17 0.000000e+00 0.000000e+00 -1.742651e-16 -1.559519e-17 0.000000e+00 0.000000e+00 
2      588000.000000 20       12000.000000 -3.310434e-16 -2.702672e-17 0.000000e+00 0.000000e+00 -1.540108e-16 -1.257356e-17 0.000000e+00 0.000000e+00 
2      588000.000000 21       13000.000000 -2.876479e-16 -2.238229e-17 0.000000e+00 0.000000e+00 -1.338220e-16 -1.041288e-17 0.000000e+00 0.000000e+00 
2      588000.000000 22       14000.000000 -2.452134e-16 -1.953491e-17 0.000000e+00 0.000000e+00 -1.140802e-16 -9.088195e-18 0.000000e+00 0.000000e+00 
2      588000.000000 23       15000.000000 -2.088485e-16 -1.813456e-17 0.000000e+00 0.000000e+00 -9.716228e-17 -8.436712e-18 0.000000e+00 0.000000e+00 
2      588000.000000 24       16000.000000 -1.785288e-16 -1.883473e-17 0.000000e+00 0.000000e+00 -8.305667e-17 -8.762454e-18 0.000000e+00 0.000000e+00 
2      588000.000000 25       17000.000000 -1.523200e-16 -2.205554e-17 0.000000e+00 0.000000e+00 -7.086359e-17 -1.026087e-17 0.000000e+00 0.000000e+00 
2      588000.000000 26       18000.000000 -1.296211e-16 -2.569646e-17 0.000000e+00 0.000000e+00 -6.030342e-17 -1.195472e-17 0.000000e+00 0.000000e+00 
2      588000.000000 27       19000.000000 -1.103492e-16 -2.730686e-17 0.000000e+00 0.000000e+00 -5.133760e-17 -1.270393e-17 0.000000e+00 0.000000e+00 
2      588000.000000 28       20000.000000 -9.398854e-17 -2.546307e-17 0.000000e+00 0.000000e+00 -4.372614e-17 -1.184614e-17 0.000000e+00 0.000000e+00 
2      588000.000000 29       21000.000000 -8.011141e-17 -2.151874e-17 0.000000e+00 0.000000e+00 -3.727011e-17 -1.001113e-17 0.000000e+00 0.000000e+00 
2      588000.000000 30       22000.000000 -6.841128e-17 -1.680422e-17 0.000000e+00 0.000000e+00 -3.182687e-17 -7.817803e-18 0.000000e+00 0.000000e+00 
2      588000.000000 31       23000.000000 -5.842476e-17 -1.162292e-17 0.000000e+00 0.000000e+00 -2.718086e-17 -5.407314e-18 0.000000e+00 0.000000e+00 
2      588000.000000 32       24000.000000 -4.988720e-17 -7.678597e-18 0.000000e+00 0.000000e+00 -2.320895e-17 -3.572302e-18 0.000000e+00 0.000000e+00 
2      588000.000000 33       25000.000000 -9.551919e-17 -1.243396e-17 0.000000e+00 0.000000e+00 -4.443825e-17 -5.784631e-18 0.000000e+00 0.000000e+00 
2      588000.000000 34       27500.000000 -6.471898e-17 -6.727524e-18 0.000000e+00 0.000000e+00 -3.010911e-17 -3.129835e-18 0.000000e+00 0.000000e+00 
2      588000.000000 35       30000.000000 -4.416177e-17 -2.927942e-18 0.000000e+00 0.000000e+00 -2.054531e-17 -1.362162e-18 0.000000e+00 0.000000e+00 
2      588000.000000 36       32500.000000 -3.030840e-17 -1.645988e-18 0.000000e+00 0.000000e+00 -1.410033e-17 -7.657602e-19 0.000000e+00 0.000000e+00 
2      588000.000000 37       35000.000000 -2.086736e-17 -1.142403e-18 0.000000e+00 0.000000e+00 -9.708090e-18 -5.314785e-19 0.000000e+00 0.000000e+00 
2      588000.000000 38       37500.000000 -1.454874e-17 -8.064141e-19 0.000000e+00 0.000000e+00 -6.768488e-18 -3.751668e-19 0.000000e+00 0.000000e+00 
2      588000.000000 39       40000.000000 -1.023298e-17 -5.589167e-19 0.000000e+00 0.000000e+00 -4.760673e-18 -2.600240e-19 0.000000e+00 0.000000e+00 
2      588000.000000 40       42500.000000 -7.264486e-18 -3.999110e-19 0.000000e+00 0.000000e+00 -3.379646e-18 -1.860500e-19 0.000000e+00 0.000000e+00 
2      588000.000000 41       45000.000000 -5.201546e-18 -2.822549e-19 0.000000e+00 0.000000e+00 -2.419907e-18 -1.313130e-19 0.000000e+00 0.000000e+00 
2      588000.000000 42       47500.000000 -3.780769e-18 -2.059482e-19 0.000000e+00 0.000000e+00 -1.758921e-18 -9.581296e-20 0.000000e+00 0.000000e+00 
2      588000.000000 43       50000.000000 -4.880923e-18 -2.968371e-19 0.000000e+00 0.000000e+00 -2.270744e-18 -1.380971e-19 0.000000e+00 0.000000e+00 
2      588000.000000 44       55000.000000 -2.703392e-18 -2.193319e-19 0.000000e+00 0.000000e+00 -1.257695e-18 -1.020394e-19 0.000000e+00 0.000000e+00 
2      588000.000000 45       60000.000000 -1.488228e-18 -1.418266e-19 0.000000e+00 0.000000e+00 -6.923662e-19 -6.598177e-20 0.000000e+00 0.000000e+00 
2      588000.000000 46       65000.000000 -8.032112e-19 -6.432137e-20 0.000000e+00 0.000000e+00 -3.736767e-19 -2.992413e-20 0.000000e+00 0.000000e+00 
2      588000.000000 47       70000.000000 -4.143411e-19 -2.345041e-20 0.000000e+00 0.000000e+00 -1.927633e-19 -1.090980e-20 0.000000e+00 0.000000e+00 
2      588000.000000 48       75000.000000 -1.974797e-19 -1.921375e-20 0.000000e+00 0.000000e+00 -9.187318e-20 -8.938783e-21 0.000000e+00 0.000000e+00 
2      588000.000000 49       80000.000000 -8.397236e-20 -1.497709e-20 0.000000e+00 0.000000e+00 -3.906633e-20 -6.967768e-21 0.000000e+00 0.000000e+00 
2      588000.000000 50       85000.000000 -3.207107e-20 -1.074043e-20 0.000000e+00 0.000000e+00 -1.492037e-20 -4.996753e-21 0.000000e+00 0.000000e+00 
2      588000.000000 51       90000.000000 -1.156357e-20 -6.503768e-21 0.000000e+00 0.000000e+00 -5.379702e-21 -3.025738e-21 0.000000e+00 0.000000e+00 
2      588000.000000 52       95000.000000 -4.236788e-21 -2.267108e-21 0.000000e+00 0.000000e+00 -1.971074e-21 -1.054723e-21 0.000000e+00 0.000000e+00 
2      588000.000000 53      100000.000000 -1.641275e-21 -7.438905e-23 0.000000e+00 0.000000e+00 -7.635680e-22 -3.460790e-23 0.000000e+00 0.000000e+00 
2      588000.000000 54      105000.000000 -6.742296e-22 0.000000e+00 0.000000e+00 0.000000e+00 -3.136708e-22 0.000000e+00 0.000000e+00 0.000000e+00 
2      588000.000000 55      110000.000000 -3.097427e-22 0.000000e+00 0.000000e+00 0.000000e+00 -1.441011e-22 0.000000e+00 0.000000e+00 0.000000e+00 
2      588000.000000 56      115000.000000 -1.560348e-22 0.000000e+00 0.000000e+00 0.000000e+00 -7.259183e-23 0.000000e+00 0.000000e+00 0.000000e+00 
3      592000.000000 0           0.000000 0.000000e+00 0.000000e+00 0.000000e+00 0.000000e+00 0.000000e+00 0.000000e+00 0.000000e+00 0.000000e+00 
3      592000.000000 1        1000.000000 0.000000e+00 0.000000e+00 0.000000e+00 0.000000e+00 0.000000e+00 0.000000e+00 0.000000e+00 0.000000e+00 
3      592000.000000 2        2000.000000 1.083526e-16 -3.265259e-16 -8.404118e-15 0.000000e+00 -1.572361e-16 -3.236609e-16 -8.129140e-15 0.000000e+00 
3      592000.000000 3        2200.000000 8.757529e-16 -3.345250e-15 0.000000e+00 0.000000e+00 -1.848119e-15 -3.177087e-15 0.000000e+00 0.000000e+00 
3      592000.000000 4        3000.000000 1.248795e-15 -2.840560e-15 0.000000e+00 0.000000e+00 -2.261725e-15 -2.470901e-15 0.000000e+00 0.000000e+00 
3      592000.000000 5        4000.000000 -2.516539e-15 -1.869648e-15 0.000000e+00 0.000000e+00 -2.153748e-15 -1.599045e-15 0.000000e+00 0.000000e+00 
3      592000.000000 6        5000.000000 -2.267626e-15 -1.145004e-15 0.000000e+00 0.000000e+00 -1.939746e-15 -9.794207e-16 0.000000e+00 0.000000e+00 
3      592000.000000 7        6000.000000 -1.629376e-15 -7.660983e-16 0.000000e+00 0.000000e+00 -1.393793e-15 -6.553013e-16 0.000000e+00 0.000000e+00 
3      592000.000000 8        6800.000000 -4.073483e-16 -1.716256e-16 0.000000e+00 -2.439442e-15 -3.484480e-16 -1.468058e-16 0.000000e+00 -1.961515e-15 
3      592000.000000 9        7000.000000 -3.652270e-16 -1.599499e-16 0.000000e+00 -5.007542e-15 -3.124171e-16 -1.368191e-16 0.000000e+00 -3.817552e-15 
3      592000.000000 10        7200.000000 -3.652276e-16 -1.445576e-16 0.000000e+00 -1.191944e-14 -3.124179e-16 -1.236525e-16 0.000000e+00 -9.996048e-15 
3      592000.000000 11        7400.000000 -3.652270e-16 -1.291651e-16 0.000000e+00 -1.682470e-14 -3.124172e-16 -1.104860e-16 0.000000e+00 -1.410793e-14 
3      592000.000000 12        7600.000000 -3.652281e-16 -1.137753e-16 0.000000e+00 -1.726754e-14 -3.124179e-16 -9.732216e-17 0.000000e+00 -1.463174e-14 
3      592000.000000 13        7800.000000 -3.652287e-16 -9.838394e-17 0.000000e+00 -1.429450e-14 -3.124168e-16 -8.415700e-17 0.000000e+00 -1.222744e-14 
3      592000.000000 14        8000.000000 -3.269727e-16 -8.650880e-17 0.000000e+00 -8.494655e-15 -2.796959e-16 -7.399799e-17 0.000000e+00 -7.088784e-15 
3      592000.000000 15        8200.000000 -3.269681e-16 -7.817219e-17 0.000000e+00 -2.033993e-15 -2.796957e-16 -6.686759e-17 0.000000e+00 -1.739859e-15 
3      592000.000000 16        8400.000000 -9.809350e-16 -1.844751e-16 0.000000e+00 0.000000e+00 -8.390881e-16 -1.577993e-16 0.000000e+00 0.000000e+00 
3      592000.000000 17        9000.000000 -1.459407e-15 -1.991391e-16 0.000000e+00 0.000000e+00 -1.248371e-15 -1.703428e-16 0.000000e+00 0.000000e+00 
3      592000.000000 18       10000.000000 -1.299046e-15 -1.340790e-16 0.000000e+00 0.000000e+00 -1.111199e-15 -1.146906e-16 0.000000e+00 0.000000e+00 
3      592000.000000 19       11000.000000 -1.152640e-15 -1.033922e-16 0.000000e+00 0.000000e+00 -9.859911e-16 -8.843714e-17 0.000000e+00 0.000000e+00 
3      592000.000000 20       12000.000000 -1.018701e-15 -8.316796e-17 0.000000e+00 0.000000e+00 -8.713927e-16 -7.114156e-17 0.000000e+00 0.000000e+00 
3      592000.000000 21       13000.000000 -8.851618e-16 -6.887571e-17 0.000000e+00 0.000000e+00 -7.571642e-16 -5.891602e-17 0.000000e+00 0.000000e+00 
3      592000.000000 22       14000.000000 -7.545807e-16 -6.011362e-17 0.000000e+00 0.000000e+00 -6.454655e-16 -5.142097e-17 0.000000e+00 0.000000e+00 
3      592000.000000 23       15000.000000 -6.426773e-16 -5.580441e-17 0.000000e+00 0.000000e+00 -5.497438e-16 -4.773488e-17 0.000000e+00 0.000000e+00 
3      592000.000000 24       16000.000000 -5.493761e-16 -5.795902e-17 0.000000e+00 0.000000e+00 -4.699343e-16 -4.957793e-17 0.000000e+00 0.000000e+00 
3      592000.000000 25       17000.000000 -4.687253e-16 -6.787022e-17 0.000000e+00 0.000000e+00 -4.009459e-16 -5.805594e-17 0.000000e+00 0.000000e+00 
3      592000.000000 26       18000.000000 -3.988754e-16 -7.907420e-17 0.000000e+00 0.000000e+00 -3.411965e-16 -6.763978e-17 0.000000e+00 0.000000e+00 
3      592000.000000 27       19000.000000 -3.395712e-16 -8.402980e-17 0.000000e+00 0.000000e+00 -2.904680e-16 -7.187878e-17 0.000000e+00 0.000000e+00 
3      592000.000000 28       20000.000000 -2.892254e-16 -7.835600e-17 0.000000e+00 0.000000e+00 -2.474023e-16 -6.702543e-17 0.000000e+00 0.000000e+00 
3      592000.000000 29       21000.000000 -2.465221e-16 -6.621835e-17 0.000000e+00 0.000000e+00 -2.108741e-16 -5.664294e-17 0.000000e+00 0.000000e+00 
3      592000.000000 30       22000.000000 -2.105180e-16 -5.171065e-17 0.000000e+00 0.000000e+00 -1.800763e-16 -4.423310e-17 0.000000e+00 0.000000e+00 
3      592000.000000 31       23000.000000 -1.797871e-16 -3.576653e-17 0.000000e+00 0.000000e+00 -1.537892e-16 -3.059456e-17 0.000000e+00 0.000000e+00 
3      592000.000000 32       24000.000000 -1.535149e-16 -2.362889e-17 0.000000e+00 0.000000e+00 -1.313161e-16 -2.021207e-17 0.000000e+00 0.000000e+00 
3      592000.000000 33       25000.000000 -2.939356e-16 -3.826229e-17 0.000000e+00 0.000000e+00 -2.514314e-16 -3.272942e-17 0.000000e+00 0.000000e+00 
3      592000.000000 34       27500.000000 -1.991559e-16 -2.070221e-17 0.000000e+00 0.000000e+00 -1.703572e-16 -1.770860e-17 0.000000e+00 0.000000e+00 
3      592000.000000 35       30000.000000 -1.358964e-16 -9.009985e-18 0.000000e+00 0.000000e+00 -1.162453e-16 -7.707108e-18 0.000000e+00 0.000000e+00 
3      592000.000000 36       32500.000000 -9.326626e-17 -5.065101e-18 0.000000e+00 0.000000e+00 -7.977961e-17 -4.332668e-18 0.000000e+00 0.000000e+00 
3      592000.000000 37       35000.000000 -6.421390e-17 -3.515450e-18 0.000000e+00 0.000000e+00 -5.492834e-17 -3.007103e-18 0.000000e+00 0.000000e+00 
3      592000.000000 38       37500.000000 -4.476998e-17 -2.481531e-18 0.000000e+00 0.000000e+00 -3.829608e-17 -2.122692e-18 0.000000e+00 0.000000e+00 
3      592000.000000 39       40000.000000 -3.148934e-17 -1.719921e-18 0.000000e+00 0.000000e+00 -2.693587e-17 -1.471215e-18 0.000000e+00 0.000000e+00 
3      592000.000000 40       42500.000000 -2.235458e-17 -1.230623e-18 0.000000e+00 0.000000e+00 -1.912202e-17 -1.052670e-18 0.000000e+00 0.000000e+00 
3      592000.000000 41       45000.000000 -1.600641e-17 -8.685664e-19 0.000000e+00 0.000000e+00 -1.369183e-17 -7.429685e-19 0.000000e+00 0.000000e+00 
3      592000.000000 42       47500.000000 -1.163434e-17 -6.337523e-19 0.000000e+00 0.000000e+00 -9.951969e-18 -5.421094e-19 0.000000e+00 0.000000e+00 
3      592000.000000 43       50000.000000 -1.501978e-17 -9.134393e-19 0.000000e+00 0.000000e+00 -1.284786e-17 -7.813526e-19 0.000000e+00 0.000000e+00 
3      592000.000000 44       55000.000000 -8.318989e-18 -6.749371e-19 0.000000e+00 0.000000e+00 -7.116033e-18 -5.773387e-19 0.000000e+00 0.000000e+00 
3      592000.000000 45       60000.000000 -4.579638e-18 -4.364347e-19 0.000000e+00 0.000000e+00 -3.917405e-18 -3.733246e-19 0.000000e+00 0.000000e+00 
3      592000.000000 46       65000.000000 -2.471675e-18 -1.979324e-19 0.000000e+00 0.000000e+00 -2.114261e-18 -1.693106e-19 0.000000e+00 0.000000e+00 
3      592000.000000 47       70000.000000 -1.275027e-18 -7.216256e-20 0.000000e+00 0.000000e+00 -1.090654e-18 -6.172759e-20 0.000000e+00 0.000000e+00 
3      592000.000000 48       75000.000000 -6.076927e-19 -5.912534e-20 0.000000e+00 0.000000e+00 -5.198181e-19 -5.057560e-20 0.000000e+00 0.000000e+00 
3      592000.000000 49       80000.000000 -2.584032e-19 -4.608812e-20 0.000000e+00 0.000000e+00 -2.210371e-19 -3.942361e-20 0.000000e+00 0.000000e+00 
3      592000.000000 50       85000.000000 -9.869042e-20 -3.305089e-20 0.000000e+00 0.000000e+00 -8.441942e-20 -2.827161e-20 0.000000e+00 0.000000e+00 
3      592000.000000 51       90000.000000 -3.558390e-20 -2.001366e-20 0.000000e+00 0.000000e+00 -3.043833e-20 -1.711961e-20 0.000000e+00 0.000000e+00 
3      592000.000000 52       95000.000000 -1.303762e-20 -6.976439e-21 0.000000e+00 0.000000e+00 -1.115233e-20 -5.967620e-21 0.000000e+00 0.000000e+00 
3      592000.000000 53      100000.000000 -5.050600e-21 -2.289131e-22 0.000000e+00 0.000000e+00 -4.320265e-21 -1.958114e-22 0.000000e+00 0.000000e+00 
3      592000.000000 54      105000.000000 -2.074767e-21 0.000000e+00 0.000000e+00 0.000000e+00 -1.774748e-21 0.000000e+00 0.000000e+00 0.000000e+00 
3      592000.000000 55      110000.000000 -9.531529e-22 0.000000e+00 0.000000e+00 0.000000e+00 -8.153234e-22 0.000000e+00 0.000000e+00 0.000000e+00 
3      592000.000000 56      115000.000000 -4.801567e-22 0.000000e+00 0.000000e+00 0.000000e+00 -4.107243e-22 0.000000e+00 0.000000e+00 0.000000e+00 
4      596000.000000 0           0.000000 6.025310e-17 -2.098845e-17 0.000000e+00 0.000000e+00 -5.207242e-18 5.959686e-18 0.000000e+00 0.000000e+00 
4      596000.000000 1        1000.000000 1.309515e-16 -4.109713e-16 0.000000e+00 0.000000e+00 -5.563798e-17 -3.222296e-16 0.000000e+00 0.000000e+00 
4      596000.000000 2        2000.000000 -2.060332e-17 -5.187512e-17 -3.939994e-15 0.000000e+00 -1.740370e-17 -4.316515e-17 -3.104019e-15 0.000000e+00 
4      596000.000000 3        2200.000000 -8.312343e-17 -1.644840e-16 0.000000e+00 0.000000e+00 -6.952683e-17 -1.370657e-16 0.000000e+00 0.000000e+00 
4      596000.000000 4        3000.000000 -9.408104e-17 -1.203696e-16 0.000000e+00 0.000000e+00 -7.856731e-17 -1.004180e-16 0.000000e+00 0.000000e+00 
4      596000.000000 5        4000.000000 -8.496615e-17 -6.305042e-17 0.000000e+00 0.000000e+00 -7.094122e-17 -5.260327e-17 0.000000e+00 0.000000e+00 
4      596000.000000 6        5000.000000 -7.653793e-17 -3.862924e-17 0.000000e+00 0.000000e+00 -6.389256e-17 -3.223620e-17 0.000000e+00 0.000000e+00 
4      596000.000000 7        6000.000000 -5.500657e-17 -2.586667e-17 0.000000e+00 0.000000e+00 -4.591077e-17 -2.158888e-17 0.000000e+00 0.000000e+00 
4      596000.000000 8        6800.000000 -1.375051e-17 -5.789379e-18 0.000000e+00 -1.115620e-16 -1.147797e-17 -4.831074e-18 0.000000e+00 -9.310889e-17 
4      596000.000000 9        7000.000000 -1.232841e-17 -5.395544e-18 0.000000e+00 -2.777314e-16 -1.029169e-17 -4.502412e-18 0.000000e+00 -2.317832e-16 
4      596000.000000 10        7200.000000 -1.232451e-17 -4.871686e-18 0.000000e+00 -4.487073e-16 -1.029099e-17 -4.064490e-18 0.000000e+00 -3.744402e-16 
4      596000.000000 11        7400.000000 -1.232673e-17 -4.354554e-18 0.000000e+00 -6.334876e-16 -1.029101e-17 -3.633332e-18 0.000000e+00 -5.285901e-16 
4      596000.000000 12        7600.000000 -1.232424e-17 -3.833645e-18 0.000000e+00 -6.150164e-16 -1.029095e-17 -3.198016e-18 0.000000e+00 -5.131881e-16 
4      596000.000000 13        7800.000000 -1.232432e-17 -3.317030e-18 0.000000e+00 -4.822626e-16 -1.029039e-17 -2.767428e-18 0.000000e+00 -4.024102e-16 
4      596000.000000 14        8000.000000 -1.103539e-17 -2.918906e-18 0.000000e+00 -3.280514e-16 -9.212126e-18 -2.435878e-18 0.000000e+00 -2.737723e-16 
4      596000.000000 15        8200.000000 -1.103743e-17 -2.638911e-18 0.000000e+00 -6.866183e-17 -9.211958e-18 -2.202464e-18 0.000000e+00 -5.730590e-17 
4      596000.000000 16        8400.000000 -3.310935e-17 -6.227035e-18 0.000000e+00 0.000000e+00 -2.763589e-17 -5.197117e-18 0.000000e+00 0.000000e+00 
4      596000.000000 17        9000.000000 -4.926345e-17 -6.722100e-18 0.000000e+00 0.000000e+00 -4.111574e-17 -5.610328e-18 0.000000e+00 0.000000e+00 
4      596000.000000 18       10000.000000 -4.382657e-17 -4.514428e-18 0.000000e+00 0.000000e+00 -3.659734e-17 -3.765910e-18 0.000000e+00 0.000000e+00 
4      596000.000000 19       11000.000000 -3.890843e-17 -3.490986e-18 0.000000e+00 0.000000e+00 -3.247347e-17 -2.913621e-18 0.000000e+00 0.000000e+00 
4      596000.000000 20       12000.000000 -3.434421e-17 -2.795527e-18 0.000000e+00 0.000000e+00 -2.869919e-17 -2.331235e-18 0.000000e+00 0.000000e+00 
4      596000.000000 21       13000.000000 -2.987851e-17 -2.324890e-18 0.000000e+00 0.000000e+00 -2.493704e-17 -1.940387e-18 0.000000e+00 0.000000e+00 
4      596000.000000 22       14000.000000 -2.547076e-17 -2.029127e-18 0.000000e+00 0.000000e+00 -2.125827e-17 -1.693539e-18 0.000000e+00 0.000000e+00 
4      596000.000000 23       15000.000000 -2.169348e-17 -1.883669e-18 0.000000e+00 0.000000e+00 -1.810569e-17 -1.572138e-18 0.000000e+00 0.000000e+00 
4      596000.000000 24       16000.000000 -1.854411e-17 -1.956398e-18 0.000000e+00 0.000000e+00 -1.547719e-17 -1.632838e-18 0.000000e+00 0.000000e+00 
4      596000.000000 25       17000.000000 -1.582175e-17 -2.290949e-18 0.000000e+00 0.000000e+00 -1.320507e-17 -1.912060e-18 0.000000e+00 0.000000e+00 
4      596000.000000 26       18000.000000 -1.346398e-17 -2.669137e-18 0.000000e+00 0.000000e+00 -1.123723e-17 -2.227701e-18 0.000000e+00 0.000000e+00 
4      596000.000000 27       19000.000000 -1.146217e-17 -2.836412e-18 0.000000e+00 0.000000e+00 -9.566496e-18 -2.367311e-18 0.000000e+00 0.000000e+00 
4      596000.000000 28       20000.000000 -9.762755e-18 -2.644894e-18 0.000000e+00 0.000000e+00 -8.148140e-18 -2.207467e-18 0.000000e+00 0.000000e+00 
4      596000.000000 29       21000.000000 -8.321314e-18 -2.235189e-18 0.000000e+00 0.000000e+00 -6.945091e-18 -1.865522e-18 0.000000e+00 0.000000e+00 
4      596000.000000 30       22000.000000 -7.106000e-18 -1.745484e-18 0.000000e+00 0.000000e+00 -5.930772e-18 -1.456807e-18 0.000000e+00 0.000000e+00 
4      596000.000000 31       23000.000000 -6.068683e-18 -1.207293e-18 0.000000e+00 0.000000e+00 -5.065012e-18 -1.007625e-18 0.000000e+00 0.000000e+00 
4      596000.000000 32       24000.000000 -5.181871e-18 -7.975893e-19 0.000000e+00 0.000000e+00 -4.324866e-18 -6.656798e-19 0.000000e+00 0.000000e+00 
4      596000.000000 33       25000.000000 -9.921747e-18 -1.291537e-18 0.000000e+00 0.000000e+00 -8.280836e-18 -1.077936e-18 0.000000e+00 0.000000e+00 
4      596000.000000 34       27500.000000 -6.722475e-18 -6.987997e-19 0.000000e+00 0.000000e+00 -5.610677e-18 -5.832286e-19 0.000000e+00 0.000000e+00 
4      596000.000000 35       30000.000000 -4.587161e-18 -3.041305e-19 0.000000e+00 0.000000e+00 -3.828513e-18 -2.538318e-19 0.000000e+00 0.000000e+00 
4      596000.000000 36       32500.000000 -3.148187e-18 -1.709716e-19 0.000000e+00 0.000000e+00 -2.627523e-18 -1.426954e-19 0.000000e+00 0.000000e+00 
4      596000.000000 37       35000.000000 -2.167530e-18 -1.186634e-19 0.000000e+00 0.000000e+00 -1.809052e-18 -9.903825e-20 0.000000e+00 0.000000e+00 
4      596000.000000 38       37500.000000 -1.511203e-18 -8.376365e-20 0.000000e+00 0.000000e+00 -1.261273e-18 -6.991038e-20 0.000000e+00 0.000000e+00 
4      596000.000000 39       40000.000000 -1.062918e-18 -5.805566e-20 0.000000e+00 0.000000e+00 -8.871266e-19 -4.845411e-20 0.000000e+00 0.000000e+00 
4      596000.000000 40       42500.000000 -7.545750e-19 -4.153946e-20 0.000000e+00 0.000000e+00 -6.297794e-19 -3.466945e-20 0.000000e+00 0.000000e+00 
4      596000.000000 41       45000.000000 -5.402937e-19 -2.931831e-20 0.000000e+00 0.000000e+00 -4.509371e-19 -2.446950e-20 0.000000e+00 0.000000e+00 
4      596000.000000 42       47500.000000 -3.927151e-19 -2.139220e-20 0.000000e+00 0.000000e+00 -3.277658e-19 -1.785425e-20 0.000000e+00 0.000000e+00 
4      596000.000000 43       50000.000000 -5.069900e-19 -3.083299e-20 0.000000e+00 0.000000e+00 -4.231414e-19 -2.573367e-20 0.000000e+00 0.000000e+00 
4      596000.000000 44       55000.000000 -2.808061e-19 -2.278239e-20 0.000000e+00 0.000000e+00 -2.343649e-19 -1.901452e-20 0.000000e+00 0.000000e+00 
4      596000.000000 45       60000.000000 -1.545849e-19 -1.473178e-20 0.000000e+00 0.000000e+00 -1.290188e-19 -1.229536e-20 0.000000e+00 0.000000e+00 
4      596000.000000 46       65000.000000 -8.343097e-20 -6.681173e-21 0.000000e+00 0.000000e+00 -6.963272e-20 -5.576206e-21 0.000000e+00 0.000000e+00 
4      596000.000000 47       70000.000000 -4.303834e-20 -2.435835e-21 0.000000e+00 0.000000e+00 -3.592043e-20 -2.032984e-21 0.000000e+00 0.000000e+00 
4      596000.000000 48       75000.000000 -2.051256e-20 -1.995766e-21 0.000000e+00 0.000000e+00 -1.712009e-20 -1.665696e-21 0.000000e+00 0.000000e+00 
4      596000.000000 49       80000.000000 -8.722356e-21 -1.555697e-21 0.000000e+00 0.000000e+00 -7.279808e-21 -1.298407e-21 0.000000e+00 0.000000e+00 
4      596000.000000 50       85000.000000 -3.331278e-21 -1.115627e-21 0.000000e+00 0.000000e+00 -2.780334e-21 -9.311190e-22 0.000000e+00 0.000000e+00 
4      596000.000000 51       90000.000000 -1.201128e-21 -6.755579e-22 0.000000e+00 0.000000e+00 -1.002480e-21 -5.638306e-22 0.000000e+00 0.000000e+00 
4      596000.000000 52       95000.000000 -4.400826e-22 -2.354885e-22 0.000000e+00 0.000000e+00 -3.672994e-22 -1.965422e-22 0.000000e+00 0.000000e+00 
4      596000.000000 53      100000.000000 -1.704822e-22 -7.726922e-24 0.000000e+00 0.000000e+00 -1.422869e-22 -6.449003e-24 0.000000e+00 0.000000e+00 
4      596000.000000 54      105000.000000 -7.003342e-23 0.000000e+00 0.000000e+00 0.000000e+00 -5.845092e-23 0.000000e+00 0.000000e+00 0.000000e+00 
4      596000.000000 55      110000.000000 -3.217351e-23 0.000000e+00 0.000000e+00 0.000000e+00 -2.685249e-23 0.000000e+00 0.000000e+00 0.000000e+00 
4      596000.000000 56      115000.000000 -1.620761e-23 0.000000e+00 0.000000e+00 0.000000e+00 -1.352711e-23 0.000000e+00 0.000000e+00 0.000000e+00 
5      600000.000000 0           0.000000 -5.377917e-17 -6.852352e-16 0.000000e+00 0.000000e+00 -5.398395e-17 -6.848662e-16 0.000000e+00 0.000000e+00 
5      600000.000000 1        1000.000000 -4.880721e-17 -4.052613e-16 0.000000e+00 0.000000e+00 -4.878791e-17 -4.049515e-16 0.000000e+00 0.000000e+00 
5      600000.000000 2        2000.000000 -8.828351e-18 -2.230506e-17 -1.990571e-15 0.000000e+00 -8.826283e-18 -2.228451e-17 -1.988599e-15 0.000000e+00 
5      600000.000000 3        2200.000000 -3.528091e-17 -7.019260e-17 0.000000e+00 0.000000e+00 -3.527775e-17 -7.013299e-17 0.000000e+00 0.000000e+00 
5      600000.000000 4        3000.000000 -3.984451e-17 -5.099518e-17 0.000000e+00 0.000000e+00 -3.985864e-17 -5.095374e-17 0.000000e+00 0.000000e+00 
5      600000.000000 5        4000.000000 -3.597178e-17 -2.661417e-17 0.000000e+00 0.000000e+00 -3.598432e-17 -2.659329e-17 0.000000e+00 0.000000e+00 
5      600000.000000 6        5000.000000 -3.241547e-17 -1.636909e-17 0.000000e+00 0.000000e+00 -3.240679e-17 -1.635628e-17 0.000000e+00 0.000000e+00 
5      600000.000000 7        6000.000000 -2.330125e-17 -1.095753e-17 0.000000e+00 0.000000e+00 -2.328468e-17 -1.094912e-17 0.000000e+00 0.000000e+00 
5      600000.000000 8        6800.000000 -5.823410e-18 -2.449692e-18 0.000000e+00 -4.383344e-17 -5.821204e-18 -2.447803e-18 0.000000e+00 -4.379708e-17 
5      600000.000000 9        7000.000000 -5.221390e-18 -2.286307e-18 0.000000e+00 -1.097542e-16 -5.219178e-18 -2.284542e-18 0.000000e+00 -1.096634e-16 
5      600000.000000 10        7200.000000 -5.221693e-18 -2.065552e-18 0.000000e+00 -1.717802e-16 -5.219736e-18 -2.063868e-18 0.000000e+00 -1.716252e-16 
5      600000.000000 11        7400.000000 -5.221076e-18 -1.845414e-18 0.000000e+00 -2.488460e-16 -5.219200e-18 -1.843960e-18 0.000000e+00 -2.486346e-16 
5      600000.000000 12        7600.000000 -5.221802e-18 -1.625704e-18 0.000000e+00 -2.512935e-16 -5.219463e-18 -1.624386e-18 0.000000e+00 -2.510824e-16 
5      600000.000000 13        7800.000000 -5.218727e-18 -1.402354e-18 0.000000e+00 -1.892447e-16 -5.219094e-18 -1.401286e-18 0.000000e+00 -1.890895e-16 
5      600000.000000 14        8000.000000 -4.674304e-18 -1.236654e-18 0.000000e+00 -1.350609e-16 -4.672456e-18 -1.235709e-18 0.000000e+00 -1.349547e-16 
5      600000.000000 15        8200.000000 -4.672965e-18 -1.117499e-18 0.000000e+00 -2.815409e-17 -4.672139e-18 -1.116664e-18 0.000000e+00 -2.813236e-17 
5      600000.000000 16        8400.000000 -1.398501e-17 -2.610855e-18 0.000000e+00 0.000000e+00 -1.401628e-17 -2.608897e-18 0.000000e+00 0.000000e+00 
5      600000.000000 17        9000.000000 -2.086819e-17 -2.847484e-18 0.000000e+00 0.000000e+00 -2.085283e-17 -2.845387e-18 0.000000e+00 0.000000e+00 
5      600000.000000 18       10000.000000 -1.857513e-17 -1.917195e-18 0.000000e+00 0.000000e+00 -1.856148e-17 -1.915786e-18 0.000000e+00 0.000000e+00 
5      600000.000000 19       11000.000000 -1.643714e-17 -1.464614e-18 0.000000e+00 0.000000e+00 -1.646987e-17 -1.463530e-18 0.000000e+00 0.000000e+00 
5      600000.000000 20       12000.000000 -1.456596e-17 -1.189178e-18 0.000000e+00 0.000000e+00 -1.455536e-17 -1.188312e-18 0.000000e+00 0.000000e+00 
5      600000.000000 21       13000.000000 -1.265638e-17 -9.846565e-19 0.000000e+00 0.000000e+00 -1.264733e-17 -9.839391e-19 0.000000e+00 0.000000e+00 
5      600000.000000 22       14000.000000 -1.078943e-17 -8.595392e-19 0.000000e+00 0.000000e+00 -1.078157e-17 -8.589130e-19 0.000000e+00 0.000000e+00 
5      600000.000000 23       15000.000000 -9.189370e-18 -7.979235e-19 0.000000e+00 0.000000e+00 -9.182676e-18 -7.973423e-19 0.000000e+00 0.000000e+00 
5      600000.000000 24       16000.000000 -7.855295e-18 -8.287313e-19 0.000000e+00 0.000000e+00 -7.849573e-18 -8.281276e-19 0.000000e+00 0.000000e+00 
5      600000.000000 25       17000.000000 -6.702104e-18 -9.704473e-19 0.000000e+00 0.000000e+00 -6.697221e-18 -9.697404e-19 0.000000e+00 0.000000e+00 
5      600000.000000 26       18000.000000 -5.703349e-18 -1.130648e-18 0.000000e+00 0.000000e+00 -5.699194e-18 -1.129825e-18 0.000000e+00 0.000000e+00 
5      600000.000000 27       19000.000000 -4.855384e-18 -1.201506e-18 0.000000e+00 0.000000e+00 -4.851847e-18 -1.200631e-18 0.000000e+00 0.000000e+00 
5      600000.000000 28       20000.000000 -4.135511e-18 -1.120379e-18 0.000000e+00 0.000000e+00 -4.132498e-18 -1.119563e-18 0.000000e+00 0.000000e+00 
5      600000.000000 29       21000.000000 -3.524915e-18 -9.468280e-19 0.000000e+00 0.000000e+00 -3.522347e-18 -9.461383e-19 0.000000e+00 0.000000e+00 
5      600000.000000 30       22000.000000 -3.010107e-18 -7.393885e-19 0.000000e+00 0.000000e+00 -3.007914e-18 -7.388499e-19 0.000000e+00 0.000000e+00 
5      600000.000000 31       23000.000000 -2.570699e-18 -5.114104e-19 0.000000e+00 0.000000e+00 -2.568826e-18 -5.110378e-19 0.000000e+00 0.000000e+00 
5      600000.000000 32       24000.000000 -2.195045e-18 -3.378595e-19 0.000000e+00 0.000000e+00 -2.193446e-18 -3.376134e-19 0.000000e+00 0.000000e+00 
5      600000.000000 33       25000.000000 -4.202860e-18 -5.470961e-19 0.000000e+00 0.000000e+00 -4.199798e-18 -5.466976e-19 0.000000e+00 0.000000e+00 
5      600000.000000 34       27500.000000 -2.847646e-18 -2.960121e-19 0.000000e+00 0.000000e+00 -2.845571e-18 -2.957965e-19 0.000000e+00 0.000000e+00 
5      600000.000000 35       30000.000000 -1.943125e-18 -1.288299e-19 0.000000e+00 0.000000e+00 -1.941710e-18 -1.287361e-19 0.000000e+00 0.000000e+00 
5      600000.000000 36       32500.000000 -1.333574e-18 -7.242371e-20 0.000000e+00 0.000000e+00 -1.332603e-18 -7.237096e-20 0.000000e+00 0.000000e+00 
5      600000.000000 37       35000.000000 -9.181672e-19 -5.026592e-20 0.000000e+00 0.000000e+00 -9.174984e-19 -5.022931e-20 0.000000e+00 0.000000e+00 
5      600000.000000 38       37500.000000 -6.401466e-19 -3.548213e-20 0.000000e+00 0.000000e+00 -6.396806e-19 -3.545628e-20 0.000000e+00 0.000000e+00 
5      600000.000000 39       40000.000000 -4.502527e-19 -2.459242e-20 0.000000e+00 0.000000e+00 -4.499247e-19 -2.457451e-20 0.000000e+00 0.000000e+00 
5      600000.000000 40       42500.000000 -3.196385e-19 -1.759615e-20 0.000000e+00 0.000000e+00 -3.194057e-19 -1.758333e-20 0.000000e+00 0.000000e+00 
5      600000.000000 41       45000.000000 -2.288688e-19 -1.241926e-20 0.000000e+00 0.000000e+00 -2.287021e-19 -1.241021e-20 0.000000e+00 0.000000e+00 
5      600000.000000 42       47500.000000 -1.663544e-19 -9.061753e-21 0.000000e+00 0.000000e+00 -1.662332e-19 -9.055152e-21 0.000000e+00 0.000000e+00 
5      600000.000000 43       50000.000000 -2.147614e-19 -1.306088e-20 0.000000e+00 0.000000e+00 -2.146049e-19 -1.305136e-20 0.000000e+00 0.000000e+00 
5      600000.000000 44       55000.000000 -1.189497e-19 -9.650637e-21 0.000000e+00 0.000000e+00 -1.188630e-19 -9.643607e-21 0.000000e+00 0.000000e+00 
5      600000.000000 45       60000.000000 -6.548228e-20 -6.240393e-21 0.000000e+00 0.000000e+00 -6.543458e-20 -6.235847e-21 0.000000e+00 0.000000e+00 
5      600000.000000 46       65000.000000 -3.534142e-20 -2.830150e-21 0.000000e+00 0.000000e+00 -3.531568e-20 -2.828089e-21 0.000000e+00 0.000000e+00 
5      600000.000000 47       70000.000000 -1.823107e-20 -1.031822e-21 0.000000e+00 0.000000e+00 -1.821779e-20 -1.031070e-21 0.000000e+00 0.000000e+00 
5      600000.000000 48       75000.000000 -8.689138e-21 -8.454080e-22 0.000000e+00 0.000000e+00 -8.682809e-21 -8.447922e-22 0.000000e+00 0.000000e+00 
5      600000.000000 49       80000.000000 -3.694797e-21 -6.589943e-22 0.000000e+00 0.000000e+00 -3.692106e-21 -6.585143e-22 0.000000e+00 0.000000e+00 
5      600000.000000 50       85000.000000 -1.411132e-21 -4.725806e-22 0.000000e+00 0.000000e+00 -1.410104e-21 -4.722363e-22 0.000000e+00 0.000000e+00 
5      600000.000000 51       90000.000000 -5.087990e-22 -2.861668e-22 0.000000e+00 0.000000e+00 -5.084283e-22 -2.859584e-22 0.000000e+00 0.000000e+00 
5      600000.000000 52       95000.000000 -1.864193e-22 -9.975312e-23 0.000000e+00 0.000000e+00 -1.862835e-22 -9.968045e-23 0.000000e+00 0.000000e+00 
5      600000.000000 53      100000.000000 -7.221637e-23 -3.273130e-24 0.000000e+00 0.000000e+00 -7.216377e-23 -3.270746e-24 0.000000e+00 0.000000e+00 
5      600000.000000 54      105000.000000 -2.966621e-23 0.000000e+00 0.000000e+00 0.000000e+00 -2.964460e-23 0.000000e+00 0.000000e+00 0.000000e+00 
5      600000.000000 55      110000.000000 -1.362873e-23 0.000000e+00 0.000000e+00 0.000000e+00 -1.361880e-23 0.000000e+00 0.000000e+00 0.000000e+00 
5      600000.000000 56      115000.000000 -6.865556e-24 0.000000e+00 0.000000e+00 0.000000e+00 -6.860554e-24 0.000000e+00 0.000000e+00 0.000000e+00 
6      604000.000000 0           0.000000 0.000000e+00 0.000000e+00 0.000000e+00 0.000000e+00 0.000000e+00 0.000000e+00 0.000000e+00 0.000000e+00 
6      604000.000000 1        1000.000000 0.000000e+00 0.000000e+00 0.000000e+00 0.000000e+00 0.000000e+00 0.000000e+00 0.000000e+00 0.000000e+00 
6      604000.000000 2        2000.000000 0.000000e+00 0.000000e+00 0.000000e+00 0.000000e+00 0.000000e+00 0.000000e+00 0.000000e+00 0.000000e+00 
6      604000.000000 3        2200.000000 0.000000e+00 0.000000e+00 0.000000e+00 0.000000e+00 0.000000e+00 0.000000e+00 0.000000e+00 0.000000e+00 
6      604000.000000 4        3000.000000 0.000000e+00 0.000000e+00 0.000000e+00 0.000000e+00 0.000000e+00 0.000000e+00 0.000000e+00 0.000000e+00 
6      604000.000000 5        4000.000000 0.000000e+00 0.000000e+00 0.000000e+00 0.000000e+00 0.000000e+00 0.000000e+00 0.000000e+00 0.000000e+00 
6      604000.000000 6        5000.000000 0.000000e+00 0.000000e+00 0.000000e+00 0.000000e+00 0.000000e+00 0.000000e+00 0.000000e+00 0.000000e+00 
6      604000.000000 7        6000.000000 0.000000e+00 0.000000e+00 0.000000e+00 0.000000e+00 0.000000e+00 0.000000e+00 0.000000e+00 0.000000e+00 
6      604000.000000 8        6800.000000 0.000000e+00 0.000000e+00 0.000000e+00 0.000000e+00 0.000000e+00 0.000000e+00 0.000000e+00 0.000000e+00 
6      604000.000000 9        7000.000000 0.000000e+00 0.000000e+00 0.000000e+00 0.000000e+00 0.000000e+00 0.000000e+00 0.000000e+00 0.000000e+00 
6      604000.000000 10        7200.000000 0.000000e+00 0.000000e+00 0.000000e+00 0.000000e+00 0.000000e+00 0.000000e+00 0.000000e+00 0.000000e+00 
6      604000.000000 11        7400.000000 0.000000e+00 0.000000e+00 0.000000e+00 0.000000e+00 0.000000e+00 0.000000e+00 0.000000e+00 0.000000e+00 
6      604000.000000 12        7600.000000 0.000000e+00 0.000000e+00 0.000000e+00 0.000000e+00 0.000000e+00 0.000000e+00 0.000000e+00 0.000000e+00 
6      604000.000000 13        7800.000000 0.000000e+00 0.000000e+00 0.000000e+00 0.000000e+00 0.000000e+00 0.000000e+00 0.000000e+00 0.000000e+00 
6      604000.000000 14        8000.000000 0.000000e+00 0.000000e+00 0.000000e+00 0.000000e+00 0.000000e+00 0.000000e+00 0.000000e+00 0.000000e+00 
6      604000.000000 15        8200.000000 0.000000e+00 0.000000e+00 0.000000e+00 0.000000e+00 0.000000e+00 0.000000e+00 0.000000e+00 0.000000e+00 
6      604000.000000 16        8400.000000 0.000000e+00 0.000000e+00 0.000000e+00 0.000000e+00 0.000000e+00 0.000000e+00 0.000000e+00 0.000000e+00 
6      604000.000000 17        9000.000000 0.000000e+00 0.000000e+00 0.000000e+00 0.000000e+00 0.000000e+00 0.000000e+00 0.000000e+00 0.000000e+00 
6      604000.000000 18       10000.000000 0.000000e+00 0.000000e+00 0.000000e+00 0.000000e+00 0.000000e+00 0.000000e+00 0.000000e+00 0.000000e+00 
6      604000.000000 19       11000.000000 0.000000e+00 0.000000e+00 0.000000e+00 0.000000e+00 0.000000e+00 0.000000e+00 0.000000e+00 0.000000e+00 
6      604000.000000 20       12000.000000 0.000000e+00 0.000000e+00 0.000000e+00 0.000000e+00 0.000000e+00 0.000000e+00 0.000000e+00 0.000000e+00 
6      604000.000000 21       13000.000000 0.000000e+00 0.000000e+00 0.000000e+00 0.000000e+00 0.000000e+00 0.000000e+00 0.000000e+00 0.000000e+00 
6      604000.000000 22       14000.000000 0.000000e+00 0.000000e+00 0.000000e+00 0.000000e+00 0.000000e+00 0.000000e+00 0.000000e+00 0.000000e+00 
6      604000.000000 23       15000.000000 0.000000e+00 0.000000e+00 0.000000e+00 0.000000e+00 0.000000e+00 0.000000e+00 0.000000e+00 0.000000e+00 
6      604000.000000 24       16000.000000 0.000000e+00 0.000000e+00 0.000000e+00 0.000000e+00 0.000000e+00 0.000000e+00 0.000000e+00 0.000000e+00 
6      604000.000000 25       17000.000000 0.000000e+00 0.000000e+00 0.000000e+00 0.000000e+00 0.000000e+00 0.000000e+00 0.000000e+00 0.000000e+00 
6      604000.000000 26       18000.000000 0.000000e+00 0.000000e+00 0.000000e+00 0.000000e+00 0.000000e+00 0.000000e+00 0.000000e+00 0.000000e+00 
6      604000.000000 27       19000.000000 0.000000e+00 0.000000e+00 0.000000e+00 0.000000e+00 0.000000e+00 0.000000e+00 0.000000e+00 0.000000e+00 
6      604000.000000 28       20000.000000 0.000000e+00 0.000000e+00 0.000000e+00 0.000000e+00 0.000000e+00 0.000000e+00 0.000000e+00 0.000000e+00 
6      604000.000000 29       21000.000000 0.000000e+00 0.000000e+00 0.000000e+00 0.000000e+00 0.000000e+00 0.000000e+00 0.000000e+00 0.000000e+00 
6      604000.000000 30       22000.000000 0.000000e+00 0.000000e+00 0.000000e+00 0.000000e+00 0.000000e+00 0.000000e+00 0.000000e+00 0.000000e+00 
6      604000.000000 31       23000.000000 0.000000e+00 0.000000e+00 0.000000e+00 0.000000e+00 0.000000e+00 0.000000e+00 0.000000e+00 0.000000e+00 
6      604000.000000 32       24000.000000 0.000000e+00 0.000000e+00 0.000000e+00 0.000000e+00 0.000000e+00 0.000000e+00 0.000000e+00 0.000000e+00 
6      604000.000000 33       25000.000000 0.000000e+00 0.000000e+00 0.000000e+00 0.000000e+00 0.000000e+00 0.000000e+00 0.000000e+00 0.000000e+00 
6      604000.000000 34       27500.000000 0.000000e+00 0.000000e+00 0.000000e+00 0.000000e+00 0.000000e+00 0.000000e+00 0.000000e+00 0.000000e+00 
6      604000.000000 35       30000.000000 0.000000e+00 0.000000e+00 0.000000e+00 0.000000e+00 0.000000e+00 0.000000e+00 0.000000e+00 0.000000e+00 
6      604000.000000 36       32500.000000 0.000000e+00 0.000000e+00 0.000000e+00 0.000000e+00 0.000000e+00 0.000000e+00 0.000000e+00 0.000000e+00 
6      604000.000000 37       35000.000000 0.000000e+00 0.000000e+00 0.000000e+00 0.000000e+00 0.000000e+00 0.000000e+00 0.000000e+00 0.000000e+00 
6      604000.000000 38       37500.000000 0.000000e+00 0.000000e+00 0.000000e+00 0.000000e+00 0.000000e+00 0.000000e+00 0.000000e+00 0.000000e+00 
6      604000.000000 39       40000.000000 0.000000e+00 0.000000e+00 0.000000e+00 0.000000e+00 0.000000e+00 0.000000e+00 0.000000e+00 0.000000e+00 
6      604000.000000 40       42500.000000 0.000000e+00 0.000000e+00 0.000000e+00 0.000000e+00 0.000000e+00 0.000000e+00 0.000000e+00 0.000000e+00 
6      604000.000000 41       45000.000000 0.000000e+00 0.000000e+00 0.000000e+00 0.000000e+00 0.000000e+00 0.000000e+00 0.000000e+00 0.000000e+00 
6      604000.000000 42       47500.000000 0.000000e+00 0.000000e+00 0.000000e+00 0.000000e+00 0.000000e+00 0.000000e+00 0.000000e+00 0.000000e+00 
6      604000.000000 43       50000.000000 0.000000e+00 0.000000e+00 0.000000e+00 0.000000e+00 0.000000e+00 0.000000e+00 0.000000e+00 0.000000e+00 
6      604000.000000 44       55000.000000 0.000000e+00 0.000000e+00 0.000000e+00 0.000000e+00 0.000000e+00 0.000000e+00 0.000000e+00 0.000000e+00 
6      604000.000000 45       60000.000000 0.000000e+00 0.000000e+00 0.000000e+00 0.000000e+00 0.000000e+00 0.000000e+00 0.000000e+00 0.000000e+00 
6      604000.000000 46       65000.000000 0.000000e+00 0.000000e+00 0.000000e+00 0.000000e+00 0.000000e+00 0.000000e+00 0.000000e+00 0.000000e+00 
6      604000.000000 47       70000.000000 0.000000e+00 0.000000e+00 0.000000e+00 0.000000e+00 0.000000e+00 0.000000e+00 0.000000e+00 0.000000e+00 
6      604000.000000 48       75000.000000 0.000000e+00 0.000000e+00 0.000000e+00 0.000000e+00 0.000000e+00 0.000000e+00 0.000000e+00 0.000000e+00 
6      604000.000000 49       80000.000000 0.000000e+00 0.000000e+00 0.000000e+00 0.000000e+00 0.000000e+00 0.000000e+00 0.000000e+00 0.000000e+00 
6      604000.000000 50       85000.000000 0.000000e+00 0.000000e+00 0.000000e+00 0.000000e+00 0.000000e+00 0.000000e+00 0.000000e+00 0.000000e+00 
6      604000.000000 51       90000.000000 0.000000e+00 0.000000e+00 0.000000e+00 0.000000e+00 0.000000e+00 0.000000e+00 0.000000e+00 0.000000e+00 
6      604000.000000 52       95000.000000 0.000000e+00 0.000000e+00 0.000000e+00 0.000000e+00 0.000000e+00 0.000000e+00 0.000000e+00 0.000000e+00 
6      604000.000000 53      100000.000000 0.000000e+00 0.000000e+00 0.000000e+00 0.000000e+00 0.000000e+00 0.000000e+00 0.000000e+00 0.000000e+00 
6      604000.000000 54      105000.000000 0.000000e+00 0.000000e+00 0.000000e+00 0.000000e+00 0.000000e+00 0.000000e+00 0.000000e+00 0.000000e+00 
6      604000.000000 55      110000.000000 0.000000e+00 0.000000e+00 0.000000e+00 0.000000e+00 0.000000e+00 0.000000e+00 0.000000e+00 0.000000e+00 
6      604000.000000 56      115000.000000 0.000000e+00 0.000000e+00 0.000000e+00 0.000000e+00 0.000000e+00 0.000000e+00 0.000000e+00 0.000000e+00 
