2075.11938477 1.760907e-02 -7.947975e-03
2075.12353516 1.064536e-02 -4.805081e-03
2075.12792969 1.957212e-02 -8.833899e-03
2075.13232422 2.517623e-02 -1.136294e-02
2075.13647461 2.982685e-02 -1.346173e-02
2075.14086914 3.384614e-02 -1.527568e-02
2075.14526367 3.725775e-02 -1.681545e-02
2075.14965820 4.010332e-02 -1.809980e-02
2075.15380859 4.245053e-02 -1.915925e-02
2075.15820312 4.437607e-02 -2.002839e-02
2075.16259766 4.595341e-02 -2.074037e-02
2075.16674805 4.724685e-02 -2.132421e-02
2075.17114258 4.830954e-02 -2.180390e-02
2075.17553711 4.918333e-02 -2.219832e-02
2075.17968750 4.989726e-02 -2.252058e-02
2075.18408203 5.044299e-02 -2.276692e-02
2075.18847656 5.100638e-02 -2.302123e-02
2075.19262695 5.150079e-02 -2.324439e-02
2075.19702148 5.190175e-02 -2.342538e-02
2075.20141602 5.223873e-02 -2.357748e-02
2075.20556641 5.252418e-02 -2.370633e-02
2075.20996094 5.276654e-02 -2.381572e-02
2075.21435547 5.297201e-02 -2.390847e-02
2075.21850586 5.314542e-02 -2.398674e-02
2075.22290039 5.328994e-02 -2.405197e-02
2075.22729492 5.340903e-02 -2.410573e-02
2075.23144531 5.351775e-02 -2.415480e-02
2075.23583984 5.359885e-02 -2.419140e-02
2075.24023438 5.365406e-02 -2.421632e-02
2075.24462891 5.368043e-02 -2.422823e-02
2075.24877930 5.367311e-02 -2.422493e-02
2075.25317383 5.362424e-02 -2.420288e-02
2075.25756836 5.351816e-02 -2.415501e-02
2075.26171875 5.324944e-02 -2.403373e-02
2075.26611328 5.315132e-02 -2.398945e-02
2075.27050781 5.355462e-02 -2.417146e-02
2075.27465820 5.372222e-02 -2.424708e-02
2075.27905273 5.381739e-02 -2.429003e-02
2075.28344727 5.385389e-02 -2.430649e-02
2075.28759766 5.383410e-02 -2.429754e-02
2075.29199219 5.376300e-02 -2.426543e-02
2075.29638672 5.366897e-02 -2.422298e-02
2075.30053711 5.362124e-02 -2.420143e-02
2075.30493164 5.367526e-02 -2.422581e-02
2075.30932617 5.380219e-02 -2.428311e-02
2075.31347656 5.393723e-02 -2.434407e-02
2075.31787109 5.404227e-02 -2.439149e-02
2075.32226562 5.410827e-02 -2.442130e-02
2075.32666016 5.413799e-02 -2.443472e-02
2075.33081055 5.413529e-02 -2.443351e-02
2075.33520508 5.410139e-02 -2.441822e-02
2075.33959961 5.403301e-02 -2.438736e-02
2075.34375000 5.391844e-02 -2.433566e-02
2075.34814453 5.371014e-02 -2.424165e-02
2075.35253906 5.335208e-02 -2.408005e-02
2075.35668945 5.358229e-02 -2.418395e-02
2075.36108398 5.359744e-02 -2.419078e-02
2075.36547852 5.352677e-02 -2.415888e-02
2075.36962891 5.341225e-02 -2.410720e-02
2075.37402344 5.323451e-02 -2.402698e-02
2075.37841797 5.316377e-02 -2.399505e-02
2075.38256836 5.337797e-02 -2.409172e-02
2075.38696289 5.349636e-02 -2.414515e-02
2075.39135742 5.359193e-02 -2.418828e-02
2075.39575195 5.365901e-02 -2.421856e-02
2075.39990234 5.369732e-02 -2.423584e-02
2075.40429688 5.370940e-02 -2.424129e-02
2075.40869141 5.369834e-02 -2.423630e-02
2075.41284180 5.366678e-02 -2.422206e-02
2075.41723633 5.361659e-02 -2.419940e-02
2075.42163086 5.354880e-02 -2.416881e-02
2075.42578125 5.346373e-02 -2.413041e-02
2075.43017578 5.336096e-02 -2.408402e-02
2075.43457031 5.323940e-02 -2.402915e-02
2075.43872070 5.309727e-02 -2.396500e-02
2075.44311523 5.293197e-02 -2.389039e-02
2075.44750977 5.273997e-02 -2.380372e-02
2075.45166016 5.251657e-02 -2.370289e-02
2075.45605469 5.225556e-02 -2.358507e-02
2075.46044922 5.194873e-02 -2.344658e-02
2075.46484375 5.158521e-02 -2.328249e-02
2075.46899414 5.115040e-02 -2.308623e-02
2075.47338867 5.062339e-02 -2.284836e-02
2075.47778320 4.996070e-02 -2.254924e-02
2075.48193359 4.891372e-02 -2.207669e-02
2075.48632812 4.866988e-02 -2.196659e-02
2075.49072266 4.828368e-02 -2.179224e-02
2075.49487305 4.760931e-02 -2.148781e-02
2075.49926758 4.670755e-02 -2.108076e-02
2075.50366211 4.555764e-02 -2.056170e-02
2075.50781250 4.411803e-02 -1.991188e-02
2075.51220703 4.234085e-02 -1.910971e-02
2075.51660156 4.015536e-02 -1.812326e-02
2075.52075195 3.748734e-02 -1.691905e-02
2075.52514648 3.426881e-02 -1.546642e-02
2075.52954102 3.044826e-02 -1.374217e-02
2075.53393555 2.597265e-02 -1.172236e-02
2075.53808594 2.036868e-02 -9.193366e-03
2075.54248047 1.174083e-02 -5.299452e-03
2075.54687500 1.967371e-02 -8.879723e-03
2075.55102539 2.545181e-02 -1.148730e-02
2075.55541992 2.993386e-02 -1.351000e-02
2075.55981445 3.375239e-02 -1.523332e-02
2075.56396484 3.696948e-02 -1.668528e-02
2075.56835938 3.963668e-02 -1.788911e-02
2075.57275391 4.182282e-02 -1.887584e-02
2075.57690430 4.360279e-02 -1.967927e-02
2075.58129883 4.504755e-02 -2.033140e-02
2075.58569336 4.621911e-02 -2.086023e-02
2075.59008789 4.716914e-02 -2.128906e-02
2075.59423828 4.793946e-02 -2.163678e-02
2075.59863281 4.856335e-02 -2.191840e-02
2075.60302734 4.906705e-02 -2.214576e-02
2075.60717773 4.947110e-02 -2.232815e-02
2075.61157227 4.979149e-02 -2.247277e-02
2075.61596680 5.004064e-02 -2.258523e-02
2075.62011719 5.022810e-02 -2.266985e-02
2075.62451172 5.036109e-02 -2.272988e-02
2075.62890625 5.044495e-02 -2.276773e-02
2075.63305664 5.048342e-02 -2.278509e-02
2075.63745117 5.047887e-02 -2.278303e-02
2075.64184570 5.043241e-02 -2.276206e-02
2075.64599609 5.034396e-02 -2.272213e-02
2075.65039062 5.021225e-02 -2.266267e-02
2075.65478516 5.003479e-02 -2.258256e-02
2075.65917969 4.980768e-02 -2.248004e-02
2075.66333008 4.952538e-02 -2.235260e-02
2075.66772461 4.918023e-02 -2.219680e-02
2075.67211914 4.876132e-02 -2.200770e-02
2075.67626953 4.825135e-02 -2.177750e-02
2075.68066406 4.761159e-02 -2.148872e-02
2075.68505859 4.667373e-02 -2.106539e-02
2075.68920898 4.621383e-02 -2.085776e-02
2075.69360352 4.557352e-02 -2.056870e-02
2075.69799805 4.464557e-02 -2.014981e-02
2075.70214844 4.325667e-02 -1.952288e-02
2075.70654297 4.239433e-02 -1.913357e-02
2075.71093750 4.134616e-02 -1.866038e-02
2075.71533203 3.985943e-02 -1.798925e-02
2075.71948242 3.798474e-02 -1.714302e-02
2075.72387695 3.569181e-02 -1.610804e-02
2075.72827148 3.295004e-02 -1.487054e-02
2075.73242188 2.974493e-02 -1.342399e-02
2075.73681641 2.608686e-02 -1.177312e-02
2075.74121094 2.198880e-02 -9.923794e-03
2075.74536133 1.728443e-02 -7.800940e-03
2075.74975586 9.657084e-03 -4.358831e-03
2075.75415039 1.288507e-02 -5.815640e-03
2075.75830078 1.899606e-02 -8.573323e-03
2075.76269531 2.324804e-02 -1.049203e-02
2075.76708984 2.685813e-02 -1.212115e-02
2075.77148438 2.986011e-02 -1.347591e-02
2075.77563477 3.225838e-02 -1.455827e-02
2075.78002930 3.408568e-02 -1.538297e-02
2075.78442383 3.538933e-02 -1.597135e-02
2075.78857422 3.623410e-02 -1.635263e-02
2075.79296875 3.676111e-02 -1.659048e-02
2075.79736328 3.693416e-02 -1.666857e-02
2075.80151367 3.680133e-02 -1.660860e-02
2075.80590820 3.636415e-02 -1.641126e-02
2075.81030273 3.560228e-02 -1.606735e-02
2075.81445312 3.448768e-02 -1.556423e-02
2075.81884766 3.298932e-02 -1.488790e-02
2075.82324219 3.107413e-02 -1.402344e-02
2075.82763672 2.870944e-02 -1.295611e-02
2075.83178711 2.587060e-02 -1.167481e-02
2075.83618164 2.255607e-02 -1.017890e-02
2075.84057617 1.881247e-02 -8.489461e-03
2075.84472656 1.476821e-02 -6.664506e-03
2075.84912109 1.066516e-02 -4.813222e-03
2075.85351562 6.858607e-03 -3.095905e-03
2075.85766602 3.736709e-03 -1.687564e-03
2075.86206055 1.529105e-03 -6.915163e-04
2075.86645508 1.777649e-04 -8.082783e-05
2075.87084961 7.150639e-04 -3.238990e-04
2075.87500000 2.560640e-03 -1.156990e-03
2075.87939453 5.270590e-03 -2.379529e-03
2075.88378906 8.834223e-03 -3.987194e-03
2075.88793945 1.290858e-02 -5.825448e-03
2075.89233398 1.710103e-02 -7.717205e-03
2075.89672852 2.110352e-02 -9.523434e-03
2075.90087891 2.472965e-02 -1.115996e-02
2075.90527344 2.788650e-02 -1.258480e-02
2075.90966797 3.050400e-02 -1.376627e-02
2075.91381836 3.307343e-02 -1.492605e-02
2075.91821289 3.513152e-02 -1.585508e-02
2075.92260742 3.675883e-02 -1.658968e-02
2075.92700195 3.778319e-02 -1.705216e-02
2075.93115234 3.948452e-02 -1.782014e-02
2075.93554688 4.117560e-02 -1.858347e-02
2075.93994141 4.261578e-02 -1.923356e-02
2075.94409180 4.384480e-02 -1.978834e-02
2075.94848633 4.490831e-02 -2.026842e-02
2075.95288086 4.582593e-02 -2.068265e-02
2075.95703125 4.661764e-02 -2.104004e-02
2075.96142578 4.730210e-02 -2.134901e-02
2075.96582031 4.789548e-02 -2.161688e-02
2075.97021484 4.841126e-02 -2.184971e-02
2075.97436523 4.886036e-02 -2.205244e-02
2075.97875977 4.925155e-02 -2.222903e-02
2075.98315430 4.959171e-02 -2.238259e-02
2075.98730469 4.988610e-02 -2.251548e-02
2075.99169922 5.013848e-02 -2.262941e-02
2075.99609375 5.035115e-02 -2.272541e-02
2076.00024414 5.052469e-02 -2.280375e-02
2076.00463867 5.065741e-02 -2.286367e-02
2076.00903320 5.074362e-02 -2.290259e-02
2076.01318359 5.076810e-02 -2.291365e-02
2076.01757812 5.067295e-02 -2.287072e-02
2076.02197266 5.034528e-02 -2.272284e-02
2076.02636719 5.086564e-02 -2.295770e-02
2076.03051758 5.111814e-02 -2.307166e-02
2076.03491211 5.126267e-02 -2.313689e-02
2076.03930664 5.135117e-02 -2.317683e-02
2076.04345703 5.139866e-02 -2.319827e-02
2076.04785156 5.141164e-02 -2.320412e-02
2076.05224609 5.139295e-02 -2.319568e-02
2076.05639648 5.134338e-02 -2.317331e-02
2076.06079102 5.126225e-02 -2.313669e-02
2076.06518555 5.114761e-02 -2.308494e-02
2076.06958008 5.099629e-02 -2.301664e-02
2076.07373047 5.080378e-02 -2.292974e-02
2076.07812500 5.056397e-02 -2.282149e-02
2076.08251953 5.026867e-02 -2.268820e-02
2076.08666992 4.990635e-02 -2.252465e-02
2076.09106445 4.945339e-02 -2.232019e-02
2076.09545898 4.893189e-02 -2.208479e-02
2076.09960938 4.834116e-02 -2.181814e-02
2076.10400391 4.759618e-02 -2.148186e-02
2076.10839844 4.668088e-02 -2.106871e-02
2076.11279297 4.555861e-02 -2.056213e-02
2076.11694336 4.418168e-02 -1.994062e-02
2076.12133789 4.249162e-02 -1.917777e-02
2076.12573242 4.042012e-02 -1.824278e-02
2076.12988281 3.789257e-02 -1.710198e-02
2076.13427734 3.483586e-02 -1.572240e-02
2076.13867188 3.118782e-02 -1.407600e-02
2076.14282227 2.687767e-02 -1.213086e-02
2076.14721680 2.146878e-02 -9.689888e-03
2076.15161133 1.249846e-02 -5.641413e-03
2076.15600586 1.984515e-02 -8.957146e-03
2076.16015625 2.585911e-02 -1.167119e-02
2076.16455078 3.035294e-02 -1.369922e-02
2076.16894531 3.415632e-02 -1.541572e-02
2076.17309570 3.735718e-02 -1.686034e-02
2076.17749023 4.001531e-02 -1.806007e-02
2076.18188477 4.220216e-02 -1.904713e-02
2076.18603516 4.399296e-02 -1.985544e-02
2076.19042969 4.545807e-02 -2.051676e-02
2076.19482422 4.665869e-02 -2.105869e-02
2076.19921875 4.764570e-02 -2.150421e-02
2076.20336914 4.846030e-02 -2.187192e-02
2076.20776367 4.913540e-02 -2.217665e-02
2076.21215820 4.969700e-02 -2.243015e-02
2076.21630859 5.016566e-02 -2.264170e-02
2076.22070312 5.055757e-02 -2.281860e-02
2076.22509766 5.088553e-02 -2.296664e-02
2076.22924805 5.115965e-02 -2.309037e-02
2076.23364258 5.138794e-02 -2.319342e-02
2076.23803711 5.157675e-02 -2.327865e-02
2076.24243164 5.173109e-02 -2.334831e-02
2076.24658203 5.185488e-02 -2.340419e-02
2076.25097656 5.195118e-02 -2.344765e-02
2076.25537109 5.202229e-02 -2.347975e-02
2076.25952148 5.206990e-02 -2.350124e-02
2076.26391602 5.209513e-02 -2.351263e-02
2076.26831055 5.209859e-02 -2.351419e-02
2076.27246094 5.208044e-02 -2.350600e-02
2076.27685547 5.204034e-02 -2.348790e-02
2076.28125000 5.197747e-02 -2.345952e-02
2076.28564453 5.189049e-02 -2.342025e-02
2076.28979492 5.177750e-02 -2.336925e-02
2076.29418945 5.163597e-02 -2.330537e-02
2076.29858398 5.146273e-02 -2.322717e-02
2076.30273438 5.125378e-02 -2.313285e-02
2076.30712891 5.100246e-02 -2.301941e-02
2076.31152344 5.071255e-02 -2.288854e-02
2076.31567383 5.036582e-02 -2.273204e-02
2076.32006836 4.995286e-02 -2.254563e-02
2076.32446289 4.946042e-02 -2.232334e-02
2076.32885742 4.887180e-02 -2.205765e-02
2076.33300781 4.816590e-02 -2.173901e-02
2076.33740234 4.731582e-02 -2.135530e-02
2076.34179688 4.628716e-02 -2.089097e-02
2076.34594727 4.503551e-02 -2.032600e-02
2076.35034180 4.350184e-02 -1.963374e-02
2076.35473633 4.159350e-02 -1.877238e-02
2076.35913086 3.908113e-02 -1.763842e-02
2076.36328125 3.685275e-02 -1.663264e-02
2076.36767578 3.397240e-02 -1.533264e-02
2076.37207031 3.040457e-02 -1.372244e-02
2076.37622070 2.615053e-02 -1.180263e-02
2076.38061523 2.079998e-02 -9.387992e-03
2076.38500977 1.241691e-02 -5.604592e-03
2076.38916016 1.779627e-02 -8.032416e-03
2076.39355469 2.405570e-02 -1.085724e-02
2076.39794922 2.841081e-02 -1.282262e-02
2076.40234375 3.199439e-02 -1.443988e-02
2076.40649414 3.492698e-02 -1.576341e-02
2076.41088867 3.718807e-02 -1.678394e-02
2076.41528320 3.875659e-02 -1.749192e-02
2076.41943359 3.897867e-02 -1.759224e-02
2076.42382812 4.142289e-02 -1.869544e-02
2076.42822266 4.349431e-02 -1.963037e-02
2076.43237305 4.499318e-02 -2.030689e-02
2076.43676758 4.619543e-02 -2.084955e-02
2076.44116211 4.716929e-02 -2.128912e-02
2076.44555664 4.795872e-02 -2.164544e-02
2076.44970703 4.859704e-02 -2.193356e-02
2076.45410156 4.910993e-02 -2.216507e-02
2076.45849609 4.951680e-02 -2.234872e-02
2076.46264648 4.983180e-02 -2.249090e-02
2076.46704102 5.006456e-02 -2.259596e-02
2076.47143555 5.022098e-02 -2.266657e-02
2076.47583008 5.030416e-02 -2.270411e-02
2076.47998047 5.031606e-02 -2.270949e-02
2076.48437500 5.026088e-02 -2.268458e-02
2076.48876953 5.014903e-02 -2.263411e-02
2076.49291992 4.990744e-02 -2.252507e-02
2076.49731445 4.991278e-02 -2.252748e-02
2076.50170898 5.030236e-02 -2.270330e-02
2076.50585938 5.054054e-02 -2.281079e-02
2076.51025391 5.073426e-02 -2.289822e-02
2076.51464844 5.087689e-02 -2.296259e-02
2076.51904297 5.097565e-02 -2.300715e-02
2076.52319336 5.102836e-02 -2.303093e-02
2076.52758789 5.104141e-02 -2.303682e-02
2076.53198242 5.101925e-02 -2.302680e-02
2076.53613281 5.096525e-02 -2.300241e-02
2076.54052734 5.088172e-02 -2.296470e-02
2076.54492188 5.076998e-02 -2.291424e-02
2076.54931641 5.063046e-02 -2.285125e-02
2076.55346680 5.046278e-02 -2.277554e-02
2076.55786133 5.026585e-02 -2.268663e-02
2076.56225586 5.003781e-02 -2.258367e-02
2076.56640625 4.977600e-02 -2.246547e-02
2076.57080078 4.947687e-02 -2.233041e-02
2076.57519531 4.913578e-02 -2.217642e-02
2076.57934570 4.874674e-02 -2.200077e-02
2076.58374023 4.830202e-02 -2.179999e-02
2076.58813477 4.779157e-02 -2.156953e-02
2076.59252930 4.720218e-02 -2.130344e-02
2076.59667969 4.651625e-02 -2.099376e-02
2076.60107422 4.570894e-02 -2.062930e-02
2076.60546875 4.473742e-02 -2.019071e-02
2076.60961914 4.339680e-02 -1.958554e-02
2076.61401367 4.218269e-02 -1.903744e-02
2076.61840820 4.208187e-02 -1.899173e-02
2076.62280273 4.134093e-02 -1.865711e-02
2076.62695312 4.032602e-02 -1.819881e-02
2076.63134766 3.906763e-02 -1.763061e-02
2076.63574219 3.756315e-02 -1.695131e-02
2076.63989258 3.579831e-02 -1.615449e-02
2076.64428711 3.375266e-02 -1.523091e-02
2076.64868164 3.140376e-02 -1.417046e-02
2076.65307617 2.873285e-02 -1.296470e-02
2076.65722656 2.573341e-02 -1.161072e-02
2076.66162109 2.242430e-02 -1.011710e-02
2076.66601562 1.886631e-02 -8.511320e-03
2076.67016602 1.518234e-02 -6.848938e-03
2076.67456055 1.157024e-02 -5.219300e-03
2076.67895508 8.285935e-03 -3.737888e-03
2076.68310547 5.564935e-03 -2.510859e-03
2076.68750000 3.491964e-03 -1.576245e-03
2076.69189453 1.966559e-03 -8.884960e-04
2076.69628906 6.221761e-04 -2.816880e-04
2076.70043945 6.804673e-04 -3.079867e-04
2076.70483398 2.434572e-03 -1.099597e-03
2076.70922852 4.674404e-03 -2.109666e-03
2076.71337891 7.548192e-03 -3.405715e-03
2076.71777344 1.081596e-02 -4.879711e-03
2076.72216797 1.415925e-02 -6.388050e-03
2076.72656250 1.729546e-02 -7.803199e-03
2076.73071289 2.001992e-02 -9.032733e-03
2076.73510742 2.220228e-02 -1.001776e-02
2076.73950195 2.376131e-02 -1.072156e-02
2076.74365234 2.459624e-02 -1.109863e-02
2076.74804688 2.500485e-02 -1.128330e-02
2076.75244141 2.460472e-02 -1.110303e-02
2076.75683594 2.340189e-02 -1.056053e-02
2076.76098633 2.131756e-02 -9.620253e-03
2076.76538086 1.777172e-02 -8.020423e-03
2076.76977539 1.181539e-02 -5.332575e-03
2076.77392578 1.935840e-02 -8.736638e-03
2076.77832031 2.423458e-02 -1.093711e-02
2076.78271484 2.816837e-02 -1.271238e-02
2076.78686523 3.158527e-02 -1.425446e-02
2076.79125977 3.453882e-02 -1.558750e-02
2076.79565430 3.706797e-02 -1.672905e-02
2076.80004883 3.922109e-02 -1.770092e-02
2076.80419922 4.105063e-02 -1.852676e-02
2076.80859375 4.260712e-02 -1.922937e-02
2076.81298828 4.393575e-02 -1.982913e-02
2076.81713867 4.507521e-02 -2.034351e-02
2076.82153320 4.605774e-02 -2.078705e-02
2076.82592773 4.690980e-02 -2.117169e-02
2076.83032227 4.765292e-02 -2.150716e-02
2076.83447266 4.830447e-02 -2.180129e-02
2076.83886719 4.887807e-02 -2.206024e-02
2076.84326172 4.938784e-02 -2.229036e-02
