400.03897095 1.177455e-02 7.892381e-03
400.37020874 1.175630e-02 7.881271e-03
400.50418091 1.174638e-02 7.875021e-03
400.94177246 1.171914e-02 7.858182e-03
401.10873413 1.170818e-02 7.851350e-03
401.29086304 1.170069e-02 7.846894e-03
401.55667114 1.168773e-02 7.839015e-03
401.85324097 1.167305e-02 7.830060e-03
402.02810669 1.166857e-02 7.827562e-03
402.37774658 1.165257e-02 7.817848e-03
402.56253052 1.164399e-02 7.812622e-03
402.69635010 1.163574e-02 7.807467e-03
403.04553223 1.161168e-02 7.792308e-03
403.24340820 1.159839e-02 7.783939e-03
403.61105347 1.156377e-02 7.761704e-03
403.79330444 1.153834e-02 7.745131e-03
403.96496582 1.151833e-02 7.732152e-03
404.31402588 1.150340e-02 7.723012e-03
404.49731445 1.149444e-02 7.717447e-03
404.74114990 1.146675e-02 7.699459e-03
405.06008911 1.143330e-02 7.677772e-03
405.21105957 1.141240e-02 7.664099e-03
405.41284180 1.140904e-02 7.662301e-03
405.76675415 1.140887e-02 7.662984e-03
405.88580322 1.140265e-02 7.659069e-03
406.18331909 1.138139e-02 7.645441e-03
406.55096436 1.136721e-02 7.636696e-03
406.74139404 1.136188e-02 7.633512e-03
407.04223633 1.134465e-02 7.622550e-03
407.08685303 1.134146e-02 7.620497e-03
407.48315430 1.130856e-02 7.599163e-03
407.65188599 1.128796e-02 7.585638e-03
407.91339111 1.125000e-02 7.560605e-03
408.14425659 1.121802e-02 7.539514e-03
408.45217896 1.117557e-02 7.511511e-03
408.72503662 1.116514e-02 7.504953e-03
408.97732544 1.115948e-02 7.501568e-03
409.13208008 1.115553e-02 7.499162e-03
409.36755371 1.113889e-02 7.488339e-03
409.73272705 1.111401e-02 7.472155e-03
409.90612793 1.110818e-02 7.468490e-03
410.14416504 1.108749e-02 7.454904e-03
410.38769531 1.105429e-02 7.432885e-03
410.76892090 1.103136e-02 7.417949e-03
411.06445312 1.102716e-02 7.415502e-03
411.32415771 1.102529e-02 7.414566e-03
411.42605591 1.102298e-02 7.413135e-03
411.71759033 1.101018e-02 7.404856e-03
412.05911255 1.098801e-02 7.390303e-03
412.23983765 1.097642e-02 7.382687e-03
412.52786255 1.094831e-02 7.364033e-03
412.71115112 1.092580e-02 7.349036e-03
412.94763184 1.089589e-02 7.329086e-03
413.25772095 1.085161e-02 7.299498e-03
413.62002563 1.081976e-02 7.278323e-03
413.72378540 1.081879e-02 7.277754e-03
414.07662964 1.083745e-02 7.290638e-03
414.32498169 1.083487e-02 7.289086e-03
414.53695679 1.081635e-02 7.276737e-03
414.84539795 1.079185e-02 7.260404e-03
415.03289795 1.077928e-02 7.252111e-03
415.37576294 1.077007e-02 7.246031e-03
415.57757568 1.076977e-02 7.245948e-03
415.92449951 1.075290e-02 7.234792e-03
416.07965088 1.074269e-02 7.227935e-03
416.29977417 1.072797e-02 7.218070e-03
416.63690186 1.070430e-02 7.202553e-03
416.86239624 1.068957e-02 7.192382e-03
417.17868042 1.065855e-02 7.171477e-03
417.33663940 1.064406e-02 7.161725e-03
417.78546143 1.061550e-02 7.142717e-03
417.85372925 1.061114e-02 7.139598e-03
418.24371338 1.058293e-02 7.120587e-03
418.47167969 1.056542e-02 7.108766e-03
418.68515015 1.055376e-02 7.100894e-03
419.06570435 1.054005e-02 7.091699e-03
419.36801147 1.050773e-02 7.069772e-03
419.49139404 1.049666e-02 7.062282e-03
419.83239746 1.047390e-02 7.046846e-03
420.04165649 1.046378e-02 7.039974e-03
420.28454590 1.044641e-02 7.028204e-03
420.60281372 1.042739e-02 7.015257e-03
420.84561157 1.040860e-02 7.002480e-03
421.06622314 1.039730e-02 6.994775e-03
421.44076538 1.038603e-02 6.987047e-03
421.69625854 1.036366e-02 6.971812e-03
421.93661499 1.033842e-02 6.954627e-03
422.09149170 1.032742e-02 6.947110e-03
422.44165039 1.031215e-02 6.936620e-03
422.56298828 1.030687e-02 6.932988e-03
422.73651123 1.029959e-02 6.927978e-03
422.85382080 1.029409e-02 6.924193e-03
422.98403931 1.028685e-02 6.919217e-03
423.24093628 1.026664e-02 6.905381e-03
423.51522827 1.024281e-02 6.889070e-03
423.81951904 1.022158e-02 6.874491e-03
424.01626587 1.020711e-02 6.864552e-03
424.32925415 1.018371e-02 6.848472e-03
424.62313843 1.016450e-02 6.835234e-03
424.92916870 1.016291e-02 6.833936e-03
425.15560913 1.016232e-02 6.833361e-03
425.50073242 1.014987e-02 6.824627e-03
425.74938965 1.014588e-02 6.821711e-03
425.93145752 1.014218e-02 6.819107e-03
426.09762573 1.013751e-02 6.815728e-03
426.37759399 1.012115e-02 6.804362e-03
426.80218506 1.009035e-02 6.783027e-03
427.07379150 1.005355e-02 6.757751e-03
427.34912109 1.002022e-02 6.734823e-03
427.65359497 1.000141e-02 6.721710e-03
427.86553955 9.986108e-03 6.711075e-03
428.12918091 9.971935e-03 6.701142e-03
428.27490234 9.967865e-03 6.698205e-03
428.59417725 9.964564e-03 6.695618e-03
429.04837036 9.954909e-03 6.688473e-03
429.26092529 9.952628e-03 6.686636e-03
429.48123169 9.946341e-03 6.682082e-03
429.77368164 9.930333e-03 6.670803e-03
430.09027100 9.896124e-03 6.647108e-03
430.20983887 9.879526e-03 6.635655e-03
430.59387207 9.833860e-03 6.604057e-03
430.86877441 9.815014e-03 6.590839e-03
431.11196899 9.804988e-03 6.583658e-03
431.36953735 9.795393e-03 6.576742e-03
431.81643677 9.787452e-03 6.570646e-03
432.00714111 9.787065e-03 6.570080e-03
432.27203369 9.782244e-03 6.566375e-03
432.66052246 9.762890e-03 6.552567e-03
432.81979370 9.748031e-03 6.542189e-03
433.11648560 9.719021e-03 6.521941e-03
433.42926025 9.689370e-03 6.501219e-03
433.78137207 9.660793e-03 6.481144e-03
434.00479126 9.650452e-03 6.473702e-03
434.40362549 9.636117e-03 6.463209e-03
434.54528809 9.621444e-03 6.452956e-03
434.78854370 9.580836e-03 6.424856e-03
435.15237427 9.547748e-03 6.401636e-03
435.37448120 9.551300e-03 6.403632e-03
435.64114380 9.549938e-03 6.402165e-03
436.00875854 9.538079e-03 6.393354e-03
436.33413696 9.528366e-03 6.386077e-03
436.51837158 9.523178e-03 6.382165e-03
436.84054565 9.516878e-03 6.377202e-03
437.21337891 9.513373e-03 6.374025e-03
437.44509888 9.505309e-03 6.368036e-03
437.62261963 9.497362e-03 6.362240e-03
437.96463013 9.481548e-03 6.350720e-03
438.32577515 9.447977e-03 6.327051e-03
438.56863403 9.404818e-03 6.297107e-03
438.80276489 9.366105e-03 6.270211e-03
439.13330078 9.335427e-03 6.248561e-03
439.45819092 9.318477e-03 6.236538e-03
439.67877197 9.323437e-03 6.239125e-03
440.06198120 9.316208e-03 6.233333e-03
440.29235840 9.326131e-03 6.239543e-03
440.54663086 9.325012e-03 6.238499e-03
440.74206543 9.317359e-03 6.232520e-03
441.25372314 9.290998e-03 6.215953e-03
441.40930176 9.285678e-03 6.212811e-03
441.85671997 9.274823e-03 6.201192e-03
441.93145752 9.266140e-03 6.196481e-03
442.30636597 9.241744e-03 6.178187e-03
442.64038086 9.168399e-03 6.146673e-03
442.91094971 9.190661e-03 6.145354e-03
443.09948730 9.165347e-03 6.133002e-03
443.49621582 9.156082e-03 6.118957e-03
443.90316772 9.128788e-03 6.100200e-03
444.15371704 9.108089e-03 6.082979e-03
444.28454590 9.077985e-03 6.067944e-03
444.79769897 9.031676e-03 6.030598e-03
445.04629517 9.017211e-03 6.025485e-03
445.29101562 9.034133e-03 6.030630e-03
445.61749268 9.023522e-03 6.024309e-03
445.94427490 9.004358e-03 6.013974e-03
446.13571167 9.016313e-03 6.016229e-03
446.48287964 8.984205e-03 6.003222e-03
446.65716553 9.003174e-03 6.005646e-03
446.96646118 8.981935e-03 5.990136e-03
447.37313843 8.937891e-03 5.958858e-03
447.71136475 8.886306e-03 5.922356e-03
448.06515503 8.849505e-03 5.896013e-03
448.18554688 8.851229e-03 5.896779e-03
448.56106567 8.871816e-03 5.909320e-03
448.95336914 8.871015e-03 5.906973e-03
449.14672852 8.869579e-03 5.905169e-03
449.53985596 8.865106e-03 5.900478e-03
449.71484375 8.861484e-03 5.897324e-03
450.09176636 8.838013e-03 5.879746e-03
450.29339600 8.822200e-03 5.868159e-03
450.69732666 8.801636e-03 5.852537e-03
451.00244141 8.791211e-03 5.844239e-03
451.27838135 8.781115e-03 5.836295e-03
451.65145874 8.761251e-03 5.821348e-03
451.77328491 8.750911e-03 5.813850e-03
452.32147217 8.720582e-03 5.791163e-03
452.46090698 8.711072e-03 5.784176e-03
452.86566162 8.699540e-03 5.775117e-03
453.25183105 8.675729e-03 5.757668e-03
453.39199829 8.671476e-03 5.753851e-03
453.74676514 8.669725e-03 5.751346e-03
454.18392944 8.652844e-03 5.738267e-03
454.38650513 8.631636e-03 5.724140e-03
454.79421997 8.603432e-03 5.702412e-03
454.99661255 8.595731e-03 5.696428e-03
455.38241577 8.582544e-03 5.686060e-03
455.60958862 8.570772e-03 5.677226e-03
455.96472168 8.546984e-03 5.659747e-03
456.26171875 8.538142e-03 5.652640e-03
456.60897827 8.531504e-03 5.646841e-03
456.90457153 8.511758e-03 5.632314e-03
457.22769165 8.475386e-03 5.606373e-03
457.46054077 8.449363e-03 5.587807e-03
457.85144043 8.420504e-03 5.566713e-03
458.29183960 8.403746e-03 5.553646e-03
458.40466309 8.398695e-03 5.549782e-03
458.83261108 8.389931e-03 5.542179e-03
459.00048828 8.387750e-03 5.540047e-03
459.47796631 8.354407e-03 5.515539e-03
459.77584839 8.335541e-03 5.501557e-03
459.99349976 8.318387e-03 5.489050e-03
460.25106812 8.299195e-03 5.474978e-03
460.60354614 8.284422e-03 5.463518e-03
460.96578979 8.278004e-03 5.457681e-03
461.19165039 8.271862e-03 5.452585e-03
461.59408569 8.264792e-03 5.446129e-03
462.08712769 8.246963e-03 5.431984e-03
462.31549072 8.234877e-03 5.422830e-03
462.62475586 8.203234e-03 5.400065e-03
462.88778687 8.169606e-03 5.376149e-03
463.18743896 8.154161e-03 5.364410e-03
463.52957153 8.148427e-03 5.359073e-03
463.91851807 8.147929e-03 5.357081e-03
464.17260742 8.141582e-03 5.351691e-03
464.55703735 8.128806e-03 5.341379e-03
464.69979858 8.126346e-03 5.339097e-03
465.17080688 8.120490e-03 5.333095e-03
465.46383667 8.118689e-03 5.330609e-03
465.85800171 8.104980e-03 5.319614e-03
466.19595337 8.080349e-03 5.302029e-03
466.54437256 8.049958e-03 5.279437e-03
466.82604980 8.025366e-03 5.261496e-03
467.22363281 8.011671e-03 5.250509e-03
467.30084229 8.008755e-03 5.248772e-03
467.69995117 7.991635e-03 5.235427e-03
468.15185547 7.980895e-03 5.225531e-03
468.43493652 7.976736e-03 5.221508e-03
468.90914917 7.952583e-03 5.205229e-03
468.97036743 7.946341e-03 5.202240e-03
469.50027466 7.937627e-03 5.191543e-03
469.67404175 7.916478e-03 5.181600e-03
470.09582520 7.890844e-03 5.162190e-03
470.40969849 7.884390e-03 5.152518e-03
470.80599976 7.872442e-03 5.142181e-03
471.14395142 7.856280e-03 5.130135e-03
471.33264160 7.841604e-03 5.121056e-03
471.66281128 7.818305e-03 5.104036e-03
472.14544678 7.790363e-03 5.084163e-03
472.33792114 7.777324e-03 5.076483e-03
472.72537231 7.751850e-03 5.058686e-03
473.12075806 7.722646e-03 5.038630e-03
473.48110962 7.670046e-03 5.007485e-03
473.67523193 7.652646e-03 4.992452e-03
474.03378296 7.621096e-03 4.972029e-03
474.48410034 7.592785e-03 4.954400e-03
474.63320923 7.578722e-03 4.945431e-03
475.11837769 7.541239e-03 4.923560e-03
475.54830933 7.522056e-03 4.909938e-03
475.77453613 7.507573e-03 4.900636e-03
476.29306030 7.473146e-03 4.877879e-03
476.40298462 7.466712e-03 4.873491e-03
476.76644897 7.444730e-03 4.858168e-03
477.16995239 7.422306e-03 4.841769e-03
477.49179077 7.404887e-03 4.828420e-03
477.85882568 7.389384e-03 4.815519e-03
478.17550659 7.380566e-03 4.806972e-03
478.45651245 7.371243e-03 4.798014e-03
478.75735474 7.359908e-03 4.787185e-03
479.21459961 7.340678e-03 4.768879e-03
479.50912476 7.326266e-03 4.755501e-03
479.85217285 7.322471e-03 4.748577e-03
480.20611572 7.329409e-03 4.748704e-03
480.57791138 7.327231e-03 4.742510e-03
480.99328613 7.322328e-03 4.734119e-03
481.20965576 7.315070e-03 4.726697e-03
481.61898804 7.313849e-03 4.721333e-03
482.04547119 7.313783e-03 4.716935e-03
482.45388794 7.307361e-03 4.708819e-03
482.68789673 7.303890e-03 4.704466e-03
483.18051147 7.294557e-03 4.694292e-03
483.45925903 7.286066e-03 4.686560e-03
483.73501587 7.275409e-03 4.677525e-03
484.13613892 7.256464e-03 4.662229e-03
484.49035645 7.239236e-03 4.648587e-03
484.89566040 7.211416e-03 4.631456e-03
485.12930298 7.204873e-03 4.625091e-03
485.55456543 7.190438e-03 4.613358e-03
485.75064087 7.185007e-03 4.607824e-03
486.19137573 7.173928e-03 4.597023e-03
486.61514282 7.168870e-03 4.590033e-03
486.91506958 7.159838e-03 4.582077e-03
487.25161743 7.148346e-03 4.573068e-03
487.50750732 7.131833e-03 4.562291e-03
488.01022339 7.108860e-03 4.542221e-03
488.28186035 7.086509e-03 4.525942e-03
488.65173340 7.059855e-03 4.506092e-03
489.07360840 7.054334e-03 4.500446e-03
489.47204590 7.048106e-03 4.494357e-03
489.78890991 7.045725e-03 4.491198e-03
490.15707397 7.039326e-03 4.484396e-03
490.64477539 7.030235e-03 4.475959e-03
490.85424805 7.026752e-03 4.472432e-03
491.09466553 7.018820e-03 4.466963e-03
491.62756348 7.000525e-03 4.450668e-03
491.94946289 6.983273e-03 4.437526e-03
492.37341309 6.970079e-03 4.426632e-03
492.69909668 6.957426e-03 4.416289e-03
493.06799316 6.938586e-03 4.401765e-03
493.52761841 6.916177e-03 4.384359e-03
493.87945557 6.901581e-03 4.372763e-03
494.12057495 6.888784e-03 4.362966e-03
494.54095459 6.868216e-03 4.347029e-03
494.94796753 6.857853e-03 4.337954e-03
495.26785278 6.845221e-03 4.327871e-03
495.61068726 6.825069e-03 4.312682e-03
495.93228149 6.808946e-03 4.300282e-03
496.35122681 6.788281e-03 4.284353e-03
496.75872803 6.769970e-03 4.270700e-03
497.01651001 6.766084e-03 4.266104e-03
497.45977783 6.750218e-03 4.253242e-03
497.82775879 6.733854e-03 4.240450e-03
498.03494263 6.724363e-03 4.233066e-03
498.41290283 6.709900e-03 4.221497e-03
499.02432251 6.682606e-03 4.200232e-03
499.46765137 6.663589e-03 4.185637e-03
499.70614624 6.648256e-03 4.175531e-03
500.09939575 6.631853e-03 4.161361e-03
