699.99096680 1.351174e-02 -3.521050e-03
700.16833496 2.566291e-02 -3.989695e-03
700.75787354 1.669861e-02 -3.616325e-03
700.97991943 2.693337e-02 -3.972044e-03
701.67675781 2.802004e-02 -3.955741e-03
701.82250977 1.670610e-02 -3.579211e-03
702.29602051 2.899128e-02 -3.941899e-03
702.67913818 1.723822e-02 -3.533419e-03
702.97613525 1.428315e-02 -3.428282e-03
703.27001953 3.089679e-02 -3.929893e-03
703.91815186 1.534745e-02 -3.438881e-03
704.00244141 3.265473e-02 -3.924666e-03
704.67095947 3.278448e-02 -3.888946e-03
705.12841797 3.367381e-02 -3.882696e-03
705.43701172 1.823716e-02 -3.475264e-03
706.21594238 3.621115e-02 -3.876444e-03
706.34155273 2.605596e-02 -3.640755e-03
707.06536865 3.608059e-02 -3.830939e-03
707.64825439 3.765042e-02 -3.830152e-03
708.12670898 3.814181e-02 -3.819719e-03
709.15679932 4.012475e-02 -3.801531e-03
709.77758789 4.083349e-02 -3.783666e-03
710.79565430 4.288702e-02 -3.770623e-03
711.40161133 4.488693e-02 -3.768972e-03
711.74822998 3.430670e-02 -3.567482e-03
712.15441895 4.738453e-02 -3.766559e-03
713.13781738 4.808355e-02 -3.735888e-03
713.40972900 4.839069e-02 -3.722305e-03
714.15661621 4.982321e-02 -3.710670e-03
714.91101074 5.188907e-02 -3.703965e-03
714.97113037 3.608304e-02 -3.510079e-03
715.57525635 3.799227e-02 -3.488854e-03
716.21502686 5.463783e-02 -3.684528e-03
716.40667725 2.124094e-02 -3.199289e-03
716.71026611 4.989460e-02 -3.619530e-03
717.11785889 4.669190e-02 -3.579411e-03
717.45935059 9.021210e-03 -2.840638e-03
718.11407471 4.661701e-02 -3.545454e-03
718.36962891 2.943887e-03 -2.399973e-03
718.68041992 1.377826e-02 -3.002523e-03
718.83251953 1.973386e-03 -1.845827e-03
719.05230713 4.984313e-02 -3.539347e-03
719.45007324 6.726218e-03 -2.671364e-03
719.49969482 4.575308e-02 -3.484863e-03
720.24859619 1.963621e-03 -1.836779e-03
720.43121338 4.861648e-02 -3.481234e-03
720.86383057 1.244810e-02 -2.891734e-03
721.16772461 2.657822e-02 -3.164621e-03
721.54956055 6.147850e-02 -3.553151e-03
721.99700928 2.363912e-02 -3.040026e-03
722.47503662 6.318362e-02 -3.537574e-03
722.57647705 1.840449e-02 -2.994185e-03
723.20483398 6.476897e-02 -3.518531e-03
723.35400391 6.312422e-02 -3.507723e-03
723.62115479 3.054062e-02 -3.166028e-03
723.80895996 2.177614e-03 -2.011207e-03
724.23992920 1.925435e-02 -2.972853e-03
724.54888916 1.920589e-03 -1.796576e-03
724.69775391 6.122466e-02 -3.450766e-03
725.12365723 6.348254e-02 -3.457889e-03
725.21661377 8.708237e-03 -2.623001e-03
726.33935547 1.927193e-02 -2.854617e-03
726.46917725 6.772351e-02 -3.444036e-03
726.49249268 1.420450e-02 -2.748954e-03
726.56951904 6.905670e-02 -3.448660e-03
727.83599854 6.930490e-03 -2.524966e-03
728.06091309 6.527727e-02 -3.384109e-03
728.30230713 3.552104e-02 -3.059274e-03
728.49346924 7.826440e-02 -3.440197e-03
729.30419922 1.434483e-02 -2.709261e-03
729.35919189 6.824755e-02 -3.366053e-03
730.17724609 2.378789e-02 -2.853044e-03
730.24169922 7.981079e-02 -3.404792e-03
730.75122070 7.679311e-02 -3.372577e-03
731.21728516 1.734554e-02 -2.709693e-03
731.29528809 2.008755e-02 -2.782386e-03
731.64416504 7.854202e-02 -3.357347e-03
732.28399658 3.357397e-02 -2.940414e-03
732.52239990 9.163204e-02 -3.386441e-03
732.90692139 3.123105e-02 -2.919592e-03
732.97637939 9.053150e-02 -3.374596e-03
734.19964600 9.880718e-02 -3.366784e-03
734.34130859 6.098155e-02 -3.146454e-03
734.92230225 9.843585e-02 -3.350852e-03
735.13354492 4.274735e-02 -2.988548e-03
735.56463623 1.014139e-01 -3.342898e-03
735.66076660 6.178360e-02 -3.107891e-03
736.30212402 5.201729e-02 -3.032081e-03
736.47125244 1.018677e-01 -3.324511e-03
737.00988770 1.055253e-01 -3.317757e-03
737.56878662 6.240712e-02 -3.075296e-03
737.86828613 1.089867e-01 -3.306034e-03
738.46716309 7.988634e-02 -3.167261e-03
738.90307617 1.124825e-01 -3.288527e-03
739.22052002 6.925989e-02 -3.106605e-03
739.51593018 1.100353e-01 -3.272239e-03
740.29473877 1.153989e-01 -3.266988e-03
741.30285645 1.158921e-01 -3.246027e-03
742.65533447 1.212536e-01 -3.226149e-03
743.48590088 1.225592e-01 -3.211468e-03
744.31976318 1.252653e-01 -3.199165e-03
745.14764404 1.284906e-01 -3.183786e-03
745.64013672 1.290268e-01 -3.176608e-03
746.46075439 1.316838e-01 -3.162336e-03
747.60083008 1.335458e-01 -3.144563e-03
748.12738037 1.349124e-01 -3.136110e-03
748.78088379 1.363575e-01 -3.125436e-03
749.73541260 1.384030e-01 -3.110234e-03
750.44244385 1.393111e-01 -3.099208e-03
751.35174561 1.405030e-01 -3.085073e-03
752.46624756 1.418365e-01 -3.067605e-03
753.06353760 1.425373e-01 -3.058375e-03
753.95739746 1.434437e-01 -3.044717e-03
754.89141846 1.443833e-01 -3.030546e-03
755.59967041 1.450956e-01 -3.019659e-03
756.31304932 1.462074e-01 -3.008490e-03
757.75866699 1.478289e-01 -2.986387e-03
758.24786377 1.483516e-01 -2.978979e-03
759.24206543 1.471562e-01 -2.957635e-03
759.56860352 6.127323e-02 -2.465639e-03
759.69464111 5.112942e-02 -2.345308e-03
759.71966553 8.286312e-03 -1.648700e-03
759.94738770 2.909725e-04 -2.748125e-04
760.16223145 3.124973e-02 -1.943542e-03
760.27838135 1.177515e-03 -9.519576e-04
760.74285889 2.745615e-03 -1.131220e-03
761.05810547 1.829373e-02 -1.644868e-03
761.24121094 5.699514e-04 -5.375399e-04
761.44134521 1.628460e-03 -9.353260e-04
761.78814697 5.479102e-02 -2.176609e-03
762.13958740 1.342447e-01 -2.838640e-03
762.58258057 2.822969e-02 -1.779290e-03
762.77612305 9.318296e-02 -2.544170e-03
763.01007080 8.957225e-04 -7.988612e-04
763.43505859 3.529612e-04 -3.332616e-04
763.46228027 7.769286e-03 -1.366529e-03
763.52886963 7.990953e-02 -2.425939e-03
763.92724609 3.157817e-02 -1.691687e-03
764.23687744 1.839233e-02 -1.666807e-03
764.38592529 1.008178e-01 -2.601013e-03
764.62036133 5.420076e-04 -5.112679e-04
764.99444580 1.250342e-01 -2.757301e-03
765.10766602 3.960233e-04 -3.738385e-04
765.16870117 3.491541e-02 -1.919928e-03
765.90026855 1.361254e-01 -2.802018e-03
766.13220215 1.175691e-02 -1.607808e-03
766.64990234 1.282188e-01 -2.764349e-03
766.78814697 4.188430e-02 -2.110973e-03
767.14080811 1.445351e-01 -2.819651e-03
767.48059082 1.499240e-01 -2.832534e-03
767.79162598 1.506168e-01 -2.829957e-03
767.85845947 5.165876e-02 -2.239614e-03
769.10638428 1.483222e-01 -2.807411e-03
769.34661865 1.537906e-01 -2.812673e-03
769.79113770 9.696530e-02 -2.576307e-03
770.15496826 1.534951e-01 -2.800456e-03
771.26251221 1.553056e-01 -2.785650e-03
772.73303223 1.557709e-01 -2.764411e-03
773.56848145 1.559359e-01 -2.752414e-03
774.23571777 1.559726e-01 -2.743057e-03
774.75390625 1.561768e-01 -2.735553e-03
775.75323486 1.564398e-01 -2.721391e-03
777.07781982 1.567899e-01 -2.702825e-03
777.92468262 1.570055e-01 -2.691028e-03
778.93524170 1.572219e-01 -2.677054e-03
779.77960205 1.574029e-01 -2.665451e-03
780.44946289 1.574090e-01 -2.656658e-03
781.35815430 1.575697e-01 -2.644612e-03
782.67742920 1.574900e-01 -2.627694e-03
783.40600586 1.576848e-01 -2.618074e-03
784.21234131 1.568006e-01 -2.609130e-03
785.02758789 1.563263e-01 -2.598980e-03
785.80175781 1.537078e-01 -2.589392e-03
787.18927002 1.504035e-01 -2.576607e-03
787.46014404 1.557143e-01 -2.569643e-03
787.89111328 9.936373e-02 -2.468713e-03
788.72283936 1.008502e-01 -2.457256e-03
789.07885742 1.548285e-01 -2.549468e-03
789.61657715 1.529272e-01 -2.544988e-03
789.76165771 7.096191e-02 -2.333814e-03
790.29309082 7.532874e-02 -2.330049e-03
791.03173828 1.532620e-01 -2.527065e-03
791.84710693 1.538007e-01 -2.517038e-03
791.96997070 8.330244e-02 -2.352776e-03
792.58605957 1.552865e-01 -2.506813e-03
792.64630127 6.031463e-02 -2.234738e-03
793.31695557 1.573169e-01 -2.496259e-03
793.40142822 1.062317e-01 -2.416821e-03
794.77911377 1.573309e-01 -2.478709e-03
795.62487793 1.514391e-01 -2.472161e-03
796.37622070 6.649580e-02 -2.217958e-03
796.69152832 1.509061e-01 -2.460126e-03
797.01879883 9.386018e-02 -2.335322e-03
797.60668945 1.551153e-01 -2.447023e-03
798.26129150 1.031209e-01 -2.342542e-03
798.51751709 1.557226e-01 -2.435995e-03
798.93188477 1.504467e-01 -2.431169e-03
