550.000 0.000000e+00 3.719625e+02 3.881576e+02
550.000 0.000000e+00 3.533178e+02 3.710139e+02
550.000 0.000000e+00 3.222383e+02 3.279385e+02
550.000 0.000000e+00 1.828296e+02 2.922303e+02
550.000 0.000000e+00 1.541338e+02 2.815180e+02
550.000 0.000000e+00 1.286681e+02 2.703110e+02
550.000 0.000000e+00 1.061829e+02 2.602299e+02
550.000 0.000000e+00 8.579816e+01 2.514836e+02
550.000 0.000000e+00 6.685323e+01 2.440926e+02
550.000 0.000000e+00 4.940333e+01 2.380800e+02
550.000 0.000000e+00 3.662925e+01 2.335209e+02
550.000 0.000000e+00 2.830806e+01 2.298248e+02
550.000 0.000000e+00 2.351658e+01 2.280964e+02
550.000 0.000000e+00 2.015295e+01 2.271312e+02
550.000 0.000000e+00 1.783718e+01 2.264479e+02
550.000 0.000000e+00 1.613853e+01 2.259121e+02
550.000 0.000000e+00 1.470839e+01 2.254651e+02
550.000 0.000000e+00 1.345352e+01 2.250778e+02
550.000 0.000000e+00 1.229048e+01 2.247384e+02
550.000 0.000000e+00 1.121075e+01 2.244434e+02
550.000 0.000000e+00 1.024084e+01 2.241893e+02
550.000 0.000000e+00 9.395769e+00 2.240388e+02
550.000 0.000000e+00 8.605797e+00 2.239642e+02
550.000 0.000000e+00 7.866122e+00 2.239332e+02
550.000 0.000000e+00 7.180045e+00 2.239331e+02
550.000 0.000000e+00 6.543597e+00 2.239537e+02
550.000 0.000000e+00 5.156657e+00 2.240622e+02
550.000 0.000000e+00 4.107313e+00 2.241965e+02
550.000 0.000000e+00 3.382565e+00 2.243476e+02
550.000 0.000000e+00 2.871446e+00 2.245920e+02
550.000 0.000000e+00 2.430621e+00 2.248592e+02
550.000 0.000000e+00 2.053386e+00 2.251064e+02
550.000 0.000000e+00 1.720375e+00 2.253211e+02
550.000 0.000000e+00 1.405168e+00 2.255053e+02
550.000 0.000000e+00 1.087947e+00 2.256581e+02
550.000 0.000000e+00 7.850476e-01 2.257426e+02
550.000 0.000000e+00 3.713756e-01 2.257472e+02
550.000 0.000000e+00 1.567988e-01 2.256982e+02
550.000 0.000000e+00 5.276975e-02 2.256629e+02
550.000 0.000000e+00 1.491013e-02 2.256478e+02
550.000 0.000000e+00 3.804766e-03 2.256425e+02
550.000 0.000000e+00 7.091101e-04 2.256410e+02
550.000 0.000000e+00 1.176098e-04 2.256406e+02
550.000 0.000000e+00 2.173961e-05 2.256405e+02
550.000 0.000000e+00 5.026265e-06 2.256405e+02
550.000 0.000000e+00 1.701652e-06 2.256405e+02
550.000 0.000000e+00 7.741788e-07 2.256405e+02
550.000 0.000000e+00 3.975030e-07 2.256405e+02
550.000 0.000000e+00 1.545733e-07 2.256405e+02
550.000 0.000000e+00 -9.687547e-12 2.256405e+02
