0.000000 3.719625e+02 3.881576e+02 -1.101998e-01
1.000000 3.533178e+02 3.710139e+02 9.725432e-01
2.000000 3.222383e+02 3.279385e+02 -9.305392e+00
3.000000 1.828296e+02 2.922304e+02 -1.790007e+00
4.000000 1.541340e+02 2.815181e+02 -1.577954e+00
5.000000 1.286682e+02 2.703110e+02 -1.529957e+00
6.000000 1.061830e+02 2.602298e+02 -1.604170e+00
7.000000 8.579824e+01 2.514836e+02 -1.784769e+00
8.000000 6.685324e+01 2.440925e+02 -1.986073e+00
9.000000 4.940345e+01 2.380800e+02 -1.608985e+00
10.000000 3.662934e+01 2.335208e+02 -1.025202e+00
11.000000 2.830812e+01 2.298247e+02 -7.814796e-01
12.000000 2.351661e+01 2.280964e+02 -7.158122e-01
13.000000 2.015296e+01 2.271311e+02 -5.700664e-01
14.000000 1.783718e+01 2.264478e+02 -4.751354e-01
15.000000 1.613857e+01 2.259120e+02 -4.700254e-01
16.000000 1.470848e+01 2.254650e+02 -4.852399e-01
17.000000 1.345364e+01 2.250777e+02 -5.388288e-01
18.000000 1.229059e+01 2.247384e+02 -6.004564e-01
19.000000 1.121086e+01 2.244433e+02 -6.407977e-01
20.000000 1.024096e+01 2.241892e+02 -7.286018e-01
21.000000 9.395878e+00 2.240388e+02 -8.808948e-01
22.000000 8.605878e+00 2.239642e+02 -1.023944e+00
23.000000 7.866169e+00 2.239332e+02 -1.161743e+00
24.000000 7.180075e+00 2.239331e+02 -1.303626e+00
25.000000 6.543629e+00 2.239536e+02 -1.553391e+00
27.500000 5.156727e+00 2.240622e+02 -1.814052e+00
30.000000 4.107363e+00 2.241964e+02 -1.974575e+00
32.500000 3.382604e+00 2.243476e+02 -2.511221e+00
35.000000 2.871490e+00 2.245920e+02 -3.855252e+00
40.000000 2.053428e+00 2.251063e+02 -6.300732e+00
45.000000 1.405214e+00 2.255053e+02 0.000000e+00
