# output from flx_abs_spc testsuite with modified values from a DISORT computation
# i.e. those are DISORT analytic values and not created from the testsuite via the --ansers flag
# last 3 absorption values are from montecarlo, i.e. have noise associated
0  0.00000000e+00 3.719625e+02 3.881576e+02 -1.101998e-01
1  0.00000000e+00 3.533178e+02 3.710139e+02 9.725432e-01
2  0.00000000e+00 3.222383e+02 3.279385e+02 -9.305392e+00
3  0.00000000e+00 1.828296e+02 2.922304e+02 -1.790007e+00
4  0.00000000e+00 1.541340e+02 2.815181e+02 -1.577954e+00
5  0.00000000e+00 1.286682e+02 2.703110e+02 -1.529957e+00
6  0.00000000e+00 1.061830e+02 2.602298e+02 -1.604170e+00
7  0.00000000e+00 8.579824e+01 2.514836e+02 -1.784769e+00
8  0.00000000e+00 6.685324e+01 2.440925e+02 -1.986073e+00
9  0.00000000e+00 4.940345e+01 2.380800e+02 -1.608985e+00
10 0.00000000e+00 3.662934e+01 2.335208e+02 -1.025202e+00
11 0.00000000e+00 2.830812e+01 2.298247e+02 -7.814796e-01
12 0.00000000e+00 2.351661e+01 2.280964e+02 -7.158122e-01
13 0.00000000e+00 2.015296e+01 2.271311e+02 -5.700664e-01
14 0.00000000e+00 1.783718e+01 2.264478e+02 -4.751354e-01
15 0.00000000e+00 1.613857e+01 2.259120e+02 -4.700254e-01
16 0.00000000e+00 1.470848e+01 2.254650e+02 -4.852399e-01
17 0.00000000e+00 1.345364e+01 2.250777e+02 -5.388288e-01
18 0.00000000e+00 1.229059e+01 2.247384e+02 -6.004564e-01
19 0.00000000e+00 1.121086e+01 2.244433e+02 -6.407977e-01
20 0.00000000e+00 1.024096e+01 2.241892e+02 -7.286018e-01
21 0.00000000e+00 9.395878e+00 2.240388e+02 -8.808948e-01
22 0.00000000e+00 8.605878e+00 2.239642e+02 -1.023944e+00
23 0.00000000e+00 7.866169e+00 2.239332e+02 -1.161743e+00
24 0.00000000e+00 7.180075e+00 2.239331e+02 -1.303626e+00
25 0.00000000e+00 6.543629e+00 2.239536e+02 -1.553391e+00
26 0.00000000e+00 5.156727e+00 2.240622e+02 -1.814052e+00
27 0.00000000e+00 4.107363e+00 2.241964e+02 -1.974575e+00
28 0.00000000e+00 3.382604e+00 2.243476e+02 -2.511221e+00
29 0.00000000e+00 2.871490e+00 2.245920e+02 -3.464693e+00
30 0.00000000e+00 2.053428e+00 2.251063e+02 -4.448709e+00
31 0.00000000e+00 1.405214e+00 2.255053e+02 -5.623066e+00
32 -7.308038e+00
33 -9.697510e+00
34 -1.106347e+01
35 -9.296875e+00
36 -6.703593e+00
37 -5.191078e+00
38 -3.312129e+00
39 -1.716109e+00
40 -9.598280e-01
41 -2.545266e-01
42 -3.934572e-02
43 -2.007565e-02
44 -2.493035e-02
45 -3.820887e-02
46 -3.76284570e-02
47 -6.80163652e-02
48 -1.07631169e-01
